2025-03-19 10:11:49,717 __main__     INFO     Logger successfully initialised
2025-03-19 10:11:49,736 __main__     INFO     Separated the list of NLPs into 597 chunks of 1 NLPs,  will process chunk n°65 now: 
['0000151']
2025-03-19 10:11:49,738 __main__     INFO     ---------- Processing BLSD - NLP 0000151 (1/1) ----------
2025-03-19 10:11:49,891 __main__     INFO     BLSD-0000151 — Processing year 1860.
2025-03-19 10:11:50,174 __main__     INFO     BLSD-0000151-1860-01-04 — Skipping: no files to copy issue contents of /mnt/project_impresso/original/BL_old/0000151/1860/0104 already exist in /mnt/impresso_images_BL/BLSD/0000151/1860/01/04:

2025-03-19 10:11:50,232 __main__     INFO     BLSD-0000151-1860-11-14 — Skipping: no files to copy issue contents of /mnt/project_impresso/original/BL_old/0000151/1860/1114 already exist in /mnt/impresso_images_BL/BLSD/0000151/1860/11/14:

2025-03-19 10:11:50,718 __main__     INFO     BLSD-0000151-1860-01-25 — Skipping: no files to copy issue contents of /mnt/project_impresso/original/BL_old/0000151/1860/0125 already exist in /mnt/impresso_images_BL/BLSD/0000151/1860/01/25:

2025-03-19 10:11:51,929 __main__     INFO     BLSD-0000151-1860-08-22 — Skipping: no files to copy issue contents of /mnt/project_impresso/original/BL_old/0000151/1860/0822 already exist in /mnt/impresso_images_BL/BLSD/0000151/1860/08/22:

2025-03-19 10:11:52,340 __main__     INFO     BLSD-0000151-1860-05-02 — Skipping: no files to copy issue contents of /mnt/project_impresso/original/BL_old/0000151/1860/0502 already exist in /mnt/impresso_images_BL/BLSD/0000151/1860/05/02:

2025-03-19 10:11:52,369 __main__     INFO     BLSD-0000151-1860-07-18 — Skipping: no files to copy issue contents of /mnt/project_impresso/original/BL_old/0000151/1860/0718 already exist in /mnt/impresso_images_BL/BLSD/0000151/1860/07/18:

2025-03-19 10:11:52,574 __main__     INFO     BLSD-0000151-1860-01-11 — Skipping: no files to copy issue contents of /mnt/project_impresso/original/BL_old/0000151/1860/0111 already exist in /mnt/impresso_images_BL/BLSD/0000151/1860/01/11:

2025-03-19 10:11:52,889 __main__     INFO     BLSD-0000151-1860-02-29 — Skipping: no files to copy issue contents of /mnt/project_impresso/original/BL_old/0000151/1860/0229 already exist in /mnt/impresso_images_BL/BLSD/0000151/1860/02/29:

2025-03-19 10:11:53,442 __main__     INFO     BLSD-0000151-1860-12-05 — Skipping: no files to copy issue contents of /mnt/project_impresso/original/BL_old/0000151/1860/1205 already exist in /mnt/impresso_images_BL/BLSD/0000151/1860/12/05:

2025-03-19 10:11:53,993 __main__     INFO     BLSD-0000151-1860-06-13 — Skipping: no files to copy issue contents of /mnt/project_impresso/original/BL_old/0000151/1860/0613 already exist in /mnt/impresso_images_BL/BLSD/0000151/1860/06/13:

2025-03-19 10:11:54,186 __main__     INFO     BLSD-0000151-1860-10-31 — Skipping: no files to copy issue contents of /mnt/project_impresso/original/BL_old/0000151/1860/1031 already exist in /mnt/impresso_images_BL/BLSD/0000151/1860/10/31:

2025-03-19 10:11:54,209 __main__     INFO     BLSD-0000151-1860-03-14 — Skipping: no files to copy issue contents of /mnt/project_impresso/original/BL_old/0000151/1860/0314 already exist in /mnt/impresso_images_BL/BLSD/0000151/1860/03/14:

2025-03-19 10:11:54,611 __main__     INFO     BLSD-0000151-1860-03-07 — Skipping: no files to copy issue contents of /mnt/project_impresso/original/BL_old/0000151/1860/0307 already exist in /mnt/impresso_images_BL/BLSD/0000151/1860/03/07:

2025-03-19 10:11:55,810 __main__     INFO     BLSD-0000151-1860-04-25 — Skipping: no files to copy issue contents of /mnt/project_impresso/original/BL_old/0000151/1860/0425 already exist in /mnt/impresso_images_BL/BLSD/0000151/1860/04/25:

2025-03-19 10:11:56,288 __main__     INFO     BLSD-0000151-1860-07-11 — Skipping: no files to copy issue contents of /mnt/project_impresso/original/BL_old/0000151/1860/0711 already exist in /mnt/impresso_images_BL/BLSD/0000151/1860/07/11:

2025-03-19 10:11:56,473 __main__     INFO     BLSD-0000151-1860-06-20 — Skipping: no files to copy issue contents of /mnt/project_impresso/original/BL_old/0000151/1860/0620 already exist in /mnt/impresso_images_BL/BLSD/0000151/1860/06/20:

2025-03-19 10:11:56,681 __main__     INFO     BLSD-0000151-1860-09-19 — Skipping: no files to copy issue contents of /mnt/project_impresso/original/BL_old/0000151/1860/0919 already exist in /mnt/impresso_images_BL/BLSD/0000151/1860/09/19:

2025-03-19 10:11:57,011 __main__     INFO     BLSD-0000151-1860-10-03 — Skipping: no files to copy issue contents of /mnt/project_impresso/original/BL_old/0000151/1860/1003 already exist in /mnt/impresso_images_BL/BLSD/0000151/1860/10/03:

2025-03-19 10:11:57,903 __main__     INFO     BLSD-0000151-1860-01-18 — Skipping: no files to copy issue contents of /mnt/project_impresso/original/BL_old/0000151/1860/0118 already exist in /mnt/impresso_images_BL/BLSD/0000151/1860/01/18:

2025-03-19 10:11:58,154 __main__     INFO     BLSD-0000151-1860-07-04 — Skipping: no files to copy issue contents of /mnt/project_impresso/original/BL_old/0000151/1860/0704 already exist in /mnt/impresso_images_BL/BLSD/0000151/1860/07/04:

2025-03-19 10:11:58,624 __main__     INFO     BLSD-0000151-1860-02-08 — Skipping: no files to copy issue contents of /mnt/project_impresso/original/BL_old/0000151/1860/0208 already exist in /mnt/impresso_images_BL/BLSD/0000151/1860/02/08:

2025-03-19 10:11:59,299 __main__     INFO     BLSD-0000151-1860-08-08 — Skipping: no files to copy issue contents of /mnt/project_impresso/original/BL_old/0000151/1860/0808 already exist in /mnt/impresso_images_BL/BLSD/0000151/1860/08/08:

2025-03-19 10:11:59,783 __main__     INFO     BLSD-0000151-1860-09-26 — Skipping: no files to copy issue contents of /mnt/project_impresso/original/BL_old/0000151/1860/0926 already exist in /mnt/impresso_images_BL/BLSD/0000151/1860/09/26:

2025-03-19 10:12:00,150 __main__     INFO     BLSD-0000151-1860-07-25 — Skipping: no files to copy issue contents of /mnt/project_impresso/original/BL_old/0000151/1860/0725 already exist in /mnt/impresso_images_BL/BLSD/0000151/1860/07/25:

2025-03-19 10:12:01,218 __main__     INFO     BLSD-0000151-1860-04-11 — Skipping: no files to copy issue contents of /mnt/project_impresso/original/BL_old/0000151/1860/0411 already exist in /mnt/impresso_images_BL/BLSD/0000151/1860/04/11:

2025-03-19 10:12:01,810 __main__     INFO     BLSD-0000151-1860-03-21 — Skipping: no files to copy issue contents of /mnt/project_impresso/original/BL_old/0000151/1860/0321 already exist in /mnt/impresso_images_BL/BLSD/0000151/1860/03/21:

2025-03-19 10:12:02,880 __main__     INFO     BLSD-0000151-1860-10-17 — Skipping: no files to copy issue contents of /mnt/project_impresso/original/BL_old/0000151/1860/1017 already exist in /mnt/impresso_images_BL/BLSD/0000151/1860/10/17:

2025-03-19 10:12:03,030 __main__     INFO     BLSD-0000151-1860-05-16 — Skipping: no files to copy issue contents of /mnt/project_impresso/original/BL_old/0000151/1860/0516 already exist in /mnt/impresso_images_BL/BLSD/0000151/1860/05/16:

2025-03-19 10:12:03,061 __main__     INFO     BLSD-0000151-1860-08-15 — Skipping: no files to copy issue contents of /mnt/project_impresso/original/BL_old/0000151/1860/0815 already exist in /mnt/impresso_images_BL/BLSD/0000151/1860/08/15:

2025-03-19 10:12:03,126 __main__     INFO     BLSD-0000151-1860-08-01 — Skipping: no files to copy issue contents of /mnt/project_impresso/original/BL_old/0000151/1860/0801 already exist in /mnt/impresso_images_BL/BLSD/0000151/1860/08/01:

2025-03-19 10:12:03,596 __main__     INFO     BLSD-0000151-1860-10-10 — Skipping: no files to copy issue contents of /mnt/project_impresso/original/BL_old/0000151/1860/1010 already exist in /mnt/impresso_images_BL/BLSD/0000151/1860/10/10:

2025-03-19 10:12:04,674 __main__     INFO     BLSD-0000151-1860-05-09 — Skipping: no files to copy issue contents of /mnt/project_impresso/original/BL_old/0000151/1860/0509 already exist in /mnt/impresso_images_BL/BLSD/0000151/1860/05/09:

2025-03-19 10:12:05,213 __main__     INFO     BLSD-0000151-1860-10-24 — Skipping: no files to copy issue contents of /mnt/project_impresso/original/BL_old/0000151/1860/1024 already exist in /mnt/impresso_images_BL/BLSD/0000151/1860/10/24:

2025-03-19 10:12:05,386 __main__     INFO     BLSD-0000151-1860-03-28 — Skipping: no files to copy issue contents of /mnt/project_impresso/original/BL_old/0000151/1860/0328 already exist in /mnt/impresso_images_BL/BLSD/0000151/1860/03/28:

2025-03-19 10:12:05,659 __main__     INFO     BLSD-0000151-1860-11-07 — Skipping: no files to copy issue contents of /mnt/project_impresso/original/BL_old/0000151/1860/1107 already exist in /mnt/impresso_images_BL/BLSD/0000151/1860/11/07:

2025-03-19 10:12:06,406 __main__     INFO     BLSD-0000151-1860-05-23 — Skipping: no files to copy issue contents of /mnt/project_impresso/original/BL_old/0000151/1860/0523 already exist in /mnt/impresso_images_BL/BLSD/0000151/1860/05/23:

2025-03-19 10:12:06,993 __main__     INFO     BLSD-0000151-1860-02-22 — Skipping: no files to copy issue contents of /mnt/project_impresso/original/BL_old/0000151/1860/0222 already exist in /mnt/impresso_images_BL/BLSD/0000151/1860/02/22:

2025-03-19 10:12:07,057 __main__     INFO     BLSD-0000151-1860-02-15 — Skipping: no files to copy issue contents of /mnt/project_impresso/original/BL_old/0000151/1860/0215 already exist in /mnt/impresso_images_BL/BLSD/0000151/1860/02/15:

2025-03-19 10:12:07,350 __main__     INFO     BLSD-0000151-1860-04-18 — Skipping: no files to copy issue contents of /mnt/project_impresso/original/BL_old/0000151/1860/0418 already exist in /mnt/impresso_images_BL/BLSD/0000151/1860/04/18:

2025-03-19 10:12:08,493 __main__     INFO     BLSD-0000151-1860-05-30 — Skipping: no files to copy issue contents of /mnt/project_impresso/original/BL_old/0000151/1860/0530 already exist in /mnt/impresso_images_BL/BLSD/0000151/1860/05/30:

2025-03-19 10:12:08,949 __main__     INFO     BLSD-0000151-1860-04-04 — Skipping: no files to copy issue contents of /mnt/project_impresso/original/BL_old/0000151/1860/0404 already exist in /mnt/impresso_images_BL/BLSD/0000151/1860/04/04:

2025-03-19 10:12:09,194 __main__     INFO     BLSD-0000151-1860-09-05 — Skipping: no files to copy issue contents of /mnt/project_impresso/original/BL_old/0000151/1860/0905 already exist in /mnt/impresso_images_BL/BLSD/0000151/1860/09/05:

2025-03-19 10:12:09,376 __main__     INFO     BLSD-0000151-1860-12-26 — Skipping: no files to copy issue contents of /mnt/project_impresso/original/BL_old/0000151/1860/1226 already exist in /mnt/impresso_images_BL/BLSD/0000151/1860/12/26:

2025-03-19 10:12:09,642 __main__     INFO     BLSD-0000151-1860-06-06 — Skipping: no files to copy issue contents of /mnt/project_impresso/original/BL_old/0000151/1860/0606 already exist in /mnt/impresso_images_BL/BLSD/0000151/1860/06/06:

2025-03-19 10:12:10,137 __main__     INFO     BLSD-0000151-1860-11-28 — Skipping: no files to copy issue contents of /mnt/project_impresso/original/BL_old/0000151/1860/1128 already exist in /mnt/impresso_images_BL/BLSD/0000151/1860/11/28:

2025-03-19 10:12:10,668 __main__     INFO     BLSD-0000151-1860-12-12 — Skipping: no files to copy issue contents of /mnt/project_impresso/original/BL_old/0000151/1860/1212 already exist in /mnt/impresso_images_BL/BLSD/0000151/1860/12/12:

2025-03-19 10:12:11,068 __main__     INFO     BLSD-0000151-1860-06-27 — Skipping: no files to copy issue contents of /mnt/project_impresso/original/BL_old/0000151/1860/0627 already exist in /mnt/impresso_images_BL/BLSD/0000151/1860/06/27:

2025-03-19 10:12:11,366 __main__     INFO     BLSD-0000151-1860-09-12 — Skipping: no files to copy issue contents of /mnt/project_impresso/original/BL_old/0000151/1860/0912 already exist in /mnt/impresso_images_BL/BLSD/0000151/1860/09/12:

2025-03-19 10:12:12,638 __main__     INFO     BLSD-0000151-1860-11-21 — Skipping: no files to copy issue contents of /mnt/project_impresso/original/BL_old/0000151/1860/1121 already exist in /mnt/impresso_images_BL/BLSD/0000151/1860/11/21:

2025-03-19 10:12:13,010 __main__     INFO     BLSD-0000151-1860-02-01 — Skipping: no files to copy issue contents of /mnt/project_impresso/original/BL_old/0000151/1860/0201 already exist in /mnt/impresso_images_BL/BLSD/0000151/1860/02/01:

2025-03-19 10:12:13,076 __main__     INFO     BLSD-0000151-1860-08-29 — Skipping: no files to copy issue contents of /mnt/project_impresso/original/BL_old/0000151/1860/0829 already exist in /mnt/impresso_images_BL/BLSD/0000151/1860/08/29:

2025-03-19 10:12:13,370 __main__     INFO     BLSD-0000151 — Processing year 1867.
2025-03-19 10:12:13,508 __main__     INFO     BLSD-0000151-1867-09-04 — Skipping: no files to copy issue contents of /mnt/project_impresso/original/BL_old/0000151/1867/0904 already exist in /mnt/impresso_images_BL/BLSD/0000151/1867/09/04:

2025-03-19 10:12:14,156 __main__     INFO     BLSD-0000151-1867-05-22 — Skipping: no files to copy issue contents of /mnt/project_impresso/original/BL_old/0000151/1867/0522 already exist in /mnt/impresso_images_BL/BLSD/0000151/1867/05/22:

2025-03-19 10:12:14,880 __main__     INFO     BLSD-0000151-1867-07-10 — Skipping: no files to copy issue contents of /mnt/project_impresso/original/BL_old/0000151/1867/0710 already exist in /mnt/impresso_images_BL/BLSD/0000151/1867/07/10:

2025-03-19 10:12:14,924 __main__     INFO     BLSD-0000151-1867-08-28 — Skipping: no files to copy issue contents of /mnt/project_impresso/original/BL_old/0000151/1867/0828 already exist in /mnt/impresso_images_BL/BLSD/0000151/1867/08/28:

2025-03-19 10:12:15,213 __main__     INFO     BLSD-0000151-1867-09-18 — Skipping: no files to copy issue contents of /mnt/project_impresso/original/BL_old/0000151/1867/0918 already exist in /mnt/impresso_images_BL/BLSD/0000151/1867/09/18:

2025-03-19 10:12:16,263 __main__     INFO     BLSD-0000151-1867-01-30 — Skipping: no files to copy issue contents of /mnt/project_impresso/original/BL_old/0000151/1867/0130 already exist in /mnt/impresso_images_BL/BLSD/0000151/1867/01/30:

2025-03-19 10:12:16,568 __main__     INFO     BLSD-0000151-1867-10-02 — Skipping: no files to copy issue contents of /mnt/project_impresso/original/BL_old/0000151/1867/1002 already exist in /mnt/impresso_images_BL/BLSD/0000151/1867/10/02:

2025-03-19 10:12:16,800 __main__     INFO     BLSD-0000151-1867-11-13 — Skipping: no files to copy issue contents of /mnt/project_impresso/original/BL_old/0000151/1867/1113 already exist in /mnt/impresso_images_BL/BLSD/0000151/1867/11/13:

2025-03-19 10:12:17,805 __main__     INFO     BLSD-0000151-1867-04-03 — Skipping: no files to copy issue contents of /mnt/project_impresso/original/BL_old/0000151/1867/0403 already exist in /mnt/impresso_images_BL/BLSD/0000151/1867/04/03:

2025-03-19 10:12:18,603 __main__     INFO     BLSD-0000151-1867-06-12 — Skipping: no files to copy issue contents of /mnt/project_impresso/original/BL_old/0000151/1867/0612 already exist in /mnt/impresso_images_BL/BLSD/0000151/1867/06/12:

2025-03-19 10:12:18,780 __main__     INFO     BLSD-0000151-1867-10-09 — Skipping: no files to copy issue contents of /mnt/project_impresso/original/BL_old/0000151/1867/1009 already exist in /mnt/impresso_images_BL/BLSD/0000151/1867/10/09:

2025-03-19 10:12:19,348 __main__     INFO     BLSD-0000151-1867-02-13 — Skipping: no files to copy issue contents of /mnt/project_impresso/original/BL_old/0000151/1867/0213 already exist in /mnt/impresso_images_BL/BLSD/0000151/1867/02/13:

2025-03-19 10:12:20,583 __main__     INFO     BLSD-0000151-1867-03-20 — Skipping: no files to copy issue contents of /mnt/project_impresso/original/BL_old/0000151/1867/0320 already exist in /mnt/impresso_images_BL/BLSD/0000151/1867/03/20:

2025-03-19 10:12:21,062 __main__     INFO     BLSD-0000151-1867-01-09 — Skipping: no files to copy issue contents of /mnt/project_impresso/original/BL_old/0000151/1867/0109 already exist in /mnt/impresso_images_BL/BLSD/0000151/1867/01/09:

2025-03-19 10:12:21,258 __main__     INFO     BLSD-0000151-1867-08-14 — Skipping: no files to copy issue contents of /mnt/project_impresso/original/BL_old/0000151/1867/0814 already exist in /mnt/impresso_images_BL/BLSD/0000151/1867/08/14:

2025-03-19 10:12:21,588 __main__     INFO     BLSD-0000151-1867-12-04 — Skipping: no files to copy issue contents of /mnt/project_impresso/original/BL_old/0000151/1867/1204 already exist in /mnt/impresso_images_BL/BLSD/0000151/1867/12/04:

2025-03-19 10:12:22,137 __main__     INFO     BLSD-0000151-1867-10-16 — Skipping: no files to copy issue contents of /mnt/project_impresso/original/BL_old/0000151/1867/1016 already exist in /mnt/impresso_images_BL/BLSD/0000151/1867/10/16:

2025-03-19 10:12:22,808 __main__     INFO     BLSD-0000151-1867-06-19 — Skipping: no files to copy issue contents of /mnt/project_impresso/original/BL_old/0000151/1867/0619 already exist in /mnt/impresso_images_BL/BLSD/0000151/1867/06/19:

2025-03-19 10:12:22,923 __main__     INFO     BLSD-0000151-1867-04-24 — Skipping: no files to copy issue contents of /mnt/project_impresso/original/BL_old/0000151/1867/0424 already exist in /mnt/impresso_images_BL/BLSD/0000151/1867/04/24:

2025-03-19 10:12:22,963 __main__     INFO     BLSD-0000151-1867-10-30 — Skipping: no files to copy issue contents of /mnt/project_impresso/original/BL_old/0000151/1867/1030 already exist in /mnt/impresso_images_BL/BLSD/0000151/1867/10/30:

2025-03-19 10:12:23,181 __main__     INFO     BLSD-0000151-1867-03-27 — Skipping: no files to copy issue contents of /mnt/project_impresso/original/BL_old/0000151/1867/0327 already exist in /mnt/impresso_images_BL/BLSD/0000151/1867/03/27:

2025-03-19 10:12:23,453 __main__     INFO     BLSD-0000151-1867-07-17 — Skipping: no files to copy issue contents of /mnt/project_impresso/original/BL_old/0000151/1867/0717 already exist in /mnt/impresso_images_BL/BLSD/0000151/1867/07/17:

2025-03-19 10:12:24,050 __main__     INFO     BLSD-0000151-1867-07-31 — Skipping: no files to copy issue contents of /mnt/project_impresso/original/BL_old/0000151/1867/0731 already exist in /mnt/impresso_images_BL/BLSD/0000151/1867/07/31:

2025-03-19 10:12:24,560 __main__     INFO     BLSD-0000151-1867-02-20 — Skipping: no files to copy issue contents of /mnt/project_impresso/original/BL_old/0000151/1867/0220 already exist in /mnt/impresso_images_BL/BLSD/0000151/1867/02/20:

2025-03-19 10:12:24,655 __main__     INFO     BLSD-0000151-1867-06-26 — Skipping: no files to copy issue contents of /mnt/project_impresso/original/BL_old/0000151/1867/0626 already exist in /mnt/impresso_images_BL/BLSD/0000151/1867/06/26:

2025-03-19 10:12:24,834 __main__     INFO     BLSD-0000151-1867-11-06 — Skipping: no files to copy issue contents of /mnt/project_impresso/original/BL_old/0000151/1867/1106 already exist in /mnt/impresso_images_BL/BLSD/0000151/1867/11/06:

2025-03-19 10:12:25,209 __main__     INFO     BLSD-0000151-1867-05-29 — Skipping: no files to copy issue contents of /mnt/project_impresso/original/BL_old/0000151/1867/0529 already exist in /mnt/impresso_images_BL/BLSD/0000151/1867/05/29:

2025-03-19 10:12:25,692 __main__     INFO     BLSD-0000151-1867-01-23 — Skipping: no files to copy issue contents of /mnt/project_impresso/original/BL_old/0000151/1867/0123 already exist in /mnt/impresso_images_BL/BLSD/0000151/1867/01/23:

2025-03-19 10:12:26,220 __main__     INFO     BLSD-0000151-1867-02-06 — Skipping: no files to copy issue contents of /mnt/project_impresso/original/BL_old/0000151/1867/0206 already exist in /mnt/impresso_images_BL/BLSD/0000151/1867/02/06:

2025-03-19 10:12:26,445 __main__     INFO     BLSD-0000151-1867-07-24 — Skipping: no files to copy issue contents of /mnt/project_impresso/original/BL_old/0000151/1867/0724 already exist in /mnt/impresso_images_BL/BLSD/0000151/1867/07/24:

2025-03-19 10:12:26,484 __main__     INFO     BLSD-0000151-1867-06-05 — Skipping: no files to copy issue contents of /mnt/project_impresso/original/BL_old/0000151/1867/0605 already exist in /mnt/impresso_images_BL/BLSD/0000151/1867/06/05:

2025-03-19 10:12:26,817 __main__     INFO     BLSD-0000151-1867-05-08 — Skipping: no files to copy issue contents of /mnt/project_impresso/original/BL_old/0000151/1867/0508 already exist in /mnt/impresso_images_BL/BLSD/0000151/1867/05/08:

2025-03-19 10:12:27,682 __main__     INFO     BLSD-0000151-1867-09-11 — Skipping: no files to copy issue contents of /mnt/project_impresso/original/BL_old/0000151/1867/0911 already exist in /mnt/impresso_images_BL/BLSD/0000151/1867/09/11:

2025-03-19 10:12:28,098 __main__     INFO     BLSD-0000151-1867-08-07 — Skipping: no files to copy issue contents of /mnt/project_impresso/original/BL_old/0000151/1867/0807 already exist in /mnt/impresso_images_BL/BLSD/0000151/1867/08/07:

2025-03-19 10:12:28,295 __main__     INFO     BLSD-0000151-1867-01-02 — Skipping: no files to copy issue contents of /mnt/project_impresso/original/BL_old/0000151/1867/0102 already exist in /mnt/impresso_images_BL/BLSD/0000151/1867/01/02:

2025-03-19 10:12:28,614 __main__     INFO     BLSD-0000151-1867-01-16 — Skipping: no files to copy issue contents of /mnt/project_impresso/original/BL_old/0000151/1867/0116 already exist in /mnt/impresso_images_BL/BLSD/0000151/1867/01/16:

2025-03-19 10:12:29,241 __main__     INFO     BLSD-0000151-1867-07-03 — Skipping: no files to copy issue contents of /mnt/project_impresso/original/BL_old/0000151/1867/0703 already exist in /mnt/impresso_images_BL/BLSD/0000151/1867/07/03:

2025-03-19 10:12:29,659 __main__     INFO     BLSD-0000151-1867-10-23 — Skipping: no files to copy issue contents of /mnt/project_impresso/original/BL_old/0000151/1867/1023 already exist in /mnt/impresso_images_BL/BLSD/0000151/1867/10/23:

2025-03-19 10:12:29,943 __main__     INFO     BLSD-0000151-1867-03-06 — Skipping: no files to copy issue contents of /mnt/project_impresso/original/BL_old/0000151/1867/0306 already exist in /mnt/impresso_images_BL/BLSD/0000151/1867/03/06:

2025-03-19 10:12:29,987 __main__     INFO     BLSD-0000151-1867-12-25 — Skipping: no files to copy issue contents of /mnt/project_impresso/original/BL_old/0000151/1867/1225 already exist in /mnt/impresso_images_BL/BLSD/0000151/1867/12/25:

2025-03-19 10:12:30,126 __main__     INFO     BLSD-0000151-1867-04-10 — Skipping: no files to copy issue contents of /mnt/project_impresso/original/BL_old/0000151/1867/0410 already exist in /mnt/impresso_images_BL/BLSD/0000151/1867/04/10:

2025-03-19 10:12:31,210 __main__     INFO     BLSD-0000151-1867-05-01 — Skipping: no files to copy issue contents of /mnt/project_impresso/original/BL_old/0000151/1867/0501 already exist in /mnt/impresso_images_BL/BLSD/0000151/1867/05/01:

2025-03-19 10:12:31,562 __main__     INFO     BLSD-0000151-1867-11-20 — Skipping: no files to copy issue contents of /mnt/project_impresso/original/BL_old/0000151/1867/1120 already exist in /mnt/impresso_images_BL/BLSD/0000151/1867/11/20:

2025-03-19 10:12:31,659 __main__     INFO     BLSD-0000151-1867-03-13 — Skipping: no files to copy issue contents of /mnt/project_impresso/original/BL_old/0000151/1867/0313 already exist in /mnt/impresso_images_BL/BLSD/0000151/1867/03/13:

2025-03-19 10:12:31,883 __main__     INFO     BLSD-0000151-1867-12-18 — Skipping: no files to copy issue contents of /mnt/project_impresso/original/BL_old/0000151/1867/1218 already exist in /mnt/impresso_images_BL/BLSD/0000151/1867/12/18:

2025-03-19 10:12:32,165 __main__     INFO     BLSD-0000151-1867-08-21 — Skipping: no files to copy issue contents of /mnt/project_impresso/original/BL_old/0000151/1867/0821 already exist in /mnt/impresso_images_BL/BLSD/0000151/1867/08/21:

2025-03-19 10:12:33,315 __main__     INFO     BLSD-0000151-1867-02-27 — Skipping: no files to copy issue contents of /mnt/project_impresso/original/BL_old/0000151/1867/0227 already exist in /mnt/impresso_images_BL/BLSD/0000151/1867/02/27:

2025-03-19 10:12:33,710 __main__     INFO     BLSD-0000151-1867-05-15 — Skipping: no files to copy issue contents of /mnt/project_impresso/original/BL_old/0000151/1867/0515 already exist in /mnt/impresso_images_BL/BLSD/0000151/1867/05/15:

2025-03-19 10:12:33,746 __main__     INFO     BLSD-0000151-1867-04-17 — Skipping: no files to copy issue contents of /mnt/project_impresso/original/BL_old/0000151/1867/0417 already exist in /mnt/impresso_images_BL/BLSD/0000151/1867/04/17:

2025-03-19 10:12:33,785 __main__     INFO     BLSD-0000151-1867-11-27 — Skipping: no files to copy issue contents of /mnt/project_impresso/original/BL_old/0000151/1867/1127 already exist in /mnt/impresso_images_BL/BLSD/0000151/1867/11/27:

2025-03-19 10:12:34,349 __main__     INFO     BLSD-0000151-1867-09-25 — Skipping: no files to copy issue contents of /mnt/project_impresso/original/BL_old/0000151/1867/0925 already exist in /mnt/impresso_images_BL/BLSD/0000151/1867/09/25:

2025-03-19 10:12:35,237 __main__     INFO     BLSD-0000151-1867-12-11 — Skipping: no files to copy issue contents of /mnt/project_impresso/original/BL_old/0000151/1867/1211 already exist in /mnt/impresso_images_BL/BLSD/0000151/1867/12/11:

2025-03-19 10:12:35,658 __main__     INFO     BLSD-0000151 — Processing year 1837.
2025-03-19 10:12:35,687 __main__     INFO     BLSD-0000151-1837-01-04 — Skipping: no files to copy issue contents of /mnt/project_impresso/original/BL_old/0000151/1837/0104 already exist in /mnt/impresso_images_BL/BLSD/0000151/1837/01/04:

2025-03-19 10:12:36,221 __main__     INFO     BLSD-0000151-1837-01-25 — Skipping: no files to copy issue contents of /mnt/project_impresso/original/BL_old/0000151/1837/0125 already exist in /mnt/impresso_images_BL/BLSD/0000151/1837/01/25:

2025-03-19 10:12:36,608 __main__     INFO     BLSD-0000151-1837-11-08 — Skipping: no files to copy issue contents of /mnt/project_impresso/original/BL_old/0000151/1837/1108 already exist in /mnt/impresso_images_BL/BLSD/0000151/1837/11/08:

2025-03-19 10:12:37,727 __main__     INFO     BLSD-0000151-1837-08-30 — Skipping: no files to copy issue contents of /mnt/project_impresso/original/BL_old/0000151/1837/0830 already exist in /mnt/impresso_images_BL/BLSD/0000151/1837/08/30:

2025-03-19 10:12:38,094 __main__     WARNING  /mnt/impresso_images_BL/BLSD/0000151/1837/01/11 - No files to copy in source dir: source_dir_files=['BLSD-1837-01-11.xml', 'BLSD-1837-01-11-0004.xml', 'BLSD-1837-01-11_mets.xml'], src_files_to_copy=[]!
2025-03-19 10:12:38,094 __main__     INFO     BLSD-0000151-1837-01-11 — Skipping: no files to copy issue contents of /mnt/project_impresso/original/BL_old/0000151/1837/0111 already exist in /mnt/impresso_images_BL/BLSD/0000151/1837/01/11:

2025-03-19 10:13:43,558 __main__     INFO     BLSD-0000151-1837-01-18 — Skipping: no files to copy issue contents of /mnt/project_impresso/original/BL_old/0000151/1837/0118 already exist in /mnt/impresso_images_BL/BLSD/0000151/1837/01/18:

2025-03-19 10:16:34,473 __main__     INFO     BLSD-0000151 — Processing year 1856.
2025-03-19 10:21:30,140 __main__     INFO     BLSD-0000151 — Processing year 1846.
2025-03-19 10:27:14,616 __main__     INFO     BLSD-0000151 — Processing year 1850.
2025-03-19 10:32:24,456 __main__     INFO     BLSD-0000151 — Processing year 1849.
2025-03-19 10:38:18,768 __main__     INFO     BLSD-0000151 — Processing year 1840.
2025-03-19 10:41:19,314 __main__     INFO     BLSD-0000151 — Processing year 1869.
2025-03-19 10:46:43,911 __main__     INFO     BLSD-0000151 — Processing year 1859.
2025-03-19 10:52:07,093 __main__     INFO     BLSD-0000151 — Processing year 1835.
2025-03-19 11:03:11,181 __main__     INFO     BLSD-0000151 — Processing year 1873.
2025-03-19 11:07:12,012 __main__     INFO     BLSD-0000151 — Processing year 1865.
2025-03-19 11:12:20,063 __main__     INFO     BLSD-0000151 — Processing year 1858.
2025-03-19 11:17:54,458 __main__     INFO     BLSD-0000151 — Processing year 1862.
2025-03-19 11:23:23,215 __main__     INFO     BLSD-0000151 — Processing year 1853.
2025-03-19 11:29:37,434 __main__     INFO     BLSD-0000151 — Processing year 1866.
2025-03-19 11:35:25,154 __main__     INFO     BLSD-0000151 — Processing year 1839.
2025-03-19 11:41:01,508 __main__     INFO     BLSD-0000151 — Processing year 1847.
2025-03-19 11:47:04,421 __main__     INFO     BLSD-0000151 — Processing year 1872.
2025-03-19 11:53:01,326 __main__     INFO     BLSD-0000151 — Processing year 1861.
2025-03-19 11:58:05,258 __main__     INFO     BLSD-0000151 — Processing year 1868.
2025-03-19 12:03:21,831 __main__     INFO     BLSD-0000151 — Processing year 1864.
2025-03-19 12:08:08,213 __main__     INFO     BLSD-0000151 — Processing year 1851.
2025-03-19 12:12:33,689 __main__     INFO     BLSD-0000151 — Processing year 1845.
2025-03-19 12:17:44,081 __main__     INFO     BLSD-0000151 — Processing year 1854.
2025-03-19 12:22:15,757 __main__     INFO     BLSD-0000151 — Processing year 1855.
2025-03-19 12:27:43,270 __main__     INFO     BLSD-0000151 — Processing year 1836.
2025-03-19 12:39:55,022 __main__     INFO     BLSD-0000151 — Processing year 1876.
2025-03-19 12:49:22,171 __main__     INFO     BLSD-0000151 — Processing year 1875.
2025-03-19 12:52:29,467 __main__     INFO     BLSD-0000151 — Processing year 1852.
2025-03-19 12:58:01,688 __main__     INFO     BLSD-0000151 — Processing year 1863.
2025-03-19 13:04:00,480 __main__     INFO     BLSD-0000151 — Processing year 1848.
2025-03-19 13:10:41,658 __main__     INFO     BLSD-0000151 — Processing year 1838.
2025-03-19 13:15:34,876 __main__     INFO     BLSD-0000151 — Processing year 1857.
2025-03-19 13:20:52,346 __main__     INFO     ✅ BLSD-0000151 (1/1) - Done with the copy. There was 0 failed copies and problem_input_dirs:[].
2025-03-19 13:20:52,348 __main__     INFO     ✅✅ Success! Done with all 1 in this chunk: ['0000151']!!
