2025-03-13 17:26:39,886 __main__     INFO     Logger successfully initialised
2025-03-13 17:26:39,904 __main__     INFO     Separated the list of NLPs into 6 chunks of 100 NLPs,  will process chunk n°3 now: 
['0002759', '0002760', '0002761', '0002762', '0002763', '0002764', '0002765', '0002766', '0002767', '0002769', '0002770', '0002771', '0002772', '0002773', '0002774', '0002775', '0002776', '0002777', '0002778', '0002779', '0002780', '0002781', '0002782', '0002785', '0002786', '0002787', '0002788', '0002789', '0002790', '0002791', '0002792', '0002793', '0002794', '0002795', '0002796', '0002797', '0002798', '0002800', '0002801', '0002802', '0002803', '0002804', '0002805', '0002806', '0002807', '0002808', '0002809', '0002810', '0002811', '0002812', '0002813', '0002814', '0002815', '0002816', '0002817', '0002972', '0002973', '0002974', '0002975', '0002976', '0002977', '0002978', '0002979', '0002980', '0002981', '0002982', '0002984', '0002985', '0002986', '0002987', '0002988', '0002989', '0002990', '0002991', '0002992', '0002993', '0002994', '0002995', '0002996', '0002997', '0002998', '0002999', '0003000', '0003001', '0003002', '0003003', '0003004', '0003005', '0003006', '0003007', '0003008', '0003009', '0003010', '0003011', '0003012', '0003013', '0003014', '0003015', '0003016', '0003017']
2025-03-13 17:26:39,906 __main__     INFO     ---------- Processing REPR - NLP 0002759 (1/100) ----------
2025-03-13 17:26:40,316 __main__     INFO     REPR-0002759 — Processing year 1826.
2025-03-13 17:52:03,695 __main__     INFO     ✅ REPR-0002759 (1/100) - Done with the copy. There was 0 failed copies and problem_input_dirs:[].
2025-03-13 17:52:03,697 __main__     INFO     ---------- Processing FONU - NLP 0002760 (2/100) ----------
2025-03-13 17:52:04,633 __main__     INFO     FONU-0002760 — Processing year 1849.
2025-03-13 17:59:00,169 __main__     INFO     ✅ FONU-0002760 (2/100) - Done with the copy. There was 0 failed copies and problem_input_dirs:[].
2025-03-13 17:59:00,170 __main__     INFO     ---------- Processing LMNA - NLP 0002761 (3/100) ----------
2025-03-13 17:59:01,054 __main__     INFO     LMNA-0002761 — Processing year 1814.
2025-03-13 18:07:53,850 __main__     INFO     LMNA-0002761 — Processing year 1813.
2025-03-13 18:14:19,276 __main__     INFO     LMNA-0002761 — Processing year 1823.
2025-03-13 18:17:38,389 __main__     INFO     LMNA-0002761 — Processing year 1821.
2025-03-13 18:28:42,421 __main__     INFO     LMNA-0002761 — Processing year 1819.
2025-03-13 18:39:15,544 __main__     INFO     LMNA-0002761 — Processing year 1820.
2025-03-13 18:49:10,969 __main__     INFO     LMNA-0002761 — Processing year 1822.
2025-03-13 18:59:34,810 __main__     INFO     LMNA-0002761 — Processing year 1818.
2025-03-13 19:10:09,789 __main__     INFO     ✅ LMNA-0002761 (3/100) - Done with the copy. There was 0 failed copies and problem_input_dirs:[].
2025-03-13 19:10:09,790 __main__     INFO     ---------- Processing WBGZ - NLP 0002762 (4/100) ----------
2025-03-13 19:10:10,086 __main__     INFO     WBGZ-0002762 — Processing year 1823.
2025-03-13 19:21:26,211 __main__     INFO     WBGZ-0002762 — Processing year 1821.
2025-03-13 19:31:48,191 __main__     INFO     WBGZ-0002762 — Processing year 1819.
2025-03-13 19:42:02,358 __main__     INFO     WBGZ-0002762 — Processing year 1820.
2025-03-13 19:53:04,643 __main__     INFO     WBGZ-0002762 — Processing year 1822.
2025-03-13 20:03:32,646 __main__     INFO     ✅ WBGZ-0002762 (4/100) - Done with the copy. There was 0 failed copies and problem_input_dirs:[].
2025-03-13 20:03:32,650 __main__     INFO     ---------- Processing ISWA - NLP 0002763 (5/100) ----------
2025-03-13 20:03:33,194 __main__     INFO     ISWA-0002763 — Processing year 1814.
2025-03-13 20:13:05,942 __main__     INFO     ISWA-0002763 — Processing year 1811.
2025-03-13 20:13:21,132 __main__     INFO     ISWA-0002763 — Processing year 1813.
2025-03-13 20:19:21,119 __main__     INFO     ISWA-0002763 — Processing year 1810.
2025-03-13 20:21:14,864 __main__     INFO     ISWA-0002763 — Processing year 1809.
2025-03-13 20:31:19,166 __main__     INFO     ✅ ISWA-0002763 (5/100) - Done with the copy. There was 0 failed copies and problem_input_dirs:[].
2025-03-13 20:31:19,167 __main__     INFO     ---------- Processing ISWA - NLP 0002764 (6/100) ----------
2025-03-13 20:31:19,477 __main__     INFO     ISWA-0002764 — Processing year 1815.
2025-03-13 20:38:01,395 __main__     INFO     ✅ ISWA-0002764 (6/100) - Done with the copy. There was 0 failed copies and problem_input_dirs:[].
2025-03-13 20:38:01,396 __main__     INFO     ---------- Processing CHTI - NLP 0002765 (7/100) ----------
2025-03-13 20:38:01,701 __main__     INFO     CHTI-0002765 — Processing year 1864.
2025-03-13 20:51:31,343 __main__     INFO     CHTI-0002765 — Processing year 1863.
2025-03-13 20:54:51,691 __main__     INFO     ✅ CHTI-0002765 (7/100) - Done with the copy. There was 0 failed copies and problem_input_dirs:[].
2025-03-13 20:54:51,691 __main__     INFO     ---------- Processing CHTI - NLP 0002766 (8/100) ----------
2025-03-13 20:54:52,066 __main__     INFO     CHTI-0002766 — Processing year 1865.
2025-03-13 21:09:34,249 __main__     INFO     CHTI-0002766 — Processing year 1866.
2025-03-13 21:20:52,523 __main__     INFO     ✅ CHTI-0002766 (8/100) - Done with the copy. There was 0 failed copies and problem_input_dirs:[].
2025-03-13 21:20:52,524 __main__     INFO     ---------- Processing CHTI - NLP 0002767 (9/100) ----------
2025-03-13 21:20:53,204 __main__     INFO     CHTI-0002767 — Processing year 1867.
2025-03-13 21:40:55,753 __main__     INFO     CHTI-0002767 — Processing year 1870.
2025-03-13 21:55:33,581 __main__     INFO     CHTI-0002767 — Processing year 1869.
2025-03-13 22:06:38,601 __main__     INFO     CHTI-0002767 — Processing year 1866.
2025-03-13 22:10:23,109 __main__     INFO     CHTI-0002767 — Processing year 1868.
2025-03-13 22:28:48,986 __main__     INFO     CHTI-0002767 — Processing year 1871.
2025-03-13 22:30:31,423 __main__     INFO     ✅ CHTI-0002767 (9/100) - Done with the copy. There was 0 failed copies and problem_input_dirs:[].
2025-03-13 22:30:31,424 __main__     INFO     ---------- Processing BRIF - NLP 0002769 (10/100) ----------
2025-03-13 22:30:31,942 __main__     INFO     BRIF-0002769 — Processing year 1878.
2025-03-13 22:58:13,931 __main__     INFO     BRIF-0002769 — Processing year 1880.
2025-03-13 23:34:06,039 __main__     INFO     BRIF-0002769 — Processing year 1877.
2025-03-13 23:37:52,887 __main__     INFO     BRIF-0002769 — Processing year 1879.
2025-03-14 00:09:25,440 __main__     INFO     BRIF-0002769 — Processing year 1881.
2025-03-14 00:13:53,099 __main__     INFO     ✅ BRIF-0002769 (10/100) - Done with the copy. There was 0 failed copies and problem_input_dirs:[].
2025-03-14 00:13:53,100 __main__     INFO     ---------- Processing BRIF - NLP 0002770 (11/100) ----------
2025-03-14 00:13:53,462 __main__     INFO     BRIF-0002770 — Processing year 1881.
2025-03-14 00:23:16,048 __main__     INFO     ✅ BRIF-0002770 (11/100) - Done with the copy. There was 0 failed copies and problem_input_dirs:[].
2025-03-14 00:23:16,049 __main__     INFO     ---------- Processing BRIF - NLP 0002771 (12/100) ----------
2025-03-14 00:23:16,300 __main__     INFO     BRIF-0002771 — Processing year 1882.
2025-03-14 00:27:00,519 __main__     INFO     BRIF-0002771 — Processing year 1881.
2025-03-14 00:38:50,012 __main__     INFO     ✅ BRIF-0002771 (12/100) - Done with the copy. There was 0 failed copies and problem_input_dirs:[].
2025-03-14 00:38:50,013 __main__     INFO     ---------- Processing BRMW - NLP 0002772 (13/100) ----------
2025-03-14 00:38:50,526 __main__     INFO     BRMW-0002772 — Processing year 1814.
2025-03-14 00:39:12,679 __main__     INFO     BRMW-0002772 — Processing year 1811.
2025-03-14 00:49:24,813 __main__     INFO     BRMW-0002772 — Processing year 1810.
2025-03-14 00:59:49,227 __main__     INFO     BRMW-0002772 — Processing year 1806.
2025-03-14 01:07:33,734 __main__     INFO     BRMW-0002772 — Processing year 1808.
2025-03-14 01:17:31,087 __main__     INFO     BRMW-0002772 — Processing year 1807.
2025-03-14 01:27:58,414 __main__     INFO     BRMW-0002772 — Processing year 1823.
2025-03-14 01:32:15,462 __main__     INFO     BRMW-0002772 — Processing year 1821.
2025-03-14 01:44:05,915 __main__     INFO     BRMW-0002772 — Processing year 1809.
2025-03-14 01:54:29,434 __main__     INFO     BRMW-0002772 — Processing year 1819.
2025-03-14 02:06:05,054 __main__     INFO     BRMW-0002772 — Processing year 1820.
2025-03-14 02:17:40,827 __main__     INFO     BRMW-0002772 — Processing year 1812.
2025-03-14 02:18:44,925 __main__     INFO     BRMW-0002772 — Processing year 1822.
2025-03-14 02:29:17,862 __main__     INFO     BRMW-0002772 — Processing year 1818.
2025-03-14 02:40:13,591 __main__     INFO     ✅ BRMW-0002772 (13/100) - Done with the copy. There was 0 failed copies and problem_input_dirs:[].
2025-03-14 02:40:13,592 __main__     INFO     ---------- Processing BRMW - NLP 0002773 (14/100) ----------
2025-03-14 02:40:14,337 __main__     INFO     BRMW-0002773 — Processing year 1824.
2025-03-14 02:51:22,618 __main__     INFO     BRMW-0002773 — Processing year 1823.
2025-03-14 02:58:50,594 __main__     INFO     BRMW-0002773 — Processing year 1825.
2025-03-14 03:05:09,918 __main__     INFO     ✅ BRMW-0002773 (14/100) - Done with the copy. There was 0 failed copies and problem_input_dirs:[].
2025-03-14 03:05:09,919 __main__     INFO     ---------- Processing WKNW - NLP 0002774 (15/100) ----------
2025-03-14 03:05:10,784 __main__     INFO     WKNW-0002774 — Processing year 1874.
2025-03-14 03:38:36,048 __main__     INFO     WKNW-0002774 — Processing year 1878.
2025-03-14 04:12:10,140 __main__     INFO     WKNW-0002774 — Processing year 1877.
2025-03-14 04:41:10,761 __main__     INFO     WKNW-0002774 — Processing year 1873.
2025-03-14 05:11:46,417 __main__     INFO     WKNW-0002774 — Processing year 1872.
2025-03-14 05:41:33,216 __main__     INFO     WKNW-0002774 — Processing year 1879.
2025-03-14 05:56:11,905 __main__     INFO     WKNW-0002774 — Processing year 1876.
2025-03-14 06:24:07,993 __main__     INFO     WKNW-0002774 — Processing year 1875.
2025-03-14 06:57:52,880 __main__     INFO     ✅ WKNW-0002774 (15/100) - Done with the copy. There was 0 failed copies and problem_input_dirs:[].
2025-03-14 06:57:52,880 __main__     INFO     ---------- Processing PLTO - NLP 0002775 (16/100) ----------
2025-03-14 06:57:53,486 __main__     INFO     PLTO-0002775 — Processing year 1811.
2025-03-14 07:36:56,125 __main__     INFO     PLTO-0002775 — Processing year 1813.
2025-03-14 08:15:51,998 __main__     INFO     PLTO-0002775 — Processing year 1810.
2025-03-14 08:56:17,163 __main__     INFO     PLTO-0002775 — Processing year 1808.
2025-03-14 08:58:24,531 __main__     INFO     PLTO-0002775 — Processing year 1809.
2025-03-14 09:29:18,479 __main__     INFO     PLTO-0002775 — Processing year 1815.
2025-03-14 09:43:44,959 __main__     INFO     PLTO-0002775 — Processing year 1812.
2025-03-14 10:23:24,971 __main__     INFO     ✅ PLTO-0002775 (16/100) - Done with the copy. There was 0 failed copies and problem_input_dirs:[].
2025-03-14 10:23:24,972 __main__     INFO     ---------- Processing WHEP - NLP 0002776 (17/100) ----------
2025-03-14 10:23:25,675 __main__     INFO     WHEP-0002776 — Processing year 1801.
2025-03-14 10:45:29,139 __main__     INFO     ✅ WHEP-0002776 (17/100) - Done with the copy. There was 0 failed copies and problem_input_dirs:[].
2025-03-14 10:45:29,140 __main__     INFO     ---------- Processing HTWD - NLP 0002777 (18/100) ----------
2025-03-14 10:45:29,966 __main__     INFO     HTWD-0002777 — Processing year 1836.
2025-03-14 10:46:41,961 __main__     INFO     ✅ HTWD-0002777 (18/100) - Done with the copy. There was 0 failed copies and problem_input_dirs:[].
2025-03-14 10:46:41,962 __main__     INFO     ---------- Processing BPHF - NLP 0002778 (19/100) ----------
2025-03-14 10:46:42,034 __main__     INFO     BPHF-0002778 — Processing year 1831.
2025-03-14 10:47:56,826 __main__     INFO     ✅ BPHF-0002778 (19/100) - Done with the copy. There was 0 failed copies and problem_input_dirs:[].
2025-03-14 10:47:56,827 __main__     INFO     ---------- Processing WKTN - NLP 0002779 (20/100) ----------
2025-03-14 10:47:57,375 __main__     INFO     WKTN-0002779 — Processing year 1826.
2025-03-14 11:03:04,526 __main__     INFO     WKTN-0002779 — Processing year 1827.
2025-03-14 11:23:00,240 __main__     INFO     WKTN-0002779 — Processing year 1828.
2025-03-14 11:41:15,353 __main__     INFO     WKTN-0002779 — Processing year 1829.
2025-03-14 11:46:19,817 __main__     INFO     ✅ WKTN-0002779 (20/100) - Done with the copy. There was 0 failed copies and problem_input_dirs:[].
2025-03-14 11:46:19,818 __main__     INFO     ---------- Processing WKTN - NLP 0002780 (21/100) ----------
2025-03-14 11:46:20,034 __main__     INFO     WKTN-0002780 — Processing year 1829.
2025-03-14 11:53:40,964 __main__     INFO     ✅ WKTN-0002780 (21/100) - Done with the copy. There was 0 failed copies and problem_input_dirs:[].
2025-03-14 11:53:40,965 __main__     INFO     ---------- Processing WKTN - NLP 0002781 (22/100) ----------
2025-03-14 11:53:41,081 __main__     INFO     WKTN-0002781 — Processing year 1832.
2025-03-14 12:09:04,891 __main__     INFO     WKTN-0002781 — Processing year 1831.
2025-03-14 12:28:20,224 __main__     INFO     WKTN-0002781 — Processing year 1830.
2025-03-14 12:45:47,945 __main__     INFO     ✅ WKTN-0002781 (22/100) - Done with the copy. There was 0 failed copies and problem_input_dirs:[].
2025-03-14 12:45:47,946 __main__     INFO     ---------- Processing OLEN - NLP 0002782 (23/100) ----------
2025-03-14 12:45:48,513 __main__     INFO     OLEN-0002782 — Processing year 1842.
2025-03-14 12:49:06,580 __main__     INFO     OLEN-0002782 — Processing year 1832.
2025-03-14 12:59:06,826 __main__     INFO     OLEN-0002782 — Processing year 1833.
2025-03-14 13:11:23,230 __main__     INFO     OLEN-0002782 — Processing year 1840.
2025-03-14 13:41:20,413 __main__     INFO     OLEN-0002782 — Processing year 1835.
2025-03-14 13:57:16,628 __main__     INFO     OLEN-0002782 — Processing year 1839.
2025-03-14 14:04:14,404 __main__     INFO     OLEN-0002782 — Processing year 1841.
2025-03-14 14:27:36,635 __main__     INFO     OLEN-0002782 — Processing year 1834.
2025-03-14 14:39:10,385 __main__     INFO     OLEN-0002782 — Processing year 1836.
2025-03-14 14:41:40,707 __main__     INFO     ✅ OLEN-0002782 (23/100) - Done with the copy. There was 0 failed copies and problem_input_dirs:[].
2025-03-14 14:41:40,708 __main__     INFO     ---------- Processing CMCH - NLP 0002785 (24/100) ----------
2025-03-14 14:41:41,349 __main__     INFO     CMCH-0002785 — Processing year 1823.
2025-03-14 14:46:01,348 __main__     INFO     CMCH-0002785 — Processing year 1821.
2025-03-14 15:01:58,506 __main__     INFO     CMCH-0002785 — Processing year 1817.
2025-03-14 15:16:58,803 __main__     INFO     CMCH-0002785 — Processing year 1819.
2025-03-14 15:37:10,221 __main__     INFO     CMCH-0002785 — Processing year 1804.
2025-03-14 15:51:52,046 __main__     INFO     CMCH-0002785 — Processing year 1815.
2025-03-14 15:56:57,844 __main__     INFO     CMCH-0002785 — Processing year 1820.
2025-03-14 16:17:01,109 __main__     INFO     CMCH-0002785 — Processing year 1822.
2025-03-14 16:44:29,953 __main__     INFO     CMCH-0002785 — Processing year 1818.
2025-03-14 17:05:10,873 __main__     INFO     CMCH-0002785 — Processing year 1816.
2025-03-14 17:24:30,608 __main__     INFO     ✅ CMCH-0002785 (24/100) - Done with the copy. There was 0 failed copies and problem_input_dirs:[].
2025-03-14 17:24:30,609 __main__     INFO     ---------- Processing BREN - NLP 0002786 (25/100) ----------
2025-03-14 17:24:31,600 __main__     INFO     BREN-0002786 — Processing year 1860.
2025-03-14 17:38:28,518 __main__     INFO     BREN-0002786 — Processing year 1859.
2025-03-14 17:51:49,123 __main__     INFO     BREN-0002786 — Processing year 1862.
2025-03-14 18:05:30,564 __main__     INFO     BREN-0002786 — Processing year 1861.
2025-03-14 18:18:07,704 __main__     INFO     BREN-0002786 — Processing year 1864.
2025-03-14 18:30:12,837 __main__     INFO     BREN-0002786 — Processing year 1863.
2025-03-14 18:42:54,676 __main__     INFO     ✅ BREN-0002786 (25/100) - Done with the copy. There was 0 failed copies and problem_input_dirs:[].
2025-03-14 18:42:54,677 __main__     INFO     ---------- Processing BRNP - NLP 0002787 (26/100) ----------
2025-03-14 18:42:55,642 __main__     INFO     BRNP-0002787 — Processing year 1810.
2025-03-14 18:43:07,846 __main__     INFO     BRNP-0002787 — Processing year 1808.
2025-03-14 18:43:28,087 __main__     INFO     BRNP-0002787 — Processing year 1823.
2025-03-14 18:50:51,646 __main__     INFO     BRNP-0002787 — Processing year 1821.
2025-03-14 19:09:20,686 __main__     INFO     BRNP-0002787 — Processing year 1809.
2025-03-14 19:09:30,321 __main__     INFO     BRNP-0002787 — Processing year 1819.
2025-03-14 19:26:06,530 __main__     INFO     BRNP-0002787 — Processing year 1805.
2025-03-14 19:26:19,447 __main__     INFO     BRNP-0002787 — Processing year 1803.
2025-03-14 19:26:27,694 __main__     INFO     BRNP-0002787 — Processing year 1820.
2025-03-14 19:43:50,498 __main__     INFO     BRNP-0002787 — Processing year 1822.
2025-03-14 20:03:22,238 __main__     INFO     BRNP-0002787 — Processing year 1818.
2025-03-14 20:19:49,152 __main__     INFO     ✅ BRNP-0002787 (26/100) - Done with the copy. There was 0 failed copies and problem_input_dirs:[].
2025-03-14 20:19:49,153 __main__     INFO     ---------- Processing LNM1 - NLP 0002788 (27/100) ----------
2025-03-14 20:19:49,604 __main__     INFO     LNM1-0002788 — Processing year 1826.
2025-03-14 20:22:41,028 __main__     INFO     ✅ LNM1-0002788 (27/100) - Done with the copy. There was 0 failed copies and problem_input_dirs:[].
2025-03-14 20:22:41,029 __main__     INFO     ---------- Processing BELL - NLP 0002789 (28/100) ----------
2025-03-14 20:22:41,485 __main__     INFO     BELL-0002789 — Processing year 1856.
2025-03-14 20:30:14,570 __main__     INFO     BELL-0002789 — Processing year 1855.
2025-03-14 20:40:03,324 __main__     INFO     BELL-0002789 — Processing year 1857.
2025-03-14 20:44:08,011 __main__     INFO     ✅ BELL-0002789 (28/100) - Done with the copy. There was 0 failed copies and problem_input_dirs:[].
2025-03-14 20:44:08,012 __main__     INFO     ---------- Processing WSBN - NLP 0002790 (29/100) ----------
2025-03-14 20:44:08,378 __main__     INFO     WSBN-0002790 — Processing year 1857.
2025-03-14 20:45:00,382 __main__     INFO     ✅ WSBN-0002790 (29/100) - Done with the copy. There was 0 failed copies and problem_input_dirs:[].
2025-03-14 20:45:00,383 __main__     INFO     ---------- Processing WSBN - NLP 0002791 (30/100) ----------
2025-03-14 20:45:01,136 __main__     INFO     WSBN-0002791 — Processing year 1857.
2025-03-14 20:47:22,620 __main__     INFO     ✅ WSBN-0002791 (30/100) - Done with the copy. There was 0 failed copies and problem_input_dirs:[].
2025-03-14 20:47:22,620 __main__     INFO     ---------- Processing WSBN - NLP 0002792 (31/100) ----------
2025-03-14 20:47:23,213 __main__     INFO     WSBN-0002792 — Processing year 1857.
2025-03-14 20:51:45,352 __main__     INFO     ✅ WSBN-0002792 (31/100) - Done with the copy. There was 0 failed copies and problem_input_dirs:[].
2025-03-14 20:51:45,353 __main__     INFO     ---------- Processing WSBN - NLP 0002793 (32/100) ----------
2025-03-14 20:51:45,670 __main__     INFO     WSBN-0002793 — Processing year 1857.
2025-03-14 20:57:34,935 __main__     INFO     ✅ WSBN-0002793 (32/100) - Done with the copy. There was 0 failed copies and problem_input_dirs:[].
2025-03-14 20:57:34,935 __main__     INFO     ---------- Processing JSMN - NLP 0002794 (33/100) ----------
2025-03-14 20:57:35,661 __main__     INFO     JSMN-0002794 — Processing year 1805.
2025-03-14 21:01:54,656 __main__     INFO     JSMN-0002794 — Processing year 1804.
2025-03-14 21:08:37,890 __main__     INFO     ✅ JSMN-0002794 (33/100) - Done with the copy. There was 0 failed copies and problem_input_dirs:[].
2025-03-14 21:08:37,891 __main__     INFO     ---------- Processing JSMN - NLP 0002795 (34/100) ----------
2025-03-14 21:08:38,271 __main__     INFO     JSMN-0002795 — Processing year 1811.
2025-03-14 21:14:57,604 __main__     INFO     JSMN-0002795 — Processing year 1813.
2025-03-14 21:18:48,534 __main__     INFO     JSMN-0002795 — Processing year 1810.
2025-03-14 21:25:17,397 __main__     INFO     JSMN-0002795 — Processing year 1806.
2025-03-14 21:31:38,496 __main__     INFO     JSMN-0002795 — Processing year 1808.
2025-03-14 21:37:54,070 __main__     INFO     JSMN-0002795 — Processing year 1807.
2025-03-14 21:44:12,310 __main__     INFO     JSMN-0002795 — Processing year 1809.
2025-03-14 21:50:39,306 __main__     INFO     JSMN-0002795 — Processing year 1805.
2025-03-14 21:52:06,674 __main__     INFO     JSMN-0002795 — Processing year 1812.
2025-03-14 21:58:52,069 __main__     INFO     ✅ JSMN-0002795 (34/100) - Done with the copy. There was 0 failed copies and problem_input_dirs:[].
2025-03-14 21:58:52,070 __main__     INFO     ---------- Processing JSMN - NLP 0002796 (35/100) ----------
2025-03-14 21:58:52,209 __main__     INFO     JSMN-0002796 — Processing year 1814.
2025-03-14 21:59:52,521 __main__     INFO     ✅ JSMN-0002796 (35/100) - Done with the copy. There was 0 failed copies and problem_input_dirs:[].
2025-03-14 21:59:52,521 __main__     INFO     ---------- Processing JSMN - NLP 0002797 (36/100) ----------
2025-03-14 21:59:52,750 __main__     INFO     JSMN-0002797 — Processing year 1814.
2025-03-14 22:05:49,001 __main__     INFO     ✅ JSMN-0002797 (36/100) - Done with the copy. There was 0 failed copies and problem_input_dirs:[].
2025-03-14 22:05:49,001 __main__     INFO     ---------- Processing JSMN - NLP 0002798 (37/100) ----------
2025-03-14 22:05:49,651 __main__     INFO     JSMN-0002798 — Processing year 1824.
2025-03-14 22:13:02,969 __main__     INFO     JSMN-0002798 — Processing year 1821.
2025-03-14 22:19:58,701 __main__     INFO     JSMN-0002798 — Processing year 1817.
2025-03-14 22:26:05,735 __main__     INFO     JSMN-0002798 — Processing year 1819.
2025-03-14 22:33:17,546 __main__     INFO     JSMN-0002798 — Processing year 1826.
2025-03-14 22:46:26,209 __main__     INFO     JSMN-0002798 — Processing year 1827.
2025-03-14 22:54:49,585 __main__     INFO     JSMN-0002798 — Processing year 1815.
2025-03-14 23:02:04,667 __main__     INFO     JSMN-0002798 — Processing year 1828.
2025-03-14 23:09:26,412 __main__     INFO     JSMN-0002798 — Processing year 1825.
2025-03-14 23:23:41,671 __main__     INFO     JSMN-0002798 — Processing year 1820.
2025-03-14 23:31:30,405 __main__     INFO     JSMN-0002798 — Processing year 1818.
2025-03-14 23:39:13,634 __main__     INFO     JSMN-0002798 — Processing year 1829.
2025-03-14 23:39:52,844 __main__     INFO     JSMN-0002798 — Processing year 1816.
2025-03-14 23:46:06,106 __main__     INFO     ✅ JSMN-0002798 (37/100) - Done with the copy. There was 0 failed copies and problem_input_dirs:[].
2025-03-14 23:46:06,106 __main__     INFO     ---------- Processing WKML - NLP 0002800 (38/100) ----------
2025-03-14 23:46:06,365 __main__     INFO     WKML-0002800 — Processing year 1860.
2025-03-14 23:59:28,178 __main__     INFO     WKML-0002800 — Processing year 1859.
2025-03-15 00:14:12,725 __main__     INFO     WKML-0002800 — Processing year 1858.
2025-03-15 00:18:14,928 __main__     INFO     ✅ WKML-0002800 (38/100) - Done with the copy. There was 0 failed copies and problem_input_dirs:[].
2025-03-15 00:18:14,929 __main__     INFO     ---------- Processing LHPN - NLP 0002801 (39/100) ----------
2025-03-15 00:18:15,424 __main__     INFO     LHPN-0002801 — Processing year 1861.
2025-03-15 00:18:40,276 __main__     INFO     ✅ LHPN-0002801 (39/100) - Done with the copy. There was 0 failed copies and problem_input_dirs:[].
2025-03-15 00:18:40,277 __main__     INFO     ---------- Processing FWEX - NLP 0002802 (40/100) ----------
2025-03-15 00:18:40,858 __main__     INFO     FWEX-0002802 — Processing year 1824.
2025-03-15 00:28:42,422 __main__     INFO     FWEX-0002802 — Processing year 1823.
2025-03-15 00:35:01,945 __main__     INFO     FWEX-0002802 — Processing year 1826.
2025-03-15 00:40:32,812 __main__     INFO     FWEX-0002802 — Processing year 1825.
2025-03-15 00:51:19,539 __main__     INFO     ✅ FWEX-0002802 (40/100) - Done with the copy. There was 0 failed copies and problem_input_dirs:[].
2025-03-15 00:51:19,540 __main__     INFO     ---------- Processing FWEX - NLP 0002803 (41/100) ----------
2025-03-15 00:51:19,818 __main__     INFO     FWEX-0002803 — Processing year 1826.
2025-03-15 00:56:11,020 __main__     INFO     ✅ FWEX-0002803 (41/100) - Done with the copy. There was 0 failed copies and problem_input_dirs:[].
2025-03-15 00:56:11,020 __main__     INFO     ---------- Processing FBFC - NLP 0002804 (42/100) ----------
2025-03-15 00:56:11,643 __main__     INFO     FBFC-0002804 — Processing year 1824.
2025-03-15 01:03:52,286 __main__     INFO     FBFC-0002804 — Processing year 1823.
2025-03-15 01:11:16,730 __main__     INFO     ✅ FBFC-0002804 (42/100) - Done with the copy. There was 0 failed copies and problem_input_dirs:[].
2025-03-15 01:11:16,731 __main__     INFO     ---------- Processing FBFC - NLP 0002805 (43/100) ----------
2025-03-15 01:11:17,400 __main__     INFO     FBFC-0002805 — Processing year 1824.
2025-03-15 01:14:24,792 __main__     INFO     FBFC-0002805 — Processing year 1825.
2025-03-15 01:20:25,715 __main__     INFO     ✅ FBFC-0002805 (43/100) - Done with the copy. There was 0 failed copies and problem_input_dirs:[].
2025-03-15 01:20:25,716 __main__     INFO     ---------- Processing FBFC - NLP 0002806 (44/100) ----------
2025-03-15 01:20:26,120 __main__     INFO     FBFC-0002806 — Processing year 1826.
2025-03-15 01:26:57,236 __main__     INFO     FBFC-0002806 — Processing year 1825.
2025-03-15 01:31:52,129 __main__     INFO     ✅ FBFC-0002806 (44/100) - Done with the copy. There was 0 failed copies and problem_input_dirs:[].
2025-03-15 01:31:52,129 __main__     INFO     ---------- Processing FBFC - NLP 0002807 (45/100) ----------
2025-03-15 01:31:52,599 __main__     INFO     FBFC-0002807 — Processing year 1826.
2025-03-15 01:36:20,349 __main__     INFO     FBFC-0002807 — Processing year 1827.
2025-03-15 01:43:59,790 __main__     INFO     FBFC-0002807 — Processing year 1828.
2025-03-15 01:50:52,390 __main__     INFO     FBFC-0002807 — Processing year 1829.
2025-03-15 01:51:24,289 __main__     INFO     ✅ FBFC-0002807 (45/100) - Done with the copy. There was 0 failed copies and problem_input_dirs:[].
2025-03-15 01:51:24,290 __main__     INFO     ---------- Processing TONI - NLP 0002808 (46/100) ----------
2025-03-15 01:51:24,992 __main__     INFO     TONI-0002808 — Processing year 1860.
2025-03-15 02:17:12,441 __main__     INFO     TONI-0002808 — Processing year 1859.
2025-03-15 02:41:11,596 __main__     INFO     TONI-0002808 — Processing year 1858.
2025-03-15 03:04:41,387 __main__     INFO     TONI-0002808 — Processing year 1862.
2025-03-15 03:29:46,886 __main__     INFO     TONI-0002808 — Processing year 1861.
2025-03-15 03:54:55,253 __main__     INFO     TONI-0002808 — Processing year 1863.
2025-03-15 04:19:45,109 __main__     INFO     TONI-0002808 — Processing year 1857.
2025-03-15 04:31:20,940 __main__     INFO     ✅ TONI-0002808 (46/100) - Done with the copy. There was 0 failed copies and problem_input_dirs:[].
2025-03-15 04:31:20,941 __main__     INFO     ---------- Processing TONI - NLP 0002809 (47/100) ----------
2025-03-15 04:31:21,074 __main__     INFO     TONI-0002809 — Processing year 1864.
2025-03-15 04:54:56,163 __main__     INFO     ✅ TONI-0002809 (47/100) - Done with the copy. There was 0 failed copies and problem_input_dirs:[].
2025-03-15 04:54:56,164 __main__     INFO     ---------- Processing SWRJ - NLP 0002810 (48/100) ----------
2025-03-15 04:54:56,811 __main__     INFO     SWRJ-0002810 — Processing year 1860.
2025-03-15 05:06:44,938 __main__     INFO     SWRJ-0002810 — Processing year 1859.
2025-03-15 05:11:01,430 __main__     INFO     SWRJ-0002810 — Processing year 1862.
2025-03-15 05:21:56,199 __main__     INFO     SWRJ-0002810 — Processing year 1861.
2025-03-15 05:30:25,268 __main__     INFO     SWRJ-0002810 — Processing year 1864.
2025-03-15 05:36:40,846 __main__     INFO     SWRJ-0002810 — Processing year 1863.
2025-03-15 05:45:06,540 __main__     INFO     ✅ SWRJ-0002810 (48/100) - Done with the copy. There was 0 failed copies and problem_input_dirs:[].
2025-03-15 05:45:06,542 __main__     INFO     ---------- Processing BRAD - NLP 0002811 (49/100) ----------
2025-03-15 05:45:07,125 __main__     INFO     BRAD-0002811 — Processing year 1850.
2025-03-15 06:05:19,359 __main__     INFO     BRAD-0002811 — Processing year 1849.
2025-03-15 06:21:56,353 __main__     INFO     BRAD-0002811 — Processing year 1853.
2025-03-15 06:32:40,880 __main__     INFO     BRAD-0002811 — Processing year 1851.
2025-03-15 06:49:22,007 __main__     INFO     BRAD-0002811 — Processing year 1852.
2025-03-15 07:05:27,211 __main__     INFO     BRAD-0002811 — Processing year 1848.
2025-03-15 07:12:57,834 __main__     INFO     ✅ BRAD-0002811 (49/100) - Done with the copy. There was 0 failed copies and problem_input_dirs:[].
2025-03-15 07:12:57,834 __main__     INFO     ---------- Processing BRAD - NLP 0002812 (50/100) ----------
2025-03-15 07:12:58,283 __main__     INFO     BRAD-0002812 — Processing year 1853.
2025-03-15 07:15:32,545 __main__     INFO     BRAD-0002812 — Processing year 1854.
2025-03-15 07:16:46,697 __main__     INFO     ✅ BRAD-0002812 (50/100) - Done with the copy. There was 0 failed copies and problem_input_dirs:[].
2025-03-15 07:16:46,698 __main__     INFO     ---------- Processing BRAD - NLP 0002813 (51/100) ----------
2025-03-15 07:16:47,424 __main__     INFO     BRAD-0002813 — Processing year 1856.
2025-03-15 07:25:35,324 __main__     INFO     BRAD-0002813 — Processing year 1854.
2025-03-15 07:35:32,637 __main__     INFO     BRAD-0002813 — Processing year 1855.
2025-03-15 07:48:51,559 __main__     INFO     ✅ BRAD-0002813 (51/100) - Done with the copy. There was 0 failed copies and problem_input_dirs:[].
2025-03-15 07:48:51,560 __main__     INFO     ---------- Processing HOUR - NLP 0002814 (52/100) ----------
2025-03-15 07:48:52,167 __main__     INFO     HOUR-0002814 — Processing year 1874.
2025-03-15 09:07:30,959 __main__     INFO     HOUR-0002814 — Processing year 1873.
2025-03-15 10:10:22,530 __main__     INFO     HOUR-0002814 — Processing year 1876.
2025-03-15 11:04:59,581 __main__     INFO     HOUR-0002814 — Processing year 1875.
2025-03-15 12:26:29,375 __main__     INFO     ✅ HOUR-0002814 (52/100) - Done with the copy. There was 0 failed copies and problem_input_dirs:[].
2025-03-15 12:26:29,376 __main__     INFO     ---------- Processing LNM1 - NLP 0002815 (53/100) ----------
2025-03-15 12:26:29,976 __main__     INFO     LNM1-0002815 — Processing year 1828.
2025-03-15 12:30:52,623 __main__     INFO     ✅ LNM1-0002815 (53/100) - Done with the copy. There was 0 failed copies and problem_input_dirs:[].
2025-03-15 12:30:52,624 __main__     INFO     ---------- Processing LNM3 - NLP 0002816 (54/100) ----------
2025-03-15 12:30:53,085 __main__     INFO     LNM3-0002816 — Processing year 1847.
2025-03-15 12:36:59,977 __main__     INFO     LNM3-0002816 — Processing year 1848.
2025-03-15 12:44:53,427 __main__     INFO     ✅ LNM3-0002816 (54/100) - Done with the copy. There was 0 failed copies and problem_input_dirs:[].
2025-03-15 12:44:53,427 __main__     INFO     ---------- Processing CICN - NLP 0002817 (55/100) ----------
2025-03-15 12:44:54,199 __main__     INFO     CICN-0002817 — Processing year 1842.
2025-03-15 13:04:30,351 __main__     INFO     CICN-0002817 — Processing year 1844.
2025-03-15 13:23:39,744 __main__     INFO     CICN-0002817 — Processing year 1840.
2025-03-15 13:36:54,488 __main__     INFO     CICN-0002817 — Processing year 1843.
2025-03-15 13:56:04,579 __main__     INFO     CICN-0002817 — Processing year 1841.
2025-03-15 14:16:39,320 __main__     INFO     CICN-0002817 — Processing year 1845.
2025-03-15 14:35:30,846 __main__     INFO     ✅ CICN-0002817 (55/100) - Done with the copy. There was 0 failed copies and problem_input_dirs:[].
2025-03-15 14:35:30,847 __main__     INFO     ---------- Processing CHSO - NLP 0002972 (56/100) ----------
2025-03-15 14:35:31,511 __main__     INFO     CHSO-0002972 — Processing year 1864.
2025-03-15 14:36:35,335 __main__     INFO     ✅ CHSO-0002972 (56/100) - Done with the copy. There was 0 failed copies and problem_input_dirs:[].
2025-03-15 14:36:35,335 __main__     INFO     ---------- Processing CHSO - NLP 0002973 (57/100) ----------
2025-03-15 14:36:35,580 __main__     INFO     CHSO-0002973 — Processing year 1865.
2025-03-15 14:42:15,181 __main__     INFO     CHSO-0002973 — Processing year 1866.
2025-03-15 14:46:16,700 __main__     INFO     CHSO-0002973 — Processing year 1864.
2025-03-15 14:49:58,112 __main__     INFO     ✅ CHSO-0002973 (57/100) - Done with the copy. There was 0 failed copies and problem_input_dirs:[].
2025-03-15 14:49:58,113 __main__     INFO     ---------- Processing CHSO - NLP 0002974 (58/100) ----------
2025-03-15 14:49:58,754 __main__     INFO     CHSO-0002974 — Processing year 1885.
2025-03-15 14:59:52,194 __main__     INFO     CHSO-0002974 — Processing year 1867.
2025-03-15 15:06:07,313 __main__     INFO     CHSO-0002974 — Processing year 1870.
2025-03-15 15:11:31,935 __main__     INFO     CHSO-0002974 — Processing year 1874.
2025-03-15 15:17:53,292 __main__     INFO     CHSO-0002974 — Processing year 1878.
2025-03-15 15:27:50,544 __main__     INFO     CHSO-0002974 — Processing year 1880.
2025-03-15 15:36:29,077 __main__     INFO     CHSO-0002974 — Processing year 1882.
2025-03-15 15:45:25,645 __main__     INFO     CHSO-0002974 — Processing year 1877.
2025-03-15 15:50:25,037 __main__     INFO     CHSO-0002974 — Processing year 1869.
2025-03-15 15:56:09,910 __main__     INFO     CHSO-0002974 — Processing year 1887.
2025-03-15 16:05:16,024 __main__     INFO     CHSO-0002974 — Processing year 1873.
2025-03-15 16:10:50,016 __main__     INFO     CHSO-0002974 — Processing year 1866.
2025-03-15 16:12:20,246 __main__     INFO     CHSO-0002974 — Processing year 1888.
2025-03-15 16:16:20,448 __main__     INFO     CHSO-0002974 — Processing year 1883.
2025-03-15 16:25:45,762 __main__     INFO     CHSO-0002974 — Processing year 1884.
2025-03-15 16:34:26,095 __main__     INFO     CHSO-0002974 — Processing year 1872.
2025-03-15 16:39:46,045 __main__     INFO     CHSO-0002974 — Processing year 1868.
2025-03-15 16:44:54,605 __main__     INFO     CHSO-0002974 — Processing year 1871.
2025-03-15 16:49:47,788 __main__     INFO     CHSO-0002974 — Processing year 1879.
2025-03-15 16:58:28,003 __main__     INFO     CHSO-0002974 — Processing year 1876.
2025-03-15 17:06:03,539 __main__     INFO     CHSO-0002974 — Processing year 1875.
2025-03-15 17:14:00,412 __main__     INFO     CHSO-0002974 — Processing year 1886.
2025-03-15 17:22:32,046 __main__     INFO     CHSO-0002974 — Processing year 1881.
2025-03-15 17:31:08,791 __main__     INFO     ✅ CHSO-0002974 (58/100) - Done with the copy. There was 0 failed copies and problem_input_dirs:[].
2025-03-15 17:31:08,792 __main__     INFO     ---------- Processing SHSD - NLP 0002975 (59/100) ----------
2025-03-15 17:31:09,542 __main__     INFO     SHSD-0002975 — Processing year 1860.
2025-03-15 17:37:35,056 __main__     INFO     SHSD-0002975 — Processing year 1885.
2025-03-15 17:48:32,314 __main__     INFO     SHSD-0002975 — Processing year 1867.
2025-03-15 17:54:39,240 __main__     INFO     SHSD-0002975 — Processing year 1870.
2025-03-15 18:03:47,522 __main__     INFO     SHSD-0002975 — Processing year 1874.
2025-03-15 18:13:44,456 __main__     INFO     SHSD-0002975 — Processing year 1878.
2025-03-15 18:23:21,313 __main__     INFO     SHSD-0002975 — Processing year 1880.
2025-03-15 18:34:21,917 __main__     INFO     SHSD-0002975 — Processing year 1892.
2025-03-15 18:42:43,237 __main__     INFO     SHSD-0002975 — Processing year 1882.
2025-03-15 18:53:01,552 __main__     INFO     SHSD-0002975 — Processing year 1877.
2025-03-15 19:03:17,721 __main__     INFO     SHSD-0002975 — Processing year 1869.
2025-03-15 19:08:37,007 __main__     INFO     SHSD-0002975 — Processing year 1887.
2025-03-15 19:19:00,564 __main__     INFO     SHSD-0002975 — Processing year 1859.
2025-03-15 19:23:54,159 __main__     INFO     SHSD-0002975 — Processing year 1873.
2025-03-15 19:34:16,110 __main__     INFO     SHSD-0002975 — Processing year 1865.
2025-03-15 19:39:58,459 __main__     INFO     SHSD-0002975 — Processing year 1858.
2025-03-15 19:42:25,188 __main__     INFO     SHSD-0002975 — Processing year 1862.
2025-03-15 19:47:42,672 __main__     INFO     SHSD-0002975 — Processing year 1889.
2025-03-15 19:59:06,684 __main__     INFO     SHSD-0002975 — Processing year 1866.
2025-03-15 20:05:18,410 __main__     INFO     SHSD-0002975 — Processing year 1888.
2025-03-15 20:17:10,924 __main__     INFO     SHSD-0002975 — Processing year 1883.
2025-03-15 20:27:45,471 __main__     INFO     SHSD-0002975 — Processing year 1884.
2025-03-15 20:38:14,631 __main__     INFO     SHSD-0002975 — Processing year 1890.
2025-03-15 20:48:32,632 __main__     INFO     SHSD-0002975 — Processing year 1872.
2025-03-15 20:59:39,259 __main__     INFO     SHSD-0002975 — Processing year 1861.
2025-03-15 21:05:06,873 __main__     INFO     SHSD-0002975 — Processing year 1868.
2025-03-15 21:10:48,349 __main__     INFO     SHSD-0002975 — Processing year 1864.
2025-03-15 21:16:00,360 __main__     INFO     SHSD-0002975 — Processing year 1871.
2025-03-15 21:26:41,245 __main__     INFO     SHSD-0002975 — Processing year 1879.
2025-03-15 21:37:07,888 __main__     INFO     SHSD-0002975 — Processing year 1876.
2025-03-15 21:48:02,033 __main__     INFO     SHSD-0002975 — Processing year 1875.
2025-03-15 21:59:18,333 __main__     INFO     SHSD-0002975 — Processing year 1863.
2025-03-15 22:04:58,298 __main__     INFO     SHSD-0002975 — Processing year 1886.
2025-03-15 22:15:46,731 __main__     INFO     SHSD-0002975 — Processing year 1881.
2025-03-15 22:26:46,426 __main__     INFO     ✅ SHSD-0002975 (59/100) - Done with the copy. There was 0 failed copies and problem_input_dirs:[].
2025-03-15 22:26:46,427 __main__     INFO     ---------- Processing SHSD - NLP 0002976 (60/100) ----------
2025-03-15 22:26:46,783 __main__     INFO     SHSD-0002976 — Processing year 1898.
2025-03-15 22:37:40,648 __main__     INFO     SHSD-0002976 — Processing year 1899.
2025-03-15 22:47:08,855 __main__     INFO     SHSD-0002976 — Processing year 1901.
2025-03-15 22:57:03,241 __main__     INFO     SHSD-0002976 — Processing year 1917.
2025-03-15 23:05:21,754 __main__     INFO     SHSD-0002976 — Processing year 1892.
2025-03-15 23:08:12,945 __main__     INFO     SHSD-0002976 — Processing year 1915.
2025-03-15 23:18:43,482 __main__     INFO     SHSD-0002976 — Processing year 1895.
2025-03-15 23:28:53,592 __main__     INFO     SHSD-0002976 — Processing year 1900.
2025-03-15 23:39:25,702 __main__     INFO     SHSD-0002976 — Processing year 1912.
2025-03-15 23:49:43,383 __main__     INFO     SHSD-0002976 — Processing year 1914.
2025-03-16 00:00:13,750 __main__     INFO     SHSD-0002976 — Processing year 1913.
2025-03-16 00:09:50,017 __main__     INFO     SHSD-0002976 — Processing year 1893.
2025-03-16 00:19:48,725 __main__     INFO     SHSD-0002976 — Processing year 1907.
2025-03-16 00:29:45,871 __main__     INFO     SHSD-0002976 — Processing year 1916.
2025-03-16 00:40:04,027 __main__     INFO     SHSD-0002976 — Processing year 1911.
2025-03-16 00:45:56,687 __main__     INFO     SHSD-0002976 — Processing year 1903.
2025-03-16 00:56:53,285 __main__     INFO     SHSD-0002976 — Processing year 1896.
2025-03-16 01:08:26,811 __main__     INFO     SHSD-0002976 — Processing year 1904.
2025-03-16 01:20:00,673 __main__     INFO     SHSD-0002976 — Processing year 1910.
2025-03-16 01:28:15,412 __main__     INFO     SHSD-0002976 — Processing year 1891.
2025-03-16 01:37:47,895 __main__     INFO     SHSD-0002976 — Processing year 1905.
2025-03-16 01:45:15,101 __main__     INFO     SHSD-0002976 — Processing year 1894.
2025-03-16 01:53:01,277 __main__     INFO     SHSD-0002976 — Processing year 1906.
2025-03-16 02:01:25,196 __main__     INFO     SHSD-0002976 — Processing year 1909.
2025-03-16 02:10:01,836 __main__     INFO     SHSD-0002976 — Processing year 1902.
2025-03-16 02:19:08,693 __main__     INFO     SHSD-0002976 — Processing year 1908.
2025-03-16 02:29:19,784 __main__     INFO     SHSD-0002976 — Processing year 1897.
2025-03-16 02:33:41,463 __main__     INFO     SHSD-0002976 — Processing year 1918.
2025-03-16 02:35:21,298 __main__     INFO     ✅ SHSD-0002976 (60/100) - Done with the copy. There was 0 failed copies and problem_input_dirs:[].
2025-03-16 02:35:21,299 __main__     INFO     ---------- Processing SGHL - NLP 0002977 (61/100) ----------
2025-03-16 02:35:21,649 __main__     INFO     SGHL-0002977 — Processing year 1860.
2025-03-16 02:44:23,792 __main__     INFO     SGHL-0002977 — Processing year 1885.
2025-03-16 02:48:58,889 __main__     INFO     SGHL-0002977 — Processing year 1867.
2025-03-16 02:58:08,852 __main__     INFO     SGHL-0002977 — Processing year 1870.
2025-03-16 03:00:51,057 __main__     INFO     SGHL-0002977 — Processing year 1874.
2025-03-16 03:04:57,962 __main__     INFO     SGHL-0002977 — Processing year 1878.
2025-03-16 03:09:46,586 __main__     INFO     SGHL-0002977 — Processing year 1880.
2025-03-16 03:14:55,432 __main__     INFO     SGHL-0002977 — Processing year 1856.
2025-03-16 03:19:18,764 __main__     INFO     SGHL-0002977 — Processing year 1882.
2025-03-16 03:23:56,713 __main__     INFO     SGHL-0002977 — Processing year 1850.
2025-03-16 03:28:14,324 __main__     INFO     SGHL-0002977 — Processing year 1877.
2025-03-16 03:33:01,913 __main__     INFO     SGHL-0002977 — Processing year 1849.
2025-03-16 03:38:05,521 __main__     INFO     SGHL-0002977 — Processing year 1869.
2025-03-16 03:42:17,439 __main__     INFO     SGHL-0002977 — Processing year 1887.
2025-03-16 03:50:31,023 __main__     INFO     SGHL-0002977 — Processing year 1859.
2025-03-16 03:57:35,008 __main__     INFO     SGHL-0002977 — Processing year 1865.
2025-03-16 04:07:32,731 __main__     INFO     SGHL-0002977 — Processing year 1858.
2025-03-16 04:12:00,226 __main__     INFO     SGHL-0002977 — Processing year 1862.
2025-03-16 04:22:21,510 __main__     INFO     SGHL-0002977 — Processing year 1889.
2025-03-16 04:32:37,848 __main__     INFO     SGHL-0002977 — Processing year 1853.
2025-03-16 04:37:23,961 __main__     INFO     SGHL-0002977 — Processing year 1866.
2025-03-16 04:46:42,167 __main__     INFO     SGHL-0002977 — Processing year 1888.
2025-03-16 04:55:23,691 __main__     INFO     SGHL-0002977 — Processing year 1847.
2025-03-16 04:57:23,426 __main__     INFO     SGHL-0002977 — Processing year 1883.
2025-03-16 05:01:58,712 __main__     INFO     SGHL-0002977 — Processing year 1884.
2025-03-16 05:06:31,581 __main__     INFO     SGHL-0002977 — Processing year 1890.
2025-03-16 05:17:47,747 __main__     INFO     SGHL-0002977 — Processing year 1872.
2025-03-16 05:20:38,288 __main__     INFO     SGHL-0002977 — Processing year 1861.
2025-03-16 05:31:09,618 __main__     INFO     SGHL-0002977 — Processing year 1864.
2025-03-16 05:44:41,743 __main__     INFO     SGHL-0002977 — Processing year 1851.
2025-03-16 05:50:51,495 __main__     INFO     SGHL-0002977 — Processing year 1854.
2025-03-16 05:56:11,764 __main__     INFO     SGHL-0002977 — Processing year 1871.
2025-03-16 05:59:26,249 __main__     INFO     SGHL-0002977 — Processing year 1855.
2025-03-16 06:04:50,995 __main__     INFO     SGHL-0002977 — Processing year 1879.
2025-03-16 06:10:50,357 __main__     INFO     SGHL-0002977 — Processing year 1876.
2025-03-16 06:16:49,249 __main__     INFO     SGHL-0002977 — Processing year 1875.
2025-03-16 06:22:44,781 __main__     INFO     SGHL-0002977 — Processing year 1852.
2025-03-16 06:28:27,717 __main__     INFO     SGHL-0002977 — Processing year 1863.
2025-03-16 06:46:04,046 __main__     INFO     SGHL-0002977 — Processing year 1848.
2025-03-16 06:51:40,776 __main__     INFO     SGHL-0002977 — Processing year 1886.
2025-03-16 07:02:23,269 __main__     INFO     SGHL-0002977 — Processing year 1857.
2025-03-16 07:06:56,306 __main__     INFO     SGHL-0002977 — Processing year 1881.
2025-03-16 07:11:59,753 __main__     INFO     ✅ SGHL-0002977 (61/100) - Done with the copy. There was 0 failed copies and problem_input_dirs:[].
2025-03-16 07:11:59,754 __main__     INFO     ---------- Processing NCRF - NLP 0002978 (62/100) ----------
2025-03-16 07:12:00,263 __main__     INFO     NCRF-0002978 — Processing year 1895.
2025-03-16 07:21:59,098 __main__     INFO     NCRF-0002978 — Processing year 1893.
2025-03-16 07:27:15,759 __main__     INFO     NCRF-0002978 — Processing year 1890.
2025-03-16 07:34:14,602 __main__     INFO     NCRF-0002978 — Processing year 1891.
2025-03-16 07:44:04,901 __main__     INFO     NCRF-0002978 — Processing year 1894.
2025-03-16 07:50:07,519 __main__     INFO     ✅ NCRF-0002978 (62/100) - Done with the copy. There was 0 failed copies and problem_input_dirs:[].
2025-03-16 07:50:07,520 __main__     INFO     ---------- Processing NCRF - NLP 0002979 (63/100) ----------
2025-03-16 07:50:08,033 __main__     INFO     NCRF-0002979 — Processing year 1898.
2025-03-16 07:59:11,130 __main__     INFO     NCRF-0002979 — Processing year 1896.
2025-03-16 08:09:29,751 __main__     INFO     ✅ NCRF-0002979 (63/100) - Done with the copy. There was 0 failed copies and problem_input_dirs:[].
2025-03-16 08:09:29,752 __main__     INFO     ---------- Processing WKJL - NLP 0002980 (64/100) ----------
2025-03-16 08:09:30,223 __main__     INFO     WKJL-0002980 — Processing year 1901.
2025-03-16 08:10:21,328 __main__     INFO     WKJL-0002980 — Processing year 1907.
2025-03-16 08:24:19,201 __main__     INFO     WKJL-0002980 — Processing year 1903.
2025-03-16 08:33:32,395 __main__     INFO     WKJL-0002980 — Processing year 1904.
2025-03-16 08:45:49,659 __main__     INFO     WKJL-0002980 — Processing year 1905.
2025-03-16 09:00:23,222 __main__     INFO     WKJL-0002980 — Processing year 1906.
2025-03-16 09:14:58,073 __main__     INFO     WKJL-0002980 — Processing year 1909.
2025-03-16 09:25:02,613 __main__     INFO     WKJL-0002980 — Processing year 1902.
2025-03-16 09:33:54,132 __main__     INFO     WKJL-0002980 — Processing year 1908.
2025-03-16 09:49:13,132 __main__     INFO     ✅ WKJL-0002980 (64/100) - Done with the copy. There was 0 failed copies and problem_input_dirs:[].
2025-03-16 09:49:13,133 __main__     INFO     ---------- Processing WMTG - NLP 0002981 (65/100) ----------
2025-03-16 09:49:13,934 __main__     INFO     WMTG-0002981 — Processing year 1860.
2025-03-16 09:53:42,459 __main__     INFO     WMTG-0002981 — Processing year 1885.
2025-03-16 10:03:48,185 __main__     INFO     WMTG-0002981 — Processing year 1867.
2025-03-16 10:08:56,521 __main__     INFO     WMTG-0002981 — Processing year 1870.
2025-03-16 10:16:45,743 __main__     INFO     WMTG-0002981 — Processing year 1874.
2025-03-16 10:27:27,216 __main__     INFO     WMTG-0002981 — Processing year 1878.
2025-03-16 10:40:28,277 __main__     INFO     WMTG-0002981 — Processing year 1880.
2025-03-16 10:50:28,420 __main__     INFO     WMTG-0002981 — Processing year 1882.
2025-03-16 11:01:42,304 __main__     INFO     WMTG-0002981 — Processing year 1877.
2025-03-16 11:11:05,112 __main__     INFO     WMTG-0002981 — Processing year 1869.
2025-03-16 11:16:58,945 __main__     INFO     WMTG-0002981 — Processing year 1873.
2025-03-16 11:24:16,227 __main__     INFO     WMTG-0002981 — Processing year 1865.
2025-03-16 11:30:02,203 __main__     INFO     WMTG-0002981 — Processing year 1862.
2025-03-16 11:36:58,889 __main__     INFO     WMTG-0002981 — Processing year 1866.
2025-03-16 11:43:14,030 __main__     INFO     WMTG-0002981 — Processing year 1883.
2025-03-16 11:52:58,931 __main__     INFO     WMTG-0002981 — Processing year 1884.
2025-03-16 12:03:51,217 __main__     INFO     WMTG-0002981 — Processing year 1861.
2025-03-16 12:10:55,571 __main__     INFO     WMTG-0002981 — Processing year 1868.
2025-03-16 12:16:42,988 __main__     INFO     WMTG-0002981 — Processing year 1864.
2025-03-16 12:23:04,287 __main__     INFO     WMTG-0002981 — Processing year 1871.
2025-03-16 12:29:57,001 __main__     INFO     WMTG-0002981 — Processing year 1879.
2025-03-16 12:40:36,977 __main__     INFO     WMTG-0002981 — Processing year 1876.
2025-03-16 12:50:10,002 __main__     INFO     WMTG-0002981 — Processing year 1875.
2025-03-16 12:57:53,178 __main__     INFO     WMTG-0002981 — Processing year 1863.
2025-03-16 13:03:11,531 __main__     INFO     WMTG-0002981 — Processing year 1886.
2025-03-16 13:06:59,568 __main__     INFO     WMTG-0002981 — Processing year 1881.
2025-03-16 13:19:43,389 __main__     INFO     ✅ WMTG-0002981 (65/100) - Done with the copy. There was 0 failed copies and problem_input_dirs:[].
2025-03-16 13:19:43,390 __main__     INFO     ---------- Processing WMTG - NLP 0002982 (66/100) ----------
2025-03-16 13:19:43,684 __main__     INFO     WMTG-0002982 — Processing year 1899.
2025-03-16 13:31:11,022 __main__     INFO     WMTG-0002982 — Processing year 1901.
2025-03-16 13:36:27,223 __main__     INFO     WMTG-0002982 — Processing year 1892.
2025-03-16 13:42:13,026 __main__     INFO     WMTG-0002982 — Processing year 1895.
2025-03-16 13:53:00,302 __main__     INFO     WMTG-0002982 — Processing year 1900.
2025-03-16 14:03:38,467 __main__     INFO     WMTG-0002982 — Processing year 1887.
2025-03-16 14:08:46,321 __main__     INFO     WMTG-0002982 — Processing year 1889.
2025-03-16 14:14:40,395 __main__     INFO     WMTG-0002982 — Processing year 1893.
2025-03-16 14:24:35,229 __main__     INFO     WMTG-0002982 — Processing year 1888.
2025-03-16 14:29:54,141 __main__     INFO     WMTG-0002982 — Processing year 1896.
2025-03-16 14:38:41,112 __main__     INFO     WMTG-0002982 — Processing year 1890.
2025-03-16 14:44:26,846 __main__     INFO     WMTG-0002982 — Processing year 1891.
2025-03-16 14:50:07,102 __main__     INFO     WMTG-0002982 — Processing year 1894.
2025-03-16 15:00:39,406 __main__     INFO     WMTG-0002982 — Processing year 1886.
2025-03-16 15:04:02,749 __main__     INFO     WMTG-0002982 — Processing year 1897.
2025-03-16 15:10:21,731 __main__     INFO     ✅ WMTG-0002982 (66/100) - Done with the copy. There was 0 failed copies and problem_input_dirs:[].
2025-03-16 15:10:21,733 __main__     INFO     ---------- Processing CKTC - NLP 0002984 (67/100) ----------
2025-03-16 15:10:22,198 __main__     INFO     CKTC-0002984 — Processing year 1855.
2025-03-16 15:15:10,581 __main__     INFO     ✅ CKTC-0002984 (67/100) - Done with the copy. There was 0 failed copies and problem_input_dirs:[].
2025-03-16 15:15:10,582 __main__     INFO     ---------- Processing CKTC - NLP 0002985 (68/100) ----------
2025-03-16 15:15:10,976 __main__     INFO     CKTC-0002985 — Processing year 1856.
2025-03-16 15:21:58,781 __main__     INFO     CKTC-0002985 — Processing year 1855.
2025-03-16 15:25:29,909 __main__     INFO     ✅ CKTC-0002985 (68/100) - Done with the copy. There was 0 failed copies and problem_input_dirs:[].
2025-03-16 15:25:29,910 __main__     INFO     ---------- Processing BFNP - NLP 0002986 (69/100) ----------
2025-03-16 15:25:30,224 __main__     INFO     BFNP-0002986 — Processing year 1858.
2025-03-16 15:28:38,562 __main__     INFO     ✅ BFNP-0002986 (69/100) - Done with the copy. There was 0 failed copies and problem_input_dirs:[].
2025-03-16 15:28:38,563 __main__     INFO     ---------- Processing CRWN - NLP 0002987 (70/100) ----------
2025-03-16 15:28:39,047 __main__     INFO     CRWN-0002987 — Processing year 1839.
2025-03-16 15:34:48,174 __main__     INFO     CRWN-0002987 — Processing year 1838.
2025-03-16 15:40:41,752 __main__     INFO     ✅ CRWN-0002987 (70/100) - Done with the copy. There was 0 failed copies and problem_input_dirs:[].
2025-03-16 15:40:41,753 __main__     INFO     ---------- Processing CCWA - NLP 0002988 (71/100) ----------
2025-03-16 15:40:42,311 __main__     INFO     CCWA-0002988 — Processing year 1824.
2025-03-16 15:41:55,568 __main__     INFO     ✅ CCWA-0002988 (71/100) - Done with the copy. There was 0 failed copies and problem_input_dirs:[].
2025-03-16 15:41:55,569 __main__     INFO     ---------- Processing CCWA - NLP 0002989 (72/100) ----------
2025-03-16 15:41:55,799 __main__     INFO     CCWA-0002989 — Processing year 1824.
2025-03-16 15:45:13,626 __main__     INFO     ✅ CCWA-0002989 (72/100) - Done with the copy. There was 0 failed copies and problem_input_dirs:[].
2025-03-16 15:45:13,627 __main__     INFO     ---------- Processing CCWA - NLP 0002990 (73/100) ----------
2025-03-16 15:45:14,035 __main__     INFO     CCWA-0002990 — Processing year 1824.
2025-03-16 15:45:58,581 __main__     INFO     CCWA-0002990 — Processing year 1825.
2025-03-16 15:48:06,449 __main__     INFO     ✅ CCWA-0002990 (73/100) - Done with the copy. There was 0 failed copies and problem_input_dirs:[].
2025-03-16 15:48:06,449 __main__     INFO     ---------- Processing WKGB - NLP 0002991 (74/100) ----------
2025-03-16 15:48:06,989 __main__     INFO     WKGB-0002991 — Processing year 1824.
2025-03-16 15:53:46,257 __main__     INFO     WKGB-0002991 — Processing year 1825.
2025-03-16 15:55:00,027 __main__     INFO     ✅ WKGB-0002991 (74/100) - Done with the copy. There was 0 failed copies and problem_input_dirs:[].
2025-03-16 15:55:00,028 __main__     INFO     ---------- Processing CMSN - NLP 0002992 (75/100) ----------
2025-03-16 15:55:00,535 __main__     INFO     CMSN-0002992 — Processing year 1824.
2025-03-16 15:58:31,405 __main__     INFO     CMSN-0002992 — Processing year 1826.
2025-03-16 15:59:10,333 __main__     INFO     CMSN-0002992 — Processing year 1825.
2025-03-16 16:05:52,920 __main__     INFO     ✅ CMSN-0002992 (75/100) - Done with the copy. There was 0 failed copies and problem_input_dirs:[].
2025-03-16 16:05:52,922 __main__     INFO     ---------- Processing SMHE - NLP 0002993 (76/100) ----------
2025-03-16 16:05:53,192 __main__     INFO     SMHE-0002993 — Processing year 1824.
2025-03-16 16:07:13,574 __main__     INFO     ✅ SMHE-0002993 (76/100) - Done with the copy. There was 0 failed copies and problem_input_dirs:[].
2025-03-16 16:07:13,575 __main__     INFO     ---------- Processing TUNI - NLP 0002994 (77/100) ----------
2025-03-16 16:07:14,073 __main__     INFO     TUNI-0002994 — Processing year 1860.
2025-03-16 16:20:59,344 __main__     INFO     TUNI-0002994 — Processing year 1859.
2025-03-16 16:35:20,601 __main__     INFO     TUNI-0002994 — Processing year 1858.
2025-03-16 16:51:16,320 __main__     INFO     TUNI-0002994 — Processing year 1862.
2025-03-16 17:00:11,686 __main__     INFO     TUNI-0002994 — Processing year 1861.
2025-03-16 17:15:01,544 __main__     INFO     TUNI-0002994 — Processing year 1857.
2025-03-16 17:29:14,874 __main__     INFO     ✅ TUNI-0002994 (77/100) - Done with the copy. There was 0 failed copies and problem_input_dirs:[].
2025-03-16 17:29:14,875 __main__     INFO     ---------- Processing LJGA - NLP 0002995 (78/100) ----------
2025-03-16 17:29:15,182 __main__     INFO     LJGA-0002995 — Processing year 1837.
2025-03-16 17:32:50,729 __main__     INFO     LJGA-0002995 — Processing year 1836.
2025-03-16 17:36:05,462 __main__     INFO     ✅ LJGA-0002995 (78/100) - Done with the copy. There was 0 failed copies and problem_input_dirs:[].
2025-03-16 17:36:05,462 __main__     INFO     ---------- Processing RBLD - NLP 0002996 (79/100) ----------
2025-03-16 17:36:05,681 __main__     INFO     RBLD-0002996 — Processing year 1844.
2025-03-16 17:37:23,310 __main__     INFO     ✅ RBLD-0002996 (79/100) - Done with the copy. There was 0 failed copies and problem_input_dirs:[].
2025-03-16 17:37:23,310 __main__     INFO     ---------- Processing RBLD - NLP 0002997 (80/100) ----------
2025-03-16 17:37:23,611 __main__     INFO     RBLD-0002997 — Processing year 1844.
2025-03-16 17:45:00,151 __main__     INFO     RBLD-0002997 — Processing year 1845.
2025-03-16 17:54:00,706 __main__     INFO     ✅ RBLD-0002997 (80/100) - Done with the copy. There was 0 failed copies and problem_input_dirs:[].
2025-03-16 17:54:00,707 __main__     INFO     ---------- Processing RBLD - NLP 0002998 (81/100) ----------
2025-03-16 17:54:01,065 __main__     INFO     RBLD-0002998 — Processing year 1845.
2025-03-16 17:57:52,046 __main__     INFO     ✅ RBLD-0002998 (81/100) - Done with the copy. There was 0 failed copies and problem_input_dirs:[].
2025-03-16 17:57:52,047 __main__     INFO     ---------- Processing RBLD - NLP 0002999 (82/100) ----------
2025-03-16 17:57:52,755 __main__     INFO     RBLD-0002999 — Processing year 1846.
2025-03-16 18:07:55,582 __main__     INFO     RBLD-0002999 — Processing year 1845.
2025-03-16 18:08:12,157 __main__     INFO     ✅ RBLD-0002999 (82/100) - Done with the copy. There was 0 failed copies and problem_input_dirs:[].
2025-03-16 18:08:12,158 __main__     INFO     ---------- Processing LRNW - NLP 0003000 (83/100) ----------
2025-03-16 18:08:12,532 __main__     INFO     LRNW-0003000 — Processing year 1845.
2025-03-16 18:10:32,015 __main__     INFO     ✅ LRNW-0003000 (83/100) - Done with the copy. There was 0 failed copies and problem_input_dirs:[].
2025-03-16 18:10:32,016 __main__     INFO     ---------- Processing GOTM - NLP 0003001 (84/100) ----------
2025-03-16 18:10:32,628 __main__     INFO     GOTM-0003001 — Processing year 1852.
2025-03-16 18:11:11,526 __main__     INFO     ✅ GOTM-0003001 (84/100) - Done with the copy. There was 0 failed copies and problem_input_dirs:[].
2025-03-16 18:11:11,526 __main__     INFO     ---------- Processing WTCH - NLP 0003002 (85/100) ----------
2025-03-16 18:11:11,883 __main__     INFO     WTCH-0003002 — Processing year 1827.
2025-03-16 18:18:19,839 __main__     INFO     WTCH-0003002 — Processing year 1828.
2025-03-16 18:21:37,908 __main__     INFO     ✅ WTCH-0003002 (85/100) - Done with the copy. There was 0 failed copies and problem_input_dirs:[].
2025-03-16 18:21:37,909 __main__     INFO     ---------- Processing FMNW - NLP 0003003 (86/100) ----------
2025-03-16 18:21:38,284 __main__     INFO     FMNW-0003003 — Processing year 1859.
2025-03-16 18:23:15,798 __main__     INFO     ✅ FMNW-0003003 (86/100) - Done with the copy. There was 0 failed copies and problem_input_dirs:[].
2025-03-16 18:23:15,799 __main__     INFO     ---------- Processing ILWT - NLP 0003004 (87/100) ----------
2025-03-16 18:23:16,175 __main__     INFO     ILWT-0003004 — Processing year 1843.
2025-03-16 18:25:12,488 __main__     INFO     ✅ ILWT-0003004 (87/100) - Done with the copy. There was 0 failed copies and problem_input_dirs:[].
2025-03-16 18:25:12,489 __main__     INFO     ---------- Processing ILOL - NLP 0003005 (88/100) ----------
2025-03-16 18:25:12,976 __main__     INFO     ILOL-0003005 — Processing year 1843.
2025-03-16 18:31:11,411 __main__     INFO     ✅ ILOL-0003005 (88/100) - Done with the copy. There was 0 failed copies and problem_input_dirs:[].
2025-03-16 18:31:11,412 __main__     INFO     ---------- Processing PITM - NLP 0003006 (89/100) ----------
2025-03-16 18:31:11,779 __main__     INFO     PITM-0003006 — Processing year 1856.
2025-03-16 18:35:43,862 __main__     INFO     PITM-0003006 — Processing year 1855.
2025-03-16 18:48:48,944 __main__     INFO     ✅ PITM-0003006 (89/100) - Done with the copy. There was 0 failed copies and problem_input_dirs:[].
2025-03-16 18:48:48,945 __main__     INFO     ---------- Processing LCCR - NLP 0003007 (90/100) ----------
2025-03-16 18:48:49,298 __main__     INFO     LCCR-0003007 — Processing year 1853.
2025-03-16 18:51:10,522 __main__     INFO     LCCR-0003007 — Processing year 1854.
2025-03-16 18:51:48,226 __main__     INFO     ✅ LCCR-0003007 (90/100) - Done with the copy. There was 0 failed copies and problem_input_dirs:[].
2025-03-16 18:51:48,226 __main__     INFO     ---------- Processing PLOB - NLP 0003008 (91/100) ----------
2025-03-16 18:51:48,342 __main__     INFO     PLOB-0003008 — Processing year 1819.
2025-03-16 18:52:34,416 __main__     INFO     ✅ PLOB-0003008 (91/100) - Done with the copy. There was 0 failed copies and problem_input_dirs:[].
2025-03-16 18:52:34,416 __main__     INFO     ---------- Processing WENW - NLP 0003009 (92/100) ----------
2025-03-16 18:52:35,037 __main__     INFO     WENW-0003009 — Processing year 1860.
2025-03-16 18:53:29,556 __main__     INFO     WENW-0003009 — Processing year 1859.
2025-03-16 18:56:53,311 __main__     INFO     ✅ WENW-0003009 (92/100) - Done with the copy. There was 0 failed copies and problem_input_dirs:[].
2025-03-16 18:56:53,311 __main__     INFO     ---------- Processing LDGS - NLP 0003010 (93/100) ----------
2025-03-16 18:56:53,781 __main__     INFO     LDGS-0003010 — Processing year 1860.
2025-03-16 19:02:29,059 __main__     INFO     LDGS-0003010 — Processing year 1859.
2025-03-16 19:05:50,464 __main__     INFO     ✅ LDGS-0003010 (93/100) - Done with the copy. There was 0 failed copies and problem_input_dirs:[].
2025-03-16 19:05:50,465 __main__     INFO     ---------- Processing PLDM - NLP 0003011 (94/100) ----------
2025-03-16 19:05:51,029 __main__     INFO     PLDM-0003011 — Processing year 1826.
2025-03-16 19:20:19,515 __main__     INFO     PLDM-0003011 — Processing year 1825.
2025-03-16 19:34:25,674 __main__     INFO     ✅ PLDM-0003011 (94/100) - Done with the copy. There was 0 failed copies and problem_input_dirs:[].
2025-03-16 19:34:25,675 __main__     INFO     ---------- Processing PLDM - NLP 0003012 (95/100) ----------
2025-03-16 19:34:25,975 __main__     INFO     PLDM-0003012 — Processing year 1829.
2025-03-16 19:34:45,882 __main__     INFO     ✅ PLDM-0003012 (95/100) - Done with the copy. There was 0 failed copies and problem_input_dirs:[].
2025-03-16 19:34:45,883 __main__     INFO     ---------- Processing MTPN - NLP 0003013 (96/100) ----------
2025-03-16 19:34:46,071 __main__     INFO     MTPN-0003013 — Processing year 1856.
2025-03-16 19:39:23,669 __main__     INFO     MTPN-0003013 — Processing year 1857.
2025-03-16 19:40:02,049 __main__     INFO     ✅ MTPN-0003013 (96/100) - Done with the copy. There was 0 failed copies and problem_input_dirs:[].
2025-03-16 19:40:02,051 __main__     INFO     ---------- Processing NTNL - NLP 0003014 (97/100) ----------
2025-03-16 19:40:02,216 __main__     INFO     NTNL-0003014 — Processing year 1835.
2025-03-16 19:42:09,969 __main__     INFO     ✅ NTNL-0003014 (97/100) - Done with the copy. There was 0 failed copies and problem_input_dirs:[].
2025-03-16 19:42:09,970 __main__     INFO     ---------- Processing SEGL - NLP 0003015 (98/100) ----------
2025-03-16 19:42:10,356 __main__     INFO     SEGL-0003015 — Processing year 1837.
2025-03-16 19:44:15,468 __main__     INFO     SEGL-0003015 — Processing year 1836.
2025-03-16 19:46:12,819 __main__     INFO     ✅ SEGL-0003015 (98/100) - Done with the copy. There was 0 failed copies and problem_input_dirs:[].
2025-03-16 19:46:12,820 __main__     INFO     ---------- Processing MOGA - NLP 0003016 (99/100) ----------
2025-03-16 19:46:13,233 __main__     INFO     MOGA-0003016 — Processing year 1837.
2025-03-16 19:54:00,537 __main__     INFO     ✅ MOGA-0003016 (99/100) - Done with the copy. There was 0 failed copies and problem_input_dirs:[].
2025-03-16 19:54:00,538 __main__     INFO     ---------- Processing NTPR - NLP 0003017 (100/100) ----------
2025-03-16 19:54:01,218 __main__     INFO     NTPR-0003017 — Processing year 1847.
2025-03-16 19:59:10,923 __main__     INFO     ✅ NTPR-0003017 (100/100) - Done with the copy. There was 0 failed copies and problem_input_dirs:[].
2025-03-16 19:59:10,924 __main__     INFO     ✅✅ Success! Done with all 100 in this chunk: ['0002759', '0002760', '0002761', '0002762', '0002763', '0002764', '0002765', '0002766', '0002767', '0002769', '0002770', '0002771', '0002772', '0002773', '0002774', '0002775', '0002776', '0002777', '0002778', '0002779', '0002780', '0002781', '0002782', '0002785', '0002786', '0002787', '0002788', '0002789', '0002790', '0002791', '0002792', '0002793', '0002794', '0002795', '0002796', '0002797', '0002798', '0002800', '0002801', '0002802', '0002803', '0002804', '0002805', '0002806', '0002807', '0002808', '0002809', '0002810', '0002811', '0002812', '0002813', '0002814', '0002815', '0002816', '0002817', '0002972', '0002973', '0002974', '0002975', '0002976', '0002977', '0002978', '0002979', '0002980', '0002981', '0002982', '0002984', '0002985', '0002986', '0002987', '0002988', '0002989', '0002990', '0002991', '0002992', '0002993', '0002994', '0002995', '0002996', '0002997', '0002998', '0002999', '0003000', '0003001', '0003002', '0003003', '0003004', '0003005', '0003006', '0003007', '0003008', '0003009', '0003010', '0003011', '0003012', '0003013', '0003014', '0003015', '0003016', '0003017']!!
