2025-03-04 16:44:26,519 __main__     INFO     Logger successfully initialised
2025-03-04 16:44:26,891 __main__     INFO     Separated the list of NLPs into 6 chunks of 101 NLPs,  will process chunk n°3 now: 
['0002762', '0002763', '0002764', '0002765', '0002766', '0002767', '0002769', '0002770', '0002771', '0002772', '0002773', '0002774', '0002775', '0002776', '0002777', '0002778', '0002779', '0002780', '0002781', '0002782', '0002785', '0002786', '0002787', '0002788', '0002789', '0002790', '0002791', '0002792', '0002793', '0002794', '0002795', '0002796', '0002797', '0002798', '0002800', '0002801', '0002802', '0002803', '0002804', '0002805', '0002806', '0002807', '0002808', '0002809', '0002810', '0002811', '0002812', '0002813', '0002814', '0002815', '0002816', '0002817', '0002972', '0002973', '0002974', '0002975', '0002976', '0002977', '0002978', '0002979', '0002980', '0002981', '0002982', '0002984', '0002985', '0002986', '0002987', '0002988', '0002989', '0002990', '0002991', '0002992', '0002993', '0002994', '0002995', '0002996', '0002997', '0002998', '0002999', '0003000', '0003001', '0003002', '0003003', '0003004', '0003005', '0003006', '0003007', '0003008', '0003009', '0003010', '0003011', '0003012', '0003013', '0003014', '0003015', '0003016', '0003017', '0003018', '0003019', '0003020', '0003021']
2025-03-04 16:44:26,895 __main__     INFO     ---------- Processing WBGZ - NLP 0002762 (1/101) ----------
2025-03-04 16:44:27,584 __main__     INFO     WBGZ-0002762 — Processing year 1823.
2025-03-04 16:49:25,290 __main__     INFO     WBGZ-0002762 — Processing year 1821.
2025-03-04 16:54:35,949 __main__     INFO     WBGZ-0002762 — Processing year 1819.
2025-03-04 16:59:28,222 __main__     INFO     WBGZ-0002762 — Processing year 1820.
2025-03-04 17:04:11,951 __main__     INFO     WBGZ-0002762 — Processing year 1822.
2025-03-04 17:08:26,167 __main__     INFO     ✅ WBGZ-0002762 (1/101) - Done with the copy. There was 0 failed copies and problem_input_dirs:[].
2025-03-04 17:08:26,168 __main__     INFO     ---------- Processing ISWA - NLP 0002763 (2/101) ----------
2025-03-04 17:08:26,696 __main__     INFO     ISWA-0002763 — Processing year 1814.
2025-03-04 17:09:34,101 __main__     INFO     ISWA-0002763 — Processing year 1811.
2025-03-04 17:09:35,070 __main__     INFO     ISWA-0002763 — Processing year 1813.
2025-03-04 17:10:11,894 __main__     INFO     ISWA-0002763 — Processing year 1810.
2025-03-04 17:10:21,701 __main__     INFO     ISWA-0002763 — Processing year 1809.
2025-03-04 17:11:13,977 __main__     INFO     ✅ ISWA-0002763 (2/101) - Done with the copy. There was 0 failed copies and problem_input_dirs:[].
2025-03-04 17:11:13,977 __main__     INFO     ---------- Processing ISWA - NLP 0002764 (3/101) ----------
2025-03-04 17:11:14,054 __main__     INFO     ISWA-0002764 — Processing year 1815.
2025-03-04 17:11:47,361 __main__     INFO     ✅ ISWA-0002764 (3/101) - Done with the copy. There was 0 failed copies and problem_input_dirs:[].
2025-03-04 17:11:47,362 __main__     INFO     ---------- Processing CHTI - NLP 0002765 (4/101) ----------
2025-03-04 17:11:47,473 __main__     INFO     CHTI-0002765 — Processing year 1864.
2025-03-04 17:13:14,758 __main__     INFO     CHTI-0002765 — Processing year 1863.
2025-03-04 17:13:32,521 __main__     INFO     ✅ CHTI-0002765 (4/101) - Done with the copy. There was 0 failed copies and problem_input_dirs:[].
2025-03-04 17:13:32,522 __main__     INFO     ---------- Processing CHTI - NLP 0002766 (5/101) ----------
2025-03-04 17:13:32,642 __main__     INFO     CHTI-0002766 — Processing year 1865.
2025-03-04 17:16:57,069 __main__     INFO     CHTI-0002766 — Processing year 1866.
2025-03-04 17:21:36,955 __main__     INFO     ✅ CHTI-0002766 (5/101) - Done with the copy. There was 0 failed copies and problem_input_dirs:[].
2025-03-04 17:21:36,956 __main__     INFO     ---------- Processing CHTI - NLP 0002767 (6/101) ----------
2025-03-04 17:21:37,574 __main__     INFO     CHTI-0002767 — Processing year 1867.
2025-03-04 17:29:27,595 __main__     INFO     CHTI-0002767 — Processing year 1870.
2025-03-04 17:35:05,155 __main__     INFO     CHTI-0002767 — Processing year 1869.
2025-03-04 17:40:22,802 __main__     INFO     CHTI-0002767 — Processing year 1866.
2025-03-04 17:41:57,691 __main__     INFO     CHTI-0002767 — Processing year 1868.
2025-03-04 17:45:55,906 __main__     INFO     CHTI-0002767 — Processing year 1871.
2025-03-04 17:46:04,620 __main__     INFO     ✅ CHTI-0002767 (6/101) - Done with the copy. There was 0 failed copies and problem_input_dirs:[].
2025-03-04 17:46:04,621 __main__     INFO     ---------- Processing BRIF - NLP 0002769 (7/101) ----------
2025-03-04 17:46:04,695 __main__     INFO     BRIF-0002769 — Processing year 1878.
2025-03-04 17:49:05,146 __main__     INFO     BRIF-0002769 — Processing year 1880.
2025-03-04 18:01:48,480 __main__     INFO     BRIF-0002769 — Processing year 1877.
2025-03-04 18:03:43,092 __main__     INFO     BRIF-0002769 — Processing year 1879.
2025-03-04 18:17:07,925 __main__     INFO     BRIF-0002769 — Processing year 1881.
2025-03-04 18:19:12,668 __main__     INFO     ✅ BRIF-0002769 (7/101) - Done with the copy. There was 0 failed copies and problem_input_dirs:[].
2025-03-04 18:19:12,669 __main__     INFO     ---------- Processing BRIF - NLP 0002770 (8/101) ----------
2025-03-04 18:19:13,419 __main__     INFO     BRIF-0002770 — Processing year 1881.
2025-03-04 18:21:03,199 __main__     INFO     ✅ BRIF-0002770 (8/101) - Done with the copy. There was 0 failed copies and problem_input_dirs:[].
2025-03-04 18:21:03,199 __main__     INFO     ---------- Processing BRIF - NLP 0002771 (9/101) ----------
2025-03-04 18:21:03,271 __main__     INFO     BRIF-0002771 — Processing year 1882.
2025-03-04 18:21:24,847 __main__     INFO     BRIF-0002771 — Processing year 1881.
2025-03-04 18:22:44,974 __main__     INFO     ✅ BRIF-0002771 (9/101) - Done with the copy. There was 0 failed copies and problem_input_dirs:[].
2025-03-04 18:22:44,975 __main__     INFO     ---------- Processing BRMW - NLP 0002772 (10/101) ----------
2025-03-04 18:22:45,112 __main__     INFO     BRMW-0002772 — Processing year 1814.
2025-03-04 18:22:47,124 __main__     INFO     BRMW-0002772 — Processing year 1811.
2025-03-04 18:24:13,816 __main__     INFO     BRMW-0002772 — Processing year 1810.
2025-03-04 18:26:58,509 __main__     INFO     BRMW-0002772 — Processing year 1806.
2025-03-04 18:31:45,106 __main__     INFO     BRMW-0002772 — Processing year 1808.
2025-03-04 18:37:19,955 __main__     INFO     BRMW-0002772 — Processing year 1807.
2025-03-04 18:42:22,562 __main__     INFO     BRMW-0002772 — Processing year 1823.
2025-03-04 18:44:33,416 __main__     INFO     BRMW-0002772 — Processing year 1821.
2025-03-04 18:49:35,647 __main__     INFO     BRMW-0002772 — Processing year 1809.
2025-03-04 18:54:03,006 __main__     INFO     BRMW-0002772 — Processing year 1819.
2025-03-04 18:55:30,325 __main__     INFO     BRMW-0002772 — Processing year 1820.
2025-03-04 18:57:07,808 __main__     INFO     BRMW-0002772 — Processing year 1812.
2025-03-04 18:57:18,417 __main__     INFO     BRMW-0002772 — Processing year 1822.
2025-03-04 18:59:07,594 __main__     INFO     BRMW-0002772 — Processing year 1818.
2025-03-04 19:00:25,993 __main__     INFO     ✅ BRMW-0002772 (10/101) - Done with the copy. There was 0 failed copies and problem_input_dirs:[].
2025-03-04 19:00:25,994 __main__     INFO     ---------- Processing BRMW - NLP 0002773 (11/101) ----------
2025-03-04 19:00:26,065 __main__     INFO     BRMW-0002773 — Processing year 1824.
2025-03-04 19:02:15,192 __main__     INFO     BRMW-0002773 — Processing year 1823.
2025-03-04 19:03:22,523 __main__     INFO     BRMW-0002773 — Processing year 1825.
2025-03-04 19:04:10,023 __main__     INFO     ✅ BRMW-0002773 (11/101) - Done with the copy. There was 0 failed copies and problem_input_dirs:[].
2025-03-04 19:04:10,024 __main__     INFO     ---------- Processing WKNW - NLP 0002774 (12/101) ----------
2025-03-04 19:04:10,181 __main__     INFO     WKNW-0002774 — Processing year 1874.
2025-03-04 19:08:55,838 __main__     INFO     WKNW-0002774 — Processing year 1878.
2025-03-04 19:13:30,690 __main__     INFO     WKNW-0002774 — Processing year 1877.
2025-03-04 19:17:57,689 __main__     INFO     WKNW-0002774 — Processing year 1873.
2025-03-04 19:23:00,831 __main__     INFO     WKNW-0002774 — Processing year 1872.
2025-03-04 19:27:56,031 __main__     INFO     WKNW-0002774 — Processing year 1879.
2025-03-04 19:30:22,636 __main__     INFO     WKNW-0002774 — Processing year 1876.
2025-03-04 19:35:14,593 __main__     INFO     WKNW-0002774 — Processing year 1875.
2025-03-04 19:40:33,246 __main__     INFO     ✅ WKNW-0002774 (12/101) - Done with the copy. There was 0 failed copies and problem_input_dirs:[].
2025-03-04 19:40:33,247 __main__     INFO     ---------- Processing PLTO - NLP 0002775 (13/101) ----------
2025-03-04 19:40:33,443 __main__     INFO     PLTO-0002775 — Processing year 1811.
2025-03-04 19:46:02,193 __main__     INFO     PLTO-0002775 — Processing year 1813.
2025-03-04 19:50:31,409 __main__     INFO     PLTO-0002775 — Processing year 1810.
2025-03-04 19:54:56,094 __main__     INFO     PLTO-0002775 — Processing year 1808.
2025-03-04 19:55:10,352 __main__     INFO     PLTO-0002775 — Processing year 1809.
2025-03-04 19:58:29,865 __main__     INFO     PLTO-0002775 — Processing year 1815.
2025-03-04 20:00:00,712 __main__     INFO     PLTO-0002775 — Processing year 1812.
2025-03-04 20:04:29,189 __main__     INFO     ✅ PLTO-0002775 (13/101) - Done with the copy. There was 0 failed copies and problem_input_dirs:[].
2025-03-04 20:04:29,190 __main__     INFO     ---------- Processing WHEP - NLP 0002776 (14/101) ----------
2025-03-04 20:04:29,335 __main__     INFO     WHEP-0002776 — Processing year 1801.
2025-03-04 20:06:41,397 __main__     INFO     ✅ WHEP-0002776 (14/101) - Done with the copy. There was 0 failed copies and problem_input_dirs:[].
2025-03-04 20:06:41,397 __main__     INFO     ---------- Processing HTWD - NLP 0002777 (15/101) ----------
2025-03-04 20:06:41,447 __main__     INFO     HTWD-0002777 — Processing year 1836.
2025-03-04 20:06:48,761 __main__     INFO     ✅ HTWD-0002777 (15/101) - Done with the copy. There was 0 failed copies and problem_input_dirs:[].
2025-03-04 20:06:48,761 __main__     INFO     ---------- Processing BPHF - NLP 0002778 (16/101) ----------
2025-03-04 20:06:48,832 __main__     INFO     BPHF-0002778 — Processing year 1831.
2025-03-04 20:06:56,670 __main__     INFO     ✅ BPHF-0002778 (16/101) - Done with the copy. There was 0 failed copies and problem_input_dirs:[].
2025-03-04 20:06:56,670 __main__     INFO     ---------- Processing WKTN - NLP 0002779 (17/101) ----------
2025-03-04 20:06:56,757 __main__     INFO     WKTN-0002779 — Processing year 1826.
2025-03-04 20:08:18,908 __main__     INFO     WKTN-0002779 — Processing year 1827.
2025-03-04 20:09:58,753 __main__     INFO     WKTN-0002779 — Processing year 1828.
2025-03-04 20:11:39,512 __main__     INFO     WKTN-0002779 — Processing year 1829.
2025-03-04 20:12:09,397 __main__     INFO     ✅ WKTN-0002779 (17/101) - Done with the copy. There was 0 failed copies and problem_input_dirs:[].
2025-03-04 20:12:09,398 __main__     INFO     ---------- Processing WKTN - NLP 0002780 (18/101) ----------
2025-03-04 20:12:09,490 __main__     INFO     WKTN-0002780 — Processing year 1829.
2025-03-04 20:13:01,712 __main__     INFO     ✅ WKTN-0002780 (18/101) - Done with the copy. There was 0 failed copies and problem_input_dirs:[].
2025-03-04 20:13:01,712 __main__     INFO     ---------- Processing WKTN - NLP 0002781 (19/101) ----------
2025-03-04 20:13:01,818 __main__     INFO     WKTN-0002781 — Processing year 1832.
2025-03-04 20:14:31,427 __main__     INFO     WKTN-0002781 — Processing year 1831.
2025-03-04 20:16:04,931 __main__     INFO     WKTN-0002781 — Processing year 1830.
2025-03-04 20:17:32,732 __main__     INFO     ✅ WKTN-0002781 (19/101) - Done with the copy. There was 0 failed copies and problem_input_dirs:[].
2025-03-04 20:17:32,732 __main__     INFO     ---------- Processing OLEN - NLP 0002782 (20/101) ----------
2025-03-04 20:17:32,911 __main__     INFO     OLEN-0002782 — Processing year 1842.
2025-03-04 20:17:49,674 __main__     INFO     OLEN-0002782 — Processing year 1832.
2025-03-04 20:18:46,985 __main__     INFO     OLEN-0002782 — Processing year 1833.
2025-03-04 20:19:58,230 __main__     INFO     OLEN-0002782 — Processing year 1840.
2025-03-04 20:23:23,221 __main__     INFO     OLEN-0002782 — Processing year 1835.
2025-03-04 20:25:09,006 __main__     INFO     OLEN-0002782 — Processing year 1839.
2025-03-04 20:25:54,133 __main__     INFO     OLEN-0002782 — Processing year 1841.
2025-03-04 20:28:36,258 __main__     INFO     OLEN-0002782 — Processing year 1834.
2025-03-04 20:30:05,806 __main__     INFO     OLEN-0002782 — Processing year 1836.
2025-03-04 20:30:26,618 __main__     INFO     ✅ OLEN-0002782 (20/101) - Done with the copy. There was 0 failed copies and problem_input_dirs:[].
2025-03-04 20:30:26,619 __main__     INFO     ---------- Processing CMCH - NLP 0002785 (21/101) ----------
2025-03-04 20:30:26,774 __main__     INFO     CMCH-0002785 — Processing year 1823.
2025-03-04 20:30:54,783 __main__     INFO     CMCH-0002785 — Processing year 1821.
2025-03-04 20:32:58,961 __main__     INFO     CMCH-0002785 — Processing year 1817.
2025-03-04 20:34:41,941 __main__     INFO     CMCH-0002785 — Processing year 1819.
2025-03-04 20:36:52,567 __main__     INFO     CMCH-0002785 — Processing year 1804.
2025-03-04 20:38:27,827 __main__     INFO     CMCH-0002785 — Processing year 1815.
2025-03-04 20:38:57,219 __main__     INFO     CMCH-0002785 — Processing year 1820.
2025-03-04 20:40:56,873 __main__     INFO     CMCH-0002785 — Processing year 1822.
2025-03-04 20:43:33,065 __main__     INFO     CMCH-0002785 — Processing year 1818.
2025-03-04 20:45:42,880 __main__     INFO     CMCH-0002785 — Processing year 1816.
2025-03-04 20:47:44,569 __main__     INFO     ✅ CMCH-0002785 (21/101) - Done with the copy. There was 0 failed copies and problem_input_dirs:[].
2025-03-04 20:47:44,570 __main__     INFO     ---------- Processing BREN - NLP 0002786 (22/101) ----------
2025-03-04 20:47:44,712 __main__     INFO     BREN-0002786 — Processing year 1860.
2025-03-04 20:49:01,354 __main__     INFO     BREN-0002786 — Processing year 1859.
2025-03-04 20:50:14,160 __main__     INFO     BREN-0002786 — Processing year 1862.
2025-03-04 20:51:25,904 __main__     INFO     BREN-0002786 — Processing year 1861.
2025-03-04 20:52:29,548 __main__     INFO     BREN-0002786 — Processing year 1864.
2025-03-04 20:53:48,345 __main__     INFO     BREN-0002786 — Processing year 1863.
2025-03-04 20:55:07,330 __main__     INFO     ✅ BREN-0002786 (22/101) - Done with the copy. There was 0 failed copies and problem_input_dirs:[].
2025-03-04 20:55:07,330 __main__     INFO     ---------- Processing BRNP - NLP 0002787 (23/101) ----------
2025-03-04 20:55:07,550 __main__     INFO     BRNP-0002787 — Processing year 1810.
2025-03-04 20:55:09,120 __main__     INFO     BRNP-0002787 — Processing year 1808.
2025-03-04 20:55:11,671 __main__     INFO     BRNP-0002787 — Processing year 1823.
2025-03-04 20:55:58,542 __main__     INFO     BRNP-0002787 — Processing year 1821.
2025-03-04 20:58:05,754 __main__     INFO     BRNP-0002787 — Processing year 1809.
2025-03-04 20:58:07,030 __main__     INFO     BRNP-0002787 — Processing year 1819.
2025-03-04 21:00:08,171 __main__     INFO     BRNP-0002787 — Processing year 1805.
2025-03-04 21:00:09,883 __main__     INFO     BRNP-0002787 — Processing year 1803.
2025-03-04 21:00:11,528 __main__     INFO     BRNP-0002787 — Processing year 1820.
2025-03-04 21:02:08,758 __main__     INFO     BRNP-0002787 — Processing year 1822.
2025-03-04 21:04:15,083 __main__     INFO     BRNP-0002787 — Processing year 1818.
2025-03-04 21:06:07,619 __main__     INFO     ✅ BRNP-0002787 (23/101) - Done with the copy. There was 0 failed copies and problem_input_dirs:[].
2025-03-04 21:06:07,620 __main__     INFO     ---------- Processing LNM1 - NLP 0002788 (24/101) ----------
2025-03-04 21:06:07,714 __main__     INFO     LNM1-0002788 — Processing year 1826.
2025-03-04 21:06:24,618 __main__     INFO     ✅ LNM1-0002788 (24/101) - Done with the copy. There was 0 failed copies and problem_input_dirs:[].
2025-03-04 21:06:24,619 __main__     INFO     ---------- Processing BELL - NLP 0002789 (25/101) ----------
2025-03-04 21:06:24,764 __main__     INFO     BELL-0002789 — Processing year 1856.
2025-03-04 21:07:12,380 __main__     INFO     BELL-0002789 — Processing year 1855.
2025-03-04 21:08:11,325 __main__     INFO     BELL-0002789 — Processing year 1857.
2025-03-04 21:08:39,120 __main__     INFO     ✅ BELL-0002789 (25/101) - Done with the copy. There was 0 failed copies and problem_input_dirs:[].
2025-03-04 21:08:39,121 __main__     INFO     ---------- Processing WSBN - NLP 0002790 (26/101) ----------
2025-03-04 21:08:39,244 __main__     INFO     WSBN-0002790 — Processing year 1857.
2025-03-04 21:08:43,953 __main__     INFO     ✅ WSBN-0002790 (26/101) - Done with the copy. There was 0 failed copies and problem_input_dirs:[].
2025-03-04 21:08:43,954 __main__     INFO     ---------- Processing WSBN - NLP 0002791 (27/101) ----------
2025-03-04 21:08:44,064 __main__     INFO     WSBN-0002791 — Processing year 1857.
2025-03-04 21:08:58,590 __main__     INFO     ✅ WSBN-0002791 (27/101) - Done with the copy. There was 0 failed copies and problem_input_dirs:[].
2025-03-04 21:08:58,591 __main__     INFO     ---------- Processing WSBN - NLP 0002792 (28/101) ----------
2025-03-04 21:08:58,670 __main__     INFO     WSBN-0002792 — Processing year 1857.
2025-03-04 21:09:24,272 __main__     INFO     ✅ WSBN-0002792 (28/101) - Done with the copy. There was 0 failed copies and problem_input_dirs:[].
2025-03-04 21:09:24,273 __main__     INFO     ---------- Processing WSBN - NLP 0002793 (29/101) ----------
2025-03-04 21:09:24,385 __main__     INFO     WSBN-0002793 — Processing year 1857.
2025-03-04 21:10:12,500 __main__     INFO     ✅ WSBN-0002793 (29/101) - Done with the copy. There was 0 failed copies and problem_input_dirs:[].
2025-03-04 21:10:12,501 __main__     INFO     ---------- Processing JSMN - NLP 0002794 (30/101) ----------
2025-03-04 21:10:12,716 __main__     INFO     JSMN-0002794 — Processing year 1805.
2025-03-04 21:10:43,969 __main__     INFO     JSMN-0002794 — Processing year 1804.
2025-03-04 21:11:26,914 __main__     INFO     ✅ JSMN-0002794 (30/101) - Done with the copy. There was 0 failed copies and problem_input_dirs:[].
2025-03-04 21:11:26,915 __main__     INFO     ---------- Processing JSMN - NLP 0002795 (31/101) ----------
2025-03-04 21:11:27,052 __main__     INFO     JSMN-0002795 — Processing year 1811.
2025-03-04 21:12:09,883 __main__     INFO     JSMN-0002795 — Processing year 1813.
2025-03-04 21:12:34,889 __main__     INFO     JSMN-0002795 — Processing year 1810.
2025-03-04 21:13:21,489 __main__     INFO     JSMN-0002795 — Processing year 1806.
2025-03-04 21:14:05,467 __main__     INFO     JSMN-0002795 — Processing year 1808.
2025-03-04 21:14:43,826 __main__     INFO     JSMN-0002795 — Processing year 1807.
2025-03-04 21:15:24,238 __main__     INFO     JSMN-0002795 — Processing year 1809.
2025-03-04 21:16:02,310 __main__     INFO     JSMN-0002795 — Processing year 1805.
2025-03-04 21:16:11,811 __main__     INFO     JSMN-0002795 — Processing year 1812.
2025-03-04 21:16:51,019 __main__     INFO     ✅ JSMN-0002795 (31/101) - Done with the copy. There was 0 failed copies and problem_input_dirs:[].
2025-03-04 21:16:51,020 __main__     INFO     ---------- Processing JSMN - NLP 0002796 (32/101) ----------
2025-03-04 21:16:51,137 __main__     INFO     JSMN-0002796 — Processing year 1814.
2025-03-04 21:16:57,303 __main__     INFO     ✅ JSMN-0002796 (32/101) - Done with the copy. There was 0 failed copies and problem_input_dirs:[].
2025-03-04 21:16:57,303 __main__     INFO     ---------- Processing JSMN - NLP 0002797 (33/101) ----------
2025-03-04 21:16:57,388 __main__     INFO     JSMN-0002797 — Processing year 1814.
2025-03-04 21:17:32,301 __main__     INFO     ✅ JSMN-0002797 (33/101) - Done with the copy. There was 0 failed copies and problem_input_dirs:[].
2025-03-04 21:17:32,302 __main__     INFO     ---------- Processing JSMN - NLP 0002798 (34/101) ----------
2025-03-04 21:17:32,379 __main__     INFO     JSMN-0002798 — Processing year 1824.
2025-03-04 21:18:21,088 __main__     INFO     JSMN-0002798 — Processing year 1821.
2025-03-04 21:19:03,567 __main__     INFO     JSMN-0002798 — Processing year 1817.
2025-03-04 21:19:41,749 __main__     INFO     JSMN-0002798 — Processing year 1819.
2025-03-04 21:20:30,351 __main__     INFO     JSMN-0002798 — Processing year 1826.
2025-03-04 21:21:52,211 __main__     INFO     JSMN-0002798 — Processing year 1827.
2025-03-04 21:22:51,950 __main__     INFO     JSMN-0002798 — Processing year 1815.
2025-03-04 21:23:48,980 __main__     INFO     JSMN-0002798 — Processing year 1828.
2025-03-04 21:24:41,663 __main__     INFO     JSMN-0002798 — Processing year 1825.
2025-03-04 21:26:11,807 __main__     INFO     JSMN-0002798 — Processing year 1820.
2025-03-04 21:26:55,436 __main__     INFO     JSMN-0002798 — Processing year 1818.
2025-03-04 21:27:41,174 __main__     INFO     JSMN-0002798 — Processing year 1829.
2025-03-04 21:27:45,348 __main__     INFO     JSMN-0002798 — Processing year 1816.
2025-03-04 21:28:28,899 __main__     INFO     ✅ JSMN-0002798 (34/101) - Done with the copy. There was 0 failed copies and problem_input_dirs:[].
2025-03-04 21:28:28,900 __main__     INFO     ---------- Processing WKML - NLP 0002800 (35/101) ----------
2025-03-04 21:28:29,120 __main__     INFO     WKML-0002800 — Processing year 1860.
2025-03-04 21:29:46,223 __main__     INFO     WKML-0002800 — Processing year 1859.
2025-03-04 21:31:19,421 __main__     INFO     WKML-0002800 — Processing year 1858.
2025-03-04 21:31:41,144 __main__     INFO     ✅ WKML-0002800 (35/101) - Done with the copy. There was 0 failed copies and problem_input_dirs:[].
2025-03-04 21:31:41,144 __main__     INFO     ---------- Processing LHPN - NLP 0002801 (36/101) ----------
2025-03-04 21:31:41,214 __main__     INFO     LHPN-0002801 — Processing year 1861.
2025-03-04 21:31:44,219 __main__     INFO     ✅ LHPN-0002801 (36/101) - Done with the copy. There was 0 failed copies and problem_input_dirs:[].
2025-03-04 21:31:44,219 __main__     INFO     ---------- Processing FWEX - NLP 0002802 (37/101) ----------
2025-03-04 21:31:44,284 __main__     INFO     FWEX-0002802 — Processing year 1824.
2025-03-04 21:32:55,698 __main__     INFO     FWEX-0002802 — Processing year 1823.
2025-03-04 21:33:39,796 __main__     INFO     FWEX-0002802 — Processing year 1826.
2025-03-04 21:34:17,731 __main__     INFO     FWEX-0002802 — Processing year 1825.
2025-03-04 21:35:20,853 __main__     INFO     ✅ FWEX-0002802 (37/101) - Done with the copy. There was 0 failed copies and problem_input_dirs:[].
2025-03-04 21:35:20,853 __main__     INFO     ---------- Processing FWEX - NLP 0002803 (38/101) ----------
2025-03-04 21:35:21,015 __main__     INFO     FWEX-0002803 — Processing year 1826.
2025-03-04 21:35:48,448 __main__     INFO     ✅ FWEX-0002803 (38/101) - Done with the copy. There was 0 failed copies and problem_input_dirs:[].
2025-03-04 21:35:48,448 __main__     INFO     ---------- Processing FBFC - NLP 0002804 (39/101) ----------
2025-03-04 21:35:48,547 __main__     INFO     FBFC-0002804 — Processing year 1824.
2025-03-04 21:36:38,097 __main__     INFO     FBFC-0002804 — Processing year 1823.
2025-03-04 21:37:17,683 __main__     INFO     ✅ FBFC-0002804 (39/101) - Done with the copy. There was 0 failed copies and problem_input_dirs:[].
2025-03-04 21:37:17,683 __main__     INFO     ---------- Processing FBFC - NLP 0002805 (40/101) ----------
2025-03-04 21:37:17,748 __main__     INFO     FBFC-0002805 — Processing year 1824.
2025-03-04 21:37:35,922 __main__     INFO     FBFC-0002805 — Processing year 1825.
2025-03-04 21:38:14,684 __main__     INFO     ✅ FBFC-0002805 (40/101) - Done with the copy. There was 0 failed copies and problem_input_dirs:[].
2025-03-04 21:38:14,685 __main__     INFO     ---------- Processing FBFC - NLP 0002806 (41/101) ----------
2025-03-04 21:38:14,752 __main__     INFO     FBFC-0002806 — Processing year 1826.
2025-03-04 21:38:53,706 __main__     INFO     FBFC-0002806 — Processing year 1825.
2025-03-04 21:39:25,025 __main__     INFO     ✅ FBFC-0002806 (41/101) - Done with the copy. There was 0 failed copies and problem_input_dirs:[].
2025-03-04 21:39:25,026 __main__     INFO     ---------- Processing FBFC - NLP 0002807 (42/101) ----------
2025-03-04 21:39:25,098 __main__     INFO     FBFC-0002807 — Processing year 1826.
2025-03-04 21:39:54,609 __main__     INFO     FBFC-0002807 — Processing year 1827.
2025-03-04 21:40:50,887 __main__     INFO     FBFC-0002807 — Processing year 1828.
2025-03-04 21:41:41,946 __main__     INFO     FBFC-0002807 — Processing year 1829.
2025-03-04 21:41:46,041 __main__     INFO     ✅ FBFC-0002807 (42/101) - Done with the copy. There was 0 failed copies and problem_input_dirs:[].
2025-03-04 21:41:46,041 __main__     INFO     ---------- Processing TONI - NLP 0002808 (43/101) ----------
2025-03-04 21:41:46,168 __main__     INFO     TONI-0002808 — Processing year 1860.
2025-03-04 21:45:27,208 __main__     INFO     TONI-0002808 — Processing year 1859.
2025-03-04 21:48:54,203 __main__     INFO     TONI-0002808 — Processing year 1858.
2025-03-04 21:52:01,023 __main__     INFO     TONI-0002808 — Processing year 1862.
2025-03-04 21:55:13,125 __main__     INFO     TONI-0002808 — Processing year 1861.
2025-03-04 21:58:24,069 __main__     INFO     TONI-0002808 — Processing year 1863.
2025-03-04 22:01:47,033 __main__     INFO     TONI-0002808 — Processing year 1857.
2025-03-04 22:03:49,349 __main__     INFO     ✅ TONI-0002808 (43/101) - Done with the copy. There was 0 failed copies and problem_input_dirs:[].
2025-03-04 22:03:49,350 __main__     INFO     ---------- Processing TONI - NLP 0002809 (44/101) ----------
2025-03-04 22:03:49,533 __main__     INFO     TONI-0002809 — Processing year 1864.
2025-03-04 22:06:52,636 __main__     INFO     ✅ TONI-0002809 (44/101) - Done with the copy. There was 0 failed copies and problem_input_dirs:[].
2025-03-04 22:06:52,637 __main__     INFO     ---------- Processing SWRJ - NLP 0002810 (45/101) ----------
2025-03-04 22:06:52,780 __main__     INFO     SWRJ-0002810 — Processing year 1860.
2025-03-04 22:07:47,201 __main__     INFO     SWRJ-0002810 — Processing year 1859.
2025-03-04 22:08:09,623 __main__     INFO     SWRJ-0002810 — Processing year 1862.
2025-03-04 22:09:16,454 __main__     INFO     SWRJ-0002810 — Processing year 1861.
2025-03-04 22:10:10,025 __main__     INFO     SWRJ-0002810 — Processing year 1864.
2025-03-04 22:10:52,224 __main__     INFO     SWRJ-0002810 — Processing year 1863.
2025-03-04 22:11:45,685 __main__     INFO     ✅ SWRJ-0002810 (45/101) - Done with the copy. There was 0 failed copies and problem_input_dirs:[].
2025-03-04 22:11:45,685 __main__     INFO     ---------- Processing BRAD - NLP 0002811 (46/101) ----------
2025-03-04 22:11:45,793 __main__     INFO     BRAD-0002811 — Processing year 1850.
2025-03-04 22:13:57,267 __main__     INFO     BRAD-0002811 — Processing year 1849.
2025-03-04 22:15:40,849 __main__     INFO     BRAD-0002811 — Processing year 1853.
2025-03-04 22:16:58,677 __main__     INFO     BRAD-0002811 — Processing year 1851.
2025-03-04 22:18:45,282 __main__     INFO     BRAD-0002811 — Processing year 1852.
2025-03-04 22:20:29,815 __main__     INFO     BRAD-0002811 — Processing year 1848.
2025-03-04 22:21:21,458 __main__     INFO     ✅ BRAD-0002811 (46/101) - Done with the copy. There was 0 failed copies and problem_input_dirs:[].
2025-03-04 22:21:21,459 __main__     INFO     ---------- Processing BRAD - NLP 0002812 (47/101) ----------
2025-03-04 22:21:21,532 __main__     INFO     BRAD-0002812 — Processing year 1853.
2025-03-04 22:21:38,017 __main__     INFO     BRAD-0002812 — Processing year 1854.
2025-03-04 22:21:45,701 __main__     INFO     ✅ BRAD-0002812 (47/101) - Done with the copy. There was 0 failed copies and problem_input_dirs:[].
2025-03-04 22:21:45,702 __main__     INFO     ---------- Processing BRAD - NLP 0002813 (48/101) ----------
2025-03-04 22:21:45,829 __main__     INFO     BRAD-0002813 — Processing year 1856.
2025-03-04 22:22:42,361 __main__     INFO     BRAD-0002813 — Processing year 1854.
2025-03-04 22:23:50,626 __main__     INFO     BRAD-0002813 — Processing year 1855.
2025-03-04 22:25:37,920 __main__     INFO     ✅ BRAD-0002813 (48/101) - Done with the copy. There was 0 failed copies and problem_input_dirs:[].
2025-03-04 22:25:37,920 __main__     INFO     ---------- Processing HOUR - NLP 0002814 (49/101) ----------
2025-03-04 22:25:38,040 __main__     INFO     HOUR-0002814 — Processing year 1874.
2025-03-04 22:34:32,211 __main__     INFO     HOUR-0002814 — Processing year 1873.
2025-03-04 22:41:41,741 __main__     INFO     HOUR-0002814 — Processing year 1876.
2025-03-04 23:02:27,548 __main__     INFO     HOUR-0002814 — Processing year 1875.
2025-03-04 23:19:23,042 __main__     INFO     ✅ HOUR-0002814 (49/101) - Done with the copy. There was 0 failed copies and problem_input_dirs:[].
2025-03-04 23:19:23,043 __main__     INFO     ---------- Processing LNM1 - NLP 0002815 (50/101) ----------
2025-03-04 23:19:23,097 __main__     INFO     LNM1-0002815 — Processing year 1828.
2025-03-04 23:19:53,330 __main__     INFO     ✅ LNM1-0002815 (50/101) - Done with the copy. There was 0 failed copies and problem_input_dirs:[].
2025-03-04 23:19:53,330 __main__     INFO     ---------- Processing LNM3 - NLP 0002816 (51/101) ----------
2025-03-04 23:19:53,443 __main__     INFO     LNM3-0002816 — Processing year 1847.
2025-03-04 23:20:34,601 __main__     INFO     LNM3-0002816 — Processing year 1848.
2025-03-04 23:21:19,114 __main__     INFO     ✅ LNM3-0002816 (51/101) - Done with the copy. There was 0 failed copies and problem_input_dirs:[].
2025-03-04 23:21:19,115 __main__     INFO     ---------- Processing CICN - NLP 0002817 (52/101) ----------
2025-03-04 23:21:19,248 __main__     INFO     CICN-0002817 — Processing year 1842.
2025-03-04 23:23:19,547 __main__     INFO     CICN-0002817 — Processing year 1844.
2025-03-04 23:25:31,196 __main__     INFO     CICN-0002817 — Processing year 1840.
2025-03-04 23:26:54,801 __main__     INFO     CICN-0002817 — Processing year 1843.
2025-03-04 23:29:11,606 __main__     INFO     CICN-0002817 — Processing year 1841.
2025-03-04 23:31:22,611 __main__     INFO     CICN-0002817 — Processing year 1845.
2025-03-04 23:33:32,475 __main__     INFO     ✅ CICN-0002817 (52/101) - Done with the copy. There was 0 failed copies and problem_input_dirs:[].
2025-03-04 23:33:32,476 __main__     INFO     ---------- Processing CHSO - NLP 0002972 (53/101) ----------
2025-03-04 23:33:32,567 __main__     INFO     CHSO-0002972 — Processing year 1864.
2025-03-04 23:33:42,116 __main__     INFO     ✅ CHSO-0002972 (53/101) - Done with the copy. There was 0 failed copies and problem_input_dirs:[].
2025-03-04 23:33:42,116 __main__     INFO     ---------- Processing CHSO - NLP 0002973 (54/101) ----------
2025-03-04 23:33:42,164 __main__     INFO     CHSO-0002973 — Processing year 1865.
2025-03-04 23:34:30,169 __main__     INFO     CHSO-0002973 — Processing year 1866.
2025-03-04 23:35:13,106 __main__     INFO     CHSO-0002973 — Processing year 1864.
2025-03-04 23:35:47,046 __main__     INFO     ✅ CHSO-0002973 (54/101) - Done with the copy. There was 0 failed copies and problem_input_dirs:[].
2025-03-04 23:35:47,046 __main__     INFO     ---------- Processing CHSO - NLP 0002974 (55/101) ----------
2025-03-04 23:35:47,182 __main__     INFO     CHSO-0002974 — Processing year 1885.
2025-03-04 23:36:38,757 __main__     INFO     CHSO-0002974 — Processing year 1867.
2025-03-04 23:37:27,317 __main__     INFO     CHSO-0002974 — Processing year 1870.
2025-03-04 23:38:08,374 __main__     INFO     CHSO-0002974 — Processing year 1874.
2025-03-04 23:38:56,575 __main__     INFO     CHSO-0002974 — Processing year 1878.
2025-03-04 23:39:45,803 __main__     INFO     CHSO-0002974 — Processing year 1880.
2025-03-04 23:40:33,654 __main__     INFO     CHSO-0002974 — Processing year 1882.
2025-03-04 23:41:20,942 __main__     INFO     CHSO-0002974 — Processing year 1877.
2025-03-04 23:42:07,496 __main__     INFO     CHSO-0002974 — Processing year 1869.
2025-03-04 23:42:58,924 __main__     INFO     CHSO-0002974 — Processing year 1887.
2025-03-04 23:43:47,112 __main__     INFO     CHSO-0002974 — Processing year 1873.
2025-03-04 23:44:31,919 __main__     INFO     CHSO-0002974 — Processing year 1866.
2025-03-04 23:44:44,715 __main__     INFO     CHSO-0002974 — Processing year 1888.
2025-03-04 23:45:14,323 __main__     INFO     CHSO-0002974 — Processing year 1883.
2025-03-04 23:46:01,547 __main__     INFO     CHSO-0002974 — Processing year 1884.
2025-03-04 23:46:42,704 __main__     INFO     CHSO-0002974 — Processing year 1872.
2025-03-04 23:47:21,634 __main__     INFO     CHSO-0002974 — Processing year 1868.
2025-03-04 23:48:05,838 __main__     INFO     CHSO-0002974 — Processing year 1871.
2025-03-04 23:48:48,919 __main__     INFO     CHSO-0002974 — Processing year 1879.
2025-03-04 23:49:33,549 __main__     INFO     CHSO-0002974 — Processing year 1876.
2025-03-04 23:50:22,042 __main__     INFO     CHSO-0002974 — Processing year 1875.
2025-03-04 23:51:09,300 __main__     INFO     CHSO-0002974 — Processing year 1886.
2025-03-04 23:51:56,635 __main__     INFO     CHSO-0002974 — Processing year 1881.
2025-03-04 23:52:47,119 __main__     INFO     ✅ CHSO-0002974 (55/101) - Done with the copy. There was 0 failed copies and problem_input_dirs:[].
2025-03-04 23:52:47,120 __main__     INFO     ---------- Processing SHSD - NLP 0002975 (56/101) ----------
2025-03-04 23:52:47,277 __main__     INFO     SHSD-0002975 — Processing year 1860.
2025-03-04 23:53:40,774 __main__     INFO     SHSD-0002975 — Processing year 1885.
2025-03-04 23:55:02,921 __main__     INFO     SHSD-0002975 — Processing year 1867.
2025-03-04 23:55:46,930 __main__     INFO     SHSD-0002975 — Processing year 1870.
2025-03-04 23:56:43,931 __main__     INFO     SHSD-0002975 — Processing year 1874.
2025-03-04 23:57:59,069 __main__     INFO     SHSD-0002975 — Processing year 1878.
2025-03-04 23:59:09,729 __main__     INFO     SHSD-0002975 — Processing year 1880.
2025-03-05 00:00:34,844 __main__     INFO     SHSD-0002975 — Processing year 1892.
2025-03-05 00:02:07,262 __main__     INFO     SHSD-0002975 — Processing year 1882.
2025-03-05 00:03:30,235 __main__     INFO     SHSD-0002975 — Processing year 1877.
2025-03-05 00:04:43,966 __main__     INFO     SHSD-0002975 — Processing year 1869.
2025-03-05 00:05:27,341 __main__     INFO     SHSD-0002975 — Processing year 1887.
2025-03-05 00:06:54,679 __main__     INFO     SHSD-0002975 — Processing year 1859.
2025-03-05 00:07:38,332 __main__     INFO     SHSD-0002975 — Processing year 1873.
2025-03-05 00:08:54,824 __main__     INFO     SHSD-0002975 — Processing year 1865.
2025-03-05 00:09:36,647 __main__     INFO     SHSD-0002975 — Processing year 1858.
2025-03-05 00:09:55,675 __main__     INFO     SHSD-0002975 — Processing year 1862.
2025-03-05 00:10:38,461 __main__     INFO     SHSD-0002975 — Processing year 1889.
2025-03-05 00:12:03,931 __main__     INFO     SHSD-0002975 — Processing year 1866.
2025-03-05 00:12:47,947 __main__     INFO     SHSD-0002975 — Processing year 1888.
2025-03-05 00:14:15,005 __main__     INFO     SHSD-0002975 — Processing year 1883.
2025-03-05 00:15:33,472 __main__     INFO     SHSD-0002975 — Processing year 1884.
2025-03-05 00:16:54,367 __main__     INFO     SHSD-0002975 — Processing year 1890.
2025-03-05 00:18:19,331 __main__     INFO     SHSD-0002975 — Processing year 1872.
2025-03-05 00:19:26,914 __main__     INFO     SHSD-0002975 — Processing year 1861.
2025-03-05 00:20:05,838 __main__     INFO     SHSD-0002975 — Processing year 1868.
2025-03-05 00:20:43,987 __main__     INFO     SHSD-0002975 — Processing year 1864.
2025-03-05 00:21:23,573 __main__     INFO     SHSD-0002975 — Processing year 1871.
2025-03-05 00:22:31,571 __main__     INFO     SHSD-0002975 — Processing year 1879.
2025-03-05 00:23:52,388 __main__     INFO     SHSD-0002975 — Processing year 1876.
2025-03-05 00:25:05,398 __main__     INFO     SHSD-0002975 — Processing year 1875.
2025-03-05 00:26:17,971 __main__     INFO     SHSD-0002975 — Processing year 1863.
2025-03-05 00:26:59,121 __main__     INFO     SHSD-0002975 — Processing year 1886.
2025-03-05 00:28:30,060 __main__     INFO     SHSD-0002975 — Processing year 1881.
2025-03-05 00:29:43,232 __main__     INFO     ✅ SHSD-0002975 (56/101) - Done with the copy. There was 0 failed copies and problem_input_dirs:[].
2025-03-05 00:29:43,233 __main__     INFO     ---------- Processing SHSD - NLP 0002976 (57/101) ----------
2025-03-05 00:29:43,304 __main__     INFO     SHSD-0002976 — Processing year 1898.
2025-03-05 00:31:17,908 __main__     INFO     SHSD-0002976 — Processing year 1899.
2025-03-05 00:32:58,551 __main__     INFO     SHSD-0002976 — Processing year 1901.
2025-03-05 00:34:29,135 __main__     INFO     SHSD-0002976 — Processing year 1917.
2025-03-05 00:35:33,410 __main__     INFO     SHSD-0002976 — Processing year 1892.
2025-03-05 00:35:52,988 __main__     INFO     SHSD-0002976 — Processing year 1915.
2025-03-05 00:37:16,533 __main__     INFO     SHSD-0002976 — Processing year 1895.
2025-03-05 00:38:52,597 __main__     INFO     SHSD-0002976 — Processing year 1900.
2025-03-05 00:40:21,004 __main__     INFO     SHSD-0002976 — Processing year 1912.
2025-03-05 00:41:46,230 __main__     INFO     SHSD-0002976 — Processing year 1914.
2025-03-05 00:43:19,768 __main__     INFO     SHSD-0002976 — Processing year 1913.
2025-03-05 00:44:48,850 __main__     INFO     SHSD-0002976 — Processing year 1893.
2025-03-05 00:46:10,489 __main__     INFO     SHSD-0002976 — Processing year 1907.
2025-03-05 00:47:28,934 __main__     INFO     SHSD-0002976 — Processing year 1916.
2025-03-05 00:48:52,140 __main__     INFO     SHSD-0002976 — Processing year 1911.
2025-03-05 00:49:38,507 __main__     INFO     SHSD-0002976 — Processing year 1903.
2025-03-05 00:51:01,284 __main__     INFO     SHSD-0002976 — Processing year 1896.
2025-03-05 00:52:24,755 __main__     INFO     SHSD-0002976 — Processing year 1904.
2025-03-05 00:54:04,366 __main__     INFO     SHSD-0002976 — Processing year 1910.
2025-03-05 00:55:26,255 __main__     INFO     SHSD-0002976 — Processing year 1891.
2025-03-05 00:56:51,286 __main__     INFO     SHSD-0002976 — Processing year 1905.
2025-03-05 00:58:05,054 __main__     INFO     SHSD-0002976 — Processing year 1894.
2025-03-05 00:59:31,060 __main__     INFO     SHSD-0002976 — Processing year 1906.
2025-03-05 01:00:59,550 __main__     INFO     SHSD-0002976 — Processing year 1909.
2025-03-05 01:02:22,323 __main__     INFO     SHSD-0002976 — Processing year 1902.
2025-03-05 01:03:59,870 __main__     INFO     SHSD-0002976 — Processing year 1908.
2025-03-05 01:05:20,811 __main__     INFO     SHSD-0002976 — Processing year 1897.
2025-03-05 01:06:11,596 __main__     INFO     SHSD-0002976 — Processing year 1918.
2025-03-05 01:06:28,812 __main__     INFO     ✅ SHSD-0002976 (57/101) - Done with the copy. There was 0 failed copies and problem_input_dirs:[].
2025-03-05 01:06:28,812 __main__     INFO     ---------- Processing SGHL - NLP 0002977 (58/101) ----------
2025-03-05 01:06:28,877 __main__     INFO     SGHL-0002977 — Processing year 1860.
2025-03-05 01:07:46,763 __main__     INFO     SGHL-0002977 — Processing year 1885.
2025-03-05 01:08:53,971 __main__     INFO     SGHL-0002977 — Processing year 1867.
2025-03-05 01:10:28,132 __main__     INFO     SGHL-0002977 — Processing year 1870.
2025-03-05 01:11:07,225 __main__     INFO     SGHL-0002977 — Processing year 1874.
2025-03-05 01:12:15,104 __main__     INFO     SGHL-0002977 — Processing year 1878.
2025-03-05 01:13:42,936 __main__     INFO     SGHL-0002977 — Processing year 1880.
2025-03-05 01:15:02,525 __main__     INFO     SGHL-0002977 — Processing year 1856.
2025-03-05 01:15:52,320 __main__     INFO     SGHL-0002977 — Processing year 1882.
2025-03-05 01:17:03,228 __main__     INFO     SGHL-0002977 — Processing year 1850.
2025-03-05 01:17:50,668 __main__     INFO     SGHL-0002977 — Processing year 1877.
2025-03-05 01:19:09,170 __main__     INFO     SGHL-0002977 — Processing year 1849.
2025-03-05 01:19:56,936 __main__     INFO     SGHL-0002977 — Processing year 1869.
2025-03-05 01:21:02,293 __main__     INFO     SGHL-0002977 — Processing year 1887.
2025-03-05 01:22:30,657 __main__     INFO     SGHL-0002977 — Processing year 1859.
2025-03-05 01:23:45,016 __main__     INFO     SGHL-0002977 — Processing year 1865.
2025-03-05 01:25:17,998 __main__     INFO     SGHL-0002977 — Processing year 1858.
2025-03-05 01:26:08,006 __main__     INFO     SGHL-0002977 — Processing year 1862.
2025-03-05 01:27:32,215 __main__     INFO     SGHL-0002977 — Processing year 1889.
2025-03-05 01:29:14,781 __main__     INFO     SGHL-0002977 — Processing year 1853.
2025-03-05 01:30:12,934 __main__     INFO     SGHL-0002977 — Processing year 1866.
2025-03-05 01:31:49,466 __main__     INFO     SGHL-0002977 — Processing year 1888.
2025-03-05 01:33:33,559 __main__     INFO     SGHL-0002977 — Processing year 1847.
2025-03-05 01:33:57,232 __main__     INFO     SGHL-0002977 — Processing year 1883.
2025-03-05 01:35:14,161 __main__     INFO     SGHL-0002977 — Processing year 1884.
2025-03-05 01:36:36,082 __main__     INFO     SGHL-0002977 — Processing year 1890.
2025-03-05 01:38:20,041 __main__     INFO     SGHL-0002977 — Processing year 1872.
2025-03-05 01:39:04,503 __main__     INFO     SGHL-0002977 — Processing year 1861.
2025-03-05 01:40:28,787 __main__     INFO     SGHL-0002977 — Processing year 1864.
2025-03-05 01:41:57,770 __main__     INFO     SGHL-0002977 — Processing year 1851.
2025-03-05 01:42:50,461 __main__     INFO     SGHL-0002977 — Processing year 1854.
2025-03-05 01:43:42,232 __main__     INFO     SGHL-0002977 — Processing year 1871.
2025-03-05 01:44:23,452 __main__     INFO     SGHL-0002977 — Processing year 1855.
2025-03-05 01:45:14,427 __main__     INFO     SGHL-0002977 — Processing year 1879.
2025-03-05 01:46:34,670 __main__     INFO     SGHL-0002977 — Processing year 1876.
2025-03-05 01:47:56,007 __main__     INFO     SGHL-0002977 — Processing year 1875.
2025-03-05 01:49:13,560 __main__     INFO     SGHL-0002977 — Processing year 1852.
2025-03-05 01:50:06,045 __main__     INFO     SGHL-0002977 — Processing year 1863.
2025-03-05 01:52:23,795 __main__     INFO     SGHL-0002977 — Processing year 1848.
2025-03-05 01:53:25,581 __main__     INFO     SGHL-0002977 — Processing year 1886.
2025-03-05 01:55:01,802 __main__     INFO     SGHL-0002977 — Processing year 1857.
2025-03-05 01:55:53,030 __main__     INFO     SGHL-0002977 — Processing year 1881.
2025-03-05 01:57:06,328 __main__     INFO     ✅ SGHL-0002977 (58/101) - Done with the copy. There was 0 failed copies and problem_input_dirs:[].
2025-03-05 01:57:06,329 __main__     INFO     ---------- Processing NCRF - NLP 0002978 (59/101) ----------
2025-03-05 01:57:06,404 __main__     INFO     NCRF-0002978 — Processing year 1895.
2025-03-05 01:58:19,486 __main__     INFO     NCRF-0002978 — Processing year 1893.
2025-03-05 01:58:58,029 __main__     INFO     NCRF-0002978 — Processing year 1890.
2025-03-05 01:59:55,330 __main__     INFO     NCRF-0002978 — Processing year 1891.
2025-03-05 02:01:24,544 __main__     INFO     NCRF-0002978 — Processing year 1894.
2025-03-05 02:02:07,725 __main__     INFO     ✅ NCRF-0002978 (59/101) - Done with the copy. There was 0 failed copies and problem_input_dirs:[].
2025-03-05 02:02:07,726 __main__     INFO     ---------- Processing NCRF - NLP 0002979 (60/101) ----------
2025-03-05 02:02:07,798 __main__     INFO     NCRF-0002979 — Processing year 1898.
2025-03-05 02:03:40,009 __main__     INFO     NCRF-0002979 — Processing year 1896.
2025-03-05 02:04:53,978 __main__     INFO     ✅ NCRF-0002979 (60/101) - Done with the copy. There was 0 failed copies and problem_input_dirs:[].
2025-03-05 02:04:53,978 __main__     INFO     ---------- Processing WKJL - NLP 0002980 (61/101) ----------
2025-03-05 02:04:54,041 __main__     INFO     WKJL-0002980 — Processing year 1901.
2025-03-05 02:05:02,254 __main__     INFO     WKJL-0002980 — Processing year 1907.
2025-03-05 02:07:33,186 __main__     INFO     WKJL-0002980 — Processing year 1903.
2025-03-05 02:09:09,065 __main__     INFO     WKJL-0002980 — Processing year 1904.
2025-03-05 02:11:21,790 __main__     INFO     WKJL-0002980 — Processing year 1905.
2025-03-05 02:13:58,762 __main__     INFO     WKJL-0002980 — Processing year 1906.
2025-03-05 02:16:28,864 __main__     INFO     WKJL-0002980 — Processing year 1909.
2025-03-05 02:18:06,179 __main__     INFO     WKJL-0002980 — Processing year 1902.
2025-03-05 02:19:24,765 __main__     INFO     WKJL-0002980 — Processing year 1908.
2025-03-05 02:21:50,440 __main__     INFO     ✅ WKJL-0002980 (61/101) - Done with the copy. There was 0 failed copies and problem_input_dirs:[].
2025-03-05 02:21:50,440 __main__     INFO     ---------- Processing WMTG - NLP 0002981 (62/101) ----------
2025-03-05 02:21:50,508 __main__     INFO     WMTG-0002981 — Processing year 1860.
2025-03-05 02:22:28,042 __main__     INFO     WMTG-0002981 — Processing year 1885.
2025-03-05 02:24:31,175 __main__     INFO     WMTG-0002981 — Processing year 1867.
2025-03-05 02:25:18,563 __main__     INFO     WMTG-0002981 — Processing year 1870.
2025-03-05 02:26:59,967 __main__     INFO     WMTG-0002981 — Processing year 1874.
2025-03-05 02:28:43,687 __main__     INFO     WMTG-0002981 — Processing year 1878.
2025-03-05 02:30:26,429 __main__     INFO     WMTG-0002981 — Processing year 1880.
2025-03-05 02:32:09,232 __main__     INFO     WMTG-0002981 — Processing year 1882.
2025-03-05 02:34:33,816 __main__     INFO     WMTG-0002981 — Processing year 1877.
2025-03-05 02:36:22,390 __main__     INFO     WMTG-0002981 — Processing year 1869.
2025-03-05 02:37:36,056 __main__     INFO     WMTG-0002981 — Processing year 1873.
2025-03-05 02:39:13,840 __main__     INFO     WMTG-0002981 — Processing year 1865.
2025-03-05 02:40:01,125 __main__     INFO     WMTG-0002981 — Processing year 1862.
2025-03-05 02:40:57,507 __main__     INFO     WMTG-0002981 — Processing year 1866.
2025-03-05 02:41:46,442 __main__     INFO     WMTG-0002981 — Processing year 1883.
2025-03-05 02:43:48,228 __main__     INFO     WMTG-0002981 — Processing year 1884.
2025-03-05 02:45:47,385 __main__     INFO     WMTG-0002981 — Processing year 1861.
2025-03-05 02:46:36,298 __main__     INFO     WMTG-0002981 — Processing year 1868.
2025-03-05 02:47:22,589 __main__     INFO     WMTG-0002981 — Processing year 1864.
2025-03-05 02:48:04,342 __main__     INFO     WMTG-0002981 — Processing year 1871.
2025-03-05 02:49:28,204 __main__     INFO     WMTG-0002981 — Processing year 1879.
2025-03-05 02:51:05,246 __main__     INFO     WMTG-0002981 — Processing year 1876.
2025-03-05 02:52:43,884 __main__     INFO     WMTG-0002981 — Processing year 1875.
2025-03-05 02:54:19,064 __main__     INFO     WMTG-0002981 — Processing year 1863.
2025-03-05 02:55:08,728 __main__     INFO     WMTG-0002981 — Processing year 1886.
2025-03-05 02:55:55,365 __main__     INFO     WMTG-0002981 — Processing year 1881.
2025-03-05 02:57:57,667 __main__     INFO     ✅ WMTG-0002981 (62/101) - Done with the copy. There was 0 failed copies and problem_input_dirs:[].
2025-03-05 02:57:57,667 __main__     INFO     ---------- Processing WMTG - NLP 0002982 (63/101) ----------
2025-03-05 02:57:57,797 __main__     INFO     WMTG-0002982 — Processing year 1899.
2025-03-05 02:59:27,938 __main__     INFO     WMTG-0002982 — Processing year 1901.
2025-03-05 03:00:09,194 __main__     INFO     WMTG-0002982 — Processing year 1892.
2025-03-05 03:01:21,877 __main__     INFO     WMTG-0002982 — Processing year 1895.
2025-03-05 03:02:57,319 __main__     INFO     WMTG-0002982 — Processing year 1900.
2025-03-05 03:04:14,873 __main__     INFO     WMTG-0002982 — Processing year 1887.
2025-03-05 03:05:01,609 __main__     INFO     WMTG-0002982 — Processing year 1889.
2025-03-05 03:06:10,236 __main__     INFO     WMTG-0002982 — Processing year 1893.
2025-03-05 03:07:34,143 __main__     INFO     WMTG-0002982 — Processing year 1888.
2025-03-05 03:08:33,713 __main__     INFO     WMTG-0002982 — Processing year 1896.
2025-03-05 03:09:59,698 __main__     INFO     WMTG-0002982 — Processing year 1890.
2025-03-05 03:11:16,684 __main__     INFO     WMTG-0002982 — Processing year 1891.
2025-03-05 03:12:22,065 __main__     INFO     WMTG-0002982 — Processing year 1894.
2025-03-05 03:14:02,319 __main__     INFO     WMTG-0002982 — Processing year 1886.
2025-03-05 03:14:35,218 __main__     INFO     WMTG-0002982 — Processing year 1897.
2025-03-05 03:15:34,010 __main__     INFO     ✅ WMTG-0002982 (63/101) - Done with the copy. There was 0 failed copies and problem_input_dirs:[].
2025-03-05 03:15:34,011 __main__     INFO     ---------- Processing CKTC - NLP 0002984 (64/101) ----------
2025-03-05 03:15:34,125 __main__     INFO     CKTC-0002984 — Processing year 1855.
2025-03-05 03:16:14,377 __main__     INFO     ✅ CKTC-0002984 (64/101) - Done with the copy. There was 0 failed copies and problem_input_dirs:[].
2025-03-05 03:16:14,378 __main__     INFO     ---------- Processing CKTC - NLP 0002985 (65/101) ----------
2025-03-05 03:16:14,440 __main__     INFO     CKTC-0002985 — Processing year 1856.
2025-03-05 03:17:11,325 __main__     INFO     CKTC-0002985 — Processing year 1855.
2025-03-05 03:17:40,110 __main__     INFO     ✅ CKTC-0002985 (65/101) - Done with the copy. There was 0 failed copies and problem_input_dirs:[].
2025-03-05 03:17:40,110 __main__     INFO     ---------- Processing BFNP - NLP 0002986 (66/101) ----------
2025-03-05 03:17:40,340 __main__     INFO     BFNP-0002986 — Processing year 1858.
2025-03-05 03:18:02,481 __main__     INFO     ✅ BFNP-0002986 (66/101) - Done with the copy. There was 0 failed copies and problem_input_dirs:[].
2025-03-05 03:18:02,482 __main__     INFO     ---------- Processing CRWN - NLP 0002987 (67/101) ----------
2025-03-05 03:18:02,622 __main__     INFO     CRWN-0002987 — Processing year 1839.
2025-03-05 03:18:42,168 __main__     INFO     CRWN-0002987 — Processing year 1838.
2025-03-05 03:19:24,553 __main__     INFO     ✅ CRWN-0002987 (67/101) - Done with the copy. There was 0 failed copies and problem_input_dirs:[].
2025-03-05 03:19:24,553 __main__     INFO     ---------- Processing CCWA - NLP 0002988 (68/101) ----------
2025-03-05 03:19:24,622 __main__     INFO     CCWA-0002988 — Processing year 1824.
2025-03-05 03:19:33,216 __main__     INFO     ✅ CCWA-0002988 (68/101) - Done with the copy. There was 0 failed copies and problem_input_dirs:[].
2025-03-05 03:19:33,216 __main__     INFO     ---------- Processing CCWA - NLP 0002989 (69/101) ----------
2025-03-05 03:19:33,361 __main__     INFO     CCWA-0002989 — Processing year 1824.
2025-03-05 03:19:58,581 __main__     INFO     ✅ CCWA-0002989 (69/101) - Done with the copy. There was 0 failed copies and problem_input_dirs:[].
2025-03-05 03:19:58,582 __main__     INFO     ---------- Processing CCWA - NLP 0002990 (70/101) ----------
2025-03-05 03:19:58,673 __main__     INFO     CCWA-0002990 — Processing year 1824.
2025-03-05 03:20:06,012 __main__     INFO     CCWA-0002990 — Processing year 1825.
2025-03-05 03:20:25,033 __main__     INFO     ✅ CCWA-0002990 (70/101) - Done with the copy. There was 0 failed copies and problem_input_dirs:[].
2025-03-05 03:20:25,033 __main__     INFO     ---------- Processing WKGB - NLP 0002991 (71/101) ----------
2025-03-05 03:20:25,141 __main__     INFO     WKGB-0002991 — Processing year 1824.
2025-03-05 03:21:08,839 __main__     INFO     WKGB-0002991 — Processing year 1825.
2025-03-05 03:21:17,795 __main__     INFO     ✅ WKGB-0002991 (71/101) - Done with the copy. There was 0 failed copies and problem_input_dirs:[].
2025-03-05 03:21:17,796 __main__     INFO     ---------- Processing CMSN - NLP 0002992 (72/101) ----------
2025-03-05 03:21:17,854 __main__     INFO     CMSN-0002992 — Processing year 1824.
2025-03-05 03:21:44,482 __main__     INFO     CMSN-0002992 — Processing year 1826.
2025-03-05 03:21:49,215 __main__     INFO     CMSN-0002992 — Processing year 1825.
2025-03-05 03:22:41,441 __main__     INFO     ✅ CMSN-0002992 (72/101) - Done with the copy. There was 0 failed copies and problem_input_dirs:[].
2025-03-05 03:22:41,442 __main__     INFO     ---------- Processing SMHE - NLP 0002993 (73/101) ----------
2025-03-05 03:22:41,517 __main__     INFO     SMHE-0002993 — Processing year 1824.
2025-03-05 03:22:55,237 __main__     INFO     ✅ SMHE-0002993 (73/101) - Done with the copy. There was 0 failed copies and problem_input_dirs:[].
2025-03-05 03:22:55,238 __main__     INFO     ---------- Processing TUNI - NLP 0002994 (74/101) ----------
2025-03-05 03:22:55,389 __main__     INFO     TUNI-0002994 — Processing year 1860.
2025-03-05 03:24:47,046 __main__     INFO     TUNI-0002994 — Processing year 1859.
2025-03-05 03:26:35,367 __main__     INFO     TUNI-0002994 — Processing year 1858.
2025-03-05 03:28:20,498 __main__     INFO     TUNI-0002994 — Processing year 1862.
2025-03-05 03:29:09,069 __main__     INFO     TUNI-0002994 — Processing year 1861.
2025-03-05 03:30:54,114 __main__     INFO     TUNI-0002994 — Processing year 1857.
2025-03-05 03:32:35,897 __main__     INFO     ✅ TUNI-0002994 (74/101) - Done with the copy. There was 0 failed copies and problem_input_dirs:[].
2025-03-05 03:32:35,898 __main__     INFO     ---------- Processing LJGA - NLP 0002995 (75/101) ----------
2025-03-05 03:32:35,990 __main__     INFO     LJGA-0002995 — Processing year 1837.
2025-03-05 03:33:10,732 __main__     INFO     LJGA-0002995 — Processing year 1836.
2025-03-05 03:33:32,518 __main__     INFO     ✅ LJGA-0002995 (75/101) - Done with the copy. There was 0 failed copies and problem_input_dirs:[].
2025-03-05 03:33:32,519 __main__     INFO     ---------- Processing RBLD - NLP 0002996 (76/101) ----------
2025-03-05 03:33:32,698 __main__     INFO     RBLD-0002996 — Processing year 1844.
2025-03-05 03:33:43,226 __main__     INFO     ✅ RBLD-0002996 (76/101) - Done with the copy. There was 0 failed copies and problem_input_dirs:[].
2025-03-05 03:33:43,227 __main__     INFO     ---------- Processing RBLD - NLP 0002997 (77/101) ----------
2025-03-05 03:33:43,348 __main__     INFO     RBLD-0002997 — Processing year 1844.
2025-03-05 03:34:31,170 __main__     INFO     RBLD-0002997 — Processing year 1845.
2025-03-05 03:35:38,717 __main__     INFO     ✅ RBLD-0002997 (77/101) - Done with the copy. There was 0 failed copies and problem_input_dirs:[].
2025-03-05 03:35:38,718 __main__     INFO     ---------- Processing RBLD - NLP 0002998 (78/101) ----------
2025-03-05 03:35:38,818 __main__     INFO     RBLD-0002998 — Processing year 1845.
2025-03-05 03:36:08,165 __main__     INFO     ✅ RBLD-0002998 (78/101) - Done with the copy. There was 0 failed copies and problem_input_dirs:[].
2025-03-05 03:36:08,166 __main__     INFO     ---------- Processing RBLD - NLP 0002999 (79/101) ----------
2025-03-05 03:36:08,239 __main__     INFO     RBLD-0002999 — Processing year 1846.
2025-03-05 03:37:19,352 __main__     INFO     RBLD-0002999 — Processing year 1845.
2025-03-05 03:37:21,046 __main__     INFO     ✅ RBLD-0002999 (79/101) - Done with the copy. There was 0 failed copies and problem_input_dirs:[].
2025-03-05 03:37:21,046 __main__     INFO     ---------- Processing LRNW - NLP 0003000 (80/101) ----------
2025-03-05 03:37:21,181 __main__     INFO     LRNW-0003000 — Processing year 1845.
2025-03-05 03:37:34,308 __main__     INFO     ✅ LRNW-0003000 (80/101) - Done with the copy. There was 0 failed copies and problem_input_dirs:[].
2025-03-05 03:37:34,309 __main__     INFO     ---------- Processing GOTM - NLP 0003001 (81/101) ----------
2025-03-05 03:37:34,355 __main__     INFO     GOTM-0003001 — Processing year 1852.
2025-03-05 03:37:39,088 __main__     INFO     ✅ GOTM-0003001 (81/101) - Done with the copy. There was 0 failed copies and problem_input_dirs:[].
2025-03-05 03:37:39,088 __main__     INFO     ---------- Processing WTCH - NLP 0003002 (82/101) ----------
2025-03-05 03:37:39,196 __main__     INFO     WTCH-0003002 — Processing year 1827.
2025-03-05 03:38:34,729 __main__     INFO     WTCH-0003002 — Processing year 1828.
2025-03-05 03:38:59,858 __main__     INFO     ✅ WTCH-0003002 (82/101) - Done with the copy. There was 0 failed copies and problem_input_dirs:[].
2025-03-05 03:38:59,858 __main__     INFO     ---------- Processing FMNW - NLP 0003003 (83/101) ----------
2025-03-05 03:38:59,960 __main__     INFO     FMNW-0003003 — Processing year 1859.
2025-03-05 03:39:08,793 __main__     INFO     ✅ FMNW-0003003 (83/101) - Done with the copy. There was 0 failed copies and problem_input_dirs:[].
2025-03-05 03:39:08,793 __main__     INFO     ---------- Processing ILWT - NLP 0003004 (84/101) ----------
2025-03-05 03:39:08,874 __main__     INFO     ILWT-0003004 — Processing year 1843.
2025-03-05 03:39:21,999 __main__     INFO     ✅ ILWT-0003004 (84/101) - Done with the copy. There was 0 failed copies and problem_input_dirs:[].
2025-03-05 03:39:21,999 __main__     INFO     ---------- Processing ILOL - NLP 0003005 (85/101) ----------
2025-03-05 03:39:22,129 __main__     INFO     ILOL-0003005 — Processing year 1843.
2025-03-05 03:40:06,454 __main__     INFO     ✅ ILOL-0003005 (85/101) - Done with the copy. There was 0 failed copies and problem_input_dirs:[].
2025-03-05 03:40:06,455 __main__     INFO     ---------- Processing PITM - NLP 0003006 (86/101) ----------
2025-03-05 03:40:06,573 __main__     INFO     PITM-0003006 — Processing year 1856.
2025-03-05 03:40:47,311 __main__     INFO     PITM-0003006 — Processing year 1855.
2025-03-05 03:42:23,409 __main__     INFO     ✅ PITM-0003006 (86/101) - Done with the copy. There was 0 failed copies and problem_input_dirs:[].
2025-03-05 03:42:23,410 __main__     INFO     ---------- Processing LCCR - NLP 0003007 (87/101) ----------
2025-03-05 03:42:23,452 __main__     INFO     LCCR-0003007 — Processing year 1853.
2025-03-05 03:42:40,260 __main__     INFO     LCCR-0003007 — Processing year 1854.
2025-03-05 03:42:46,299 __main__     INFO     ✅ LCCR-0003007 (87/101) - Done with the copy. There was 0 failed copies and problem_input_dirs:[].
2025-03-05 03:42:46,299 __main__     INFO     ---------- Processing PLOB - NLP 0003008 (88/101) ----------
2025-03-05 03:42:46,471 __main__     INFO     PLOB-0003008 — Processing year 1819.
2025-03-05 03:42:52,337 __main__     INFO     ✅ PLOB-0003008 (88/101) - Done with the copy. There was 0 failed copies and problem_input_dirs:[].
2025-03-05 03:42:52,337 __main__     INFO     ---------- Processing WENW - NLP 0003009 (89/101) ----------
2025-03-05 03:42:52,368 __main__     INFO     WENW-0003009 — Processing year 1860.
2025-03-05 03:42:57,931 __main__     INFO     WENW-0003009 — Processing year 1859.
2025-03-05 03:43:20,007 __main__     INFO     ✅ WENW-0003009 (89/101) - Done with the copy. There was 0 failed copies and problem_input_dirs:[].
2025-03-05 03:43:20,007 __main__     INFO     ---------- Processing LDGS - NLP 0003010 (90/101) ----------
2025-03-05 03:43:20,128 __main__     INFO     LDGS-0003010 — Processing year 1860.
2025-03-05 03:43:53,374 __main__     INFO     LDGS-0003010 — Processing year 1859.
2025-03-05 03:44:17,938 __main__     INFO     ✅ LDGS-0003010 (90/101) - Done with the copy. There was 0 failed copies and problem_input_dirs:[].
2025-03-05 03:44:17,939 __main__     INFO     ---------- Processing PLDM - NLP 0003011 (91/101) ----------
2025-03-05 03:44:18,079 __main__     INFO     PLDM-0003011 — Processing year 1826.
2025-03-05 03:46:01,866 __main__     INFO     PLDM-0003011 — Processing year 1825.
2025-03-05 03:47:38,138 __main__     INFO     ✅ PLDM-0003011 (91/101) - Done with the copy. There was 0 failed copies and problem_input_dirs:[].
2025-03-05 03:47:38,139 __main__     INFO     ---------- Processing PLDM - NLP 0003012 (92/101) ----------
2025-03-05 03:47:38,269 __main__     INFO     PLDM-0003012 — Processing year 1829.
2025-03-05 03:47:40,712 __main__     INFO     ✅ PLDM-0003012 (92/101) - Done with the copy. There was 0 failed copies and problem_input_dirs:[].
2025-03-05 03:47:40,712 __main__     INFO     ---------- Processing MTPN - NLP 0003013 (93/101) ----------
2025-03-05 03:47:40,822 __main__     INFO     MTPN-0003013 — Processing year 1856.
2025-03-05 03:48:13,896 __main__     INFO     MTPN-0003013 — Processing year 1857.
2025-03-05 03:48:18,800 __main__     INFO     ✅ MTPN-0003013 (93/101) - Done with the copy. There was 0 failed copies and problem_input_dirs:[].
2025-03-05 03:48:18,800 __main__     INFO     ---------- Processing NTNL - NLP 0003014 (94/101) ----------
2025-03-05 03:48:18,865 __main__     INFO     NTNL-0003014 — Processing year 1835.
2025-03-05 03:48:34,109 __main__     INFO     ✅ NTNL-0003014 (94/101) - Done with the copy. There was 0 failed copies and problem_input_dirs:[].
2025-03-05 03:48:34,110 __main__     INFO     ---------- Processing SEGL - NLP 0003015 (95/101) ----------
2025-03-05 03:48:34,189 __main__     INFO     SEGL-0003015 — Processing year 1837.
2025-03-05 03:48:48,541 __main__     INFO     SEGL-0003015 — Processing year 1836.
2025-03-05 03:49:00,767 __main__     INFO     ✅ SEGL-0003015 (95/101) - Done with the copy. There was 0 failed copies and problem_input_dirs:[].
2025-03-05 03:49:00,767 __main__     INFO     ---------- Processing MOGA - NLP 0003016 (96/101) ----------
2025-03-05 03:49:00,866 __main__     INFO     MOGA-0003016 — Processing year 1837.
2025-03-05 03:49:53,161 __main__     INFO     ✅ MOGA-0003016 (96/101) - Done with the copy. There was 0 failed copies and problem_input_dirs:[].
2025-03-05 03:49:53,161 __main__     INFO     ---------- Processing NTPR - NLP 0003017 (97/101) ----------
2025-03-05 03:49:53,269 __main__     INFO     NTPR-0003017 — Processing year 1847.
2025-03-05 03:50:31,662 __main__     INFO     ✅ NTPR-0003017 (97/101) - Done with the copy. There was 0 failed copies and problem_input_dirs:[].
2025-03-05 03:50:31,663 __main__     INFO     ---------- Processing NGLB - NLP 0003018 (98/101) ----------
2025-03-05 03:50:31,745 __main__     INFO     NGLB-0003018 — Processing year 1823.
2025-03-05 03:52:25,346 __main__     INFO     ✅ NGLB-0003018 (98/101) - Done with the copy. There was 0 failed copies and problem_input_dirs:[].
2025-03-05 03:52:25,347 __main__     INFO     ---------- Processing VIND - NLP 0003019 (99/101) ----------
2025-03-05 03:52:25,509 __main__     INFO     VIND-0003019 — Processing year 1859.
2025-03-05 03:52:38,469 __main__     INFO     ✅ VIND-0003019 (99/101) - Done with the copy. There was 0 failed copies and problem_input_dirs:[].
2025-03-05 03:52:38,470 __main__     INFO     ---------- Processing CNSN - NLP 0003020 (100/101) ----------
2025-03-05 03:52:38,801 __main__     INFO     CNSN-0003020 — Processing year 1832.
2025-03-05 03:52:42,141 __main__     INFO     CNSN-0003020 — Processing year 1831.
2025-03-05 03:53:19,009 __main__     INFO     ✅ CNSN-0003020 (100/101) - Done with the copy. There was 0 failed copies and problem_input_dirs:[].
2025-03-05 03:53:19,010 __main__     INFO     ---------- Processing WFSC - NLP 0003021 (101/101) ----------
2025-03-05 03:53:19,238 __main__     INFO     WFSC-0003021 — Processing year 1818.
2025-03-05 03:54:35,819 __main__     INFO     ✅ WFSC-0003021 (101/101) - Done with the copy. There was 0 failed copies and problem_input_dirs:[].
2025-03-05 03:54:35,820 __main__     INFO     ✅✅ Success! Done with all 101 in this chunk: ['0002762', '0002763', '0002764', '0002765', '0002766', '0002767', '0002769', '0002770', '0002771', '0002772', '0002773', '0002774', '0002775', '0002776', '0002777', '0002778', '0002779', '0002780', '0002781', '0002782', '0002785', '0002786', '0002787', '0002788', '0002789', '0002790', '0002791', '0002792', '0002793', '0002794', '0002795', '0002796', '0002797', '0002798', '0002800', '0002801', '0002802', '0002803', '0002804', '0002805', '0002806', '0002807', '0002808', '0002809', '0002810', '0002811', '0002812', '0002813', '0002814', '0002815', '0002816', '0002817', '0002972', '0002973', '0002974', '0002975', '0002976', '0002977', '0002978', '0002979', '0002980', '0002981', '0002982', '0002984', '0002985', '0002986', '0002987', '0002988', '0002989', '0002990', '0002991', '0002992', '0002993', '0002994', '0002995', '0002996', '0002997', '0002998', '0002999', '0003000', '0003001', '0003002', '0003003', '0003004', '0003005', '0003006', '0003007', '0003008', '0003009', '0003010', '0003011', '0003012', '0003013', '0003014', '0003015', '0003016', '0003017', '0003018', '0003019', '0003020', '0003021']!!
