2025-03-13 17:26:14,678 __main__     INFO     Logger successfully initialised
2025-03-13 17:26:14,696 __main__     INFO     Separated the list of NLPs into 6 chunks of 100 NLPs,  will process chunk n°2 now: 
['0002409', '0002410', '0002411', '0002412', '0002413', '0002414', '0002415', '0002416', '0002417', '0002418', '0002419', '0002420', '0002421', '0002422', '0002423', '0002424', '0002425', '0002426', '0002427', '0002428', '0002429', '0002430', '0002431', '0002432', '0002433', '0002434', '0002435', '0002436', '0002437', '0002439', '0002573', '0002574', '0002575', '0002576', '0002577', '0002579', '0002580', '0002581', '0002582', '0002583', '0002584', '0002585', '0002586', '0002587', '0002588', '0002589', '0002590', '0002591', '0002592', '0002593', '0002594', '0002595', '0002596', '0002597', '0002598', '0002599', '0002600', '0002601', '0002602', '0002603', '0002604', '0002605', '0002606', '0002607', '0002608', '0002609', '0002610', '0002611', '0002612', '0002613', '0002614', '0002615', '0002616', '0002617', '0002618', '0002619', '0002620', '0002630', '0002631', '0002632', '0002633', '0002634', '0002635', '0002636', '0002637', '0002638', '0002639', '0002640', '0002641', '0002642', '0002643', '0002644', '0002645', '0002752', '0002753', '0002754', '0002755', '0002756', '0002757', '0002758']
2025-03-13 17:26:14,698 __main__     INFO     ---------- Processing DJWN - NLP 0002409 (1/100) ----------
2025-03-13 17:26:15,178 __main__     INFO     DJWN-0002409 — Processing year 1846.
2025-03-13 17:37:06,291 __main__     INFO     DJWN-0002409 — Processing year 1847.
2025-03-13 18:07:31,606 __main__     INFO     DJWN-0002409 — Processing year 1848.
2025-03-13 18:36:25,146 __main__     INFO     ✅ DJWN-0002409 (1/100) - Done with the copy. There was 0 failed copies and problem_input_dirs:[].
2025-03-13 18:36:25,147 __main__     INFO     ---------- Processing DJWN - NLP 0002410 (2/100) ----------
2025-03-13 18:36:25,760 __main__     INFO     DJWN-0002410 — Processing year 1849.
2025-03-13 18:51:06,122 __main__     INFO     ✅ DJWN-0002410 (2/100) - Done with the copy. There was 0 failed copies and problem_input_dirs:[].
2025-03-13 18:51:06,123 __main__     INFO     ---------- Processing DJWN - NLP 0002411 (3/100) ----------
2025-03-13 18:51:06,869 __main__     INFO     DJWN-0002411 — Processing year 1850.
2025-03-13 19:12:53,207 __main__     INFO     DJWN-0002411 — Processing year 1849.
2025-03-13 19:23:06,040 __main__     INFO     DJWN-0002411 — Processing year 1851.
2025-03-13 19:32:37,153 __main__     INFO     ✅ DJWN-0002411 (3/100) - Done with the copy. There was 0 failed copies and problem_input_dirs:[].
2025-03-13 19:32:37,154 __main__     INFO     ---------- Processing WKIT - NLP 0002412 (4/100) ----------
2025-03-13 19:32:37,704 __main__     INFO     WKIT-0002412 — Processing year 1818.
2025-03-13 19:40:18,537 __main__     INFO     ✅ WKIT-0002412 (4/100) - Done with the copy. There was 0 failed copies and problem_input_dirs:[].
2025-03-13 19:40:18,538 __main__     INFO     ---------- Processing TALN - NLP 0002413 (5/100) ----------
2025-03-13 19:40:18,934 __main__     INFO     TALN-0002413 — Processing year 1837.
2025-03-13 19:52:04,928 __main__     INFO     TALN-0002413 — Processing year 1842.
2025-03-13 20:02:34,215 __main__     INFO     TALN-0002413 — Processing year 1832.
2025-03-13 20:14:10,756 __main__     INFO     TALN-0002413 — Processing year 1833.
2025-03-13 20:24:43,121 __main__     INFO     TALN-0002413 — Processing year 1840.
2025-03-13 20:36:06,717 __main__     INFO     TALN-0002413 — Processing year 1835.
2025-03-13 20:46:41,968 __main__     INFO     TALN-0002413 — Processing year 1843.
2025-03-13 20:54:51,464 __main__     INFO     TALN-0002413 — Processing year 1839.
2025-03-13 21:05:15,354 __main__     INFO     TALN-0002413 — Processing year 1826.
2025-03-13 21:16:02,034 __main__     INFO     TALN-0002413 — Processing year 1841.
2025-03-13 21:26:56,588 __main__     INFO     TALN-0002413 — Processing year 1831.
2025-03-13 21:37:57,006 __main__     INFO     TALN-0002413 — Processing year 1827.
2025-03-13 21:49:37,887 __main__     INFO     TALN-0002413 — Processing year 1828.
2025-03-13 22:00:38,025 __main__     INFO     TALN-0002413 — Processing year 1830.
2025-03-13 22:12:05,358 __main__     INFO     TALN-0002413 — Processing year 1825.
2025-03-13 22:18:58,984 __main__     INFO     TALN-0002413 — Processing year 1834.
2025-03-13 22:30:02,675 __main__     INFO     TALN-0002413 — Processing year 1836.
2025-03-13 22:42:32,643 __main__     INFO     TALN-0002413 — Processing year 1829.
2025-03-13 22:50:32,278 __main__     INFO     TALN-0002413 — Processing year 1838.
2025-03-13 23:01:13,097 __main__     INFO     ✅ TALN-0002413 (5/100) - Done with the copy. There was 0 failed copies and problem_input_dirs:[].
2025-03-13 23:01:13,098 __main__     INFO     ---------- Processing TALN - NLP 0002414 (6/100) ----------
2025-03-13 23:01:13,774 __main__     INFO     TALN-0002414 — Processing year 1844.
2025-03-13 23:24:42,850 __main__     INFO     TALN-0002414 — Processing year 1843.
2025-03-13 23:30:38,241 __main__     INFO     TALN-0002414 — Processing year 1845.
2025-03-13 23:36:55,085 __main__     INFO     ✅ TALN-0002414 (6/100) - Done with the copy. There was 0 failed copies and problem_input_dirs:[].
2025-03-13 23:36:55,086 __main__     INFO     ---------- Processing SATR - NLP 0002415 (7/100) ----------
2025-03-13 23:36:55,705 __main__     INFO     SATR-0002415 — Processing year 1837.
2025-03-13 23:48:45,339 __main__     INFO     SATR-0002415 — Processing year 1842.
2025-03-14 00:00:48,349 __main__     INFO     SATR-0002415 — Processing year 1844.
2025-03-14 00:11:40,990 __main__     INFO     SATR-0002415 — Processing year 1832.
2025-03-14 00:22:48,677 __main__     INFO     SATR-0002415 — Processing year 1846.
2025-03-14 00:33:41,794 __main__     INFO     SATR-0002415 — Processing year 1833.
2025-03-14 00:44:08,235 __main__     INFO     SATR-0002415 — Processing year 1849.
2025-03-14 00:58:13,610 __main__     INFO     SATR-0002415 — Processing year 1840.
2025-03-14 01:09:42,990 __main__     INFO     SATR-0002415 — Processing year 1835.
2025-03-14 01:21:00,283 __main__     INFO     SATR-0002415 — Processing year 1843.
2025-03-14 01:34:17,354 __main__     INFO     SATR-0002415 — Processing year 1839.
2025-03-14 01:46:28,664 __main__     INFO     SATR-0002415 — Processing year 1847.
2025-03-14 01:58:45,007 __main__     INFO     SATR-0002415 — Processing year 1841.
2025-03-14 02:10:59,829 __main__     INFO     SATR-0002415 — Processing year 1831.
2025-03-14 02:19:44,055 __main__     INFO     SATR-0002415 — Processing year 1845.
2025-03-14 02:30:54,005 __main__     INFO     SATR-0002415 — Processing year 1834.
2025-03-14 02:42:18,437 __main__     INFO     SATR-0002415 — Processing year 1836.
2025-03-14 02:53:53,573 __main__     INFO     SATR-0002415 — Processing year 1848.
2025-03-14 03:10:19,329 __main__     INFO     SATR-0002415 — Processing year 1838.
2025-03-14 03:21:56,503 __main__     INFO     ✅ SATR-0002415 (7/100) - Done with the copy. There was 0 failed copies and problem_input_dirs:[].
2025-03-14 03:21:56,504 __main__     INFO     ---------- Processing HLLN - NLP 0002416 (8/100) ----------
2025-03-14 03:21:56,973 __main__     INFO     HLLN-0002416 — Processing year 1827.
2025-03-14 03:22:25,653 __main__     INFO     HLLN-0002416 — Processing year 1828.
2025-03-14 03:24:40,911 __main__     INFO     ✅ HLLN-0002416 (8/100) - Done with the copy. There was 0 failed copies and problem_input_dirs:[].
2025-03-14 03:24:40,911 __main__     INFO     ---------- Processing HLLN - NLP 0002417 (9/100) ----------
2025-03-14 03:24:41,160 __main__     INFO     HLLN-0002417 — Processing year 1828.
2025-03-14 03:25:13,504 __main__     INFO     ✅ HLLN-0002417 (9/100) - Done with the copy. There was 0 failed copies and problem_input_dirs:[].
2025-03-14 03:25:13,505 __main__     INFO     ---------- Processing CLTP - NLP 0002418 (10/100) ----------
2025-03-14 03:25:14,300 __main__     INFO     CLTP-0002418 — Processing year 1849.
2025-03-14 03:28:45,289 __main__     INFO     CLTP-0002418 — Processing year 1848.
2025-03-14 03:45:26,915 __main__     INFO     ✅ CLTP-0002418 (10/100) - Done with the copy. There was 0 failed copies and problem_input_dirs:[].
2025-03-14 03:45:26,916 __main__     INFO     ---------- Processing TPRD - NLP 0002419 (11/100) ----------
2025-03-14 03:45:27,461 __main__     INFO     TPRD-0002419 — Processing year 1850.
2025-03-14 03:46:11,443 __main__     INFO     TPRD-0002419 — Processing year 1849.
2025-03-14 03:53:00,408 __main__     INFO     ✅ TPRD-0002419 (11/100) - Done with the copy. There was 0 failed copies and problem_input_dirs:[].
2025-03-14 03:53:00,409 __main__     INFO     ---------- Processing TFPR - NLP 0002420 (12/100) ----------
2025-03-14 03:53:00,959 __main__     INFO     TFPR-0002420 — Processing year 1826.
2025-03-14 04:05:44,556 __main__     INFO     TFPR-0002420 — Processing year 1827.
2025-03-14 04:12:20,377 __main__     INFO     TFPR-0002420 — Processing year 1825.
2025-03-14 04:18:44,385 __main__     INFO     ✅ TFPR-0002420 (12/100) - Done with the copy. There was 0 failed copies and problem_input_dirs:[].
2025-03-14 04:18:44,385 __main__     INFO     ---------- Processing TFPR - NLP 0002421 (13/100) ----------
2025-03-14 04:18:44,631 __main__     INFO     TFPR-0002421 — Processing year 1827.
2025-03-14 04:24:04,393 __main__     INFO     TFPR-0002421 — Processing year 1828.
2025-03-14 04:30:59,616 __main__     INFO     ✅ TFPR-0002421 (13/100) - Done with the copy. There was 0 failed copies and problem_input_dirs:[].
2025-03-14 04:30:59,617 __main__     INFO     ---------- Processing TFPR - NLP 0002422 (14/100) ----------
2025-03-14 04:31:00,029 __main__     INFO     TFPR-0002422 — Processing year 1831.
2025-03-14 04:32:48,004 __main__     INFO     TFPR-0002422 — Processing year 1828.
2025-03-14 04:36:49,241 __main__     INFO     TFPR-0002422 — Processing year 1830.
2025-03-14 04:43:46,915 __main__     INFO     TFPR-0002422 — Processing year 1829.
2025-03-14 04:50:55,636 __main__     INFO     ✅ TFPR-0002422 (14/100) - Done with the copy. There was 0 failed copies and problem_input_dirs:[].
2025-03-14 04:50:55,637 __main__     INFO     ---------- Processing RYRK - NLP 0002423 (15/100) ----------
2025-03-14 04:50:56,022 __main__     INFO     RYRK-0002423 — Processing year 1827.
2025-03-14 04:55:23,421 __main__     INFO     ✅ RYRK-0002423 (15/100) - Done with the copy. There was 0 failed copies and problem_input_dirs:[].
2025-03-14 04:55:23,422 __main__     INFO     ---------- Processing CGFG - NLP 0002424 (16/100) ----------
2025-03-14 04:55:23,680 __main__     INFO     CGFG-0002424 — Processing year 1840.
2025-03-14 04:55:45,602 __main__     INFO     CGFG-0002424 — Processing year 1839.
2025-03-14 05:13:59,306 __main__     INFO     CGFG-0002424 — Processing year 1841.
2025-03-14 05:18:00,328 __main__     INFO     ✅ CGFG-0002424 (16/100) - Done with the copy. There was 0 failed copies and problem_input_dirs:[].
2025-03-14 05:18:00,329 __main__     INFO     ---------- Processing CGFG - NLP 0002425 (17/100) ----------
2025-03-14 05:18:00,582 __main__     INFO     CGFG-0002425 — Processing year 1841.
2025-03-14 05:27:02,502 __main__     INFO     ✅ CGFG-0002425 (17/100) - Done with the copy. There was 0 failed copies and problem_input_dirs:[].
2025-03-14 05:27:02,503 __main__     INFO     ---------- Processing NCGA - NLP 0002426 (18/100) ----------
2025-03-14 05:27:03,163 __main__     INFO     NCGA-0002426 — Processing year 1840.
2025-03-14 05:45:34,534 __main__     INFO     NCGA-0002426 — Processing year 1841.
2025-03-14 05:55:21,855 __main__     INFO     ✅ NCGA-0002426 (18/100) - Done with the copy. There was 0 failed copies and problem_input_dirs:[].
2025-03-14 05:55:21,856 __main__     INFO     ---------- Processing NCGA - NLP 0002427 (19/100) ----------
2025-03-14 05:55:22,163 __main__     INFO     NCGA-0002427 — Processing year 1842.
2025-03-14 06:11:18,243 __main__     INFO     NCGA-0002427 — Processing year 1844.
2025-03-14 06:28:42,054 __main__     INFO     NCGA-0002427 — Processing year 1846.
2025-03-14 06:33:43,719 __main__     INFO     NCGA-0002427 — Processing year 1843.
2025-03-14 06:49:24,345 __main__     INFO     NCGA-0002427 — Processing year 1841.
2025-03-14 06:55:33,421 __main__     INFO     NCGA-0002427 — Processing year 1845.
2025-03-14 07:13:30,732 __main__     INFO     ✅ NCGA-0002427 (19/100) - Done with the copy. There was 0 failed copies and problem_input_dirs:[].
2025-03-14 07:13:30,733 __main__     INFO     ---------- Processing ORDA - NLP 0002428 (20/100) ----------
2025-03-14 07:13:31,549 __main__     INFO     ORDA-0002428 — Processing year 1801.
2025-03-14 07:51:27,416 __main__     INFO     ORDA-0002428 — Processing year 1802.
2025-03-14 07:59:16,272 __main__     INFO     ✅ ORDA-0002428 (20/100) - Done with the copy. There was 0 failed copies and problem_input_dirs:[].
2025-03-14 07:59:16,273 __main__     INFO     ---------- Processing ORDA - NLP 0002429 (21/100) ----------
2025-03-14 07:59:16,656 __main__     INFO     ORDA-0002429 — Processing year 1804.
2025-03-14 08:09:45,044 __main__     INFO     ORDA-0002429 — Processing year 1803.
2025-03-14 08:51:18,468 __main__     INFO     ORDA-0002429 — Processing year 1802.
2025-03-14 09:20:18,641 __main__     INFO     ✅ ORDA-0002429 (21/100) - Done with the copy. There was 0 failed copies and problem_input_dirs:[].
2025-03-14 09:20:18,642 __main__     INFO     ---------- Processing ORDA - NLP 0002430 (22/100) ----------
2025-03-14 09:20:19,475 __main__     INFO     ORDA-0002430 — Processing year 1806.
2025-03-14 09:56:39,144 __main__     INFO     ORDA-0002430 — Processing year 1808.
2025-03-14 10:38:21,642 __main__     INFO     ORDA-0002430 — Processing year 1807.
2025-03-14 11:22:08,810 __main__     INFO     ORDA-0002430 — Processing year 1809.
2025-03-14 11:39:51,381 __main__     INFO     ORDA-0002430 — Processing year 1805.
2025-03-14 12:12:37,878 __main__     INFO     ORDA-0002430 — Processing year 1804.
2025-03-14 12:39:34,851 __main__     INFO     ✅ ORDA-0002430 (22/100) - Done with the copy. There was 0 failed copies and problem_input_dirs:[].
2025-03-14 12:39:34,852 __main__     INFO     ---------- Processing DSNR - NLP 0002431 (23/100) ----------
2025-03-14 12:39:35,298 __main__     INFO     DSNR-0002431 — Processing year 1812.
2025-03-14 12:44:33,899 __main__     INFO     ✅ DSNR-0002431 (23/100) - Done with the copy. There was 0 failed copies and problem_input_dirs:[].
2025-03-14 12:44:33,899 __main__     INFO     ---------- Processing DSNR - NLP 0002432 (24/100) ----------
2025-03-14 12:44:34,932 __main__     INFO     DSNR-0002432 — Processing year 1812.
2025-03-14 12:47:40,007 __main__     INFO     ✅ DSNR-0002432 (24/100) - Done with the copy. There was 0 failed copies and problem_input_dirs:[].
2025-03-14 12:47:40,007 __main__     INFO     ---------- Processing TDAY - NLP 0002433 (25/100) ----------
2025-03-14 12:47:40,634 __main__     INFO     TDAY-0002433 — Processing year 1814.
2025-03-14 12:47:49,240 __main__     INFO     TDAY-0002433 — Processing year 1813.
2025-03-14 12:48:06,406 __main__     INFO     TDAY-0002433 — Processing year 1810.
2025-03-14 12:49:12,141 __main__     INFO     TDAY-0002433 — Processing year 1809.
2025-03-14 13:28:27,786 __main__     INFO     TDAY-0002433 — Processing year 1816.
2025-03-14 13:28:37,373 __main__     INFO     ✅ TDAY-0002433 (25/100) - Done with the copy. There was 0 failed copies and problem_input_dirs:[].
2025-03-14 13:28:37,374 __main__     INFO     ---------- Processing ECLA - NLP 0002434 (26/100) ----------
2025-03-14 13:28:37,708 __main__     INFO     ECLA-0002434 — Processing year 1848.
2025-03-14 13:30:40,016 __main__     INFO     ✅ ECLA-0002434 (26/100) - Done with the copy. There was 0 failed copies and problem_input_dirs:[].
2025-03-14 13:30:40,016 __main__     INFO     ---------- Processing ECLA - NLP 0002435 (27/100) ----------
2025-03-14 13:30:40,906 __main__     INFO     ECLA-0002435 — Processing year 1849.
2025-03-14 13:42:15,107 __main__     INFO     ECLA-0002435 — Processing year 1848.
2025-03-14 13:46:32,721 __main__     INFO     ✅ ECLA-0002435 (27/100) - Done with the copy. There was 0 failed copies and problem_input_dirs:[].
2025-03-14 13:46:32,722 __main__     INFO     ---------- Processing MNTM - NLP 0002436 (28/100) ----------
2025-03-14 13:46:33,267 __main__     INFO     MNTM-0002436 — Processing year 1842.
2025-03-14 13:51:18,477 __main__     INFO     MNTM-0002436 — Processing year 1844.
2025-03-14 13:55:58,028 __main__     INFO     MNTM-0002436 — Processing year 1846.
2025-03-14 14:05:41,127 __main__     INFO     MNTM-0002436 — Processing year 1843.
2025-03-14 14:10:45,344 __main__     INFO     MNTM-0002436 — Processing year 1847.
2025-03-14 14:18:12,635 __main__     INFO     MNTM-0002436 — Processing year 1845.
2025-03-14 14:26:16,727 __main__     INFO     MNTM-0002436 — Processing year 1848.
2025-03-14 14:28:00,506 __main__     INFO     ✅ MNTM-0002436 (28/100) - Done with the copy. There was 0 failed copies and problem_input_dirs:[].
2025-03-14 14:28:00,507 __main__     INFO     ---------- Processing MNTM - NLP 0002437 (29/100) ----------
2025-03-14 14:28:00,768 __main__     INFO     MNTM-0002437 — Processing year 1849.
2025-03-14 14:29:14,654 __main__     INFO     MNTM-0002437 — Processing year 1848.
2025-03-14 14:34:53,398 __main__     INFO     ✅ MNTM-0002437 (29/100) - Done with the copy. There was 0 failed copies and problem_input_dirs:[].
2025-03-14 14:34:53,398 __main__     INFO     ---------- Processing LFPR - NLP 0002439 (30/100) ----------
2025-03-14 14:34:54,039 __main__     INFO     LFPR-0002439 — Processing year 1827.
2025-03-14 14:38:09,210 __main__     INFO     ✅ LFPR-0002439 (30/100) - Done with the copy. There was 0 failed copies and problem_input_dirs:[].
2025-03-14 14:38:09,210 __main__     INFO     ---------- Processing JWRC - NLP 0002573 (31/100) ----------
2025-03-14 14:38:09,982 __main__     INFO     JWRC-0002573 — Processing year 1870.
2025-03-14 14:49:39,645 __main__     INFO     JWRC-0002573 — Processing year 1869.
2025-03-14 15:00:14,236 __main__     INFO     JWRC-0002573 — Processing year 1868.
2025-03-14 15:06:02,851 __main__     INFO     JWRC-0002573 — Processing year 1871.
2025-03-14 15:13:53,180 __main__     INFO     ✅ JWRC-0002573 (31/100) - Done with the copy. There was 0 failed copies and problem_input_dirs:[].
2025-03-14 15:13:53,181 __main__     INFO     ---------- Processing CSTT - NLP 0002574 (32/100) ----------
2025-03-14 15:13:53,470 __main__     INFO     CSTT-0002574 — Processing year 1846.
2025-03-14 15:14:39,642 __main__     INFO     ✅ CSTT-0002574 (32/100) - Done with the copy. There was 0 failed copies and problem_input_dirs:[].
2025-03-14 15:14:39,643 __main__     INFO     ---------- Processing EVST - NLP 0002575 (33/100) ----------
2025-03-14 15:14:40,548 __main__     INFO     EVST-0002575 — Processing year 1842.
2025-03-14 15:37:34,305 __main__     INFO     EVST-0002575 — Processing year 1843.
2025-03-14 15:44:19,181 __main__     INFO     ✅ EVST-0002575 (33/100) - Done with the copy. There was 0 failed copies and problem_input_dirs:[].
2025-03-14 15:44:19,182 __main__     INFO     ---------- Processing LNM2 - NLP 0002576 (34/100) ----------
2025-03-14 15:44:19,884 __main__     INFO     LNM2-0002576 — Processing year 1837.
2025-03-14 15:53:38,836 __main__     INFO     LNM2-0002576 — Processing year 1836.
2025-03-14 15:57:15,213 __main__     INFO     ✅ LNM2-0002576 (34/100) - Done with the copy. There was 0 failed copies and problem_input_dirs:[].
2025-03-14 15:57:15,213 __main__     INFO     ---------- Processing LPNL - NLP 0002577 (35/100) ----------
2025-03-14 15:57:16,007 __main__     INFO     LPNL-0002577 — Processing year 1814.
2025-03-14 16:05:42,018 __main__     INFO     LPNL-0002577 — Processing year 1824.
2025-03-14 16:32:58,021 __main__     INFO     LPNL-0002577 — Processing year 1823.
2025-03-14 16:57:08,408 __main__     INFO     LPNL-0002577 — Processing year 1832.
2025-03-14 17:24:31,494 __main__     INFO     LPNL-0002577 — Processing year 1833.
2025-03-14 17:53:42,008 __main__     INFO     LPNL-0002577 — Processing year 1821.
2025-03-14 18:15:40,257 __main__     INFO     LPNL-0002577 — Processing year 1809.
2025-03-14 18:21:42,873 __main__     INFO     LPNL-0002577 — Processing year 1835.
2025-03-14 18:43:47,768 __main__     INFO     LPNL-0002577 — Processing year 1819.
2025-03-14 19:01:25,316 __main__     INFO     LPNL-0002577 — Processing year 1805.
2025-03-14 19:01:53,821 __main__     INFO     LPNL-0002577 — Processing year 1804.
2025-03-14 19:02:05,137 __main__     INFO     LPNL-0002577 — Processing year 1826.
2025-03-14 19:23:31,180 __main__     INFO     LPNL-0002577 — Processing year 1801.
2025-03-14 19:34:16,141 __main__     INFO     LPNL-0002577 — Processing year 1831.
2025-03-14 19:58:49,561 __main__     INFO     LPNL-0002577 — Processing year 1827.
2025-03-14 20:21:01,937 __main__     INFO     LPNL-0002577 — Processing year 1815.
2025-03-14 20:26:42,715 __main__     INFO     LPNL-0002577 — Processing year 1828.
2025-03-14 20:50:48,154 __main__     INFO     LPNL-0002577 — Processing year 1803.
2025-03-14 20:50:55,706 __main__     INFO     LPNL-0002577 — Processing year 1830.
2025-03-14 21:11:53,911 __main__     INFO     LPNL-0002577 — Processing year 1825.
2025-03-14 21:32:28,449 __main__     INFO     LPNL-0002577 — Processing year 1820.
2025-03-14 21:52:00,375 __main__     INFO     LPNL-0002577 — Processing year 1822.
2025-03-14 22:13:22,015 __main__     INFO     LPNL-0002577 — Processing year 1834.
2025-03-14 22:38:28,298 __main__     INFO     LPNL-0002577 — Processing year 1836.
2025-03-14 23:03:03,333 __main__     INFO     LPNL-0002577 — Processing year 1818.
2025-03-14 23:23:17,109 __main__     INFO     LPNL-0002577 — Processing year 1829.
2025-03-14 23:43:34,794 __main__     INFO     ✅ LPNL-0002577 (35/100) - Done with the copy. There was 0 failed copies and problem_input_dirs:[].
2025-03-14 23:43:34,794 __main__     INFO     ---------- Processing NTSD - NLP 0002579 (36/100) ----------
2025-03-14 23:43:35,443 __main__     INFO     NTSD-0002579 — Processing year 1860.
2025-03-15 00:01:47,987 __main__     INFO     NTSD-0002579 — Processing year 1859.
2025-03-15 00:25:31,902 __main__     INFO     NTSD-0002579 — Processing year 1858.
2025-03-15 00:42:27,142 __main__     INFO     ✅ NTSD-0002579 (36/100) - Done with the copy. There was 0 failed copies and problem_input_dirs:[].
2025-03-15 00:42:27,143 __main__     INFO     ---------- Processing PATR - NLP 0002580 (37/100) ----------
2025-03-15 00:42:27,825 __main__     INFO     PATR-0002580 — Processing year 1860.
2025-03-15 01:06:08,432 __main__     INFO     PATR-0002580 — Processing year 1837.
2025-03-15 01:28:25,982 __main__     INFO     PATR-0002580 — Processing year 1842.
2025-03-15 01:54:34,541 __main__     INFO     PATR-0002580 — Processing year 1844.
2025-03-15 02:19:53,770 __main__     INFO     PATR-0002580 — Processing year 1856.
2025-03-15 02:41:18,234 __main__     INFO     PATR-0002580 — Processing year 1832.
2025-03-15 02:52:00,849 __main__     INFO     PATR-0002580 — Processing year 1846.
2025-03-15 03:18:43,469 __main__     INFO     PATR-0002580 — Processing year 1850.
2025-03-15 03:42:33,774 __main__     INFO     PATR-0002580 — Processing year 1833.
2025-03-15 03:54:08,420 __main__     INFO     PATR-0002580 — Processing year 1849.
2025-03-15 04:17:06,099 __main__     INFO     PATR-0002580 — Processing year 1840.
2025-03-15 04:40:25,106 __main__     INFO     PATR-0002580 — Processing year 1859.
2025-03-15 05:04:14,762 __main__     INFO     PATR-0002580 — Processing year 1835.
2025-03-15 05:15:40,887 __main__     INFO     PATR-0002580 — Processing year 1865.
2025-03-15 05:37:11,625 __main__     INFO     PATR-0002580 — Processing year 1858.
2025-03-15 06:00:50,587 __main__     INFO     PATR-0002580 — Processing year 1862.
2025-03-15 06:20:20,986 __main__     INFO     PATR-0002580 — Processing year 1843.
2025-03-15 06:43:18,169 __main__     INFO     PATR-0002580 — Processing year 1853.
2025-03-15 07:05:58,433 __main__     INFO     PATR-0002580 — Processing year 1866.
2025-03-15 07:27:12,112 __main__     INFO     PATR-0002580 — Processing year 1839.
2025-03-15 07:48:07,366 __main__     INFO     PATR-0002580 — Processing year 1847.
2025-03-15 08:13:47,694 __main__     INFO     PATR-0002580 — Processing year 1841.
2025-03-15 08:39:05,944 __main__     INFO     PATR-0002580 — Processing year 1861.
2025-03-15 08:59:45,268 __main__     INFO     PATR-0002580 — Processing year 1864.
2025-03-15 09:21:33,694 __main__     INFO     PATR-0002580 — Processing year 1851.
2025-03-15 09:50:59,612 __main__     INFO     PATR-0002580 — Processing year 1845.
2025-03-15 10:18:52,866 __main__     INFO     PATR-0002580 — Processing year 1854.
2025-03-15 10:47:41,084 __main__     INFO     PATR-0002580 — Processing year 1855.
2025-03-15 11:15:27,222 __main__     INFO     PATR-0002580 — Processing year 1834.
2025-03-15 11:29:47,562 __main__     INFO     PATR-0002580 — Processing year 1836.
2025-03-15 11:47:24,012 __main__     INFO     PATR-0002580 — Processing year 1852.
2025-03-15 12:14:34,134 __main__     INFO     PATR-0002580 — Processing year 1863.
2025-03-15 12:37:07,408 __main__     INFO     PATR-0002580 — Processing year 1848.
2025-03-15 13:01:57,419 __main__     INFO     PATR-0002580 — Processing year 1838.
2025-03-15 13:21:30,846 __main__     INFO     PATR-0002580 — Processing year 1857.
2025-03-15 13:42:07,939 __main__     INFO     ✅ PATR-0002580 (37/100) - Done with the copy. There was 0 failed copies and problem_input_dirs:[].
2025-03-15 13:42:07,940 __main__     INFO     ---------- Processing PHCW - NLP 0002581 (38/100) ----------
2025-03-15 13:42:08,498 __main__     INFO     PHCW-0002581 — Processing year 1834.
2025-03-15 13:42:15,273 __main__     INFO     ✅ PHCW-0002581 (38/100) - Done with the copy. There was 0 failed copies and problem_input_dirs:[].
2025-03-15 13:42:15,273 __main__     INFO     ---------- Processing PPLP - NLP 0002582 (39/100) ----------
2025-03-15 13:42:15,924 __main__     INFO     PPLP-0002582 — Processing year 1856.
2025-03-15 13:54:53,878 __main__     INFO     PPLP-0002582 — Processing year 1858.
2025-03-15 14:03:15,627 __main__     INFO     PPLP-0002582 — Processing year 1853.
2025-03-15 14:16:24,962 __main__     INFO     PPLP-0002582 — Processing year 1854.
2025-03-15 14:29:25,703 __main__     INFO     PPLP-0002582 — Processing year 1855.
2025-03-15 14:43:01,631 __main__     INFO     PPLP-0002582 — Processing year 1852.
2025-03-15 14:50:56,034 __main__     INFO     PPLP-0002582 — Processing year 1857.
2025-03-15 15:07:15,097 __main__     INFO     ✅ PPLP-0002582 (39/100) - Done with the copy. There was 0 failed copies and problem_input_dirs:[].
2025-03-15 15:07:15,098 __main__     INFO     ---------- Processing PLNT - NLP 0002583 (40/100) ----------
2025-03-15 15:07:15,735 __main__     INFO     PLNT-0002583 — Processing year 1837.
2025-03-15 15:08:17,696 __main__     INFO     PLNT-0002583 — Processing year 1842.
2025-03-15 15:23:37,972 __main__     INFO     PLNT-0002583 — Processing year 1844.
2025-03-15 15:25:31,560 __main__     INFO     PLNT-0002583 — Processing year 1840.
2025-03-15 15:42:17,148 __main__     INFO     PLNT-0002583 — Processing year 1843.
2025-03-15 15:56:41,102 __main__     INFO     PLNT-0002583 — Processing year 1839.
2025-03-15 16:10:52,640 __main__     INFO     PLNT-0002583 — Processing year 1841.
2025-03-15 16:27:43,926 __main__     INFO     PLNT-0002583 — Processing year 1838.
2025-03-15 16:40:52,569 __main__     INFO     ✅ PLNT-0002583 (40/100) - Done with the copy. There was 0 failed copies and problem_input_dirs:[].
2025-03-15 16:40:52,569 __main__     INFO     ---------- Processing POLL - NLP 0002584 (41/100) ----------
2025-03-15 16:40:53,061 __main__     INFO     POLL-0002584 — Processing year 1831.
2025-03-15 16:42:54,301 __main__     INFO     ✅ POLL-0002584 (41/100) - Done with the copy. There was 0 failed copies and problem_input_dirs:[].
2025-03-15 16:42:54,301 __main__     INFO     ---------- Processing BLOT - NLP 0002585 (42/100) ----------
2025-03-15 16:42:54,735 __main__     INFO     BLOT-0002585 — Processing year 1832.
2025-03-15 16:48:50,848 __main__     INFO     BLOT-0002585 — Processing year 1831.
2025-03-15 16:57:03,727 __main__     INFO     ✅ BLOT-0002585 (42/100) - Done with the copy. There was 0 failed copies and problem_input_dirs:[].
2025-03-15 16:57:03,728 __main__     INFO     ---------- Processing PORC - NLP 0002586 (43/100) ----------
2025-03-15 16:57:04,033 __main__     INFO     PORC-0002586 — Processing year 1800.
2025-03-15 17:03:35,293 __main__     INFO     PORC-0002586 — Processing year 1801.
2025-03-15 17:40:42,067 __main__     INFO     ✅ PORC-0002586 (43/100) - Done with the copy. There was 0 failed copies and problem_input_dirs:[].
2025-03-15 17:40:42,068 __main__     INFO     ---------- Processing RADL - NLP 0002587 (44/100) ----------
2025-03-15 17:40:42,586 __main__     INFO     RADL-0002587 — Processing year 1831.
2025-03-15 17:41:19,255 __main__     INFO     ✅ RADL-0002587 (44/100) - Done with the copy. There was 0 failed copies and problem_input_dirs:[].
2025-03-15 17:41:19,255 __main__     INFO     ---------- Processing REFM - NLP 0002588 (45/100) ----------
2025-03-15 17:41:19,433 __main__     INFO     REFM-0002588 — Processing year 1831.
2025-03-15 17:42:08,195 __main__     INFO     ✅ REFM-0002588 (45/100) - Done with the copy. There was 0 failed copies and problem_input_dirs:[].
2025-03-15 17:42:08,196 __main__     INFO     ---------- Processing RADL - NLP 0002589 (46/100) ----------
2025-03-15 17:42:08,882 __main__     INFO     RADL-0002589 — Processing year 1836.
2025-03-15 17:50:31,360 __main__     INFO     ✅ RADL-0002589 (46/100) - Done with the copy. There was 0 failed copies and problem_input_dirs:[].
2025-03-15 17:50:31,361 __main__     INFO     ---------- Processing TRSN - NLP 0002590 (47/100) ----------
2025-03-15 17:50:32,119 __main__     INFO     TRSN-0002590 — Processing year 1837.
2025-03-15 18:54:30,427 __main__     INFO     TRSN-0002590 — Processing year 1832.
2025-03-15 19:27:22,171 __main__     INFO     TRSN-0002590 — Processing year 1833.
2025-03-15 20:15:59,739 __main__     INFO     TRSN-0002590 — Processing year 1835.
2025-03-15 21:12:54,657 __main__     INFO     TRSN-0002590 — Processing year 1834.
2025-03-15 22:10:57,952 __main__     INFO     TRSN-0002590 — Processing year 1836.
2025-03-15 23:05:58,864 __main__     INFO     ✅ TRSN-0002590 (47/100) - Done with the copy. There was 0 failed copies and problem_input_dirs:[].
2025-03-15 23:05:58,865 __main__     INFO     ---------- Processing UNIV - NLP 0002591 (48/100) ----------
2025-03-15 23:05:59,534 __main__     INFO     UNIV-0002591 — Processing year 1846.
2025-03-15 23:17:15,126 __main__     INFO     UNIV-0002591 — Processing year 1847.
2025-03-15 23:27:53,335 __main__     INFO     UNIV-0002591 — Processing year 1848.
2025-03-15 23:33:50,079 __main__     INFO     ✅ UNIV-0002591 (48/100) - Done with the copy. There was 0 failed copies and problem_input_dirs:[].
2025-03-15 23:33:50,080 __main__     INFO     ---------- Processing TTLK - NLP 0002592 (49/100) ----------
2025-03-15 23:33:50,637 __main__     INFO     TTLK-0002592 — Processing year 1859.
2025-03-15 23:34:01,843 __main__     INFO     TTLK-0002592 — Processing year 1858.
2025-03-15 23:34:10,622 __main__     INFO     ✅ TTLK-0002592 (49/100) - Done with the copy. There was 0 failed copies and problem_input_dirs:[].
2025-03-15 23:34:10,622 __main__     INFO     ---------- Processing GEVP - NLP 0002593 (50/100) ----------
2025-03-15 23:34:10,903 __main__     INFO     GEVP-0002593 — Processing year 1811.
2025-03-15 23:49:57,912 __main__     INFO     GEVP-0002593 — Processing year 1813.
2025-03-15 23:50:04,494 __main__     INFO     GEVP-0002593 — Processing year 1810.
2025-03-16 00:05:27,957 __main__     INFO     GEVP-0002593 — Processing year 1806.
2025-03-16 00:20:30,418 __main__     INFO     GEVP-0002593 — Processing year 1808.
2025-03-16 00:35:57,827 __main__     INFO     GEVP-0002593 — Processing year 1807.
2025-03-16 00:50:30,543 __main__     INFO     GEVP-0002593 — Processing year 1821.
2025-03-16 01:08:06,716 __main__     INFO     GEVP-0002593 — Processing year 1809.
2025-03-16 01:24:01,458 __main__     INFO     GEVP-0002593 — Processing year 1819.
2025-03-16 01:38:30,526 __main__     INFO     GEVP-0002593 — Processing year 1805.
2025-03-16 01:51:56,287 __main__     INFO     GEVP-0002593 — Processing year 1804.
2025-03-16 02:04:52,949 __main__     INFO     GEVP-0002593 — Processing year 1801.
2025-03-16 02:18:03,355 __main__     INFO     GEVP-0002593 — Processing year 1803.
2025-03-16 02:32:07,136 __main__     INFO     GEVP-0002593 — Processing year 1820.
2025-03-16 02:46:07,691 __main__     INFO     GEVP-0002593 — Processing year 1812.
2025-03-16 02:56:06,123 __main__     INFO     GEVP-0002593 — Processing year 1822.
2025-03-16 02:57:40,650 __main__     INFO     GEVP-0002593 — Processing year 1802.
2025-03-16 03:10:42,493 __main__     INFO     GEVP-0002593 — Processing year 1818.
2025-03-16 03:23:53,193 __main__     INFO     ✅ GEVP-0002593 (50/100) - Done with the copy. There was 0 failed copies and problem_input_dirs:[].
2025-03-16 03:23:53,194 __main__     INFO     ---------- Processing LTLG - NLP 0002594 (51/100) ----------
2025-03-16 03:23:53,608 __main__     INFO     LTLG-0002594 — Processing year 1824.
2025-03-16 03:28:51,497 __main__     INFO     LTLG-0002594 — Processing year 1825.
2025-03-16 03:31:15,177 __main__     INFO     ✅ LTLG-0002594 (51/100) - Done with the copy. There was 0 failed copies and problem_input_dirs:[].
2025-03-16 03:31:15,177 __main__     INFO     ---------- Processing FODE - NLP 0002595 (52/100) ----------
2025-03-16 03:31:15,437 __main__     INFO     FODE-0002595 — Processing year 1874.
2025-03-16 03:40:14,783 __main__     INFO     FODE-0002595 — Processing year 1877.
2025-03-16 03:44:40,640 __main__     INFO     FODE-0002595 — Processing year 1873.
2025-03-16 03:46:15,773 __main__     INFO     FODE-0002595 — Processing year 1876.
2025-03-16 03:51:29,583 __main__     INFO     FODE-0002595 — Processing year 1875.
2025-03-16 03:57:48,141 __main__     INFO     ✅ FODE-0002595 (52/100) - Done with the copy. There was 0 failed copies and problem_input_dirs:[].
2025-03-16 03:57:48,142 __main__     INFO     ---------- Processing CFTM - NLP 0002596 (53/100) ----------
2025-03-16 03:57:48,872 __main__     INFO     CFTM-0002596 — Processing year 1898.
2025-03-16 04:08:39,080 __main__     INFO     CFTM-0002596 — Processing year 1885.
2025-03-16 04:17:41,045 __main__     INFO     CFTM-0002596 — Processing year 1899.
2025-03-16 04:28:52,823 __main__     INFO     CFTM-0002596 — Processing year 1901.
2025-03-16 04:38:26,532 __main__     INFO     CFTM-0002596 — Processing year 1917.
2025-03-16 04:43:54,097 __main__     INFO     CFTM-0002596 — Processing year 1892.
2025-03-16 04:53:01,731 __main__     INFO     CFTM-0002596 — Processing year 1915.
2025-03-16 04:59:10,100 __main__     INFO     CFTM-0002596 — Processing year 1895.
2025-03-16 05:07:17,767 __main__     INFO     CFTM-0002596 — Processing year 1900.
2025-03-16 05:18:30,751 __main__     INFO     CFTM-0002596 — Processing year 1887.
2025-03-16 05:29:04,142 __main__     INFO     CFTM-0002596 — Processing year 1919.
2025-03-16 05:34:07,751 __main__     INFO     CFTM-0002596 — Processing year 1912.
2025-03-16 05:46:51,434 __main__     INFO     CFTM-0002596 — Processing year 1914.
2025-03-16 05:56:51,189 __main__     INFO     CFTM-0002596 — Processing year 1889.
2025-03-16 06:07:41,740 __main__     INFO     CFTM-0002596 — Processing year 1913.
2025-03-16 06:17:23,930 __main__     INFO     CFTM-0002596 — Processing year 1893.
2025-03-16 06:27:50,556 __main__     INFO     CFTM-0002596 — Processing year 1888.
2025-03-16 06:38:57,953 __main__     INFO     CFTM-0002596 — Processing year 1907.
2025-03-16 06:49:43,378 __main__     INFO     CFTM-0002596 — Processing year 1916.
2025-03-16 06:57:38,449 __main__     INFO     CFTM-0002596 — Processing year 1911.
2025-03-16 07:07:24,608 __main__     INFO     CFTM-0002596 — Processing year 1903.
2025-03-16 07:16:18,525 __main__     INFO     CFTM-0002596 — Processing year 1896.
2025-03-16 07:26:31,860 __main__     INFO     CFTM-0002596 — Processing year 1904.
2025-03-16 07:36:38,083 __main__     INFO     CFTM-0002596 — Processing year 1910.
2025-03-16 07:46:06,815 __main__     INFO     CFTM-0002596 — Processing year 1891.
2025-03-16 07:55:27,991 __main__     INFO     CFTM-0002596 — Processing year 1920.
2025-03-16 08:00:05,309 __main__     INFO     CFTM-0002596 — Processing year 1905.
2025-03-16 08:10:23,578 __main__     INFO     CFTM-0002596 — Processing year 1894.
2025-03-16 08:17:44,205 __main__     INFO     CFTM-0002596 — Processing year 1906.
2025-03-16 08:25:48,997 __main__     INFO     CFTM-0002596 — Processing year 1909.
2025-03-16 08:34:55,166 __main__     INFO     CFTM-0002596 — Processing year 1902.
2025-03-16 08:42:01,116 __main__     INFO     CFTM-0002596 — Processing year 1908.
2025-03-16 08:49:14,044 __main__     INFO     CFTM-0002596 — Processing year 1886.
2025-03-16 08:56:14,372 __main__     INFO     CFTM-0002596 — Processing year 1897.
2025-03-16 09:04:35,770 __main__     INFO     CFTM-0002596 — Processing year 1918.
2025-03-16 09:07:49,227 __main__     INFO     ✅ CFTM-0002596 (53/100) - Done with the copy. There was 0 failed copies and problem_input_dirs:[].
2025-03-16 09:07:49,227 __main__     INFO     ---------- Processing WAEX - NLP 0002597 (54/100) ----------
2025-03-16 09:07:49,615 __main__     INFO     WAEX-0002597 — Processing year 1870.
2025-03-16 09:13:21,628 __main__     INFO     WAEX-0002597 — Processing year 1874.
2025-03-16 09:20:07,817 __main__     INFO     WAEX-0002597 — Processing year 1878.
2025-03-16 09:21:01,362 __main__     INFO     WAEX-0002597 — Processing year 1877.
2025-03-16 09:23:53,045 __main__     INFO     WAEX-0002597 — Processing year 1869.
2025-03-16 09:25:43,647 __main__     INFO     WAEX-0002597 — Processing year 1873.
2025-03-16 09:32:34,364 __main__     INFO     WAEX-0002597 — Processing year 1872.
2025-03-16 09:39:43,434 __main__     INFO     WAEX-0002597 — Processing year 1871.
2025-03-16 09:46:55,524 __main__     INFO     WAEX-0002597 — Processing year 1876.
2025-03-16 09:54:44,998 __main__     INFO     WAEX-0002597 — Processing year 1875.
2025-03-16 10:01:59,949 __main__     INFO     ✅ WAEX-0002597 (54/100) - Done with the copy. There was 0 failed copies and problem_input_dirs:[].
2025-03-16 10:01:59,950 __main__     INFO     ---------- Processing WAEX - NLP 0002598 (55/100) ----------
2025-03-16 10:02:00,483 __main__     INFO     WAEX-0002598 — Processing year 1885.
2025-03-16 10:16:12,307 __main__     INFO     WAEX-0002598 — Processing year 1899.
2025-03-16 10:29:43,892 __main__     INFO     WAEX-0002598 — Processing year 1901.
2025-03-16 10:43:26,908 __main__     INFO     WAEX-0002598 — Processing year 1880.
2025-03-16 10:49:49,701 __main__     INFO     WAEX-0002598 — Processing year 1892.
2025-03-16 11:04:10,436 __main__     INFO     WAEX-0002598 — Processing year 1895.
2025-03-16 11:17:59,284 __main__     INFO     WAEX-0002598 — Processing year 1900.
2025-03-16 11:31:33,949 __main__     INFO     WAEX-0002598 — Processing year 1887.
2025-03-16 11:45:26,024 __main__     INFO     WAEX-0002598 — Processing year 1889.
2025-03-16 11:53:49,891 __main__     INFO     WAEX-0002598 — Processing year 1893.
2025-03-16 12:07:00,392 __main__     INFO     WAEX-0002598 — Processing year 1888.
2025-03-16 12:21:02,409 __main__     INFO     WAEX-0002598 — Processing year 1907.
2025-03-16 12:33:38,000 __main__     INFO     WAEX-0002598 — Processing year 1903.
2025-03-16 12:47:32,833 __main__     INFO     WAEX-0002598 — Processing year 1883.
2025-03-16 13:00:58,536 __main__     INFO     WAEX-0002598 — Processing year 1884.
2025-03-16 13:15:13,756 __main__     INFO     WAEX-0002598 — Processing year 1890.
2025-03-16 13:29:15,116 __main__     INFO     WAEX-0002598 — Processing year 1904.
2025-03-16 13:43:03,409 __main__     INFO     WAEX-0002598 — Processing year 1891.
2025-03-16 13:56:50,825 __main__     INFO     WAEX-0002598 — Processing year 1905.
2025-03-16 14:10:29,516 __main__     INFO     WAEX-0002598 — Processing year 1894.
2025-03-16 14:24:35,197 __main__     INFO     WAEX-0002598 — Processing year 1879.
2025-03-16 14:33:37,736 __main__     INFO     WAEX-0002598 — Processing year 1906.
2025-03-16 14:47:16,422 __main__     INFO     WAEX-0002598 — Processing year 1909.
2025-03-16 14:49:31,552 __main__     INFO     WAEX-0002598 — Processing year 1902.
2025-03-16 15:03:30,325 __main__     INFO     WAEX-0002598 — Processing year 1908.
2025-03-16 15:17:35,772 __main__     INFO     WAEX-0002598 — Processing year 1886.
2025-03-16 15:31:58,897 __main__     INFO     WAEX-0002598 — Processing year 1881.
2025-03-16 15:43:35,151 __main__     INFO     ✅ WAEX-0002598 (55/100) - Done with the copy. There was 0 failed copies and problem_input_dirs:[].
2025-03-16 15:43:35,152 __main__     INFO     ---------- Processing SSEX - NLP 0002599 (56/100) ----------
2025-03-16 15:43:35,439 __main__     INFO     SSEX-0002599 — Processing year 1874.
2025-03-16 15:47:37,354 __main__     INFO     ✅ SSEX-0002599 (56/100) - Done with the copy. There was 0 failed copies and problem_input_dirs:[].
2025-03-16 15:47:37,355 __main__     INFO     ---------- Processing SHRE - NLP 0002600 (57/100) ----------
2025-03-16 15:47:37,918 __main__     INFO     SHRE-0002600 — Processing year 1874.
2025-03-16 15:54:35,271 __main__     INFO     SHRE-0002600 — Processing year 1877.
2025-03-16 16:01:48,507 __main__     INFO     SHRE-0002600 — Processing year 1876.
2025-03-16 16:11:13,427 __main__     INFO     SHRE-0002600 — Processing year 1875.
2025-03-16 16:19:40,744 __main__     INFO     ✅ SHRE-0002600 (57/100) - Done with the copy. There was 0 failed copies and problem_input_dirs:[].
2025-03-16 16:19:40,747 __main__     INFO     ---------- Processing WDEX - NLP 0002601 (58/100) ----------
2025-03-16 16:19:41,244 __main__     INFO     WDEX-0002601 — Processing year 1898.
2025-03-16 16:29:02,049 __main__     INFO     WDEX-0002601 — Processing year 1885.
2025-03-16 16:38:44,307 __main__     INFO     WDEX-0002601 — Processing year 1899.
2025-03-16 16:55:08,961 __main__     INFO     WDEX-0002601 — Processing year 1901.
2025-03-16 17:05:57,176 __main__     INFO     WDEX-0002601 — Processing year 1878.
2025-03-16 17:06:46,449 __main__     INFO     WDEX-0002601 — Processing year 1917.
2025-03-16 17:20:40,639 __main__     INFO     WDEX-0002601 — Processing year 1880.
2025-03-16 17:26:43,347 __main__     INFO     WDEX-0002601 — Processing year 1892.
2025-03-16 17:37:27,180 __main__     INFO     WDEX-0002601 — Processing year 1915.
2025-03-16 17:53:39,672 __main__     INFO     WDEX-0002601 — Processing year 1895.
2025-03-16 18:04:59,585 __main__     INFO     WDEX-0002601 — Processing year 1882.
2025-03-16 18:19:29,450 __main__     INFO     WDEX-0002601 — Processing year 1900.
2025-03-16 18:33:34,048 __main__     INFO     WDEX-0002601 — Processing year 1877.
2025-03-16 18:36:19,552 __main__     INFO     WDEX-0002601 — Processing year 1887.
2025-03-16 18:45:36,119 __main__     INFO     WDEX-0002601 — Processing year 1919.
2025-03-16 19:01:46,884 __main__     INFO     WDEX-0002601 — Processing year 1912.
2025-03-16 19:13:12,286 __main__     INFO     WDEX-0002601 — Processing year 1914.
2025-03-16 19:24:57,584 __main__     INFO     WDEX-0002601 — Processing year 1889.
2025-03-16 19:30:56,531 __main__     INFO     WDEX-0002601 — Processing year 1913.
2025-03-16 19:50:12,125 __main__     INFO     WDEX-0002601 — Processing year 1893.
2025-03-16 20:00:52,333 __main__     INFO     WDEX-0002601 — Processing year 1888.
2025-03-16 20:09:41,259 __main__     INFO     WDEX-0002601 — Processing year 1907.
2025-03-16 20:22:24,550 __main__     INFO     WDEX-0002601 — Processing year 1916.
2025-03-16 20:35:56,253 __main__     INFO     WDEX-0002601 — Processing year 1911.
2025-03-16 20:42:16,956 __main__     INFO     WDEX-0002601 — Processing year 1903.
2025-03-16 20:54:49,848 __main__     INFO     WDEX-0002601 — Processing year 1883.
2025-03-16 21:06:56,493 __main__     INFO     WDEX-0002601 — Processing year 1884.
2025-03-16 21:16:32,883 __main__     INFO     WDEX-0002601 — Processing year 1896.
2025-03-16 21:28:40,317 __main__     INFO     WDEX-0002601 — Processing year 1890.
2025-03-16 21:37:22,789 __main__     INFO     WDEX-0002601 — Processing year 1904.
2025-03-16 21:49:54,156 __main__     INFO     WDEX-0002601 — Processing year 1910.
2025-03-16 22:04:40,046 __main__     INFO     WDEX-0002601 — Processing year 1891.
2025-03-16 22:16:43,042 __main__     INFO     WDEX-0002601 — Processing year 1920.
2025-03-16 22:32:25,744 __main__     INFO     WDEX-0002601 — Processing year 1905.
2025-03-16 22:40:45,454 __main__     INFO     WDEX-0002601 — Processing year 1894.
2025-03-16 22:52:39,557 __main__     INFO     WDEX-0002601 — Processing year 1879.
2025-03-16 22:55:14,347 __main__     INFO     WDEX-0002601 — Processing year 1876.
2025-03-16 22:56:50,337 __main__     INFO     WDEX-0002601 — Processing year 1906.
2025-03-16 23:05:04,682 __main__     INFO     WDEX-0002601 — Processing year 1909.
2025-03-16 23:18:41,256 __main__     INFO     WDEX-0002601 — Processing year 1902.
2025-03-16 23:27:55,290 __main__     INFO     WDEX-0002601 — Processing year 1908.
2025-03-16 23:37:26,853 __main__     INFO     WDEX-0002601 — Processing year 1886.
2025-03-16 23:49:49,547 __main__     INFO     WDEX-0002601 — Processing year 1897.
2025-03-16 23:54:27,515 __main__     INFO     WDEX-0002601 — Processing year 1881.
2025-03-17 00:03:45,397 __main__     INFO     WDEX-0002601 — Processing year 1918.
2025-03-17 00:14:46,530 __main__     INFO     ✅ WDEX-0002601 (58/100) - Done with the copy. There was 0 failed copies and problem_input_dirs:[].
2025-03-17 00:14:46,531 __main__     INFO     ---------- Processing MEWT - NLP 0002602 (59/100) ----------
2025-03-17 00:14:47,004 __main__     INFO     MEWT-0002602 — Processing year 1874.
2025-03-17 00:15:42,085 __main__     INFO     MEWT-0002602 — Processing year 1875.
2025-03-17 00:24:26,431 __main__     INFO     ✅ MEWT-0002602 (59/100) - Done with the copy. There was 0 failed copies and problem_input_dirs:[].
2025-03-17 00:24:26,432 __main__     INFO     ---------- Processing MEWT - NLP 0002603 (60/100) ----------
2025-03-17 00:24:26,855 __main__     INFO     MEWT-0002603 — Processing year 1876.
2025-03-17 00:32:04,859 __main__     INFO     MEWT-0002603 — Processing year 1875.
2025-03-17 00:33:06,040 __main__     INFO     ✅ MEWT-0002603 (60/100) - Done with the copy. There was 0 failed copies and problem_input_dirs:[].
2025-03-17 00:33:06,041 __main__     INFO     ---------- Processing MEWT - NLP 0002604 (61/100) ----------
2025-03-17 00:33:06,436 __main__     INFO     MEWT-0002604 — Processing year 1878.
2025-03-17 00:38:45,256 __main__     INFO     MEWT-0002604 — Processing year 1877.
2025-03-17 00:39:43,515 __main__     INFO     ✅ MEWT-0002604 (61/100) - Done with the copy. There was 0 failed copies and problem_input_dirs:[].
2025-03-17 00:39:43,516 __main__     INFO     ---------- Processing MEWT - NLP 0002605 (62/100) ----------
2025-03-17 00:39:43,734 __main__     INFO     MEWT-0002605 — Processing year 1877.
2025-03-17 00:44:45,534 __main__     INFO     ✅ MEWT-0002605 (62/100) - Done with the copy. There was 0 failed copies and problem_input_dirs:[].
2025-03-17 00:44:45,535 __main__     INFO     ---------- Processing CCEX - NLP 0002606 (63/100) ----------
2025-03-17 00:44:46,061 __main__     INFO     CCEX-0002606 — Processing year 1874.
2025-03-17 00:48:04,777 __main__     INFO     CCEX-0002606 — Processing year 1877.
2025-03-17 00:52:43,437 __main__     INFO     CCEX-0002606 — Processing year 1876.
2025-03-17 00:59:14,338 __main__     INFO     CCEX-0002606 — Processing year 1875.
2025-03-17 01:05:02,045 __main__     INFO     ✅ CCEX-0002606 (63/100) - Done with the copy. There was 0 failed copies and problem_input_dirs:[].
2025-03-17 01:05:02,046 __main__     INFO     ---------- Processing SESD - NLP 0002607 (64/100) ----------
2025-03-17 01:05:02,423 __main__     INFO     SESD-0002607 — Processing year 1878.
2025-03-17 01:11:28,618 __main__     INFO     SESD-0002607 — Processing year 1879.
2025-03-17 01:16:58,195 __main__     INFO     ✅ SESD-0002607 (64/100) - Done with the copy. There was 0 failed copies and problem_input_dirs:[].
2025-03-17 01:16:58,196 __main__     INFO     ---------- Processing RUEX - NLP 0002608 (65/100) ----------
2025-03-17 01:16:58,387 __main__     INFO     RUEX-0002608 — Processing year 1870.
2025-03-17 01:20:18,887 __main__     INFO     RUEX-0002608 — Processing year 1874.
2025-03-17 01:25:43,117 __main__     INFO     RUEX-0002608 — Processing year 1873.
2025-03-17 01:32:37,827 __main__     INFO     RUEX-0002608 — Processing year 1872.
2025-03-17 01:37:00,484 __main__     INFO     RUEX-0002608 — Processing year 1871.
2025-03-17 01:42:18,537 __main__     INFO     RUEX-0002608 — Processing year 1876.
2025-03-17 01:45:32,458 __main__     INFO     RUEX-0002608 — Processing year 1875.
2025-03-17 01:52:11,025 __main__     INFO     ✅ RUEX-0002608 (65/100) - Done with the copy. There was 0 failed copies and problem_input_dirs:[].
2025-03-17 01:52:11,026 __main__     INFO     ---------- Processing RUEX - NLP 0002609 (66/100) ----------
2025-03-17 01:52:11,470 __main__     INFO     RUEX-0002609 — Processing year 1898.
2025-03-17 02:02:22,556 __main__     INFO     RUEX-0002609 — Processing year 1885.
2025-03-17 02:17:05,734 __main__     INFO     RUEX-0002609 — Processing year 1901.
2025-03-17 02:35:25,107 __main__     INFO     RUEX-0002609 — Processing year 1878.
2025-03-17 02:36:22,712 __main__     INFO     RUEX-0002609 — Processing year 1917.
2025-03-17 02:49:31,813 __main__     INFO     RUEX-0002609 — Processing year 1880.
2025-03-17 03:02:58,971 __main__     INFO     RUEX-0002609 — Processing year 1892.
2025-03-17 03:08:13,810 __main__     INFO     RUEX-0002609 — Processing year 1915.
2025-03-17 03:24:05,839 __main__     INFO     RUEX-0002609 — Processing year 1895.
2025-03-17 03:35:35,127 __main__     INFO     RUEX-0002609 — Processing year 1900.
2025-03-17 03:46:37,695 __main__     INFO     RUEX-0002609 — Processing year 1877.
2025-03-17 03:49:53,328 __main__     INFO     RUEX-0002609 — Processing year 1887.
2025-03-17 03:59:29,729 __main__     INFO     RUEX-0002609 — Processing year 1919.
2025-03-17 04:11:33,853 __main__     INFO     RUEX-0002609 — Processing year 1912.
2025-03-17 04:26:47,537 __main__     INFO     RUEX-0002609 — Processing year 1914.
2025-03-17 04:38:35,728 __main__     INFO     RUEX-0002609 — Processing year 1889.
2025-03-17 04:46:55,590 __main__     INFO     RUEX-0002609 — Processing year 1913.
2025-03-17 05:10:40,994 __main__     INFO     RUEX-0002609 — Processing year 1893.
2025-03-17 05:23:57,989 __main__     INFO     RUEX-0002609 — Processing year 1888.
2025-03-17 05:36:39,634 __main__     INFO     RUEX-0002609 — Processing year 1907.
2025-03-17 05:46:07,665 __main__     INFO     RUEX-0002609 — Processing year 1916.
2025-03-17 05:56:27,186 __main__     INFO     RUEX-0002609 — Processing year 1911.
2025-03-17 06:10:50,866 __main__     INFO     RUEX-0002609 — Processing year 1903.
2025-03-17 06:25:11,591 __main__     INFO     RUEX-0002609 — Processing year 1883.
2025-03-17 06:36:19,929 __main__     INFO     RUEX-0002609 — Processing year 1884.
2025-03-17 06:45:17,125 __main__     INFO     RUEX-0002609 — Processing year 1890.
2025-03-17 06:58:45,083 __main__     INFO     RUEX-0002609 — Processing year 1904.
2025-03-17 07:08:29,665 __main__     INFO     RUEX-0002609 — Processing year 1891.
2025-03-17 07:21:19,016 __main__     INFO     RUEX-0002609 — Processing year 1920.
2025-03-17 07:34:59,812 __main__     INFO     RUEX-0002609 — Processing year 1905.
2025-03-17 07:44:39,627 __main__     INFO     RUEX-0002609 — Processing year 1894.
2025-03-17 07:56:59,960 __main__     INFO     RUEX-0002609 — Processing year 1879.
2025-03-17 08:02:59,266 __main__     INFO     RUEX-0002609 — Processing year 1906.
2025-03-17 08:15:37,683 __main__     INFO     RUEX-0002609 — Processing year 1909.
2025-03-17 08:30:29,981 __main__     INFO     RUEX-0002609 — Processing year 1902.
2025-03-17 08:39:45,781 __main__     INFO     RUEX-0002609 — Processing year 1908.
2025-03-17 08:52:39,255 __main__     INFO     RUEX-0002609 — Processing year 1886.
2025-03-17 09:05:44,336 __main__     INFO     RUEX-0002609 — Processing year 1881.
2025-03-17 09:15:31,248 __main__     INFO     RUEX-0002609 — Processing year 1918.
2025-03-17 09:24:57,376 __main__     INFO     ✅ RUEX-0002609 (66/100) - Done with the copy. There was 0 failed copies and problem_input_dirs:[].
2025-03-17 09:24:57,377 __main__     INFO     ---------- Processing SHEP - NLP 0002610 (67/100) ----------
2025-03-17 09:24:57,890 __main__     INFO     SHEP-0002610 — Processing year 1898.
2025-03-17 09:30:21,377 __main__     INFO     SHEP-0002610 — Processing year 1885.
2025-03-17 09:46:04,804 __main__     INFO     SHEP-0002610 — Processing year 1899.
2025-03-17 09:59:02,023 __main__     INFO     SHEP-0002610 — Processing year 1901.
2025-03-17 10:12:06,641 __main__     INFO     SHEP-0002610 — Processing year 1917.
2025-03-17 10:26:32,214 __main__     INFO     SHEP-0002610 — Processing year 1880.
2025-03-17 10:40:47,006 __main__     INFO     SHEP-0002610 — Processing year 1892.
2025-03-17 10:53:39,584 __main__     INFO     SHEP-0002610 — Processing year 1915.
2025-03-17 11:08:33,156 __main__     INFO     SHEP-0002610 — Processing year 1895.
2025-03-17 11:23:05,489 __main__     INFO     SHEP-0002610 — Processing year 1882.
2025-03-17 11:37:29,224 __main__     INFO     SHEP-0002610 — Processing year 1900.
2025-03-17 11:51:38,706 __main__     INFO     SHEP-0002610 — Processing year 1887.
2025-03-17 12:01:06,570 __main__     INFO     SHEP-0002610 — Processing year 1919.
2025-03-17 12:12:51,048 __main__     INFO     SHEP-0002610 — Processing year 1912.
2025-03-17 12:28:49,835 __main__     INFO     SHEP-0002610 — Processing year 1914.
2025-03-17 12:46:55,949 __main__     INFO     SHEP-0002610 — Processing year 1889.
2025-03-17 12:51:56,140 __main__     INFO     SHEP-0002610 — Processing year 1913.
2025-03-17 13:08:38,678 __main__     INFO     SHEP-0002610 — Processing year 1893.
2025-03-17 13:22:03,402 __main__     INFO     SHEP-0002610 — Processing year 1888.
2025-03-17 13:36:35,814 __main__     INFO     SHEP-0002610 — Processing year 1907.
2025-03-17 13:49:47,381 __main__     INFO     SHEP-0002610 — Processing year 1916.
2025-03-17 14:00:55,304 __main__     INFO     SHEP-0002610 — Processing year 1903.
2025-03-17 14:17:34,328 __main__     INFO     SHEP-0002610 — Processing year 1883.
2025-03-17 14:33:26,099 __main__     INFO     SHEP-0002610 — Processing year 1884.
2025-03-17 14:44:27,649 __main__     INFO     SHEP-0002610 — Processing year 1896.
2025-03-17 14:59:20,012 __main__     INFO     SHEP-0002610 — Processing year 1890.
2025-03-17 15:14:52,537 __main__     INFO     SHEP-0002610 — Processing year 1904.
2025-03-17 15:32:00,351 __main__     INFO     SHEP-0002610 — Processing year 1910.
2025-03-17 15:51:51,750 __main__     INFO     SHEP-0002610 — Processing year 1891.
2025-03-17 16:07:43,803 __main__     INFO     SHEP-0002610 — Processing year 1920.
2025-03-17 16:22:24,030 __main__     INFO     SHEP-0002610 — Processing year 1905.
2025-03-17 16:38:43,884 __main__     INFO     SHEP-0002610 — Processing year 1894.
2025-03-17 16:54:50,417 __main__     INFO     SHEP-0002610 — Processing year 1879.
2025-03-17 16:58:16,999 __main__     INFO     SHEP-0002610 — Processing year 1906.
2025-03-17 17:14:04,388 __main__     INFO     SHEP-0002610 — Processing year 1909.
2025-03-17 17:32:59,020 __main__     INFO     SHEP-0002610 — Processing year 1902.
2025-03-17 17:47:55,215 __main__     INFO     SHEP-0002610 — Processing year 1908.
2025-03-17 18:02:47,934 __main__     INFO     SHEP-0002610 — Processing year 1886.
2025-03-17 18:18:03,603 __main__     INFO     SHEP-0002610 — Processing year 1881.
2025-03-17 18:34:03,360 __main__     INFO     SHEP-0002610 — Processing year 1918.
2025-03-17 18:50:19,843 __main__     INFO     ✅ SHEP-0002610 (67/100) - Done with the copy. There was 0 failed copies and problem_input_dirs:[].
2025-03-17 18:50:19,843 __main__     INFO     ---------- Processing STEX - NLP 0002611 (68/100) ----------
2025-03-17 18:50:20,321 __main__     INFO     STEX-0002611 — Processing year 1876.
2025-03-17 18:52:20,978 __main__     INFO     ✅ STEX-0002611 (68/100) - Done with the copy. There was 0 failed copies and problem_input_dirs:[].
2025-03-17 18:52:20,979 __main__     INFO     ---------- Processing POEX - NLP 0002612 (69/100) ----------
2025-03-17 18:52:21,421 __main__     INFO     POEX-0002612 — Processing year 1874.
2025-03-17 18:58:30,828 __main__     INFO     POEX-0002612 — Processing year 1878.
2025-03-17 19:05:13,015 __main__     INFO     POEX-0002612 — Processing year 1880.
2025-03-17 19:08:08,347 __main__     INFO     POEX-0002612 — Processing year 1877.
2025-03-17 19:14:33,099 __main__     INFO     POEX-0002612 — Processing year 1873.
2025-03-17 19:20:17,417 __main__     INFO     POEX-0002612 — Processing year 1872.
2025-03-17 19:26:19,741 __main__     INFO     POEX-0002612 — Processing year 1871.
2025-03-17 19:30:08,278 __main__     INFO     POEX-0002612 — Processing year 1879.
2025-03-17 19:36:39,855 __main__     INFO     POEX-0002612 — Processing year 1876.
2025-03-17 19:43:11,322 __main__     INFO     POEX-0002612 — Processing year 1875.
2025-03-17 19:49:16,063 __main__     INFO     ✅ POEX-0002612 (69/100) - Done with the copy. There was 0 failed copies and problem_input_dirs:[].
2025-03-17 19:49:16,064 __main__     INFO     ---------- Processing POEX - NLP 0002613 (70/100) ----------
2025-03-17 19:49:16,475 __main__     INFO     POEX-0002613 — Processing year 1880.
2025-03-17 19:53:07,747 __main__     INFO     POEX-0002613 — Processing year 1881.
2025-03-17 20:00:06,655 __main__     INFO     ✅ POEX-0002613 (70/100) - Done with the copy. There was 0 failed copies and problem_input_dirs:[].
2025-03-17 20:00:06,655 __main__     INFO     ---------- Processing STUE - NLP 0002614 (71/100) ----------
2025-03-17 20:00:06,928 __main__     INFO     STUE-0002614 — Processing year 1880.
2025-03-17 20:01:53,781 __main__     INFO     STUE-0002614 — Processing year 1879.
2025-03-17 20:10:14,315 __main__     INFO     ✅ STUE-0002614 (71/100) - Done with the copy. There was 0 failed copies and problem_input_dirs:[].
2025-03-17 20:10:14,316 __main__     INFO     ---------- Processing TMEW - NLP 0002615 (72/100) ----------
2025-03-17 20:10:14,910 __main__     INFO     TMEW-0002615 — Processing year 1873.
2025-03-17 20:11:15,379 __main__     INFO     ✅ TMEW-0002615 (72/100) - Done with the copy. There was 0 failed copies and problem_input_dirs:[].
2025-03-17 20:11:15,380 __main__     INFO     ---------- Processing TMEW - NLP 0002616 (73/100) ----------
2025-03-17 20:11:15,704 __main__     INFO     TMEW-0002616 — Processing year 1874.
2025-03-17 20:20:02,676 __main__     INFO     TMEW-0002616 — Processing year 1873.
2025-03-17 20:20:13,026 __main__     INFO     TMEW-0002616 — Processing year 1876.
2025-03-17 20:20:42,717 __main__     INFO     TMEW-0002616 — Processing year 1875.
2025-03-17 20:30:34,253 __main__     INFO     ✅ TMEW-0002616 (73/100) - Done with the copy. There was 0 failed copies and problem_input_dirs:[].
2025-03-17 20:30:34,254 __main__     INFO     ---------- Processing DHEX - NLP 0002617 (74/100) ----------
2025-03-17 20:30:34,676 __main__     INFO     DHEX-0002617 — Processing year 1874.
2025-03-17 20:32:15,371 __main__     INFO     DHEX-0002617 — Processing year 1873.
2025-03-17 20:36:16,919 __main__     INFO     ✅ DHEX-0002617 (74/100) - Done with the copy. There was 0 failed copies and problem_input_dirs:[].
2025-03-17 20:36:16,920 __main__     INFO     ---------- Processing DHEX - NLP 0002618 (75/100) ----------
2025-03-17 20:36:17,276 __main__     INFO     DHEX-0002618 — Processing year 1874.
2025-03-17 20:41:22,714 __main__     INFO     DHEX-0002618 — Processing year 1875.
2025-03-17 20:47:58,122 __main__     INFO     ✅ DHEX-0002618 (75/100) - Done with the copy. There was 0 failed copies and problem_input_dirs:[].
2025-03-17 20:47:58,122 __main__     INFO     ---------- Processing DHEX - NLP 0002619 (76/100) ----------
2025-03-17 20:47:58,456 __main__     INFO     DHEX-0002619 — Processing year 1878.
2025-03-17 20:49:07,285 __main__     INFO     DHEX-0002619 — Processing year 1877.
2025-03-17 20:55:56,096 __main__     INFO     DHEX-0002619 — Processing year 1876.
2025-03-17 21:02:35,888 __main__     INFO     DHEX-0002619 — Processing year 1875.
2025-03-17 21:04:08,373 __main__     INFO     ✅ DHEX-0002619 (76/100) - Done with the copy. There was 0 failed copies and problem_input_dirs:[].
2025-03-17 21:04:08,374 __main__     INFO     ---------- Processing DHEX - NLP 0002620 (77/100) ----------
2025-03-17 21:04:08,822 __main__     INFO     DHEX-0002620 — Processing year 1885.
2025-03-17 21:11:15,248 __main__     INFO     DHEX-0002620 — Processing year 1878.
2025-03-17 21:17:18,942 __main__     INFO     DHEX-0002620 — Processing year 1880.
2025-03-17 21:23:08,327 __main__     INFO     DHEX-0002620 — Processing year 1892.
2025-03-17 21:27:02,708 __main__     INFO     DHEX-0002620 — Processing year 1882.
2025-03-17 21:33:11,110 __main__     INFO     DHEX-0002620 — Processing year 1887.
2025-03-17 21:39:57,832 __main__     INFO     DHEX-0002620 — Processing year 1889.
2025-03-17 21:45:14,806 __main__     INFO     DHEX-0002620 — Processing year 1888.
2025-03-17 21:51:50,485 __main__     INFO     DHEX-0002620 — Processing year 1883.
2025-03-17 21:57:52,612 __main__     INFO     DHEX-0002620 — Processing year 1884.
2025-03-17 22:03:44,411 __main__     INFO     DHEX-0002620 — Processing year 1890.
2025-03-17 22:10:19,245 __main__     INFO     DHEX-0002620 — Processing year 1891.
2025-03-17 22:16:51,575 __main__     INFO     DHEX-0002620 — Processing year 1879.
2025-03-17 22:23:42,009 __main__     INFO     DHEX-0002620 — Processing year 1886.
2025-03-17 22:29:39,302 __main__     INFO     DHEX-0002620 — Processing year 1881.
2025-03-17 22:35:59,342 __main__     INFO     ✅ DHEX-0002620 (77/100) - Done with the copy. There was 0 failed copies and problem_input_dirs:[].
2025-03-17 22:35:59,343 __main__     INFO     ---------- Processing ECWP - NLP 0002630 (78/100) ----------
2025-03-17 22:35:59,994 __main__     INFO     ECWP-0002630 — Processing year 1801.
2025-03-17 22:36:35,768 __main__     INFO     ECWP-0002630 — Processing year 1802.
2025-03-17 22:38:28,679 __main__     INFO     ✅ ECWP-0002630 (78/100) - Done with the copy. There was 0 failed copies and problem_input_dirs:[].
2025-03-17 22:38:28,680 __main__     INFO     ---------- Processing ECWP - NLP 0002631 (79/100) ----------
2025-03-17 22:38:29,121 __main__     INFO     ECWP-0002631 — Processing year 1814.
2025-03-17 22:44:02,398 __main__     INFO     ECWP-0002631 — Processing year 1811.
2025-03-17 22:44:09,142 __main__     INFO     ECWP-0002631 — Processing year 1810.
2025-03-17 22:44:24,647 __main__     INFO     ECWP-0002631 — Processing year 1824.
2025-03-17 23:07:33,769 __main__     INFO     ECWP-0002631 — Processing year 1837.
2025-03-17 23:37:56,773 __main__     INFO     ECWP-0002631 — Processing year 1807.
2025-03-17 23:49:47,660 __main__     INFO     ECWP-0002631 — Processing year 1842.
2025-03-18 00:29:52,703 __main__     INFO     ECWP-0002631 — Processing year 1823.
2025-03-18 00:51:35,406 __main__     INFO     ECWP-0002631 — Processing year 1832.
2025-03-18 01:17:10,155 __main__     INFO     ECWP-0002631 — Processing year 1833.
2025-03-18 01:44:32,295 __main__     INFO     ECWP-0002631 — Processing year 1840.
2025-03-18 02:16:22,033 __main__     INFO     ECWP-0002631 — Processing year 1821.
2025-03-18 02:40:46,213 __main__     INFO     ECWP-0002631 — Processing year 1809.
2025-03-18 02:41:55,499 __main__     INFO     ECWP-0002631 — Processing year 1817.
2025-03-18 02:42:12,943 __main__     INFO     ECWP-0002631 — Processing year 1835.
2025-03-18 03:11:25,751 __main__     INFO     ECWP-0002631 — Processing year 1819.
2025-03-18 03:28:26,589 __main__     INFO     ECWP-0002631 — Processing year 1843.
2025-03-18 04:21:28,933 __main__     INFO     ECWP-0002631 — Processing year 1804.
2025-03-18 04:21:41,098 __main__     INFO     ECWP-0002631 — Processing year 1839.
2025-03-18 04:49:22,208 __main__     INFO     ECWP-0002631 — Processing year 1826.
2025-03-18 05:16:26,113 __main__     INFO     ECWP-0002631 — Processing year 1841.
2025-03-18 05:54:41,395 __main__     INFO     ECWP-0002631 — Processing year 1831.
2025-03-18 06:22:25,366 __main__     INFO     ECWP-0002631 — Processing year 1827.
2025-03-18 06:48:44,563 __main__     INFO     ECWP-0002631 — Processing year 1815.
2025-03-18 06:50:25,689 __main__     INFO     ECWP-0002631 — Processing year 1828.
2025-03-18 07:21:19,681 __main__     INFO     ECWP-0002631 — Processing year 1830.
2025-03-18 07:54:03,707 __main__     INFO     ECWP-0002631 — Processing year 1825.
2025-03-18 08:23:20,911 __main__     INFO     ECWP-0002631 — Processing year 1820.
2025-03-18 08:49:30,328 __main__     INFO     ECWP-0002631 — Processing year 1812.
2025-03-18 08:49:37,892 __main__     INFO     ECWP-0002631 — Processing year 1822.
2025-03-18 09:09:20,712 __main__     INFO     ECWP-0002631 — Processing year 1802.
2025-03-18 09:25:37,421 __main__     INFO     ECWP-0002631 — Processing year 1834.
2025-03-18 09:51:06,583 __main__     INFO     ECWP-0002631 — Processing year 1836.
2025-03-18 10:17:18,967 __main__     INFO     ECWP-0002631 — Processing year 1818.
2025-03-18 10:33:36,230 __main__     INFO     ECWP-0002631 — Processing year 1829.
2025-03-18 10:55:50,775 __main__     INFO     ECWP-0002631 — Processing year 1838.
2025-03-18 11:29:10,408 __main__     INFO     ECWP-0002631 — Processing year 1816.
2025-03-18 11:29:23,554 __main__     INFO     ✅ ECWP-0002631 (79/100) - Done with the copy. There was 0 failed copies and problem_input_dirs:[].
2025-03-18 11:29:23,555 __main__     INFO     ---------- Processing ENGL - NLP 0002632 (80/100) ----------
2025-03-18 11:29:23,794 __main__     INFO     ENGL-0002632 — Processing year 1813.
2025-03-18 11:35:05,795 __main__     INFO     ENGL-0002632 — Processing year 1810.
2025-03-18 11:35:25,455 __main__     INFO     ENGL-0002632 — Processing year 1806.
2025-03-18 11:41:09,017 __main__     INFO     ENGL-0002632 — Processing year 1808.
2025-03-18 11:41:23,729 __main__     INFO     ENGL-0002632 — Processing year 1807.
2025-03-18 11:47:17,520 __main__     INFO     ENGL-0002632 — Processing year 1809.
2025-03-18 11:47:26,386 __main__     INFO     ENGL-0002632 — Processing year 1805.
2025-03-18 11:54:34,767 __main__     INFO     ENGL-0002632 — Processing year 1804.
2025-03-18 11:57:12,316 __main__     INFO     ENGL-0002632 — Processing year 1803.
2025-03-18 11:57:20,712 __main__     INFO     ENGL-0002632 — Processing year 1812.
2025-03-18 12:02:37,844 __main__     INFO     ✅ ENGL-0002632 (80/100) - Done with the copy. There was 0 failed copies and problem_input_dirs:[].
2025-03-18 12:02:37,845 __main__     INFO     ---------- Processing ENGL - NLP 0002633 (81/100) ----------
2025-03-18 12:02:38,455 __main__     INFO     ENGL-0002633 — Processing year 1824.
2025-03-18 12:11:19,407 __main__     INFO     ENGL-0002633 — Processing year 1823.
2025-03-18 12:18:31,957 __main__     INFO     ENGL-0002633 — Processing year 1832.
2025-03-18 12:26:26,489 __main__     INFO     ENGL-0002633 — Processing year 1833.
2025-03-18 12:34:23,027 __main__     INFO     ENGL-0002633 — Processing year 1821.
2025-03-18 12:41:54,664 __main__     INFO     ENGL-0002633 — Processing year 1817.
2025-03-18 12:47:59,093 __main__     INFO     ENGL-0002633 — Processing year 1819.
2025-03-18 12:55:58,946 __main__     INFO     ENGL-0002633 — Processing year 1826.
2025-03-18 13:05:22,461 __main__     INFO     ENGL-0002633 — Processing year 1831.
2025-03-18 13:14:21,176 __main__     INFO     ENGL-0002633 — Processing year 1827.
2025-03-18 13:24:48,658 __main__     INFO     ENGL-0002633 — Processing year 1828.
2025-03-18 13:34:46,530 __main__     INFO     ENGL-0002633 — Processing year 1830.
2025-03-18 13:45:27,086 __main__     INFO     ENGL-0002633 — Processing year 1825.
2025-03-18 13:55:19,109 __main__     INFO     ENGL-0002633 — Processing year 1820.
2025-03-18 14:02:28,988 __main__     INFO     ENGL-0002633 — Processing year 1822.
2025-03-18 14:09:42,793 __main__     INFO     ENGL-0002633 — Processing year 1834.
2025-03-18 14:12:23,614 __main__     INFO     ENGL-0002633 — Processing year 1818.
2025-03-18 14:20:05,007 __main__     INFO     ENGL-0002633 — Processing year 1829.
2025-03-18 14:27:52,301 __main__     INFO     ENGL-0002633 — Processing year 1816.
2025-03-18 14:34:39,232 __main__     INFO     ✅ ENGL-0002633 (81/100) - Done with the copy. There was 0 failed copies and problem_input_dirs:[].
2025-03-18 14:34:39,233 __main__     INFO     ---------- Processing LNCH - NLP 0002634 (82/100) ----------
2025-03-18 14:34:39,933 __main__     INFO     LNCH-0002634 — Processing year 1814.
2025-03-18 14:43:14,136 __main__     INFO     LNCH-0002634 — Processing year 1811.
2025-03-18 15:02:03,496 __main__     INFO     LNCH-0002634 — Processing year 1813.
2025-03-18 15:23:17,252 __main__     INFO     LNCH-0002634 — Processing year 1810.
2025-03-18 15:48:20,903 __main__     INFO     LNCH-0002634 — Processing year 1806.
2025-03-18 16:15:15,904 __main__     INFO     LNCH-0002634 — Processing year 1808.
2025-03-18 16:22:51,525 __main__     INFO     LNCH-0002634 — Processing year 1807.
2025-03-18 16:42:26,303 __main__     INFO     LNCH-0002634 — Processing year 1800.
2025-03-18 16:42:35,444 __main__     INFO     LNCH-0002634 — Processing year 1821.
2025-03-18 16:57:14,236 __main__     INFO     LNCH-0002634 — Processing year 1809.
2025-03-18 17:06:44,363 __main__     INFO     LNCH-0002634 — Processing year 1817.
2025-03-18 17:29:29,956 __main__     INFO     LNCH-0002634 — Processing year 1819.
2025-03-18 17:47:32,791 __main__     INFO     LNCH-0002634 — Processing year 1805.
2025-03-18 18:04:21,972 __main__     INFO     LNCH-0002634 — Processing year 1804.
2025-03-18 18:21:50,197 __main__     INFO     LNCH-0002634 — Processing year 1801.
2025-03-18 18:41:29,942 __main__     INFO     LNCH-0002634 — Processing year 1815.
2025-03-18 18:52:53,039 __main__     INFO     LNCH-0002634 — Processing year 1803.
2025-03-18 19:12:10,867 __main__     INFO     LNCH-0002634 — Processing year 1820.
2025-03-18 19:17:15,764 __main__     ERROR    /mnt/project_impresso/original/BL_old/0002634/1820/0317: found an unexpected component to the path, removing all after '.backup'!
2025-03-18 19:32:49,288 __main__     INFO     LNCH-0002634 — Processing year 1812.
2025-03-18 19:43:48,382 __main__     INFO     LNCH-0002634 — Processing year 1822.
2025-03-18 19:52:41,810 __main__     INFO     LNCH-0002634 — Processing year 1802.
2025-03-18 20:14:12,772 __main__     INFO     LNCH-0002634 — Processing year 1818.
2025-03-18 20:24:32,060 __main__     INFO     LNCH-0002634 — Processing year 1816.
2025-03-18 20:49:36,982 __main__     INFO     ✅ LNCH-0002634 (82/100) - Done with the copy. There was 0 failed copies and problem_input_dirs:[].
2025-03-18 20:49:36,983 __main__     INFO     ---------- Processing LEVP - NLP 0002635 (83/100) ----------
2025-03-18 20:49:37,139 __main__     INFO     LEVP-0002635 — Processing year 1806.
2025-03-18 20:49:44,093 __main__     INFO     LEVP-0002635 — Processing year 1805.
2025-03-18 20:49:57,762 __main__     INFO     ✅ LEVP-0002635 (83/100) - Done with the copy. There was 0 failed copies and problem_input_dirs:[].
2025-03-18 20:49:57,763 __main__     INFO     ---------- Processing LJPN - NLP 0002636 (84/100) ----------
2025-03-18 20:49:57,972 __main__     INFO     LJPN-0002636 — Processing year 1846.
2025-03-18 20:56:22,723 __main__     INFO     LJPN-0002636 — Processing year 1845.
2025-03-18 21:08:34,040 __main__     INFO     ✅ LJPN-0002636 (84/100) - Done with the copy. There was 0 failed copies and problem_input_dirs:[].
2025-03-18 21:08:34,040 __main__     INFO     ---------- Processing LOPH - NLP 0002637 (85/100) ----------
2025-03-18 21:08:34,645 __main__     INFO     LOPH-0002637 — Processing year 1842.
2025-03-18 21:15:35,049 __main__     INFO     LOPH-0002637 — Processing year 1843.
2025-03-18 21:17:20,198 __main__     INFO     LOPH-0002637 — Processing year 1841.
2025-03-18 21:27:47,524 __main__     INFO     ✅ LOPH-0002637 (85/100) - Done with the copy. There was 0 failed copies and problem_input_dirs:[].
2025-03-18 21:27:47,525 __main__     INFO     ---------- Processing AUBO - NLP 0002638 (86/100) ----------
2025-03-18 21:27:47,918 __main__     INFO     AUBO-0002638 — Processing year 1821.
2025-03-18 21:34:44,168 __main__     INFO     ✅ AUBO-0002638 (86/100) - Done with the copy. There was 0 failed copies and problem_input_dirs:[].
2025-03-18 21:34:44,169 __main__     INFO     ---------- Processing OBTM - NLP 0002639 (87/100) ----------
2025-03-18 21:34:44,578 __main__     INFO     OBTM-0002639 — Processing year 1821.
2025-03-18 21:50:41,390 __main__     INFO     ✅ OBTM-0002639 (87/100) - Done with the copy. There was 0 failed copies and problem_input_dirs:[].
2025-03-18 21:50:41,391 __main__     INFO     ---------- Processing OBTM - NLP 0002640 (88/100) ----------
2025-03-18 21:50:41,841 __main__     INFO     OBTM-0002640 — Processing year 1822.
2025-03-18 21:52:30,645 __main__     INFO     ✅ OBTM-0002640 (88/100) - Done with the copy. There was 0 failed copies and problem_input_dirs:[].
2025-03-18 21:52:30,646 __main__     INFO     ---------- Processing OBTM - NLP 0002641 (89/100) ----------
2025-03-18 21:52:30,997 __main__     INFO     OBTM-0002641 — Processing year 1822.
2025-03-18 21:58:55,210 __main__     INFO     ✅ OBTM-0002641 (89/100) - Done with the copy. There was 0 failed copies and problem_input_dirs:[].
2025-03-18 21:58:55,211 __main__     INFO     ---------- Processing EXPR - NLP 0002642 (90/100) ----------
2025-03-18 21:58:55,656 __main__     INFO     EXPR-0002642 — Processing year 1869.
2025-03-18 22:15:21,623 __main__     INFO     ✅ EXPR-0002642 (90/100) - Done with the copy. There was 0 failed copies and problem_input_dirs:[].
2025-03-18 22:15:21,624 __main__     INFO     ---------- Processing BRPR - NLP 0002643 (91/100) ----------
2025-03-18 22:15:22,382 __main__     INFO     BRPR-0002643 — Processing year 1823.
2025-03-18 22:52:35,995 __main__     INFO     ✅ BRPR-0002643 (91/100) - Done with the copy. There was 0 failed copies and problem_input_dirs:[].
2025-03-18 22:52:35,997 __main__     INFO     ---------- Processing NTRG - NLP 0002644 (92/100) ----------
2025-03-18 22:52:36,497 __main__     INFO     NTRG-0002644 — Processing year 1810.
2025-03-18 23:04:51,456 __main__     INFO     ✅ NTRG-0002644 (92/100) - Done with the copy. There was 0 failed copies and problem_input_dirs:[].
2025-03-18 23:04:51,457 __main__     INFO     ---------- Processing TPRS - NLP 0002645 (93/100) ----------
2025-03-18 23:04:52,002 __main__     INFO     TPRS-0002645 — Processing year 1859.
2025-03-18 23:16:48,385 __main__     INFO     TPRS-0002645 — Processing year 1865.
2025-03-18 23:40:08,540 __main__     INFO     TPRS-0002645 — Processing year 1862.
2025-03-19 00:03:19,614 __main__     INFO     TPRS-0002645 — Processing year 1866.
2025-03-19 00:14:08,751 __main__     INFO     TPRS-0002645 — Processing year 1861.
2025-03-19 00:33:11,901 __main__     INFO     TPRS-0002645 — Processing year 1864.
2025-03-19 00:52:50,533 __main__     INFO     TPRS-0002645 — Processing year 1863.
2025-03-19 01:14:05,887 __main__     INFO     ✅ TPRS-0002645 (93/100) - Done with the copy. There was 0 failed copies and problem_input_dirs:[].
2025-03-19 01:14:05,888 __main__     INFO     ---------- Processing SOFR - NLP 0002752 (94/100) ----------
2025-03-19 01:14:06,367 __main__     INFO     SOFR-0002752 — Processing year 1850.
2025-03-19 01:34:58,107 __main__     INFO     SOFR-0002752 — Processing year 1849.
2025-03-19 01:57:31,004 __main__     INFO     SOFR-0002752 — Processing year 1851.
2025-03-19 02:13:18,099 __main__     INFO     SOFR-0002752 — Processing year 1848.
2025-03-19 02:23:38,054 __main__     INFO     ✅ SOFR-0002752 (94/100) - Done with the copy. There was 0 failed copies and problem_input_dirs:[].
2025-03-19 02:23:38,055 __main__     INFO     ---------- Processing PUCA - NLP 0002753 (95/100) ----------
2025-03-19 02:23:38,671 __main__     INFO     PUCA-0002753 — Processing year 1811.
2025-03-19 02:25:34,193 __main__     INFO     PUCA-0002753 — Processing year 1812.
2025-03-19 02:26:30,836 __main__     INFO     ✅ PUCA-0002753 (95/100) - Done with the copy. There was 0 failed copies and problem_input_dirs:[].
2025-03-19 02:26:30,837 __main__     INFO     ---------- Processing PUCA - NLP 0002754 (96/100) ----------
2025-03-19 02:26:31,304 __main__     INFO     PUCA-0002754 — Processing year 1814.
2025-03-19 02:28:22,505 __main__     INFO     PUCA-0002754 — Processing year 1815.
2025-03-19 02:33:34,148 __main__     INFO     PUCA-0002754 — Processing year 1812.
2025-03-19 02:33:53,005 __main__     INFO     ✅ PUCA-0002754 (96/100) - Done with the copy. There was 0 failed copies and problem_input_dirs:[].
2025-03-19 02:33:53,005 __main__     INFO     ---------- Processing PUCA - NLP 0002755 (97/100) ----------
2025-03-19 02:33:53,504 __main__     INFO     PUCA-0002755 — Processing year 1815.
2025-03-19 02:36:07,380 __main__     INFO     ✅ PUCA-0002755 (97/100) - Done with the copy. There was 0 failed copies and problem_input_dirs:[].
2025-03-19 02:36:07,381 __main__     INFO     ---------- Processing PUCA - NLP 0002756 (98/100) ----------
2025-03-19 02:36:07,754 __main__     INFO     PUCA-0002756 — Processing year 1816.
2025-03-19 02:39:41,968 __main__     INFO     ✅ PUCA-0002756 (98/100) - Done with the copy. There was 0 failed copies and problem_input_dirs:[].
2025-03-19 02:39:41,969 __main__     INFO     ---------- Processing CNSN - NLP 0002757 (99/100) ----------
2025-03-19 02:39:42,379 __main__     INFO     CNSN-0002757 — Processing year 1823.
2025-03-19 02:39:49,885 __main__     INFO     CNSN-0002757 — Processing year 1821.
2025-03-19 02:46:07,291 __main__     INFO     CNSN-0002757 — Processing year 1819.
2025-03-19 02:52:06,887 __main__     INFO     CNSN-0002757 — Processing year 1820.
2025-03-19 03:01:37,330 __main__     INFO     CNSN-0002757 — Processing year 1822.
2025-03-19 03:08:07,785 __main__     INFO     CNSN-0002757 — Processing year 1818.
2025-03-19 03:14:27,499 __main__     INFO     ✅ CNSN-0002757 (99/100) - Done with the copy. There was 0 failed copies and problem_input_dirs:[].
2025-03-19 03:14:27,500 __main__     INFO     ---------- Processing CNSN - NLP 0002758 (100/100) ----------
2025-03-19 03:14:27,854 __main__     INFO     CNSN-0002758 — Processing year 1823.
2025-03-19 03:15:58,642 __main__     INFO     ✅ CNSN-0002758 (100/100) - Done with the copy. There was 0 failed copies and problem_input_dirs:[].
2025-03-19 03:15:58,643 __main__     INFO     ✅✅ Success! Done with all 100 in this chunk: ['0002409', '0002410', '0002411', '0002412', '0002413', '0002414', '0002415', '0002416', '0002417', '0002418', '0002419', '0002420', '0002421', '0002422', '0002423', '0002424', '0002425', '0002426', '0002427', '0002428', '0002429', '0002430', '0002431', '0002432', '0002433', '0002434', '0002435', '0002436', '0002437', '0002439', '0002573', '0002574', '0002575', '0002576', '0002577', '0002579', '0002580', '0002581', '0002582', '0002583', '0002584', '0002585', '0002586', '0002587', '0002588', '0002589', '0002590', '0002591', '0002592', '0002593', '0002594', '0002595', '0002596', '0002597', '0002598', '0002599', '0002600', '0002601', '0002602', '0002603', '0002604', '0002605', '0002606', '0002607', '0002608', '0002609', '0002610', '0002611', '0002612', '0002613', '0002614', '0002615', '0002616', '0002617', '0002618', '0002619', '0002620', '0002630', '0002631', '0002632', '0002633', '0002634', '0002635', '0002636', '0002637', '0002638', '0002639', '0002640', '0002641', '0002642', '0002643', '0002644', '0002645', '0002752', '0002753', '0002754', '0002755', '0002756', '0002757', '0002758']!!
