2025-03-13 17:18:56,169 __main__     INFO     Logger successfully initialised
2025-03-13 17:18:56,189 __main__     INFO     Separated the list of NLPs into 12 chunks of 50 NLPs,  will process chunk n°0 now: 
['0000031', '0000032', '0000033', '0000034', '0000035', '0000036', '0000037', '0000038', '0000040', '0000041', '0000042', '0000043', '0000044', '0000045', '0000046', '0000047', '0000050', '0000051', '0000052', '0000053', '0000054', '0000056', '0000057', '0000058', '0000059', '0000060', '0000061', '0000062', '0000063', '0000064', '0000065', '0000066', '0000068', '0000069', '0000070', '0000071', '0000072', '0000073', '0000075', '0000076', '0000077', '0000078', '0000079', '0000080', '0000081', '0000082', '0000083', '0000085', '0000086', '0000087']
2025-03-13 17:18:56,190 __main__     INFO     ---------- Processing ANJO - NLP 0000031 (1/50) ----------
2025-03-13 17:18:56,217 __main__     INFO     ANJO-0000031 — Processing year 1860.
2025-03-13 17:30:56,015 __main__     INFO     ANJO-0000031 — Processing year 1814.
2025-03-13 17:35:19,334 __main__     INFO     ANJO-0000031 — Processing year 1811.
2025-03-13 17:38:59,471 __main__     INFO     ANJO-0000031 — Processing year 1813.
2025-03-13 17:42:50,533 __main__     INFO     ANJO-0000031 — Processing year 1810.
2025-03-13 17:46:41,599 __main__     INFO     ANJO-0000031 — Processing year 1806.
2025-03-13 17:50:29,070 __main__     INFO     ANJO-0000031 — Processing year 1867.
2025-03-13 18:09:03,153 __main__     INFO     ANJO-0000031 — Processing year 1808.
2025-03-13 18:11:44,046 __main__     INFO     ANJO-0000031 — Processing year 1824.
2025-03-13 18:14:39,497 __main__     INFO     ANJO-0000031 — Processing year 1837.
2025-03-13 18:18:13,426 __main__     INFO     ANJO-0000031 — Processing year 1870.
2025-03-13 18:37:48,109 __main__     INFO     ANJO-0000031 — Processing year 1807.
2025-03-13 18:40:37,504 __main__     INFO     ANJO-0000031 — Processing year 1800.
2025-03-13 18:43:38,400 __main__     INFO     ANJO-0000031 — Processing year 1842.
2025-03-13 18:47:03,845 __main__     INFO     ANJO-0000031 — Processing year 1874.
2025-03-13 19:04:38,328 __main__     INFO     ANJO-0000031 — Processing year 1823.
2025-03-13 19:08:01,606 __main__     INFO     ANJO-0000031 — Processing year 1844.
2025-03-13 19:17:30,988 __main__     INFO     ANJO-0000031 — Processing year 1856.
2025-03-13 19:36:01,188 __main__     INFO     ANJO-0000031 — Processing year 1798.
2025-03-13 19:38:59,127 __main__     INFO     ANJO-0000031 — Processing year 1832.
2025-03-13 19:42:16,488 __main__     INFO     ANJO-0000031 — Processing year 1846.
2025-03-13 19:53:24,712 __main__     INFO     ANJO-0000031 — Processing year 1850.
2025-03-13 19:59:28,663 __main__     INFO     ANJO-0000031 — Processing year 1833.
2025-03-13 20:02:41,229 __main__     INFO     ANJO-0000031 — Processing year 1849.
2025-03-13 20:17:05,082 __main__     INFO     ANJO-0000031 — Processing year 1840.
2025-03-13 20:20:18,478 __main__     INFO     ANJO-0000031 — Processing year 1869.
2025-03-13 20:36:57,951 __main__     INFO     ANJO-0000031 — Processing year 1821.
2025-03-13 20:40:09,267 __main__     INFO     ANJO-0000031 — Processing year 1809.
2025-03-13 20:43:08,309 __main__     INFO     ANJO-0000031 — Processing year 1817.
2025-03-13 20:46:16,795 __main__     INFO     ANJO-0000031 — Processing year 1859.
2025-03-13 21:05:04,280 __main__     INFO     ANJO-0000031 — Processing year 1835.
2025-03-13 21:08:36,729 __main__     INFO     ANJO-0000031 — Processing year 1873.
2025-03-13 21:26:56,769 __main__     INFO     ANJO-0000031 — Processing year 1865.
2025-03-13 21:43:31,221 __main__     INFO     ANJO-0000031 — Processing year 1858.
2025-03-13 22:00:40,404 __main__     INFO     ANJO-0000031 — Processing year 1862.
2025-03-13 22:17:39,074 __main__     INFO     ANJO-0000031 — Processing year 1819.
2025-03-13 22:20:33,407 __main__     INFO     ANJO-0000031 — Processing year 1843.
2025-03-13 22:24:09,444 __main__     INFO     ANJO-0000031 — Processing year 1805.
2025-03-13 22:27:00,512 __main__     INFO     ANJO-0000031 — Processing year 1853.
2025-03-13 22:43:13,705 __main__     INFO     ANJO-0000031 — Processing year 1804.
2025-03-13 22:46:04,685 __main__     INFO     ANJO-0000031 — Processing year 1866.
2025-03-13 23:03:41,251 __main__     INFO     ANJO-0000031 — Processing year 1839.
2025-03-13 23:07:10,303 __main__     INFO     ANJO-0000031 — Processing year 1826.
2025-03-13 23:10:32,856 __main__     INFO     ANJO-0000031 — Processing year 1847.
2025-03-13 23:28:37,728 __main__     INFO     ANJO-0000031 — Processing year 1841.
2025-03-13 23:32:37,470 __main__     INFO     ANJO-0000031 — Processing year 1801.
2025-03-13 23:35:49,121 __main__     INFO     ANJO-0000031 — Processing year 1831.
2025-03-13 23:39:47,574 __main__     INFO     ANJO-0000031 — Processing year 1827.
2025-03-13 23:43:13,765 __main__     INFO     ANJO-0000031 — Processing year 1872.
2025-03-13 23:58:58,970 __main__     INFO     ANJO-0000031 — Processing year 1861.
2025-03-14 00:16:24,621 __main__     INFO     ANJO-0000031 — Processing year 1828.
2025-03-14 00:19:17,511 __main__     INFO     ANJO-0000031 — Processing year 1868.
2025-03-14 00:36:26,295 __main__     INFO     ANJO-0000031 — Processing year 1803.
2025-03-14 00:39:40,263 __main__     INFO     ANJO-0000031 — Processing year 1864.
2025-03-14 00:57:33,273 __main__     INFO     ANJO-0000031 — Processing year 1830.
2025-03-14 01:00:48,488 __main__     INFO     ANJO-0000031 — Processing year 1851.
2025-03-14 01:16:27,375 __main__     INFO     ANJO-0000031 — Processing year 1845.
2025-03-14 01:27:12,415 __main__     INFO     ANJO-0000031 — Processing year 1854.
2025-03-14 01:44:16,757 __main__     INFO     ANJO-0000031 — Processing year 1825.
2025-03-14 01:47:43,978 __main__     INFO     ANJO-0000031 — Processing year 1871.
2025-03-14 02:05:20,877 __main__     INFO     ANJO-0000031 — Processing year 1855.
2025-03-14 02:23:12,513 __main__     INFO     ANJO-0000031 — Processing year 1820.
2025-03-14 02:26:53,833 __main__     INFO     ANJO-0000031 — Processing year 1812.
2025-03-14 02:30:11,121 __main__     INFO     ANJO-0000031 — Processing year 1822.
2025-03-14 02:33:41,614 __main__     INFO     ANJO-0000031 — Processing year 1802.
2025-03-14 02:37:08,433 __main__     INFO     ANJO-0000031 — Processing year 1834.
2025-03-14 02:40:49,961 __main__     INFO     ANJO-0000031 — Processing year 1836.
2025-03-14 02:44:43,757 __main__     INFO     ANJO-0000031 — Processing year 1818.
2025-03-14 02:48:05,985 __main__     INFO     ANJO-0000031 — Processing year 1876.
2025-03-14 03:04:12,246 __main__     INFO     ANJO-0000031 — Processing year 1875.
2025-03-14 03:25:11,524 __main__     INFO     ANJO-0000031 — Processing year 1852.
2025-03-14 03:43:33,506 __main__     INFO     ANJO-0000031 — Processing year 1863.
2025-03-14 04:03:50,495 __main__     INFO     ANJO-0000031 — Processing year 1848.
2025-03-14 04:23:39,504 __main__     INFO     ANJO-0000031 — Processing year 1829.
2025-03-14 04:27:03,877 __main__     INFO     ANJO-0000031 — Processing year 1838.
2025-03-14 04:30:33,770 __main__     INFO     ANJO-0000031 — Processing year 1816.
2025-03-14 04:33:35,396 __main__     INFO     ANJO-0000031 — Processing year 1799.
2025-03-14 04:36:52,464 __main__     INFO     ANJO-0000031 — Processing year 1857.
2025-03-14 04:44:19,072 __main__     INFO     ✅ ANJO-0000031 (1/50) - Done with the copy. There was 0 failed copies and problem_input_dirs:[].
2025-03-14 04:44:19,073 __main__     INFO     ---------- Processing ANJO - NLP 0000032 (2/50) ----------
2025-03-14 04:44:19,978 __main__     INFO     ANJO-0000032 — Processing year 1898.
2025-03-14 05:38:59,805 __main__     INFO     ANJO-0000032 — Processing year 1885.
2025-03-14 06:26:38,200 __main__     INFO     ANJO-0000032 — Processing year 1899.
2025-03-14 07:31:44,906 __main__     INFO     ANJO-0000032 — Processing year 1878.
2025-03-14 08:19:23,662 __main__     INFO     ANJO-0000032 — Processing year 1880.
2025-03-14 09:17:18,242 __main__     INFO     ANJO-0000032 — Processing year 1892.
2025-03-14 10:04:18,816 __main__     INFO     ANJO-0000032 — Processing year 1895.
2025-03-14 10:51:15,175 __main__     INFO     ANJO-0000032 — Processing year 1882.
2025-03-14 11:46:34,493 __main__     INFO     ANJO-0000032 — Processing year 1900.
2025-03-14 12:33:51,091 __main__     INFO     ANJO-0000032 — Processing year 1877.
2025-03-14 13:13:16,285 __main__     INFO     ANJO-0000032 — Processing year 1887.
2025-03-14 14:04:14,871 __main__     INFO     ANJO-0000032 — Processing year 1889.
2025-03-14 14:52:54,802 __main__     INFO     ANJO-0000032 — Processing year 1893.
2025-03-14 15:44:00,450 __main__     INFO     ANJO-0000032 — Processing year 1888.
2025-03-14 16:37:46,075 __main__     INFO     ANJO-0000032 — Processing year 1883.
2025-03-14 17:26:42,705 __main__     INFO     ANJO-0000032 — Processing year 1884.
2025-03-14 18:20:14,636 __main__     INFO     ANJO-0000032 — Processing year 1896.
2025-03-14 19:11:15,590 __main__     INFO     ANJO-0000032 — Processing year 1890.
2025-03-14 19:59:16,128 __main__     INFO     ANJO-0000032 — Processing year 1891.
2025-03-14 20:49:47,732 __main__     INFO     ANJO-0000032 — Processing year 1894.
2025-03-14 21:37:34,348 __main__     INFO     ANJO-0000032 — Processing year 1879.
2025-03-14 22:27:42,269 __main__     INFO     ANJO-0000032 — Processing year 1886.
2025-03-14 23:25:03,500 __main__     INFO     ANJO-0000032 — Processing year 1897.
2025-03-15 00:19:17,276 __main__     INFO     ANJO-0000032 — Processing year 1881.
2025-03-15 01:03:44,634 __main__     INFO     ✅ ANJO-0000032 (2/50) - Done with the copy. There was 0 failed copies and problem_input_dirs:[].
2025-03-15 01:03:44,635 __main__     INFO     ---------- Processing BDPO - NLP 0000033 (3/50) ----------
2025-03-15 01:03:45,624 __main__     INFO     BDPO-0000033 — Processing year 1860.
2025-03-15 01:20:03,670 __main__     INFO     BDPO-0000033 — Processing year 1885.
2025-03-15 02:01:09,040 __main__     INFO     BDPO-0000033 — Processing year 1867.
2025-03-15 02:16:42,329 __main__     INFO     BDPO-0000033 — Processing year 1870.
2025-03-15 02:52:42,456 __main__     INFO     BDPO-0000033 — Processing year 1874.
2025-03-15 03:31:49,857 __main__     INFO     BDPO-0000033 — Processing year 1878.
2025-03-15 04:09:54,043 __main__     INFO     BDPO-0000033 — Processing year 1880.
2025-03-15 04:47:21,520 __main__     INFO     BDPO-0000033 — Processing year 1892.
2025-03-15 05:31:16,721 __main__     INFO     BDPO-0000033 — Processing year 1895.
2025-03-15 05:58:50,866 __main__     INFO     BDPO-0000033 — Processing year 1882.
2025-03-15 06:35:27,376 __main__     INFO     BDPO-0000033 — Processing year 1900.
2025-03-15 07:14:40,982 __main__     INFO     BDPO-0000033 — Processing year 1877.
2025-03-15 07:37:50,624 __main__     INFO     BDPO-0000033 — Processing year 1869.
2025-03-15 08:02:05,493 __main__     INFO     BDPO-0000033 — Processing year 1887.
2025-03-15 08:42:38,255 __main__     INFO     BDPO-0000033 — Processing year 1859.
2025-03-15 08:58:13,041 __main__     INFO     BDPO-0000033 — Processing year 1873.
2025-03-15 09:39:45,938 __main__     INFO     BDPO-0000033 — Processing year 1865.
2025-03-15 10:19:51,916 __main__     INFO     BDPO-0000033 — Processing year 1858.
2025-03-15 10:36:43,095 __main__     INFO     BDPO-0000033 — Processing year 1862.
2025-03-15 11:03:44,032 __main__     INFO     BDPO-0000033 — Processing year 1889.
2025-03-15 11:53:53,803 __main__     INFO     BDPO-0000033 — Processing year 1866.
2025-03-15 12:24:22,522 __main__     INFO     BDPO-0000033 — Processing year 1893.
2025-03-15 13:07:33,366 __main__     INFO     BDPO-0000033 — Processing year 1888.
2025-03-15 14:03:01,690 __main__     INFO     BDPO-0000033 — Processing year 1883.
2025-03-15 14:42:05,051 __main__     INFO     BDPO-0000033 — Processing year 1884.
2025-03-15 15:25:41,690 __main__     INFO     BDPO-0000033 — Processing year 1890.
2025-03-15 16:12:11,437 __main__     INFO     BDPO-0000033 — Processing year 1872.
2025-03-15 16:53:56,845 __main__     INFO     BDPO-0000033 — Processing year 1861.
2025-03-15 17:12:42,527 __main__     INFO     BDPO-0000033 — Processing year 1868.
2025-03-15 17:57:49,351 __main__     INFO     BDPO-0000033 — Processing year 1864.
2025-03-15 18:24:10,033 __main__     INFO     BDPO-0000033 — Processing year 1891.
2025-03-15 19:06:59,013 __main__     INFO     BDPO-0000033 — Processing year 1871.
2025-03-15 19:43:08,868 __main__     INFO     BDPO-0000033 — Processing year 1894.
2025-03-15 20:27:02,362 __main__     INFO     BDPO-0000033 — Processing year 1879.
2025-03-15 21:02:26,626 __main__     INFO     BDPO-0000033 — Processing year 1876.
2025-03-15 21:38:15,995 __main__     INFO     BDPO-0000033 — Processing year 1875.
2025-03-15 22:14:41,391 __main__     INFO     BDPO-0000033 — Processing year 1863.
2025-03-15 22:38:07,252 __main__     INFO     BDPO-0000033 — Processing year 1886.
2025-03-15 23:14:28,311 __main__     INFO     BDPO-0000033 — Processing year 1857.
2025-03-15 23:15:31,002 __main__     INFO     BDPO-0000033 — Processing year 1881.
2025-03-15 23:50:15,183 __main__     INFO     ✅ BDPO-0000033 (3/50) - Done with the copy. There was 0 failed copies and problem_input_dirs:[].
2025-03-15 23:50:15,184 __main__     INFO     ---------- Processing BLMY - NLP 0000034 (4/50) ----------
2025-03-15 23:50:15,602 __main__     INFO     BLMY-0000034 — Processing year 1860.
2025-03-15 23:55:46,210 __main__     INFO     BLMY-0000034 — Processing year 1867.
2025-03-16 00:01:40,357 __main__     INFO     BLMY-0000034 — Processing year 1824.
2025-03-16 00:04:07,416 __main__     INFO     BLMY-0000034 — Processing year 1837.
2025-03-16 00:07:22,087 __main__     INFO     BLMY-0000034 — Processing year 1870.
2025-03-16 00:13:20,572 __main__     INFO     BLMY-0000034 — Processing year 1842.
2025-03-16 00:19:25,707 __main__     INFO     BLMY-0000034 — Processing year 1874.
2025-03-16 00:25:25,542 __main__     INFO     BLMY-0000034 — Processing year 1823.
2025-03-16 00:28:06,085 __main__     INFO     BLMY-0000034 — Processing year 1844.
2025-03-16 00:33:41,744 __main__     INFO     BLMY-0000034 — Processing year 1856.
2025-03-16 00:39:09,336 __main__     INFO     BLMY-0000034 — Processing year 1832.
2025-03-16 00:41:51,262 __main__     INFO     BLMY-0000034 — Processing year 1846.
2025-03-16 00:47:37,233 __main__     INFO     BLMY-0000034 — Processing year 1850.
2025-03-16 00:53:27,786 __main__     INFO     BLMY-0000034 — Processing year 1833.
2025-03-16 00:56:27,594 __main__     INFO     BLMY-0000034 — Processing year 1877.
2025-03-16 01:08:50,586 __main__     INFO     BLMY-0000034 — Processing year 1849.
2025-03-16 01:15:03,447 __main__     INFO     BLMY-0000034 — Processing year 1840.
2025-03-16 01:20:33,148 __main__     INFO     BLMY-0000034 — Processing year 1869.
2025-03-16 01:26:15,318 __main__     INFO     BLMY-0000034 — Processing year 1821.
2025-03-16 01:29:02,688 __main__     INFO     BLMY-0000034 — Processing year 1859.
2025-03-16 01:34:38,972 __main__     INFO     BLMY-0000034 — Processing year 1835.
2025-03-16 01:38:28,159 __main__     INFO     BLMY-0000034 — Processing year 1873.
2025-03-16 01:44:36,588 __main__     INFO     BLMY-0000034 — Processing year 1865.
2025-03-16 01:49:54,767 __main__     INFO     BLMY-0000034 — Processing year 1858.
2025-03-16 01:54:45,539 __main__     INFO     BLMY-0000034 — Processing year 1862.
2025-03-16 01:59:22,951 __main__     INFO     BLMY-0000034 — Processing year 1819.
2025-03-16 02:01:48,910 __main__     INFO     BLMY-0000034 — Processing year 1843.
2025-03-16 02:07:05,815 __main__     INFO     BLMY-0000034 — Processing year 1853.
2025-03-16 02:11:55,440 __main__     INFO     BLMY-0000034 — Processing year 1866.
2025-03-16 02:17:29,820 __main__     INFO     BLMY-0000034 — Processing year 1839.
2025-03-16 02:21:16,195 __main__     INFO     BLMY-0000034 — Processing year 1826.
2025-03-16 02:23:50,192 __main__     INFO     BLMY-0000034 — Processing year 1847.
2025-03-16 02:29:31,120 __main__     INFO     BLMY-0000034 — Processing year 1841.
2025-03-16 02:34:05,638 __main__     INFO     BLMY-0000034 — Processing year 1831.
2025-03-16 02:36:25,678 __main__     INFO     BLMY-0000034 — Processing year 1827.
2025-03-16 02:38:58,174 __main__     INFO     BLMY-0000034 — Processing year 1872.
2025-03-16 02:44:35,612 __main__     INFO     BLMY-0000034 — Processing year 1790.
2025-03-16 02:44:38,664 __main__     INFO     BLMY-0000034 — Processing year 1861.
2025-03-16 02:49:24,608 __main__     INFO     BLMY-0000034 — Processing year 1828.
2025-03-16 02:51:44,617 __main__     INFO     BLMY-0000034 — Processing year 1868.
2025-03-16 02:57:25,506 __main__     INFO     BLMY-0000034 — Processing year 1864.
2025-03-16 03:03:08,428 __main__     INFO     BLMY-0000034 — Processing year 1830.
2025-03-16 03:05:45,186 __main__     INFO     BLMY-0000034 — Processing year 1716.
2025-03-16 03:05:47,344 __main__     INFO     BLMY-0000034 — Processing year 1851.
2025-03-16 03:10:27,004 __main__     INFO     BLMY-0000034 — Processing year 1845.
2025-03-16 03:15:26,699 __main__     INFO     BLMY-0000034 — Processing year 1854.
2025-03-16 03:20:27,810 __main__     INFO     BLMY-0000034 — Processing year 1825.
2025-03-16 03:22:31,840 __main__     INFO     BLMY-0000034 — Processing year 1871.
2025-03-16 03:28:07,587 __main__     INFO     BLMY-0000034 — Processing year 1855.
2025-03-16 03:32:54,955 __main__     INFO     BLMY-0000034 — Processing year 1820.
2025-03-16 03:35:31,668 __main__     INFO     BLMY-0000034 — Processing year 1822.
2025-03-16 03:38:11,495 __main__     INFO     BLMY-0000034 — Processing year 1834.
2025-03-16 03:40:55,676 __main__     INFO     BLMY-0000034 — Processing year 1836.
2025-03-16 03:43:50,795 __main__     INFO     BLMY-0000034 — Processing year 1876.
2025-03-16 03:49:06,215 __main__     INFO     BLMY-0000034 — Processing year 1875.
2025-03-16 03:55:25,620 __main__     INFO     BLMY-0000034 — Processing year 1852.
2025-03-16 04:01:09,133 __main__     INFO     BLMY-0000034 — Processing year 1863.
2025-03-16 04:07:55,385 __main__     INFO     BLMY-0000034 — Processing year 1829.
2025-03-16 04:10:14,294 __main__     INFO     BLMY-0000034 — Processing year 1838.
2025-03-16 04:13:28,147 __main__     INFO     BLMY-0000034 — Processing year 1857.
2025-03-16 04:18:45,429 __main__     INFO     ✅ BLMY-0000034 (4/50) - Done with the copy. There was 0 failed copies and problem_input_dirs:[].
2025-03-16 04:18:45,430 __main__     INFO     ---------- Processing BLMY - NLP 0000035 (5/50) ----------
2025-03-16 04:18:46,360 __main__     INFO     BLMY-0000035 — Processing year 1898.
2025-03-16 04:53:35,211 __main__     INFO     BLMY-0000035 — Processing year 1885.
2025-03-16 05:25:17,811 __main__     INFO     BLMY-0000035 — Processing year 1899.
2025-03-16 07:00:19,150 __main__     INFO     BLMY-0000035 — Processing year 1878.
2025-03-16 07:29:57,883 __main__     INFO     BLMY-0000035 — Processing year 1880.
2025-03-16 08:02:16,445 __main__     WARNING  BLMY-0000035 — Invalid directoy!! root:/mnt/project_impresso/original/BL_old/0000035/1892, dirs:['0104', '1114', '0223', '0125', '0429', '0921', '1013', '1104', '1108', '0409', '0326', '0917', '1012', '1110', '0915', '0130', '0924', '0225', '0111', '0922', '0430', '0423', '1201', '0127', '0229', '0302', '0218', '0901', '1205', '0203', '0322', '0213', '0301', '1117', '0112', '1119', '0907', '1228', '0209', '1031', '0109', '0308', '1129', '0304', '1118', '0406', '0314', '0902', '1105', '0315', '0307', '0205', '1216', '1109', '0425', '1027', '0407', '0919', '1015', '1020', '1003', '1220', '1122', '1203', '0118', '1206', '0121', '0115', '0119', '1229', '1026', '1214', '1029', '0916', '1125', '0208', '0402', '0416', '0220', '0224', '0106', '1230', '0906', '0420', '0926', '1103', '1115', '0114', '1028', '0217', '0428', '1008', '0324', '0427', '0129', '1007', '0411', '0928', '1209', '1111', '0204', '0412', '0408', '1202', '0309', '0321', '1017', '0413', '1207', '0927', '1224', '0123', '0330', '1014', '0206', '0426', '0329', '1219', '0421', '0305', '1001', '0211', '1010', '1025', '0909', '0422', '1222', '0923', '0318', '0319', '0325', '1024', '1213', '0310', '1019', '0202', '1005', '1011', '0212', '0102', '0401', '0930', '0105', '0216', '1018', '0920', '0328', '1107', '1210', '0910', '0222', '0929', '1126', '0311', '0116', '1221', '0215', '1231', '1112', '0418', '0913', '1006', '1215', '0317', '0404', '1022', '0905', '1223', '0323', '1123', '0108', '1226', '1217', '0101', '0226', '0908', '0415', '0128', '0903', '1124', '0312', '1128', '0405', '1004', '0414', '1208', '1212', '0122', '0419', '0113', '0126', '0227', '1102', '0912', '1021', '0331', '0219', '0914', '0303', '0316', '0210', '0120', '1121', '1227', '0107', '1130', '0201', '1116', '1101'], files=['1115WO1_BLMY_1892_11_15-0005-016.xml', '1115WO1_BLMY_1892_11_15-0003-006.xml', '1115WO1_BLMY_1892_11_15-0008-034.xml', '1115WO1_BLMY_1892_11_15-0003-007.xml', '1115WO1_BLMY_1892_11_15-0008-036.xml', '1115WO1_BLMY_1892_11_15-0003-008.xml', '1115WO1_BLMY_1892_11_15-0008-035.xml', '1115WO1_BLMY_1892_11_15-0003.xml', '1115WO1_BLMY_1892_11_15-0007-029.xml', '1115WO1_BLMY_1892_11_15-0001.xml', '1115WO1_BLMY_1892_11_15-0008-033.xml', '1115WO1_BLMY_1892_11_15-0004-013.xml', '1115WO1_BLMY_1892_11_15-0005-019.xml', '1115WO1_BLMY_1892_11_15-0003-009.xml', '1115WO1_BLMY_1892_11_15-0008.xml', '1115WO1_BLMY_1892_11_15-0007-028.xml', '1115WO1_BLMY_1892_11_15-0002-004.xml', '1115WO1_BLMY_1892_11_15-0007-025.xml', '1115WO1_BLMY_1892_11_15-0008-038.xml', '1115WO1_BLMY_1892_11_15-0005-017.xml', '1115WO1_BLMY_1892_11_15-0006-022.xml', '1115WO1_BLMY_1892_11_15-0005-018.xml', '1115WO1_BLMY_1892_11_15-0001-001.xml', '1115WO1_BLMY_1892_11_15-0007-026.xml', '1115WO1_BLMY_1892_11_15-0008-037.xml', '1115WO1_BLMY_1892_11_15-0007-023.xml', '1115WO1_BLMY_1892_11_15-0005-015.xml', '1115WO1_BLMY_1892_11_15-0004.xml', '1115WO1_BLMY_1892_11_15-0007-027.xml', '1115WO1_BLMY_1892_11_15-0008-039.xml', '1115WO1_BLMY_1892_11_15-0005-014.xml', '1115WO1_BLMY_1892_11_15-0002-002.xml', '1115WO1_BLMY_1892_11_15-0006.xml', '1115WO1_BLMY_1892_11_15-0002.xml', '1115WO1_BLMY_1892_11_15-0007.xml', '1115WO1_BLMY_1892_11_15-0005.xml', '1115WO1_BLMY_1892_11_15-0008-040.xml', '1115WO1_BLMY_1892_11_15-0003-005.xml', '1115WO1_BLMY_1892_11_15-0003-010.xml', '1115WO1_BLMY_1892_11_15-0008-032.xml', '1115WO1_BLMY_1892_11_15-0007-030.xml', '1115WO1_BLMY_1892_11_15-0005-020.xml', '1115WO1_BLMY_1892_11_15-0002-003.xml', '1115WO1_BLMY_1892_11_15-0006-021.xml', '1115WO1_BLMY_1892_11_15-0003-011.xml', '1115WO1_BLMY_1892_11_15-0007-031.xml', '1115WO1_BLMY_1892_11_15-0007-024.xml', '1115WO1_BLMY_1892_11_15-0003-012.xml']
2025-03-16 08:02:16,791 __main__     INFO     BLMY-0000035 — Processing year 1892.
2025-03-16 08:24:52,945 __main__     INFO     BLMY-0000035 — Processing year 1895.
2025-03-16 08:57:02,244 __main__     INFO     BLMY-0000035 — Processing year 1882.
2025-03-16 09:29:34,418 __main__     INFO     BLMY-0000035 — Processing year 1900.
2025-03-16 09:56:03,914 __main__     INFO     BLMY-0000035 — Processing year 1887.
2025-03-16 10:34:11,144 __main__     WARNING  BLMY-0000035 — Invalid directoy!! root:/mnt/project_impresso/original/BL_old/0000035/1893, dirs:['0104', '1114', '0223', '0125', '0429', '0610', '0904', '0110', '0921', '0615', '1013', '0720', '1104', '1108', '0830', '0522', '0710', '0822', '1012', '0828', '1110', '0622', '0915', '0616', '0502', '0918', '0130', '0718', '1002', '0225', '0111', '0922', '0818', '1201', '0127', '1113', '0602', '0403', '0831', '0719', '0302', '0218', '0614', '0901', '0608', '1205', '0612', '0203', '0322', '1009', '0504', '0213', '0825', '0301', '0320', '0601', '1117', '0112', '0907', '0613', '1228', '0209', '1031', '0109', '0308', '1129', '0304', '1118', '0706', '0406', '0314', '0814', '1204', '0902', '0713', '0315', '0712', '0520', '0307', '1016', '1216', '1109', '0619', '0425', '0511', '1027', '0711', '0424', '0620', '0505', '0407', '0919', '0624', '1020', '1003', '1030', '0518', '0824', '1220', '1122', '0118', '1206', '0121', '0327', '0704', '0119', '0823', '1229', '0722', '0805', '1026', '1214', '0717', '0916', '1125', '0208', '0731', '0728', '0220', '0808', '0224', '0106', '1230', '0906', '0803', '0420', '0926', '0506', '1103', '0725', '1115', '0626', '0621', '0114', '0617', '1028', '0217', '0510', '0428', '0524', '0324', '0427', '1007', '0411', '0809', '1106', '0609', '0928', '1209', '1111', '0204', '0412', '0408', '1202', '0529', '0628', '0309', '0321', '1017', '0413', '0526', '0816', '1207', '0811', '0927', '0123', '0330', '1014', '0206', '0724', '0426', '0117', '0519', '0516', '0329', '0605', '1219', '0508', '0708', '0421', '0911', '0525', '0214', '0815', '0801', '0810', '0211', '0715', '1010', '1025', '0909', '0124', '0509', '0422', '1222', '0819', '0812', '0923', '0318', '0325', '1024', '0807', '1213', '0310', '1019', '0202', '0729', '1005', '0721', '1011', '0623', '0102', '0401', '0930', '0105', '0216', '1018', '0228', '0920', '0328', '0817', '1107', '0523', '0826', '0607', '0513', '0222', '0929', '0517', '0802', '0221', '0311', '0116', '1221', '0703', '0215', '0630', '0701', '1023', '0306', '0418', '0913', '1006', '1215', '0317', '0727', '0530', '0404', '0905', '1223', '0323', '1123', '0726', '1226', '0410', '0908', '0501', '0531', '0415', '0207', '0128', '0527', '0131', '0606', '1124', '1120', '0512', '1128', '0405', '1004', '0414', '0603', '0313', '1218', '0804', '1208', '1212', '0714', '0419', '0629', '0821', '0113', '0627', '0126', '0227', '1102', '0912', '1021', '0331', '0515', '0705', '0914', '0303', '0417', '0503', '0316', '0210', '1127', '0120', '1121', '0925', '1227', '0107', '1130', '0201', '1211', '1116', '1101', '0707', '0103', '0829'], files=['1107WO1_BLMY_1893_11_07-0004-010.xml', '1107WO1_BLMY_1893_11_07-0006-017.xml', '1107WO1_BLMY_1893_11_07-0008.xml', '1107WO1_BLMY_1893_11_07-0006.xml', '1107WO1_BLMY_1893_11_07-0006-023.xml', '1107WO1_BLMY_1893_11_07-0006-018.xml', '1107WO1_BLMY_1893_11_07-0006-025.xml', '1107WO1_BLMY_1893_11_07-0007-028.xml', '1107WO1_BLMY_1893_11_07-0006-022.xml', '1107WO1_BLMY_1893_11_07-0003.xml', '1107WO1_BLMY_1893_11_07-0003-009.xml', '1107WO1_BLMY_1893_11_07-0008-035.xml', '1107WO1_BLMY_1893_11_07-0008-031.xml', '1107WO1_BLMY_1893_11_07-0007-026.xml', '1107WO1_BLMY_1893_11_07-0003-003.xml', '1107WO1_BLMY_1893_11_07-0003-005.xml', '1107WO1_BLMY_1893_11_07-0005-015.xml', '1107WO1_BLMY_1893_11_07-0005-014.xml', '1107WO1_BLMY_1893_11_07-0003-006.xml', '1107WO1_BLMY_1893_11_07-0006-021.xml', '1107WO1_BLMY_1893_11_07-0001-001.xml', '1107WO1_BLMY_1893_11_07-0008-030.xml', '1107WO1_BLMY_1893_11_07-0008-032.xml', '1107WO1_BLMY_1893_11_07-0005-013.xml', '1107WO1_BLMY_1893_11_07-0007.xml', '1107WO1_BLMY_1893_11_07-0003-004.xml', '1107WO1_BLMY_1893_11_07-0005.xml', '1107WO1_BLMY_1893_11_07-0004.xml', '1107WO1_BLMY_1893_11_07-0005-016.xml', '1107WO1_BLMY_1893_11_07-0008-033.xml', '1107WO1_BLMY_1893_11_07-0003-008.xml', '1107WO1_BLMY_1893_11_07-0003-007.xml', '1107WO1_BLMY_1893_11_07-0006-019.xml', '1107WO1_BLMY_1893_11_07-0006-024.xml', '1107WO1_BLMY_1893_11_07-0007-027.xml', '1107WO1_BLMY_1893_11_07-0001.xml', '1107WO1_BLMY_1893_11_07-0005-012.xml', '1107WO1_BLMY_1893_11_07-0002-002.xml', '1107WO1_BLMY_1893_11_07-0006-020.xml', '1107WO1_BLMY_1893_11_07-0005-011.xml', '1107WO1_BLMY_1893_11_07-0008-029.xml', '1107WO1_BLMY_1893_11_07-0002.xml', '1107WO1_BLMY_1893_11_07-0008-034.xml']
2025-03-16 10:34:11,206 __main__     INFO     BLMY-0000035 — Processing year 1893.
2025-03-16 11:10:22,945 __main__     INFO     BLMY-0000035 — Processing year 1888.
2025-03-16 11:46:11,713 __main__     INFO     BLMY-0000035 — Processing year 1883.
2025-03-16 12:22:30,201 __main__     INFO     BLMY-0000035 — Processing year 1884.
2025-03-16 12:55:49,703 __main__     INFO     BLMY-0000035 — Processing year 1896.
2025-03-16 13:33:29,738 __main__     INFO     BLMY-0000035 — Processing year 1890.
2025-03-16 14:09:31,760 __main__     INFO     BLMY-0000035 — Processing year 1891.
2025-03-16 14:34:06,913 __main__     INFO     BLMY-0000035 — Processing year 1894.
2025-03-16 15:10:55,285 __main__     INFO     BLMY-0000035 — Processing year 1879.
2025-03-16 16:10:29,262 __main__     INFO     BLMY-0000035 — Processing year 1886.
2025-03-16 16:42:14,874 __main__     INFO     BLMY-0000035 — Processing year 1881.
2025-03-16 17:18:04,687 __main__     INFO     ✅ BLMY-0000035 (5/50) - Done with the copy. There was 0 failed copies and problem_input_dirs:['/mnt/project_impresso/original/BL_old/0000035/1892', '/mnt/project_impresso/original/BL_old/0000035/1893'].
2025-03-16 17:18:04,689 __main__     INFO     ---------- Processing BNER - NLP 0000036 (6/50) ----------
2025-03-16 17:18:04,949 __main__     INFO     BNER-0000036 — Processing year 1859.
2025-03-16 17:27:24,904 __main__     INFO     BNER-0000036 — Processing year 1858.
2025-03-16 17:37:20,504 __main__     INFO     BNER-0000036 — Processing year 1857.
2025-03-16 17:44:36,227 __main__     INFO     ✅ BNER-0000036 (6/50) - Done with the copy. There was 0 failed copies and problem_input_dirs:[].
2025-03-16 17:44:36,228 __main__     INFO     ---------- Processing BNER - NLP 0000037 (7/50) ----------
2025-03-16 17:44:36,561 __main__     INFO     BNER-0000037 — Processing year 1860.
2025-03-16 17:55:20,057 __main__     INFO     BNER-0000037 — Processing year 1885.
2025-03-16 18:10:29,308 __main__     INFO     BNER-0000037 — Processing year 1899.
2025-03-16 18:26:52,925 __main__     INFO     BNER-0000037 — Processing year 1867.
2025-03-16 18:41:08,167 __main__     INFO     BNER-0000037 — Processing year 1870.
2025-03-16 18:56:01,892 __main__     INFO     BNER-0000037 — Processing year 1874.
2025-03-16 19:09:36,082 __main__     INFO     BNER-0000037 — Processing year 1878.
2025-03-16 19:24:12,187 __main__     INFO     BNER-0000037 — Processing year 1880.
2025-03-16 19:39:30,594 __main__     INFO     BNER-0000037 — Processing year 1892.
2025-03-16 19:57:07,274 __main__     INFO     BNER-0000037 — Processing year 1895.
2025-03-16 20:11:33,886 __main__     INFO     BNER-0000037 — Processing year 1882.
2025-03-16 20:25:38,133 __main__     INFO     BNER-0000037 — Processing year 1900.
2025-03-16 20:39:43,082 __main__     INFO     BNER-0000037 — Processing year 1877.
2025-03-16 20:53:21,131 __main__     INFO     BNER-0000037 — Processing year 1869.
2025-03-16 21:07:22,599 __main__     INFO     BNER-0000037 — Processing year 1887.
2025-03-16 21:21:50,577 __main__     INFO     BNER-0000037 — Processing year 1873.
2025-03-16 21:35:01,801 __main__     INFO     BNER-0000037 — Processing year 1865.
2025-03-16 21:46:22,945 __main__     INFO     BNER-0000037 — Processing year 1862.
2025-03-16 21:55:46,570 __main__     INFO     BNER-0000037 — Processing year 1889.
2025-03-16 22:09:43,792 __main__     INFO     BNER-0000037 — Processing year 1866.
2025-03-16 22:22:55,354 __main__     INFO     BNER-0000037 — Processing year 1893.
2025-03-16 22:35:34,002 __main__     INFO     BNER-0000037 — Processing year 1888.
2025-03-16 22:48:48,644 __main__     INFO     BNER-0000037 — Processing year 1883.
2025-03-16 23:00:28,599 __main__     INFO     BNER-0000037 — Processing year 1884.
2025-03-16 23:13:13,456 __main__     INFO     BNER-0000037 — Processing year 1896.
2025-03-16 23:27:32,293 __main__     INFO     BNER-0000037 — Processing year 1890.
2025-03-16 23:42:18,535 __main__     INFO     BNER-0000037 — Processing year 1872.
2025-03-16 23:55:12,524 __main__     INFO     BNER-0000037 — Processing year 1861.
2025-03-17 00:04:11,212 __main__     INFO     BNER-0000037 — Processing year 1868.
2025-03-17 00:17:58,331 __main__     INFO     BNER-0000037 — Processing year 1864.
2025-03-17 00:26:31,900 __main__     INFO     BNER-0000037 — Processing year 1891.
2025-03-17 00:38:41,216 __main__     INFO     BNER-0000037 — Processing year 1894.
2025-03-17 00:51:24,680 __main__     INFO     BNER-0000037 — Processing year 1879.
2025-03-17 01:04:07,007 __main__     INFO     BNER-0000037 — Processing year 1876.
2025-03-17 01:16:29,663 __main__     INFO     BNER-0000037 — Processing year 1875.
2025-03-17 01:30:08,303 __main__     INFO     BNER-0000037 — Processing year 1863.
2025-03-17 01:39:39,249 __main__     INFO     BNER-0000037 — Processing year 1886.
2025-03-17 01:53:21,775 __main__     INFO     BNER-0000037 — Processing year 1881.
2025-03-17 02:08:29,547 __main__     INFO     ✅ BNER-0000037 (7/50) - Done with the copy. There was 0 failed copies and problem_input_dirs:[].
2025-03-17 02:08:29,548 __main__     INFO     ---------- Processing BNWL - NLP 0000038 (8/50) ----------
2025-03-17 02:08:30,214 __main__     INFO     BNWL-0000038 — Processing year 1860.
2025-03-17 02:28:09,994 __main__     INFO     BNWL-0000038 — Processing year 1898.
2025-03-17 03:05:55,693 __main__     INFO     BNWL-0000038 — Processing year 1885.
2025-03-17 03:40:49,605 __main__     INFO     BNWL-0000038 — Processing year 1899.
2025-03-17 04:16:30,465 __main__     INFO     BNWL-0000038 — Processing year 1867.
2025-03-17 04:35:48,072 __main__     INFO     BNWL-0000038 — Processing year 1837.
2025-03-17 04:40:48,136 __main__     INFO     BNWL-0000038 — Processing year 1870.
2025-03-17 05:02:31,065 __main__     INFO     BNWL-0000038 — Processing year 1842.
2025-03-17 05:08:36,203 __main__     INFO     BNWL-0000038 — Processing year 1874.
2025-03-17 05:30:22,550 __main__     INFO     BNWL-0000038 — Processing year 1878.
2025-03-17 05:40:04,244 __main__     INFO     BNWL-0000038 — Processing year 1844.
2025-03-17 05:45:27,466 __main__     INFO     BNWL-0000038 — Processing year 1880.
2025-03-17 06:00:32,471 __main__     INFO     BNWL-0000038 — Processing year 1892.
2025-03-17 06:37:09,963 __main__     INFO     BNWL-0000038 — Processing year 1856.
2025-03-17 06:54:32,687 __main__     INFO     BNWL-0000038 — Processing year 1895.
2025-03-17 07:29:43,820 __main__     INFO     BNWL-0000038 — Processing year 1882.
2025-03-17 08:00:34,829 __main__     INFO     BNWL-0000038 — Processing year 1900.
2025-03-17 08:39:45,183 __main__     INFO     BNWL-0000038 — Processing year 1832.
2025-03-17 08:44:47,373 __main__     INFO     BNWL-0000038 — Processing year 1846.
2025-03-17 08:50:21,871 __main__     INFO     BNWL-0000038 — Processing year 1850.
2025-03-17 08:55:52,640 __main__     INFO     BNWL-0000038 — Processing year 1833.
2025-03-17 09:00:45,646 __main__     INFO     BNWL-0000038 — Processing year 1877.
2025-03-17 09:22:40,985 __main__     INFO     BNWL-0000038 — Processing year 1849.
2025-03-17 09:27:42,868 __main__     INFO     BNWL-0000038 — Processing year 1840.
2025-03-17 09:33:07,615 __main__     INFO     BNWL-0000038 — Processing year 1869.
2025-03-17 09:54:14,358 __main__     INFO     BNWL-0000038 — Processing year 1887.
2025-03-17 10:27:24,842 __main__     INFO     BNWL-0000038 — Processing year 1859.
2025-03-17 10:45:26,537 __main__     INFO     BNWL-0000038 — Processing year 1835.
2025-03-17 10:50:34,037 __main__     INFO     BNWL-0000038 — Processing year 1873.
2025-03-17 11:15:09,602 __main__     INFO     BNWL-0000038 — Processing year 1865.
2025-03-17 11:36:12,779 __main__     INFO     BNWL-0000038 — Processing year 1858.
2025-03-17 11:56:16,495 __main__     INFO     BNWL-0000038 — Processing year 1862.
2025-03-17 12:13:39,185 __main__     INFO     BNWL-0000038 — Processing year 1843.
2025-03-17 12:19:39,027 __main__     INFO     BNWL-0000038 — Processing year 1889.
2025-03-17 12:54:35,031 __main__     INFO     BNWL-0000038 — Processing year 1853.
2025-03-17 13:03:37,149 __main__     INFO     BNWL-0000038 — Processing year 1866.
2025-03-17 13:23:00,400 __main__     INFO     BNWL-0000038 — Processing year 1893.
2025-03-17 13:59:09,056 __main__     INFO     BNWL-0000038 — Processing year 1888.
2025-03-17 14:37:48,860 __main__     INFO     BNWL-0000038 — Processing year 1839.
2025-03-17 14:43:42,939 __main__     INFO     BNWL-0000038 — Processing year 1847.
2025-03-17 14:49:48,642 __main__     INFO     BNWL-0000038 — Processing year 1841.
2025-03-17 14:56:01,321 __main__     INFO     BNWL-0000038 — Processing year 1883.
2025-03-17 15:19:44,738 __main__     INFO     BNWL-0000038 — Processing year 1884.
2025-03-17 15:57:08,844 __main__     INFO     BNWL-0000038 — Processing year 1831.
2025-03-17 16:02:54,260 __main__     INFO     BNWL-0000038 — Processing year 1896.
2025-03-17 16:43:04,280 __main__     INFO     BNWL-0000038 — Processing year 1890.
2025-03-17 17:23:29,165 __main__     INFO     BNWL-0000038 — Processing year 1872.
2025-03-17 17:48:42,324 __main__     INFO     BNWL-0000038 — Processing year 1861.
2025-03-17 18:10:04,905 __main__     INFO     BNWL-0000038 — Processing year 1828.
2025-03-17 18:16:11,603 __main__     INFO     BNWL-0000038 — Processing year 1868.
2025-03-17 18:27:50,285 __main__     INFO     BNWL-0000038 — Processing year 1864.
2025-03-17 18:51:22,517 __main__     INFO     BNWL-0000038 — Processing year 1891.
2025-03-17 19:26:01,010 __main__     INFO     BNWL-0000038 — Processing year 1830.
2025-03-17 19:30:41,676 __main__     INFO     BNWL-0000038 — Processing year 1851.
2025-03-17 19:39:19,580 __main__     INFO     BNWL-0000038 — Processing year 1845.
2025-03-17 19:44:45,975 __main__     INFO     BNWL-0000038 — Processing year 1854.
2025-03-17 19:55:46,766 __main__     INFO     BNWL-0000038 — Processing year 1871.
2025-03-17 20:20:47,062 __main__     INFO     BNWL-0000038 — Processing year 1894.
2025-03-17 21:00:09,961 __main__     INFO     BNWL-0000038 — Processing year 1855.
2025-03-17 21:15:10,675 __main__     INFO     BNWL-0000038 — Processing year 1879.
2025-03-17 21:47:21,534 __main__     INFO     BNWL-0000038 — Processing year 1834.
2025-03-17 21:53:00,010 __main__     INFO     BNWL-0000038 — Processing year 1836.
2025-03-17 21:58:26,044 __main__     INFO     BNWL-0000038 — Processing year 1876.
2025-03-17 22:19:06,717 __main__     INFO     BNWL-0000038 — Processing year 1875.
2025-03-17 22:40:14,461 __main__     INFO     BNWL-0000038 — Processing year 1852.
2025-03-17 22:50:17,324 __main__     INFO     BNWL-0000038 — Processing year 1863.
2025-03-17 23:10:36,382 __main__     INFO     BNWL-0000038 — Processing year 1848.
2025-03-17 23:17:13,523 __main__     INFO     BNWL-0000038 — Processing year 1886.
2025-03-17 23:58:00,922 __main__     INFO     BNWL-0000038 — Processing year 1829.
2025-03-18 00:03:48,263 __main__     INFO     BNWL-0000038 — Processing year 1897.
2025-03-18 00:46:03,863 __main__     INFO     BNWL-0000038 — Processing year 1838.
2025-03-18 00:52:29,892 __main__     INFO     BNWL-0000038 — Processing year 1857.
2025-03-18 01:15:15,853 __main__     INFO     BNWL-0000038 — Processing year 1881.
2025-03-18 01:49:44,134 __main__     INFO     ✅ BNWL-0000038 (8/50) - Done with the copy. There was 0 failed copies and problem_input_dirs:[].
2025-03-18 01:49:44,135 __main__     INFO     ---------- Processing BRPT - NLP 0000040 (9/50) ----------
2025-03-18 01:49:44,894 __main__     INFO     BRPT-0000040 — Processing year 1837.
2025-03-18 01:52:57,312 __main__     INFO     BRPT-0000040 — Processing year 1835.
2025-03-18 01:55:15,716 __main__     INFO     BRPT-0000040 — Processing year 1839.
2025-03-18 01:57:22,772 __main__     INFO     BRPT-0000040 — Processing year 1836.
2025-03-18 02:00:28,256 __main__     INFO     BRPT-0000040 — Processing year 1838.
2025-03-18 02:03:36,029 __main__     INFO     ✅ BRPT-0000040 (9/50) - Done with the copy. There was 0 failed copies and problem_input_dirs:[].
2025-03-18 02:03:36,030 __main__     INFO     ---------- Processing CHPN - NLP 0000041 (10/50) ----------
2025-03-18 02:03:36,361 __main__     INFO     CHPN-0000041 — Processing year 1836.
2025-03-18 02:10:17,225 __main__     INFO     ✅ CHPN-0000041 (10/50) - Done with the copy. There was 0 failed copies and problem_input_dirs:[].
2025-03-18 02:10:17,226 __main__     INFO     ---------- Processing CHPN - NLP 0000042 (11/50) ----------
2025-03-18 02:10:17,821 __main__     INFO     CHPN-0000042 — Processing year 1837.
2025-03-18 02:22:27,829 __main__     INFO     CHPN-0000042 — Processing year 1840.
2025-03-18 02:24:30,612 __main__     INFO     CHPN-0000042 — Processing year 1839.
2025-03-18 02:30:37,251 __main__     INFO     CHPN-0000042 — Processing year 1838.
2025-03-18 02:34:04,845 __main__     INFO     ✅ CHPN-0000042 (11/50) - Done with the copy. There was 0 failed copies and problem_input_dirs:[].
2025-03-18 02:34:04,846 __main__     INFO     ---------- Processing CHTR - NLP 0000043 (12/50) ----------
2025-03-18 02:34:05,634 __main__     INFO     CHTR-0000043 — Processing year 1840.
2025-03-18 02:36:19,445 __main__     INFO     CHTR-0000043 — Processing year 1839.
2025-03-18 02:47:18,536 __main__     INFO     ✅ CHTR-0000043 (12/50) - Done with the copy. There was 0 failed copies and problem_input_dirs:[].
2025-03-18 02:47:18,537 __main__     INFO     ---------- Processing CHTT - NLP 0000044 (13/50) ----------
2025-03-18 02:47:19,306 __main__     INFO     CHTT-0000044 — Processing year 1839.
2025-03-18 02:48:54,096 __main__     INFO     ✅ CHTT-0000044 (13/50) - Done with the copy. There was 0 failed copies and problem_input_dirs:[].
2025-03-18 02:48:54,097 __main__     INFO     ---------- Processing CNMR - NLP 0000045 (14/50) ----------
2025-03-18 02:48:55,127 __main__     INFO     CNMR-0000045 — Processing year 1778.
2025-03-18 02:57:43,222 __main__     INFO     CNMR-0000045 — Processing year 1814.
2025-03-18 03:07:12,586 __main__     INFO     CNMR-0000045 — Processing year 1767.
2025-03-18 03:15:47,709 __main__     INFO     CNMR-0000045 — Processing year 1811.
2025-03-18 03:23:31,277 __main__     INFO     CNMR-0000045 — Processing year 1813.
2025-03-18 03:31:20,592 __main__     INFO     CNMR-0000045 — Processing year 1784.
2025-03-18 03:40:19,002 __main__     INFO     CNMR-0000045 — Processing year 1810.
2025-03-18 03:49:34,171 __main__     INFO     CNMR-0000045 — Processing year 1780.
2025-03-18 03:58:28,364 __main__     INFO     CNMR-0000045 — Processing year 1722.
2025-03-18 04:01:03,395 __main__     INFO     CNMR-0000045 — Processing year 1806.
2025-03-18 04:10:23,736 __main__     INFO     CNMR-0000045 — Processing year 1808.
2025-03-18 04:19:48,909 __main__     INFO     CNMR-0000045 — Processing year 1740.
2025-03-18 04:27:48,985 __main__     INFO     CNMR-0000045 — Processing year 1793.
2025-03-18 04:36:07,244 __main__     INFO     CNMR-0000045 — Processing year 1797.
2025-03-18 04:44:37,676 __main__     INFO     CNMR-0000045 — Processing year 1824.
2025-03-18 04:53:55,735 __main__     INFO     CNMR-0000045 — Processing year 1837.
2025-03-18 05:03:34,951 __main__     INFO     CNMR-0000045 — Processing year 1792.
2025-03-18 05:12:04,016 __main__     INFO     CNMR-0000045 — Processing year 1755.
2025-03-18 05:20:47,491 __main__     INFO     CNMR-0000045 — Processing year 1744.
2025-03-18 05:28:53,363 __main__     INFO     CNMR-0000045 — Processing year 1766.
2025-03-18 05:38:29,820 __main__     INFO     CNMR-0000045 — Processing year 1786.
2025-03-18 05:47:26,438 __main__     INFO     CNMR-0000045 — Processing year 1788.
2025-03-18 05:56:10,034 __main__     INFO     CNMR-0000045 — Processing year 1807.
2025-03-18 06:05:14,334 __main__     INFO     CNMR-0000045 — Processing year 1800.
2025-03-18 06:14:25,527 __main__     INFO     CNMR-0000045 — Processing year 1842.
2025-03-18 06:24:09,981 __main__     INFO     CNMR-0000045 — Processing year 1769.
2025-03-18 06:31:56,062 __main__     INFO     CNMR-0000045 — Processing year 1746.
2025-03-18 06:39:32,099 __main__     INFO     CNMR-0000045 — Processing year 1823.
2025-03-18 06:49:20,804 __main__     INFO     CNMR-0000045 — Processing year 1754.
2025-03-18 06:58:27,888 __main__     INFO     CNMR-0000045 — Processing year 1844.
2025-03-18 07:08:42,675 __main__     INFO     CNMR-0000045 — Processing year 1747.
2025-03-18 07:18:03,361 __main__     INFO     CNMR-0000045 — Processing year 1761.
2025-03-18 07:28:00,635 __main__     INFO     CNMR-0000045 — Processing year 1856.
2025-03-18 07:53:49,823 __main__     INFO     CNMR-0000045 — Processing year 1798.
2025-03-18 08:03:08,363 __main__     INFO     CNMR-0000045 — Processing year 1832.
2025-03-18 08:22:53,172 __main__     INFO     CNMR-0000045 — Processing year 1846.
2025-03-18 08:31:48,435 __main__     INFO     CNMR-0000045 — Processing year 1850.
2025-03-18 08:41:08,145 __main__     INFO     CNMR-0000045 — Processing year 1833.
2025-03-18 08:51:07,918 __main__     INFO     CNMR-0000045 — Processing year 1849.
2025-03-18 08:59:11,160 __main__     INFO     CNMR-0000045 — Processing year 1840.
2025-03-18 09:09:31,453 __main__     INFO     CNMR-0000045 — Processing year 1732.
2025-03-18 09:17:53,554 __main__     INFO     CNMR-0000045 — Processing year 1821.
2025-03-18 09:28:00,396 __main__     INFO     CNMR-0000045 — Processing year 1809.
2025-03-18 09:38:07,707 __main__     INFO     CNMR-0000045 — Processing year 1779.
2025-03-18 09:48:15,108 __main__     INFO     CNMR-0000045 — Processing year 1751.
2025-03-18 09:56:12,591 __main__     INFO     CNMR-0000045 — Processing year 1760.
2025-03-18 10:05:38,180 __main__     INFO     CNMR-0000045 — Processing year 1781.
2025-03-18 10:15:48,307 __main__     INFO     CNMR-0000045 — Processing year 1795.
2025-03-18 10:24:19,626 __main__     INFO     CNMR-0000045 — Processing year 1742.
2025-03-18 10:31:47,995 __main__     INFO     CNMR-0000045 — Processing year 1753.
2025-03-18 10:39:36,181 __main__     INFO     CNMR-0000045 — Processing year 1817.
2025-03-18 10:50:21,806 __main__     INFO     CNMR-0000045 — Processing year 1859.
2025-03-18 11:15:01,902 __main__     INFO     CNMR-0000045 — Processing year 1758.
2025-03-18 11:23:44,889 __main__     INFO     CNMR-0000045 — Processing year 1835.
2025-03-18 11:32:38,844 __main__     INFO     CNMR-0000045 — Processing year 1748.
2025-03-18 11:39:48,679 __main__     INFO     CNMR-0000045 — Processing year 1785.
2025-03-18 11:48:12,619 __main__     INFO     CNMR-0000045 — Processing year 1772.
2025-03-18 11:56:16,356 __main__     INFO     CNMR-0000045 — Processing year 1794.
2025-03-18 12:04:28,112 __main__     INFO     CNMR-0000045 — Processing year 1791.
2025-03-18 12:12:18,081 __main__     INFO     CNMR-0000045 — Processing year 1730.
2025-03-18 12:20:07,946 __main__     INFO     CNMR-0000045 — Processing year 1783.
2025-03-18 12:28:20,649 __main__     INFO     CNMR-0000045 — Processing year 1771.
2025-03-18 12:36:43,932 __main__     INFO     CNMR-0000045 — Processing year 1737.
2025-03-18 12:38:04,941 __main__     INFO     CNMR-0000045 — Processing year 1720.
2025-03-18 12:46:00,821 __main__     INFO     CNMR-0000045 — Processing year 1765.
2025-03-18 12:55:04,502 __main__     INFO     CNMR-0000045 — Processing year 1782.
2025-03-18 13:04:17,199 __main__     INFO     CNMR-0000045 — Processing year 1731.
2025-03-18 13:11:45,912 __main__     INFO     CNMR-0000045 — Processing year 1858.
2025-03-18 13:37:28,238 __main__     INFO     CNMR-0000045 — Processing year 1819.
2025-03-18 13:48:33,633 __main__     INFO     CNMR-0000045 — Processing year 1843.
2025-03-18 14:00:02,769 __main__     INFO     CNMR-0000045 — Processing year 1805.
2025-03-18 14:09:39,708 __main__     INFO     CNMR-0000045 — Processing year 1723.
2025-03-18 14:16:39,852 __main__     INFO     CNMR-0000045 — Processing year 1853.
2025-03-18 14:26:44,340 __main__     INFO     CNMR-0000045 — Processing year 1768.
2025-03-18 14:36:25,878 __main__     INFO     CNMR-0000045 — Processing year 1804.
2025-03-18 14:44:57,905 __main__     INFO     CNMR-0000045 — Processing year 1759.
2025-03-18 14:51:31,519 __main__     INFO     CNMR-0000045 — Processing year 1796.
2025-03-18 14:59:00,076 __main__     INFO     CNMR-0000045 — Processing year 1787.
2025-03-18 15:07:10,363 __main__     INFO     CNMR-0000045 — Processing year 1839.
2025-03-18 15:17:52,982 __main__     INFO     CNMR-0000045 — Processing year 1826.
2025-03-18 15:27:25,863 __main__     INFO     CNMR-0000045 — Processing year 1847.
2025-03-18 15:36:04,450 __main__     INFO     CNMR-0000045 — Processing year 1841.
2025-03-18 15:46:02,253 __main__     INFO     CNMR-0000045 — Processing year 1801.
2025-03-18 15:55:23,037 __main__     INFO     CNMR-0000045 — Processing year 1774.
2025-03-18 16:04:30,044 __main__     INFO     CNMR-0000045 — Processing year 1831.
2025-03-18 16:14:22,479 __main__     INFO     CNMR-0000045 — Processing year 1764.
2025-03-18 16:21:05,172 __main__     INFO     CNMR-0000045 — Processing year 1827.
2025-03-18 16:28:09,848 __main__     INFO     CNMR-0000045 — Processing year 1763.
2025-03-18 16:34:46,167 __main__     INFO     CNMR-0000045 — Processing year 1734.
2025-03-18 16:40:45,526 __main__     INFO     CNMR-0000045 — Processing year 1745.
2025-03-18 16:46:23,245 __main__     INFO     CNMR-0000045 — Processing year 1815.
2025-03-18 16:53:23,082 __main__     INFO     CNMR-0000045 — Processing year 1743.
2025-03-18 16:59:24,432 __main__     INFO     CNMR-0000045 — Processing year 1736.
2025-03-18 17:06:00,508 __main__     INFO     CNMR-0000045 — Processing year 1775.
2025-03-18 17:13:35,634 __main__     INFO     CNMR-0000045 — Processing year 1790.
2025-03-18 17:20:32,827 __main__     INFO     CNMR-0000045 — Processing year 1721.
2025-03-18 17:31:05,809 __main__     INFO     CNMR-0000045 — Processing year 1741.
2025-03-18 17:38:21,271 __main__     INFO     CNMR-0000045 — Processing year 1828.
2025-03-18 17:46:26,098 __main__     INFO     CNMR-0000045 — Processing year 1733.
2025-03-18 17:53:04,165 __main__     INFO     CNMR-0000045 — Processing year 1830.
2025-03-18 17:59:48,393 __main__     INFO     CNMR-0000045 — Processing year 1728.
2025-03-18 18:06:05,881 __main__     INFO     CNMR-0000045 — Processing year 1749.
2025-03-18 18:11:56,842 __main__     INFO     CNMR-0000045 — Processing year 1750.
2025-03-18 18:17:58,823 __main__     INFO     CNMR-0000045 — Processing year 1725.
2025-03-18 18:25:25,326 __main__     INFO     CNMR-0000045 — Processing year 1851.
2025-03-18 18:35:16,848 __main__     INFO     CNMR-0000045 — Processing year 1845.
2025-03-18 18:41:04,005 __main__     INFO     CNMR-0000045 — Processing year 1854.
2025-03-18 18:50:02,420 __main__     INFO     CNMR-0000045 — Processing year 1735.
2025-03-18 18:57:21,892 __main__     INFO     CNMR-0000045 — Processing year 1825.
2025-03-18 19:05:31,409 __main__     INFO     CNMR-0000045 — Processing year 1729.
2025-03-18 19:11:15,352 __main__     INFO     CNMR-0000045 — Processing year 1773.
2025-03-18 19:17:34,169 __main__     INFO     CNMR-0000045 — Processing year 1727.
2025-03-18 19:23:05,315 __main__     INFO     CNMR-0000045 — Processing year 1855.
2025-03-18 19:37:06,784 __main__     INFO     CNMR-0000045 — Processing year 1820.
2025-03-18 19:45:00,565 __main__     INFO     CNMR-0000045 — Processing year 1812.
2025-03-18 19:53:24,465 __main__     INFO     CNMR-0000045 — Processing year 1724.
2025-03-18 20:03:48,093 __main__     INFO     CNMR-0000045 — Processing year 1822.
2025-03-18 20:12:18,242 __main__     INFO     CNMR-0000045 — Processing year 1762.
2025-03-18 20:20:37,832 __main__     INFO     CNMR-0000045 — Processing year 1756.
2025-03-18 20:28:11,344 __main__     INFO     CNMR-0000045 — Processing year 1802.
2025-03-18 20:36:20,592 __main__     INFO     CNMR-0000045 — Processing year 1834.
2025-03-18 20:44:31,800 __main__     INFO     CNMR-0000045 — Processing year 1836.
2025-03-18 20:53:14,085 __main__     INFO     CNMR-0000045 — Processing year 1818.
2025-03-18 21:01:31,141 __main__     INFO     CNMR-0000045 — Processing year 1852.
2025-03-18 21:09:04,110 __main__     INFO     CNMR-0000045 — Processing year 1739.
2025-03-18 21:15:13,209 __main__     INFO     CNMR-0000045 — Processing year 1752.
2025-03-18 21:21:06,595 __main__     INFO     CNMR-0000045 — Processing year 1848.
2025-03-18 21:27:53,450 __main__     INFO     CNMR-0000045 — Processing year 1776.
2025-03-18 21:38:17,785 __main__     INFO     CNMR-0000045 — Processing year 1777.
2025-03-18 21:47:19,334 __main__     INFO     CNMR-0000045 — Processing year 1726.
2025-03-18 21:54:53,075 __main__     INFO     CNMR-0000045 — Processing year 1829.
2025-03-18 22:04:16,868 __main__     INFO     CNMR-0000045 — Processing year 1789.
2025-03-18 22:12:53,228 __main__     INFO     CNMR-0000045 — Processing year 1838.
2025-03-18 22:20:40,846 __main__     INFO     CNMR-0000045 — Processing year 1816.
2025-03-18 22:28:18,181 __main__     INFO     CNMR-0000045 — Processing year 1799.
2025-03-18 22:36:40,557 __main__     INFO     CNMR-0000045 — Processing year 1857.
2025-03-18 22:58:42,919 __main__     INFO     ✅ CNMR-0000045 (14/50) - Done with the copy. There was 0 failed copies and problem_input_dirs:[].
2025-03-18 22:58:42,920 __main__     INFO     ---------- Processing CNMR - NLP 0000046 (15/50) ----------
2025-03-18 22:58:43,359 __main__     INFO     CNMR-0000046 — Processing year 1860.
2025-03-18 23:18:19,811 __main__     INFO     ✅ CNMR-0000046 (15/50) - Done with the copy. There was 0 failed copies and problem_input_dirs:[].
2025-03-18 23:18:19,812 __main__     INFO     ---------- Processing CNMR - NLP 0000047 (16/50) ----------
2025-03-18 23:18:20,238 __main__     INFO     CNMR-0000047 — Processing year 1867.
2025-03-18 23:23:42,130 __main__     INFO     CNMR-0000047 — Processing year 1865.
2025-03-19 00:03:07,154 __main__     INFO     CNMR-0000047 — Processing year 1862.
2025-03-19 00:26:07,651 __main__     INFO     CNMR-0000047 — Processing year 1866.
2025-03-19 00:42:23,001 __main__     INFO     CNMR-0000047 — Processing year 1861.
2025-03-19 01:00:12,445 __main__     INFO     CNMR-0000047 — Processing year 1864.
2025-03-19 01:26:46,161 __main__     INFO     CNMR-0000047 — Processing year 1863.
2025-03-19 01:50:14,644 __main__     INFO     ✅ CNMR-0000047 (16/50) - Done with the copy. There was 0 failed copies and problem_input_dirs:[].
2025-03-19 01:50:14,644 __main__     INFO     ---------- Processing CWPR - NLP 0000050 (17/50) ----------
2025-03-19 01:50:15,565 __main__     INFO     CWPR-0000050 — Processing year 1814.
2025-03-19 02:01:40,432 __main__     INFO     CWPR-0000050 — Processing year 1811.
2025-03-19 02:17:42,336 __main__     INFO     CWPR-0000050 — Processing year 1813.
2025-03-19 02:29:45,874 __main__     INFO     CWPR-0000050 — Processing year 1810.
2025-03-19 02:45:01,663 __main__     INFO     CWPR-0000050 — Processing year 1806.
2025-03-19 02:54:09,400 __main__     INFO     CWPR-0000050 — Processing year 1824.
2025-03-19 03:08:27,640 __main__     INFO     CWPR-0000050 — Processing year 1823.
2025-03-19 03:20:54,132 __main__     INFO     CWPR-0000050 — Processing year 1832.
2025-03-19 03:31:35,464 __main__     INFO     CWPR-0000050 — Processing year 1833.
2025-03-19 03:41:48,615 __main__     INFO     CWPR-0000050 — Processing year 1821.
2025-03-19 03:51:22,328 __main__     INFO     CWPR-0000050 — Processing year 1817.
2025-03-19 03:57:00,218 __main__     INFO     CWPR-0000050 — Processing year 1835.
2025-03-19 04:03:27,073 __main__     INFO     CWPR-0000050 — Processing year 1819.
2025-03-19 04:09:13,183 __main__     INFO     CWPR-0000050 — Processing year 1805.
2025-03-19 04:15:51,663 __main__     INFO     CWPR-0000050 — Processing year 1804.
2025-03-19 04:22:50,096 __main__     INFO     CWPR-0000050 — Processing year 1826.
2025-03-19 04:33:21,233 __main__     INFO     CWPR-0000050 — Processing year 1831.
2025-03-19 04:44:05,365 __main__     INFO     CWPR-0000050 — Processing year 1827.
2025-03-19 04:54:25,076 __main__     INFO     CWPR-0000050 — Processing year 1815.
2025-03-19 05:02:58,160 __main__     INFO     CWPR-0000050 — Processing year 1828.
2025-03-19 05:08:29,158 __main__     INFO     CWPR-0000050 — Processing year 1803.
2025-03-19 05:15:08,708 __main__     INFO     CWPR-0000050 — Processing year 1830.
2025-03-19 05:21:28,283 __main__     INFO     CWPR-0000050 — Processing year 1825.
2025-03-19 05:31:17,042 __main__     INFO     CWPR-0000050 — Processing year 1820.
2025-03-19 05:41:32,532 __main__     INFO     CWPR-0000050 — Processing year 1812.
2025-03-19 05:50:50,387 __main__     INFO     CWPR-0000050 — Processing year 1822.
2025-03-19 06:01:14,334 __main__     INFO     CWPR-0000050 — Processing year 1802.
2025-03-19 06:06:07,081 __main__     INFO     CWPR-0000050 — Processing year 1834.
2025-03-19 06:16:36,364 __main__     INFO     CWPR-0000050 — Processing year 1836.
2025-03-19 06:17:56,403 __main__     INFO     CWPR-0000050 — Processing year 1818.
2025-03-19 06:21:54,259 __main__     INFO     CWPR-0000050 — Processing year 1829.
2025-03-19 06:27:07,769 __main__     INFO     CWPR-0000050 — Processing year 1816.
2025-03-19 06:38:01,741 __main__     INFO     ✅ CWPR-0000050 (17/50) - Done with the copy. There was 0 failed copies and problem_input_dirs:[].
2025-03-19 06:38:01,742 __main__     INFO     ---------- Processing DNLN - NLP 0000051 (18/50) ----------
2025-03-19 06:38:02,403 __main__     INFO     DNLN-0000051 — Processing year 1860.
2025-03-19 07:08:58,292 __main__     INFO     DNLN-0000051 — Processing year 1898.
2025-03-19 07:50:02,019 __main__     INFO     DNLN-0000051 — Processing year 1885.
2025-03-19 08:20:15,027 __main__     INFO     DNLN-0000051 — Processing year 1899.
2025-03-19 09:02:23,893 __main__     INFO     DNLN-0000051 — Processing year 1867.
2025-03-19 09:29:33,354 __main__     INFO     DNLN-0000051 — Processing year 1870.
2025-03-19 09:57:18,473 __main__     INFO     DNLN-0000051 — Processing year 1874.
2025-03-19 10:31:48,359 __main__     INFO     DNLN-0000051 — Processing year 1878.
2025-03-19 11:04:25,801 __main__     INFO     DNLN-0000051 — Processing year 1880.
2025-03-19 12:08:34,332 __main__     INFO     DNLN-0000051 — Processing year 1892.
2025-03-19 12:49:42,840 __main__     INFO     DNLN-0000051 — Processing year 1856.
2025-03-19 13:30:55,610 __main__     INFO     DNLN-0000051 — Processing year 1895.
2025-03-19 14:16:43,184 __main__     INFO     DNLN-0000051 — Processing year 1882.
2025-03-19 14:31:03,194 __main__     ERROR    DNLN-0000051-1882-07-04 — Copy of /mnt/project_impresso/original/BL_old/0000051/1882/0704/0000051_18820704_0005.jp2 failed due to execption [Errno 28] No space left on device: '/mnt/impresso_images_BL/DNLN/0000051/1882/07/04/0000051_18820704_0005.jp2', To copy again!.
2025-03-19 14:31:03,592 __main__     ERROR    DNLN-0000051-1882-07-04 — Copy of /mnt/project_impresso/original/BL_old/0000051/1882/0704/0000051_18820704_0002.jp2 failed due to execption [Errno 28] No space left on device: '/mnt/impresso_images_BL/DNLN/0000051/1882/07/04/0000051_18820704_0002.jp2', To copy again!.
2025-03-19 14:31:03,800 __main__     ERROR    DNLN-0000051-1882-07-04 — Copy of /mnt/project_impresso/original/BL_old/0000051/1882/0704/0000051_18820704_0006.jp2 failed due to execption [Errno 28] No space left on device: '/mnt/impresso_images_BL/DNLN/0000051/1882/07/04/0000051_18820704_0006.jp2', To copy again!.
2025-03-19 14:31:04,004 __main__     ERROR    DNLN-0000051-1882-07-04 — Copy of /mnt/project_impresso/original/BL_old/0000051/1882/0704/0000051_18820704_0003.jp2 failed due to execption [Errno 28] No space left on device: '/mnt/impresso_images_BL/DNLN/0000051/1882/07/04/0000051_18820704_0003.jp2', To copy again!.
2025-03-19 14:31:04,150 __main__     ERROR    DNLN-0000051-1882-07-04 — Copy of /mnt/project_impresso/original/BL_old/0000051/1882/0704/0000051_18820704_0001.jp2 failed due to execption [Errno 28] No space left on device: '/mnt/impresso_images_BL/DNLN/0000051/1882/07/04/0000051_18820704_0001.jp2', To copy again!.
2025-03-19 14:31:04,181 __main__     ERROR    DNLN-0000051-1882-07-04 — Copy of /mnt/project_impresso/original/BL_old/0000051/1882/0704/0000051_18820704_0004.jp2 failed due to execption [Errno 28] No space left on device: '/mnt/impresso_images_BL/DNLN/0000051/1882/07/04/0000051_18820704_0004.jp2', To copy again!.
2025-03-19 14:31:04,244 __main__     ERROR    DNLN-0000051: There was an exception when processing this NLP!! Exception: [Errno 28] No space left on device: '/mnt/impresso_images_BL/DNLN/0000051/1882/01/19'
2025-03-19 14:31:04,244 __main__     INFO     ✅ DNLN-0000051 (18/50) - Done with the copy. There was 0 failed copies and problem_input_dirs:[].
2025-03-19 14:31:04,244 __main__     INFO     ---------- Processing DYMR - NLP 0000052 (19/50) ----------
2025-03-19 14:31:04,264 __main__     ERROR    DYMR-0000052: There was an exception when processing this NLP!! Exception: [Errno 28] No space left on device: '/mnt/impresso_images_BL/DYMR'
2025-03-19 14:31:04,265 __main__     INFO     ✅ DYMR-0000052 (19/50) - Done with the copy. There was 0 failed copies and problem_input_dirs:[].
2025-03-19 14:31:04,265 __main__     INFO     ---------- Processing ERLN - NLP 0000053 (20/50) ----------
2025-03-19 14:31:04,279 __main__     ERROR    ERLN-0000053: There was an exception when processing this NLP!! Exception: [Errno 28] No space left on device: '/mnt/impresso_images_BL/ERLN'
2025-03-19 14:31:04,279 __main__     INFO     ✅ ERLN-0000053 (20/50) - Done with the copy. There was 0 failed copies and problem_input_dirs:[].
2025-03-19 14:31:04,279 __main__     INFO     ---------- Processing EXLN - NLP 0000054 (21/50) ----------
2025-03-19 14:31:04,298 __main__     ERROR    EXLN-0000054: There was an exception when processing this NLP!! Exception: [Errno 28] No space left on device: '/mnt/impresso_images_BL/EXLN'
2025-03-19 14:31:04,298 __main__     INFO     ✅ EXLN-0000054 (21/50) - Done with the copy. There was 0 failed copies and problem_input_dirs:[].
2025-03-19 14:31:04,298 __main__     INFO     ---------- Processing FRJO - NLP 0000056 (22/50) ----------
2025-03-19 14:31:04,323 __main__     ERROR    FRJO-0000056: There was an exception when processing this NLP!! Exception: [Errno 28] No space left on device: '/mnt/impresso_images_BL/FRJO'
2025-03-19 14:31:04,323 __main__     INFO     ✅ FRJO-0000056 (22/50) - Done with the copy. There was 0 failed copies and problem_input_dirs:[].
2025-03-19 14:31:04,324 __main__     INFO     ---------- Processing GCLN - NLP 0000057 (23/50) ----------
2025-03-19 14:31:04,342 __main__     ERROR    GCLN-0000057: There was an exception when processing this NLP!! Exception: [Errno 28] No space left on device: '/mnt/impresso_images_BL/GCLN'
2025-03-19 14:31:04,342 __main__     INFO     ✅ GCLN-0000057 (23/50) - Done with the copy. There was 0 failed copies and problem_input_dirs:[].
2025-03-19 14:31:04,343 __main__     INFO     ---------- Processing GLAD - NLP 0000058 (24/50) ----------
2025-03-19 14:31:04,362 __main__     ERROR    GLAD-0000058: There was an exception when processing this NLP!! Exception: [Errno 28] No space left on device: '/mnt/impresso_images_BL/GLAD'
2025-03-19 14:31:04,362 __main__     INFO     ✅ GLAD-0000058 (24/50) - Done with the copy. There was 0 failed copies and problem_input_dirs:[].
2025-03-19 14:31:04,362 __main__     INFO     ---------- Processing GNDL - NLP 0000059 (25/50) ----------
2025-03-19 14:31:04,379 __main__     ERROR    GNDL-0000059: There was an exception when processing this NLP!! Exception: [Errno 28] No space left on device: '/mnt/impresso_images_BL/GNDL'
2025-03-19 14:31:04,379 __main__     INFO     ✅ GNDL-0000059 (25/50) - Done with the copy. There was 0 failed copies and problem_input_dirs:[].
2025-03-19 14:31:04,380 __main__     INFO     ---------- Processing GWHD - NLP 0000060 (26/50) ----------
2025-03-19 14:31:04,414 __main__     ERROR    GWHD-0000060: There was an exception when processing this NLP!! Exception: [Errno 28] No space left on device: '/mnt/impresso_images_BL/GWHD'
2025-03-19 14:31:04,414 __main__     INFO     ✅ GWHD-0000060 (26/50) - Done with the copy. There was 0 failed copies and problem_input_dirs:[].
2025-03-19 14:31:04,414 __main__     INFO     ---------- Processing HLPA - NLP 0000061 (27/50) ----------
2025-03-19 14:31:04,436 __main__     ERROR    HLPA-0000061: There was an exception when processing this NLP!! Exception: [Errno 28] No space left on device: '/mnt/impresso_images_BL/HLPA'
2025-03-19 14:31:04,436 __main__     INFO     ✅ HLPA-0000061 (27/50) - Done with the copy. There was 0 failed copies and problem_input_dirs:[].
2025-03-19 14:31:04,436 __main__     INFO     ---------- Processing HLPA - NLP 0000062 (28/50) ----------
2025-03-19 14:31:04,453 __main__     ERROR    HLPA-0000062: There was an exception when processing this NLP!! Exception: [Errno 28] No space left on device: '/mnt/impresso_images_BL/HLPA'
2025-03-19 14:31:04,453 __main__     INFO     ✅ HLPA-0000062 (28/50) - Done with the copy. There was 0 failed copies and problem_input_dirs:[].
2025-03-19 14:31:04,453 __main__     INFO     ---------- Processing HLPA - NLP 0000063 (29/50) ----------
2025-03-19 14:31:04,461 __main__     ERROR    HLPA-0000063: There was an exception when processing this NLP!! Exception: [Errno 28] No space left on device: '/mnt/impresso_images_BL/HLPA'
2025-03-19 14:31:04,461 __main__     INFO     ✅ HLPA-0000063 (29/50) - Done with the copy. There was 0 failed copies and problem_input_dirs:[].
2025-03-19 14:31:04,461 __main__     INFO     ---------- Processing HLPA - NLP 0000064 (30/50) ----------
2025-03-19 14:31:04,474 __main__     ERROR    HLPA-0000064: There was an exception when processing this NLP!! Exception: [Errno 28] No space left on device: '/mnt/impresso_images_BL/HLPA'
2025-03-19 14:31:04,474 __main__     INFO     ✅ HLPA-0000064 (30/50) - Done with the copy. There was 0 failed copies and problem_input_dirs:[].
2025-03-19 14:31:04,474 __main__     INFO     ---------- Processing HLPA - NLP 0000065 (31/50) ----------
2025-03-19 14:31:04,485 __main__     ERROR    HLPA-0000065: There was an exception when processing this NLP!! Exception: [Errno 28] No space left on device: '/mnt/impresso_images_BL/HLPA'
2025-03-19 14:31:04,485 __main__     INFO     ✅ HLPA-0000065 (31/50) - Done with the copy. There was 0 failed copies and problem_input_dirs:[].
2025-03-19 14:31:04,485 __main__     INFO     ---------- Processing HPTE - NLP 0000066 (32/50) ----------
2025-03-19 14:31:04,504 __main__     ERROR    HPTE-0000066: There was an exception when processing this NLP!! Exception: [Errno 28] No space left on device: '/mnt/impresso_images_BL/HPTE'
2025-03-19 14:31:04,504 __main__     INFO     ✅ HPTE-0000066 (32/50) - Done with the copy. There was 0 failed copies and problem_input_dirs:[].
2025-03-19 14:31:04,504 __main__     INFO     ---------- Processing HPTE - NLP 0000068 (33/50) ----------
2025-03-19 14:31:04,516 __main__     ERROR    HPTE-0000068: There was an exception when processing this NLP!! Exception: [Errno 28] No space left on device: '/mnt/impresso_images_BL/HPTE'
2025-03-19 14:31:04,516 __main__     INFO     ✅ HPTE-0000068 (33/50) - Done with the copy. There was 0 failed copies and problem_input_dirs:[].
2025-03-19 14:31:04,516 __main__     INFO     ---------- Processing HPTE - NLP 0000069 (34/50) ----------
2025-03-19 14:31:04,526 __main__     ERROR    HPTE-0000069: There was an exception when processing this NLP!! Exception: [Errno 28] No space left on device: '/mnt/impresso_images_BL/HPTE'
2025-03-19 14:31:04,526 __main__     INFO     ✅ HPTE-0000069 (34/50) - Done with the copy. There was 0 failed copies and problem_input_dirs:[].
2025-03-19 14:31:04,526 __main__     INFO     ---------- Processing HPTE - NLP 0000070 (35/50) ----------
2025-03-19 14:31:04,534 __main__     ERROR    HPTE-0000070: There was an exception when processing this NLP!! Exception: [Errno 28] No space left on device: '/mnt/impresso_images_BL/HPTE'
2025-03-19 14:31:04,534 __main__     INFO     ✅ HPTE-0000070 (35/50) - Done with the copy. There was 0 failed copies and problem_input_dirs:[].
2025-03-19 14:31:04,534 __main__     INFO     ---------- Processing IPJO - NLP 0000071 (36/50) ----------
2025-03-19 14:31:04,547 __main__     ERROR    IPJO-0000071: There was an exception when processing this NLP!! Exception: [Errno 28] No space left on device: '/mnt/impresso_images_BL/IPJO'
2025-03-19 14:31:04,547 __main__     INFO     ✅ IPJO-0000071 (36/50) - Done with the copy. There was 0 failed copies and problem_input_dirs:[].
2025-03-19 14:31:04,547 __main__     INFO     ---------- Processing HPNW - NLP 0000072 (37/50) ----------
2025-03-19 14:31:04,562 __main__     ERROR    HPNW-0000072: There was an exception when processing this NLP!! Exception: [Errno 28] No space left on device: '/mnt/impresso_images_BL/HPNW'
2025-03-19 14:31:04,562 __main__     INFO     ✅ HPNW-0000072 (37/50) - Done with the copy. There was 0 failed copies and problem_input_dirs:[].
2025-03-19 14:31:04,562 __main__     INFO     ---------- Processing JOJL - NLP 0000073 (38/50) ----------
2025-03-19 14:31:04,574 __main__     ERROR    JOJL-0000073: There was an exception when processing this NLP!! Exception: [Errno 28] No space left on device: '/mnt/impresso_images_BL/JOJL'
2025-03-19 14:31:04,574 __main__     INFO     ✅ JOJL-0000073 (38/50) - Done with the copy. There was 0 failed copies and problem_input_dirs:[].
2025-03-19 14:31:04,575 __main__     INFO     ---------- Processing JOJL - NLP 0000075 (39/50) ----------
2025-03-19 14:31:04,583 __main__     ERROR    JOJL-0000075: There was an exception when processing this NLP!! Exception: [Errno 28] No space left on device: '/mnt/impresso_images_BL/JOJL'
2025-03-19 14:31:04,584 __main__     INFO     ✅ JOJL-0000075 (39/50) - Done with the copy. There was 0 failed copies and problem_input_dirs:[].
2025-03-19 14:31:04,584 __main__     INFO     ---------- Processing LEMR - NLP 0000076 (40/50) ----------
2025-03-19 14:31:04,592 __main__     ERROR    LEMR-0000076: There was an exception when processing this NLP!! Exception: [Errno 28] No space left on device: '/mnt/impresso_images_BL/LEMR'
2025-03-19 14:31:04,592 __main__     INFO     ✅ LEMR-0000076 (40/50) - Done with the copy. There was 0 failed copies and problem_input_dirs:[].
2025-03-19 14:31:04,592 __main__     INFO     ---------- Processing LINP - NLP 0000077 (41/50) ----------
2025-03-19 14:31:04,611 __main__     ERROR    LINP-0000077: There was an exception when processing this NLP!! Exception: [Errno 28] No space left on device: '/mnt/impresso_images_BL/LINP'
2025-03-19 14:31:04,611 __main__     INFO     ✅ LINP-0000077 (41/50) - Done with the copy. There was 0 failed copies and problem_input_dirs:[].
2025-03-19 14:31:04,611 __main__     INFO     ---------- Processing LINP - NLP 0000078 (42/50) ----------
2025-03-19 14:31:04,622 __main__     ERROR    LINP-0000078: There was an exception when processing this NLP!! Exception: [Errno 28] No space left on device: '/mnt/impresso_images_BL/LINP'
2025-03-19 14:31:04,622 __main__     INFO     ✅ LINP-0000078 (42/50) - Done with the copy. There was 0 failed copies and problem_input_dirs:[].
2025-03-19 14:31:04,622 __main__     INFO     ---------- Processing LINP - NLP 0000079 (43/50) ----------
2025-03-19 14:31:04,632 __main__     ERROR    LINP-0000079: There was an exception when processing this NLP!! Exception: [Errno 28] No space left on device: '/mnt/impresso_images_BL/LINP'
2025-03-19 14:31:04,633 __main__     INFO     ✅ LINP-0000079 (43/50) - Done with the copy. There was 0 failed copies and problem_input_dirs:[].
2025-03-19 14:31:04,633 __main__     INFO     ---------- Processing LNDH - NLP 0000080 (44/50) ----------
2025-03-19 14:31:04,647 __main__     ERROR    LNDH-0000080: There was an exception when processing this NLP!! Exception: [Errno 28] No space left on device: '/mnt/impresso_images_BL/LNDH'
2025-03-19 14:31:04,647 __main__     INFO     ✅ LNDH-0000080 (44/50) - Done with the copy. There was 0 failed copies and problem_input_dirs:[].
2025-03-19 14:31:04,648 __main__     INFO     ---------- Processing LVMR - NLP 0000081 (45/50) ----------
2025-03-19 14:31:04,678 __main__     ERROR    LVMR-0000081: There was an exception when processing this NLP!! Exception: [Errno 28] No space left on device: '/mnt/impresso_images_BL/LVMR'
2025-03-19 14:31:04,678 __main__     INFO     ✅ LVMR-0000081 (45/50) - Done with the copy. There was 0 failed copies and problem_input_dirs:[].
2025-03-19 14:31:04,678 __main__     INFO     ---------- Processing MCLN - NLP 0000082 (46/50) ----------
2025-03-19 14:31:04,685 __main__     ERROR    MCLN-0000082: There was an exception when processing this NLP!! Exception: [Errno 28] No space left on device: '/mnt/impresso_images_BL/MCLN'
2025-03-19 14:31:04,685 __main__     INFO     ✅ MCLN-0000082 (46/50) - Done with the copy. There was 0 failed copies and problem_input_dirs:[].
2025-03-19 14:31:04,685 __main__     INFO     ---------- Processing MRTM - NLP 0000083 (47/50) ----------
2025-03-19 14:31:04,702 __main__     ERROR    MRTM-0000083: There was an exception when processing this NLP!! Exception: [Errno 28] No space left on device: '/mnt/impresso_images_BL/MRTM/0000083'
2025-03-19 14:31:04,702 __main__     INFO     ✅ MRTM-0000083 (47/50) - Done with the copy. There was 0 failed copies and problem_input_dirs:[].
2025-03-19 14:31:04,702 __main__     INFO     ---------- Processing NECT - NLP 0000085 (48/50) ----------
2025-03-19 14:31:04,725 __main__     ERROR    NECT-0000085: There was an exception when processing this NLP!! Exception: [Errno 28] No space left on device: '/mnt/impresso_images_BL/NECT/0000085'
2025-03-19 14:31:04,725 __main__     INFO     ✅ NECT-0000085 (48/50) - Done with the copy. There was 0 failed copies and problem_input_dirs:[].
2025-03-19 14:31:04,725 __main__     INFO     ---------- Processing NECT - NLP 0000086 (49/50) ----------
2025-03-19 14:31:04,737 __main__     ERROR    NECT-0000086: There was an exception when processing this NLP!! Exception: [Errno 28] No space left on device: '/mnt/impresso_images_BL/NECT/0000086'
2025-03-19 14:31:04,737 __main__     INFO     ✅ NECT-0000086 (49/50) - Done with the copy. There was 0 failed copies and problem_input_dirs:[].
2025-03-19 14:31:04,737 __main__     INFO     ---------- Processing NREC - NLP 0000087 (50/50) ----------
2025-03-19 14:31:04,749 __main__     ERROR    NREC-0000087: There was an exception when processing this NLP!! Exception: [Errno 28] No space left on device: '/mnt/impresso_images_BL/NREC'
2025-03-19 14:31:04,749 __main__     INFO     ✅ NREC-0000087 (50/50) - Done with the copy. There was 0 failed copies and problem_input_dirs:[].
2025-03-19 14:31:04,749 __main__     INFO     ✅✅ Success! Done with all 50 in this chunk: ['0000031', '0000032', '0000033', '0000034', '0000035', '0000036', '0000037', '0000038', '0000040', '0000041', '0000042', '0000043', '0000044', '0000045', '0000046', '0000047', '0000050', '0000051', '0000052', '0000053', '0000054', '0000056', '0000057', '0000058', '0000059', '0000060', '0000061', '0000062', '0000063', '0000064', '0000065', '0000066', '0000068', '0000069', '0000070', '0000071', '0000072', '0000073', '0000075', '0000076', '0000077', '0000078', '0000079', '0000080', '0000081', '0000082', '0000083', '0000085', '0000086', '0000087']!!
