2025-03-04 16:46:13,119 __main__     INFO     Logger successfully initialised
2025-03-04 16:46:13,442 __main__     INFO     Separated the list of NLPs into 6 chunks of 101 NLPs,  will process chunk n°5 now: 
['0003261', '0003262', '0003263', '0003264', '0003265', '0003266', '0003267', '0003268', '0003269', '0003270', '0003398', '0003400', '0003401', '0003406', '0003408', '0003537', '0003538', '0003539', '0003540', '0003541', '0003548', '0004127', '0004132', '0004133', '0004134', '0004135', '0004136', '0004137', '0004138', '0004139', '0004140', '0004141', '0004142', '0004143', '0004186', '0004187', '0004188', '0004189', '0004190', '0004191', '0004192', '0004193', '0004194', '0004195', '0004196', '0004197', '0004198', '0004199', '0004200', '0004201', '0004202', '0004203', '0004204', '0004205', '0004206', '0004207', '0004208', '0004209', '0004210', '0004211', '0004212', '0004213', '0004214', '0004215', '0004216', '0004217', '0004218', '0004220', '0004221', '0004222', '0004305', '0004306', '0004307', '0004308', '0004309', '0004310', '0004311', '0004682', '0004683', '0004684', '0004685', '0004686', '0004687', '0004688', '0004689', '0004690', '0004691', '0004692', '0004693', '0004694', '0004738', 'BLIP_20190920_01.zip', 'BLIP_20190929_04.zip', 'final_nas_manifest.out', 'test', 'test-dir1']
2025-03-04 16:46:13,445 __main__     INFO     ---------- Processing HMSA - NLP 0003261 (1/96) ----------
2025-03-04 16:46:14,336 __main__     INFO     HMSA-0003261 — Processing year 1865.
2025-03-04 16:49:28,749 __main__     INFO     HMSA-0003261 — Processing year 1862.
2025-03-04 16:55:28,700 __main__     INFO     HMSA-0003261 — Processing year 1866.
2025-03-04 16:56:12,938 __main__     INFO     HMSA-0003261 — Processing year 1861.
2025-03-04 16:59:05,248 __main__     INFO     HMSA-0003261 — Processing year 1864.
2025-03-04 17:04:43,799 __main__     INFO     HMSA-0003261 — Processing year 1863.
2025-03-04 17:08:45,731 __main__     INFO     ✅ HMSA-0003261 (1/96) - Done with the copy. There was 0 failed copies and problem_input_dirs:[].
2025-03-04 17:08:45,732 __main__     INFO     ---------- Processing SWME - NLP 0003262 (2/96) ----------
2025-03-04 17:08:46,372 __main__     INFO     SWME-0003262 — Processing year 1879.
2025-03-04 17:09:53,461 __main__     INFO     ✅ SWME-0003262 (2/96) - Done with the copy. There was 0 failed copies and problem_input_dirs:[].
2025-03-04 17:09:53,462 __main__     INFO     ---------- Processing SWME - NLP 0003263 (3/96) ----------
2025-03-04 17:09:53,499 __main__     INFO     SWME-0003263 — Processing year 1880.
2025-03-04 17:11:04,097 __main__     INFO     SWME-0003263 — Processing year 1879.
2025-03-04 17:11:11,838 __main__     INFO     SWME-0003263 — Processing year 1881.
2025-03-04 17:12:19,072 __main__     INFO     ✅ SWME-0003263 (3/96) - Done with the copy. There was 0 failed copies and problem_input_dirs:[].
2025-03-04 17:12:19,073 __main__     INFO     ---------- Processing NWLT - NLP 0003264 (4/96) ----------
2025-03-04 17:12:19,141 __main__     INFO     NWLT-0003264 — Processing year 1865.
2025-03-04 17:13:16,582 __main__     INFO     NWLT-0003264 — Processing year 1862.
2025-03-04 17:14:37,272 __main__     INFO     NWLT-0003264 — Processing year 1866.
2025-03-04 17:15:20,712 __main__     INFO     NWLT-0003264 — Processing year 1861.
2025-03-04 17:16:35,388 __main__     INFO     NWLT-0003264 — Processing year 1864.
2025-03-04 17:21:50,884 __main__     INFO     NWLT-0003264 — Processing year 1863.
2025-03-04 17:26:32,399 __main__     INFO     ✅ NWLT-0003264 (4/96) - Done with the copy. There was 0 failed copies and problem_input_dirs:[].
2025-03-04 17:26:32,400 __main__     INFO     ---------- Processing PADV - NLP 0003265 (5/96) ----------
2025-03-04 17:26:33,638 __main__     INFO     PADV-0003265 — Processing year 1865.
2025-03-04 17:30:06,069 __main__     INFO     PADV-0003265 — Processing year 1862.
2025-03-04 17:34:43,501 __main__     INFO     PADV-0003265 — Processing year 1866.
2025-03-04 17:35:25,329 __main__     INFO     PADV-0003265 — Processing year 1861.
2025-03-04 17:38:48,184 __main__     INFO     PADV-0003265 — Processing year 1864.
2025-03-04 17:44:19,866 __main__     INFO     PADV-0003265 — Processing year 1863.
2025-03-04 17:45:56,441 __main__     INFO     ✅ PADV-0003265 (5/96) - Done with the copy. There was 0 failed copies and problem_input_dirs:[].
2025-03-04 17:45:56,442 __main__     INFO     ---------- Processing SMSD - NLP 0003266 (6/96) ----------
2025-03-04 17:45:56,515 __main__     INFO     SMSD-0003266 — Processing year 1837.
2025-03-04 17:46:29,529 __main__     INFO     SMSD-0003266 — Processing year 1835.
2025-03-04 17:47:07,310 __main__     INFO     SMSD-0003266 — Processing year 1836.
2025-03-04 17:47:53,941 __main__     INFO     ✅ SMSD-0003266 (6/96) - Done with the copy. There was 0 failed copies and problem_input_dirs:[].
2025-03-04 17:47:53,942 __main__     INFO     ---------- Processing SMSD - NLP 0003267 (7/96) ----------
2025-03-04 17:47:54,128 __main__     INFO     SMSD-0003267 — Processing year 1837.
2025-03-04 17:48:27,781 __main__     INFO     SMSD-0003267 — Processing year 1840.
2025-03-04 17:49:01,470 __main__     INFO     SMSD-0003267 — Processing year 1839.
2025-03-04 17:50:49,580 __main__     INFO     SMSD-0003267 — Processing year 1838.
2025-03-04 17:56:03,964 __main__     INFO     ✅ SMSD-0003267 (7/96) - Done with the copy. There was 0 failed copies and problem_input_dirs:[].
2025-03-04 17:56:03,965 __main__     INFO     ---------- Processing SMSD - NLP 0003268 (8/96) ----------
2025-03-04 17:56:05,060 __main__     INFO     SMSD-0003268 — Processing year 1840.
2025-03-04 17:58:39,186 __main__     INFO     ✅ SMSD-0003268 (8/96) - Done with the copy. There was 0 failed copies and problem_input_dirs:[].
2025-03-04 17:58:39,186 __main__     INFO     ---------- Processing NLON - NLP 0003269 (9/96) ----------
2025-03-04 17:58:39,954 __main__     INFO     NLON-0003269 — Processing year 1870.
2025-03-04 18:04:20,117 __main__     INFO     NLON-0003269 — Processing year 1869.
2025-03-04 18:09:51,324 __main__     INFO     NLON-0003269 — Processing year 1872.
2025-03-04 18:15:26,183 __main__     INFO     NLON-0003269 — Processing year 1871.
2025-03-04 18:20:19,015 __main__     INFO     ✅ NLON-0003269 (9/96) - Done with the copy. There was 0 failed copies and problem_input_dirs:[].
2025-03-04 18:20:19,015 __main__     INFO     ---------- Processing NLON - NLP 0003270 (10/96) ----------
2025-03-04 18:20:19,098 __main__     INFO     NLON-0003270 — Processing year 1874.
2025-03-04 18:21:02,692 __main__     INFO     NLON-0003270 — Processing year 1873.
2025-03-04 18:21:36,309 __main__     INFO     ✅ NLON-0003270 (10/96) - Done with the copy. There was 0 failed copies and problem_input_dirs:[].
2025-03-04 18:21:36,309 __main__     INFO     ---------- Processing MEXA - NLP 0003398 (11/96) ----------
2025-03-04 18:21:36,417 __main__     INFO     MEXA-0003398 — Processing year 1846.
2025-03-04 18:23:06,538 __main__     INFO     MEXA-0003398 — Processing year 1847.
2025-03-04 18:28:50,832 __main__     INFO     MEXA-0003398 — Processing year 1848.
2025-03-04 18:41:29,417 __main__     INFO     ✅ MEXA-0003398 (11/96) - Done with the copy. There was 0 failed copies and problem_input_dirs:[].
2025-03-04 18:41:29,418 __main__     INFO     ---------- Processing DRHE - NLP 0003400 (12/96) ----------
2025-03-04 18:41:30,274 __main__     INFO     DRHE-0003400 — Processing year 1867.
2025-03-04 18:44:37,953 __main__     INFO     DRHE-0003400 — Processing year 1870.
2025-03-04 18:50:06,354 __main__     INFO     DRHE-0003400 — Processing year 1869.
2025-03-04 18:53:48,869 __main__     INFO     DRHE-0003400 — Processing year 1873.
2025-03-04 18:54:35,134 __main__     INFO     DRHE-0003400 — Processing year 1872.
2025-03-04 18:56:31,269 __main__     INFO     DRHE-0003400 — Processing year 1868.
2025-03-04 18:57:44,318 __main__     INFO     DRHE-0003400 — Processing year 1871.
2025-03-04 18:59:46,352 __main__     INFO     ✅ DRHE-0003400 (12/96) - Done with the copy. There was 0 failed copies and problem_input_dirs:[].
2025-03-04 18:59:46,352 __main__     INFO     ---------- Processing DRHE - NLP 0003401 (13/96) ----------
2025-03-04 18:59:46,450 __main__     INFO     DRHE-0003401 — Processing year 1874.
2025-03-04 19:01:49,176 __main__     INFO     DRHE-0003401 — Processing year 1878.
2025-03-04 19:03:44,694 __main__     INFO     DRHE-0003401 — Processing year 1880.
2025-03-04 19:04:59,798 __main__     INFO     DRHE-0003401 — Processing year 1877.
2025-03-04 19:06:49,905 __main__     INFO     DRHE-0003401 — Processing year 1873.
2025-03-04 19:07:42,147 __main__     INFO     DRHE-0003401 — Processing year 1879.
2025-03-04 19:09:26,123 __main__     INFO     DRHE-0003401 — Processing year 1876.
2025-03-04 19:11:13,068 __main__     INFO     DRHE-0003401 — Processing year 1875.
2025-03-04 19:12:59,102 __main__     INFO     ✅ DRHE-0003401 (13/96) - Done with the copy. There was 0 failed copies and problem_input_dirs:[].
2025-03-04 19:12:59,103 __main__     INFO     ---------- Processing NSCS - NLP 0003406 (14/96) ----------
2025-03-04 19:12:59,225 __main__     INFO     NSCS-0003406 — Processing year 1892.
2025-03-04 19:13:21,724 __main__     INFO     NSCS-0003406 — Processing year 1889.
2025-03-04 19:14:10,276 __main__     INFO     NSCS-0003406 — Processing year 1888.
2025-03-04 19:14:31,903 __main__     INFO     NSCS-0003406 — Processing year 1890.
2025-03-04 19:15:36,117 __main__     INFO     NSCS-0003406 — Processing year 1891.
2025-03-04 19:16:42,876 __main__     INFO     ✅ NSCS-0003406 (14/96) - Done with the copy. There was 0 failed copies and problem_input_dirs:[].
2025-03-04 19:16:42,876 __main__     INFO     ---------- Processing DCWR - NLP 0003408 (15/96) ----------
2025-03-04 19:16:42,957 __main__     INFO     DCWR-0003408 — Processing year 1885.
2025-03-04 19:18:23,571 __main__     INFO     DCWR-0003408 — Processing year 1870.
2025-03-04 19:20:02,804 __main__     INFO     DCWR-0003408 — Processing year 1874.
2025-03-04 19:22:14,662 __main__     INFO     DCWR-0003408 — Processing year 1878.
2025-03-04 19:24:15,783 __main__     INFO     DCWR-0003408 — Processing year 1880.
2025-03-04 19:26:05,813 __main__     INFO     DCWR-0003408 — Processing year 1892.
2025-03-04 19:27:56,210 __main__     INFO     DCWR-0003408 — Processing year 1895.
2025-03-04 19:29:07,544 __main__     INFO     DCWR-0003408 — Processing year 1882.
2025-03-04 19:30:51,220 __main__     INFO     DCWR-0003408 — Processing year 1877.
2025-03-04 19:32:26,879 __main__     INFO     DCWR-0003408 — Processing year 1869.
2025-03-04 19:33:20,488 __main__     INFO     DCWR-0003408 — Processing year 1887.
2025-03-04 19:34:58,131 __main__     INFO     DCWR-0003408 — Processing year 1873.
2025-03-04 19:36:38,738 __main__     INFO     DCWR-0003408 — Processing year 1889.
2025-03-04 19:38:12,340 __main__     INFO     DCWR-0003408 — Processing year 1893.
2025-03-04 19:40:23,932 __main__     INFO     DCWR-0003408 — Processing year 1888.
2025-03-04 19:41:52,407 __main__     INFO     DCWR-0003408 — Processing year 1883.
2025-03-04 19:43:57,421 __main__     INFO     DCWR-0003408 — Processing year 1884.
2025-03-04 19:46:09,011 __main__     INFO     DCWR-0003408 — Processing year 1890.
2025-03-04 19:47:48,119 __main__     INFO     DCWR-0003408 — Processing year 1872.
2025-03-04 19:49:20,873 __main__     INFO     DCWR-0003408 — Processing year 1891.
2025-03-04 19:50:59,059 __main__     INFO     DCWR-0003408 — Processing year 1871.
2025-03-04 19:52:34,494 __main__     INFO     DCWR-0003408 — Processing year 1894.
2025-03-04 19:53:28,967 __main__     INFO     DCWR-0003408 — Processing year 1879.
2025-03-04 19:55:12,452 __main__     INFO     DCWR-0003408 — Processing year 1876.
2025-03-04 19:56:45,832 __main__     INFO     DCWR-0003408 — Processing year 1875.
2025-03-04 19:58:21,500 __main__     INFO     DCWR-0003408 — Processing year 1886.
2025-03-04 19:59:50,559 __main__     INFO     DCWR-0003408 — Processing year 1881.
2025-03-04 20:01:30,863 __main__     INFO     ✅ DCWR-0003408 (15/96) - Done with the copy. There was 0 failed copies and problem_input_dirs:[].
2025-03-04 20:01:30,864 __main__     INFO     ---------- Processing BRMG - NLP 0003537 (16/96) ----------
2025-03-04 20:01:30,950 __main__     INFO     BRMG-0003537 — Processing year 1862.
2025-03-04 20:02:09,431 __main__     INFO     BRMG-0003537 — Processing year 1863.
2025-03-04 20:02:32,609 __main__     INFO     ✅ BRMG-0003537 (16/96) - Done with the copy. There was 0 failed copies and problem_input_dirs:[].
2025-03-04 20:02:32,610 __main__     INFO     ---------- Processing BRMG - NLP 0003538 (17/96) ----------
2025-03-04 20:02:32,665 __main__     INFO     BRMG-0003538 — Processing year 1863.
2025-03-04 20:03:21,101 __main__     INFO     ✅ BRMG-0003538 (17/96) - Done with the copy. There was 0 failed copies and problem_input_dirs:[].
2025-03-04 20:03:21,102 __main__     INFO     ---------- Processing BRMG - NLP 0003539 (18/96) ----------
2025-03-04 20:03:21,210 __main__     INFO     BRMG-0003539 — Processing year 1865.
2025-03-04 20:04:20,440 __main__     INFO     BRMG-0003539 — Processing year 1864.
2025-03-04 20:06:01,954 __main__     INFO     BRMG-0003539 — Processing year 1863.
2025-03-04 20:06:56,009 __main__     INFO     ✅ BRMG-0003539 (18/96) - Done with the copy. There was 0 failed copies and problem_input_dirs:[].
2025-03-04 20:06:56,010 __main__     INFO     ---------- Processing BRMG - NLP 0003540 (19/96) ----------
2025-03-04 20:06:56,116 __main__     INFO     BRMG-0003540 — Processing year 1865.
2025-03-04 20:07:21,814 __main__     INFO     BRMG-0003540 — Processing year 1866.
2025-03-04 20:07:30,826 __main__     INFO     ✅ BRMG-0003540 (19/96) - Done with the copy. There was 0 failed copies and problem_input_dirs:[].
2025-03-04 20:07:30,826 __main__     INFO     ---------- Processing BRMG - NLP 0003541 (20/96) ----------
2025-03-04 20:07:30,911 __main__     INFO     BRMG-0003541 — Processing year 1867.
2025-03-04 20:08:25,497 __main__     INFO     BRMG-0003541 — Processing year 1866.
2025-03-04 20:09:44,481 __main__     INFO     ✅ BRMG-0003541 (20/96) - Done with the copy. There was 0 failed copies and problem_input_dirs:[].
2025-03-04 20:09:44,482 __main__     INFO     ---------- Processing BGJO - NLP 0003548 (21/96) ----------
2025-03-04 20:09:44,550 __main__     INFO     BGJO-0003548 — Processing year 1904.
2025-03-04 20:09:50,301 __main__     INFO     ✅ BGJO-0003548 (21/96) - Done with the copy. There was 0 failed copies and problem_input_dirs:[].
2025-03-04 20:09:50,302 __main__     INFO     ---------- Processing LIVC - NLP 0004127 (22/96) ----------
2025-03-04 20:09:50,359 __main__     INFO     LIVC-0004127 — Processing year 1767.
2025-03-04 20:09:59,610 __main__     INFO     ✅ LIVC-0004127 (22/96) - Done with the copy. There was 0 failed copies and problem_input_dirs:[].
2025-03-04 20:09:59,610 __main__     INFO     ---------- Processing WLSA - NLP 0004132 (23/96) ----------
2025-03-04 20:09:59,672 __main__     INFO     WLSA-0004132 — Processing year 1870.
2025-03-04 20:10:04,880 __main__     INFO     WLSA-0004132 — Processing year 1872.
2025-03-04 20:11:09,294 __main__     INFO     WLSA-0004132 — Processing year 1871.
2025-03-04 20:12:01,947 __main__     INFO     ✅ WLSA-0004132 (23/96) - Done with the copy. There was 0 failed copies and problem_input_dirs:[].
2025-03-04 20:12:01,947 __main__     INFO     ---------- Processing ILT53 - NLP 0004133 (24/96) ----------
2025-03-04 20:12:01,996 __main__     INFO     ILT53-0004133 — Processing year 1853.
2025-03-04 20:12:10,286 __main__     INFO     ILT53-0004133 — Processing year 1854.
2025-03-04 20:12:12,904 __main__     INFO     ✅ ILT53-0004133 (24/96) - Done with the copy. There was 0 failed copies and problem_input_dirs:[].
2025-03-04 20:12:12,904 __main__     INFO     ---------- Processing SPRT - NLP 0004134 (25/96) ----------
2025-03-04 20:12:13,009 __main__     INFO     SPRT-0004134 — Processing year 1880.
2025-03-04 20:12:16,718 __main__     INFO     ✅ SPRT-0004134 (25/96) - Done with the copy. There was 0 failed copies and problem_input_dirs:[].
2025-03-04 20:12:16,718 __main__     INFO     ---------- Processing SURY - NLP 0004135 (26/96) ----------
2025-03-04 20:12:16,865 __main__     INFO     SURY-0004135 — Processing year 1846.
2025-03-04 20:13:04,160 __main__     INFO     SURY-0004135 — Processing year 1847.
2025-03-04 20:14:42,300 __main__     INFO     SURY-0004135 — Processing year 1845.
2025-03-04 20:14:51,376 __main__     INFO     ✅ SURY-0004135 (26/96) - Done with the copy. There was 0 failed copies and problem_input_dirs:[].
2025-03-04 20:14:51,376 __main__     INFO     ---------- Processing TDIA - NLP 0004136 (27/96) ----------
2025-03-04 20:14:51,506 __main__     INFO     TDIA-0004136 — Processing year 1860.
2025-03-04 20:17:01,913 __main__     INFO     TDIA-0004136 — Processing year 1862.
2025-03-04 20:18:44,712 __main__     INFO     TDIA-0004136 — Processing year 1861.
2025-03-04 20:21:00,847 __main__     INFO     TDIA-0004136 — Processing year 1864.
2025-03-04 20:21:40,860 __main__     INFO     TDIA-0004136 — Processing year 1863.
2025-03-04 20:23:13,701 __main__     INFO     ✅ TDIA-0004136 (27/96) - Done with the copy. There was 0 failed copies and problem_input_dirs:[].
2025-03-04 20:23:13,702 __main__     INFO     ---------- Processing OKJL - NLP 0004137 (28/96) ----------
2025-03-04 20:23:13,948 __main__     INFO     OKJL-0004137 — Processing year 1860.
2025-03-04 20:24:03,972 __main__     INFO     OKJL-0004137 — Processing year 1865.
2025-03-04 20:24:51,504 __main__     INFO     OKJL-0004137 — Processing year 1862.
2025-03-04 20:26:24,096 __main__     INFO     OKJL-0004137 — Processing year 1866.
2025-03-04 20:27:08,112 __main__     INFO     OKJL-0004137 — Processing year 1861.
2025-03-04 20:28:32,971 __main__     INFO     OKJL-0004137 — Processing year 1864.
2025-03-04 20:29:55,186 __main__     INFO     OKJL-0004137 — Processing year 1863.
2025-03-04 20:31:25,066 __main__     INFO     ✅ OKJL-0004137 (28/96) - Done with the copy. There was 0 failed copies and problem_input_dirs:[].
2025-03-04 20:31:25,067 __main__     INFO     ---------- Processing WGMC - NLP 0004138 (29/96) ----------
2025-03-04 20:31:25,192 __main__     INFO     WGMC-0004138 — Processing year 1870.
2025-03-04 20:31:59,527 __main__     INFO     WGMC-0004138 — Processing year 1874.
2025-03-04 20:32:41,398 __main__     INFO     WGMC-0004138 — Processing year 1878.
2025-03-04 20:33:33,270 __main__     INFO     WGMC-0004138 — Processing year 1880.
2025-03-04 20:33:35,759 __main__     INFO     WGMC-0004138 — Processing year 1877.
2025-03-04 20:34:20,880 __main__     INFO     WGMC-0004138 — Processing year 1869.
2025-03-04 20:34:37,219 __main__     INFO     WGMC-0004138 — Processing year 1873.
2025-03-04 20:35:08,126 __main__     INFO     WGMC-0004138 — Processing year 1872.
2025-03-04 20:36:04,153 __main__     INFO     WGMC-0004138 — Processing year 1871.
2025-03-04 20:36:54,421 __main__     INFO     WGMC-0004138 — Processing year 1879.
2025-03-04 20:37:28,359 __main__     INFO     WGMC-0004138 — Processing year 1876.
2025-03-04 20:38:16,924 __main__     INFO     WGMC-0004138 — Processing year 1875.
2025-03-04 20:39:03,435 __main__     INFO     ✅ WGMC-0004138 (29/96) - Done with the copy. There was 0 failed copies and problem_input_dirs:[].
2025-03-04 20:39:03,435 __main__     INFO     ---------- Processing YOHP - NLP 0004139 (30/96) ----------
2025-03-04 20:39:03,626 __main__     INFO     YOHP-0004139 — Processing year 1880.
2025-03-04 20:41:20,125 __main__     INFO     YOHP-0004139 — Processing year 1879.
2025-03-04 20:41:46,555 __main__     INFO     YOHP-0004139 — Processing year 1881.
2025-03-04 20:43:54,212 __main__     INFO     ✅ YOHP-0004139 (30/96) - Done with the copy. There was 0 failed copies and problem_input_dirs:[].
2025-03-04 20:43:54,213 __main__     INFO     ---------- Processing FFPR - NLP 0004140 (31/96) ----------
2025-03-04 20:43:54,253 __main__     INFO     FFPR-0004140 — Processing year 1868.
2025-03-04 20:44:08,134 __main__     INFO     ✅ FFPR-0004140 (31/96) - Done with the copy. There was 0 failed copies and problem_input_dirs:[].
2025-03-04 20:44:08,134 __main__     INFO     ---------- Processing FFPR - NLP 0004141 (32/96) ----------
2025-03-04 20:44:08,227 __main__     INFO     FFPR-0004141 — Processing year 1869.
2025-03-04 20:44:09,972 __main__     INFO     FFPR-0004141 — Processing year 1868.
2025-03-04 20:44:26,830 __main__     INFO     ✅ FFPR-0004141 (32/96) - Done with the copy. There was 0 failed copies and problem_input_dirs:[].
2025-03-04 20:44:26,831 __main__     INFO     ---------- Processing FFPR - NLP 0004142 (33/96) ----------
2025-03-04 20:44:26,913 __main__     INFO     FFPR-0004142 — Processing year 1869.
2025-03-04 20:44:36,994 __main__     INFO     ✅ FFPR-0004142 (33/96) - Done with the copy. There was 0 failed copies and problem_input_dirs:[].
2025-03-04 20:44:36,995 __main__     INFO     ---------- Processing FFPR - NLP 0004143 (34/96) ----------
2025-03-04 20:44:37,044 __main__     INFO     FFPR-0004143 — Processing year 1869.
2025-03-04 20:44:42,975 __main__     INFO     ✅ FFPR-0004143 (34/96) - Done with the copy. There was 0 failed copies and problem_input_dirs:[].
2025-03-04 20:44:42,976 __main__     INFO     ---------- Processing ICPG - NLP 0004186 (35/96) ----------
2025-03-04 20:44:43,039 __main__     INFO     ICPG-0004186 — Processing year 1853.
2025-03-04 20:44:47,952 __main__     INFO     ICPG-0004186 — Processing year 1854.
2025-03-04 20:45:11,345 __main__     INFO     ✅ ICPG-0004186 (35/96) - Done with the copy. There was 0 failed copies and problem_input_dirs:[].
2025-03-04 20:45:11,345 __main__     INFO     ---------- Processing IMNW - NLP 0004187 (36/96) ----------
2025-03-04 20:45:11,492 __main__     INFO     IMNW-0004187 — Processing year 1870.
2025-03-04 20:47:45,674 __main__     INFO     IMNW-0004187 — Processing year 1869.
2025-03-04 20:48:34,446 __main__     INFO     IMNW-0004187 — Processing year 1871.
2025-03-04 20:49:00,170 __main__     INFO     ✅ IMNW-0004187 (36/96) - Done with the copy. There was 0 failed copies and problem_input_dirs:[].
2025-03-04 20:49:00,170 __main__     INFO     ---------- Processing ILNP - NLP 0004188 (37/96) ----------
2025-03-04 20:49:00,303 __main__     INFO     ILNP-0004188 — Processing year 1871.
2025-03-04 20:50:51,074 __main__     INFO     ✅ ILNP-0004188 (37/96) - Done with the copy. There was 0 failed copies and problem_input_dirs:[].
2025-03-04 20:50:51,074 __main__     INFO     ---------- Processing LIWL - NLP 0004189 (38/96) ----------
2025-03-04 20:50:51,205 __main__     INFO     LIWL-0004189 — Processing year 1874.
2025-03-04 20:51:12,685 __main__     INFO     ✅ LIWL-0004189 (38/96) - Done with the copy. There was 0 failed copies and problem_input_dirs:[].
2025-03-04 20:51:12,685 __main__     INFO     ---------- Processing CSMP - NLP 0004190 (39/96) ----------
2025-03-04 20:51:12,776 __main__     INFO     CSMP-0004190 — Processing year 1870.
2025-03-04 20:53:11,835 __main__     INFO     CSMP-0004190 — Processing year 1874.
2025-03-04 20:55:22,276 __main__     INFO     CSMP-0004190 — Processing year 1869.
2025-03-04 20:57:34,809 __main__     INFO     CSMP-0004190 — Processing year 1873.
2025-03-04 20:59:24,296 __main__     INFO     CSMP-0004190 — Processing year 1865.
2025-03-04 20:59:26,461 __main__     INFO     CSMP-0004190 — Processing year 1872.
2025-03-04 21:01:17,022 __main__     INFO     CSMP-0004190 — Processing year 1868.
2025-03-04 21:02:20,803 __main__     INFO     CSMP-0004190 — Processing year 1871.
2025-03-04 21:04:17,262 __main__     INFO     CSMP-0004190 — Processing year 1876.
2025-03-04 21:04:29,515 __main__     INFO     CSMP-0004190 — Processing year 1875.
2025-03-04 21:06:15,418 __main__     INFO     ✅ CSMP-0004190 (39/96) - Done with the copy. There was 0 failed copies and problem_input_dirs:[].
2025-03-04 21:06:15,419 __main__     INFO     ---------- Processing SLAD - NLP 0004191 (40/96) ----------
2025-03-04 21:06:15,530 __main__     INFO     SLAD-0004191 — Processing year 1865.
2025-03-04 21:06:59,247 __main__     INFO     SLAD-0004191 — Processing year 1866.
2025-03-04 21:07:11,074 __main__     INFO     SLAD-0004191 — Processing year 1864.
2025-03-04 21:08:36,266 __main__     INFO     SLAD-0004191 — Processing year 1863.
2025-03-04 21:09:51,288 __main__     INFO     ✅ SLAD-0004191 (40/96) - Done with the copy. There was 0 failed copies and problem_input_dirs:[].
2025-03-04 21:09:51,289 __main__     INFO     ---------- Processing SHCA - NLP 0004192 (41/96) ----------
2025-03-04 21:09:51,418 __main__     INFO     SHCA-0004192 — Processing year 1826.
2025-03-04 21:09:53,544 __main__     INFO     SHCA-0004192 — Processing year 1827.
2025-03-04 21:10:44,538 __main__     INFO     SHCA-0004192 — Processing year 1828.
2025-03-04 21:10:54,067 __main__     INFO     ✅ SHCA-0004192 (41/96) - Done with the copy. There was 0 failed copies and problem_input_dirs:[].
2025-03-04 21:10:54,067 __main__     INFO     ---------- Processing TIGA - NLP 0004193 (42/96) ----------
2025-03-04 21:10:54,266 __main__     INFO     TIGA-0004193 — Processing year 1874.
2025-03-04 21:11:10,461 __main__     INFO     TIGA-0004193 — Processing year 1872.
2025-03-04 21:11:13,920 __main__     INFO     TIGA-0004193 — Processing year 1875.
2025-03-04 21:11:21,263 __main__     INFO     ✅ TIGA-0004193 (42/96) - Done with the copy. There was 0 failed copies and problem_input_dirs:[].
2025-03-04 21:11:21,263 __main__     INFO     ---------- Processing TNAJ - NLP 0004194 (43/96) ----------
2025-03-04 21:11:21,356 __main__     INFO     TNAJ-0004194 — Processing year 1872.
2025-03-04 21:11:29,698 __main__     INFO     ✅ TNAJ-0004194 (43/96) - Done with the copy. There was 0 failed copies and problem_input_dirs:[].
2025-03-04 21:11:29,698 __main__     INFO     ---------- Processing LLAD - NLP 0004195 (44/96) ----------
2025-03-04 21:11:29,759 __main__     INFO     LLAD-0004195 — Processing year 1847.
2025-03-04 21:11:54,485 __main__     INFO     ✅ LLAD-0004195 (44/96) - Done with the copy. There was 0 failed copies and problem_input_dirs:[].
2025-03-04 21:11:54,486 __main__     INFO     ---------- Processing LLAD - NLP 0004196 (45/96) ----------
2025-03-04 21:11:54,540 __main__     INFO     LLAD-0004196 — Processing year 1847.
2025-03-04 21:12:24,144 __main__     INFO     ✅ LLAD-0004196 (45/96) - Done with the copy. There was 0 failed copies and problem_input_dirs:[].
2025-03-04 21:12:24,145 __main__     INFO     ---------- Processing LWI - NLP 0004197 (46/96) ----------
2025-03-04 21:12:24,218 __main__     INFO     LWI-0004197 — Processing year 1855.
2025-03-04 21:12:25,394 __main__     INFO     ✅ LWI-0004197 (46/96) - Done with the copy. There was 0 failed copies and problem_input_dirs:[].
2025-03-04 21:12:25,395 __main__     INFO     ---------- Processing LWI - NLP 0004198 (47/96) ----------
2025-03-04 21:12:25,515 __main__     INFO     LWI-0004198 — Processing year 1856.
2025-03-04 21:13:17,130 __main__     INFO     LWI-0004198 — Processing year 1855.
2025-03-04 21:13:21,888 __main__     INFO     LWI-0004198 — Processing year 1857.
2025-03-04 21:13:36,874 __main__     INFO     ✅ LWI-0004198 (47/96) - Done with the copy. There was 0 failed copies and problem_input_dirs:[].
2025-03-04 21:13:36,875 __main__     INFO     ---------- Processing LNPC - NLP 0004199 (48/96) ----------
2025-03-04 21:13:36,968 __main__     INFO     LNPC-0004199 — Processing year 1860.
2025-03-04 21:13:54,468 __main__     INFO     LNPC-0004199 — Processing year 1859.
2025-03-04 21:14:14,311 __main__     INFO     LNPC-0004199 — Processing year 1865.
2025-03-04 21:14:20,093 __main__     INFO     LNPC-0004199 — Processing year 1862.
2025-03-04 21:14:49,412 __main__     INFO     LNPC-0004199 — Processing year 1861.
2025-03-04 21:15:11,925 __main__     INFO     LNPC-0004199 — Processing year 1864.
2025-03-04 21:15:31,729 __main__     INFO     LNPC-0004199 — Processing year 1863.
2025-03-04 21:15:51,939 __main__     INFO     ✅ LNPC-0004199 (48/96) - Done with the copy. There was 0 failed copies and problem_input_dirs:[].
2025-03-04 21:15:51,940 __main__     INFO     ---------- Processing COUR - NLP 0004200 (49/96) ----------
2025-03-04 21:15:52,011 __main__     INFO     COUR-0004200 — Processing year 1870.
2025-03-04 21:17:03,222 __main__     INFO     COUR-0004200 — Processing year 1869.
2025-03-04 21:17:39,017 __main__     INFO     COUR-0004200 — Processing year 1872.
2025-03-04 21:17:40,622 __main__     INFO     COUR-0004200 — Processing year 1871.
2025-03-04 21:19:00,361 __main__     INFO     ✅ COUR-0004200 (49/96) - Done with the copy. There was 0 failed copies and problem_input_dirs:[].
2025-03-04 21:19:00,362 __main__     INFO     ---------- Processing COUR - NLP 0004201 (50/96) ----------
2025-03-04 21:19:00,458 __main__     INFO     COUR-0004201 — Processing year 1872.
2025-03-04 21:19:49,998 __main__     INFO     ✅ COUR-0004201 (50/96) - Done with the copy. There was 0 failed copies and problem_input_dirs:[].
2025-03-04 21:19:49,998 __main__     INFO     ---------- Processing COUR - NLP 0004202 (51/96) ----------
2025-03-04 21:19:50,133 __main__     INFO     COUR-0004202 — Processing year 1873.
2025-03-04 21:20:20,608 __main__     INFO     COUR-0004202 — Processing year 1872.
2025-03-04 21:20:47,169 __main__     INFO     ✅ COUR-0004202 (51/96) - Done with the copy. There was 0 failed copies and problem_input_dirs:[].
2025-03-04 21:20:47,170 __main__     INFO     ---------- Processing COUR - NLP 0004203 (52/96) ----------
2025-03-04 21:20:47,213 __main__     INFO     COUR-0004203 — Processing year 1874.
2025-03-04 21:22:11,264 __main__     INFO     COUR-0004203 — Processing year 1878.
2025-03-04 21:23:42,647 __main__     INFO     COUR-0004203 — Processing year 1880.
2025-03-04 21:25:00,048 __main__     INFO     COUR-0004203 — Processing year 1877.
2025-03-04 21:26:22,475 __main__     INFO     COUR-0004203 — Processing year 1873.
2025-03-04 21:27:10,099 __main__     INFO     COUR-0004203 — Processing year 1879.
2025-03-04 21:28:33,440 __main__     INFO     COUR-0004203 — Processing year 1876.
2025-03-04 21:29:51,075 __main__     INFO     COUR-0004203 — Processing year 1875.
2025-03-04 21:31:10,280 __main__     INFO     ✅ COUR-0004203 (52/96) - Done with the copy. There was 0 failed copies and problem_input_dirs:[].
2025-03-04 21:31:10,281 __main__     INFO     ---------- Processing TCAA - NLP 0004204 (53/96) ----------
2025-03-04 21:31:10,334 __main__     INFO     TCAA-0004204 — Processing year 1834.
2025-03-04 21:31:11,715 __main__     INFO     ✅ TCAA-0004204 (53/96) - Done with the copy. There was 0 failed copies and problem_input_dirs:[].
2025-03-04 21:31:11,715 __main__     INFO     ---------- Processing TCAA - NLP 0004205 (54/96) ----------
2025-03-04 21:31:11,820 __main__     INFO     TCAA-0004205 — Processing year 1834.
2025-03-04 21:31:13,520 __main__     INFO     ✅ TCAA-0004205 (54/96) - Done with the copy. There was 0 failed copies and problem_input_dirs:[].
2025-03-04 21:31:13,521 __main__     INFO     ---------- Processing TCAA - NLP 0004206 (55/96) ----------
2025-03-04 21:31:13,599 __main__     INFO     TCAA-0004206 — Processing year 1835.
2025-03-04 21:31:55,864 __main__     INFO     TCAA-0004206 — Processing year 1834.
2025-03-04 21:32:25,400 __main__     INFO     TCAA-0004206 — Processing year 1836.
2025-03-04 21:32:31,460 __main__     INFO     ✅ TCAA-0004206 (55/96) - Done with the copy. There was 0 failed copies and problem_input_dirs:[].
2025-03-04 21:32:31,460 __main__     INFO     ---------- Processing TCAA - NLP 0004207 (56/96) ----------
2025-03-04 21:32:31,590 __main__     INFO     TCAA-0004207 — Processing year 1836.
2025-03-04 21:32:48,398 __main__     INFO     ✅ TCAA-0004207 (56/96) - Done with the copy. There was 0 failed copies and problem_input_dirs:[].
2025-03-04 21:32:48,399 __main__     INFO     ---------- Processing TCAA - NLP 0004208 (57/96) ----------
2025-03-04 21:32:48,771 __main__     INFO     TCAA-0004208 — Processing year 1836.
2025-03-04 21:33:04,899 __main__     INFO     ✅ TCAA-0004208 (57/96) - Done with the copy. There was 0 failed copies and problem_input_dirs:[].
2025-03-04 21:33:04,899 __main__     INFO     ---------- Processing NATN - NLP 0004209 (58/96) ----------
2025-03-04 21:33:04,994 __main__     INFO     NATN-0004209 — Processing year 1824.
2025-03-04 21:33:55,689 __main__     INFO     ✅ NATN-0004209 (58/96) - Done with the copy. There was 0 failed copies and problem_input_dirs:[].
2025-03-04 21:33:55,690 __main__     INFO     ---------- Processing SUGA - NLP 0004210 (59/96) ----------
2025-03-04 21:33:55,841 __main__     INFO     SUGA-0004210 — Processing year 1867.
2025-03-04 21:35:13,606 __main__     INFO     SUGA-0004210 — Processing year 1866.
2025-03-04 21:36:41,141 __main__     INFO     ✅ SUGA-0004210 (59/96) - Done with the copy. There was 0 failed copies and problem_input_dirs:[].
2025-03-04 21:36:41,142 __main__     INFO     ---------- Processing SSCH - NLP 0004211 (60/96) ----------
2025-03-04 21:36:41,205 __main__     INFO     SSCH-0004211 — Processing year 1823.
2025-03-04 21:36:55,721 __main__     INFO     ✅ SSCH-0004211 (60/96) - Done with the copy. There was 0 failed copies and problem_input_dirs:[].
2025-03-04 21:36:55,721 __main__     INFO     ---------- Processing PSEV - NLP 0004212 (61/96) ----------
2025-03-04 21:36:55,789 __main__     INFO     PSEV-0004212 — Processing year 1873.
2025-03-04 21:37:24,918 __main__     INFO     ✅ PSEV-0004212 (61/96) - Done with the copy. There was 0 failed copies and problem_input_dirs:[].
2025-03-04 21:37:24,919 __main__     INFO     ---------- Processing LNLF - NLP 0004213 (62/96) ----------
2025-03-04 21:37:25,008 __main__     INFO     LNLF-0004213 — Processing year 1879.
2025-03-04 21:37:41,682 __main__     INFO     ✅ LNLF-0004213 (62/96) - Done with the copy. There was 0 failed copies and problem_input_dirs:[].
2025-03-04 21:37:41,682 __main__     INFO     ---------- Processing EAWN - NLP 0004214 (63/96) ----------
2025-03-04 21:37:41,777 __main__     INFO     EAWN-0004214 — Processing year 1876.
2025-03-04 21:37:46,601 __main__     INFO     EAWN-0004214 — Processing year 1875.
2025-03-04 21:38:27,427 __main__     INFO     ✅ EAWN-0004214 (63/96) - Done with the copy. There was 0 failed copies and problem_input_dirs:[].
2025-03-04 21:38:27,427 __main__     INFO     ---------- Processing MOMA - NLP 0004215 (64/96) ----------
2025-03-04 21:38:27,535 __main__     INFO     MOMA-0004215 — Processing year 1865.
2025-03-04 21:38:54,917 __main__     INFO     MOMA-0004215 — Processing year 1864.
2025-03-04 21:39:47,626 __main__     INFO     ✅ MOMA-0004215 (64/96) - Done with the copy. There was 0 failed copies and problem_input_dirs:[].
2025-03-04 21:39:47,626 __main__     INFO     ---------- Processing MOMA - NLP 0004216 (65/96) ----------
2025-03-04 21:39:47,693 __main__     INFO     MOMA-0004216 — Processing year 1865.
2025-03-04 21:40:12,382 __main__     INFO     MOMA-0004216 — Processing year 1866.
2025-03-04 21:40:57,752 __main__     INFO     ✅ MOMA-0004216 (65/96) - Done with the copy. There was 0 failed copies and problem_input_dirs:[].
2025-03-04 21:40:57,753 __main__     INFO     ---------- Processing MATN - NLP 0004217 (66/96) ----------
2025-03-04 21:40:57,834 __main__     INFO     MATN-0004217 — Processing year 1870.
2025-03-04 21:41:43,927 __main__     INFO     MATN-0004217 — Processing year 1869.
2025-03-04 21:42:00,904 __main__     INFO     ✅ MATN-0004217 (66/96) - Done with the copy. There was 0 failed copies and problem_input_dirs:[].
2025-03-04 21:42:00,904 __main__     INFO     ---------- Processing WKIN - NLP 0004218 (67/96) ----------
2025-03-04 21:42:00,990 __main__     INFO     WKIN-0004218 — Processing year 1876.
2025-03-04 21:42:32,973 __main__     INFO     WKIN-0004218 — Processing year 1875.
2025-03-04 21:43:20,273 __main__     INFO     ✅ WKIN-0004218 (67/96) - Done with the copy. There was 0 failed copies and problem_input_dirs:[].
2025-03-04 21:43:20,274 __main__     INFO     ---------- Processing WKEC - NLP 0004220 (68/96) ----------
2025-03-04 21:43:20,400 __main__     INFO     WKEC-0004220 — Processing year 1874.
2025-03-04 21:43:23,126 __main__     INFO     WKEC-0004220 — Processing year 1873.
2025-03-04 21:43:38,564 __main__     INFO     ✅ WKEC-0004220 (68/96) - Done with the copy. There was 0 failed copies and problem_input_dirs:[].
2025-03-04 21:43:38,565 __main__     INFO     ---------- Processing WKAD - NLP 0004221 (69/96) ----------
2025-03-04 21:43:38,666 __main__     INFO     WKAD-0004221 — Processing year 1865.
2025-03-04 21:44:41,154 __main__     INFO     WKAD-0004221 — Processing year 1866.
2025-03-04 21:45:16,329 __main__     INFO     ✅ WKAD-0004221 (69/96) - Done with the copy. There was 0 failed copies and problem_input_dirs:[].
2025-03-04 21:45:16,330 __main__     INFO     ---------- Processing LSCT - NLP 0004222 (70/96) ----------
2025-03-04 21:45:16,436 __main__     INFO     LSCT-0004222 — Processing year 1867.
2025-03-04 21:46:31,010 __main__     INFO     LSCT-0004222 — Processing year 1870.
2025-03-04 21:48:36,175 __main__     INFO     LSCT-0004222 — Processing year 1869.
2025-03-04 21:50:26,039 __main__     INFO     LSCT-0004222 — Processing year 1868.
2025-03-04 21:52:36,281 __main__     INFO     LSCT-0004222 — Processing year 1871.
2025-03-04 21:52:38,342 __main__     INFO     ✅ LSCT-0004222 (70/96) - Done with the copy. There was 0 failed copies and problem_input_dirs:[].
2025-03-04 21:52:38,342 __main__     INFO     ---------- Processing WKRV - NLP 0004305 (71/96) ----------
2025-03-04 21:52:38,531 __main__     INFO     WKRV-0004305 — Processing year 1865.
2025-03-04 21:53:37,328 __main__     INFO     WKRV-0004305 — Processing year 1862.
2025-03-04 21:54:46,950 __main__     INFO     WKRV-0004305 — Processing year 1864.
2025-03-04 21:58:10,301 __main__     INFO     WKRV-0004305 — Processing year 1863.
2025-03-04 22:01:12,018 __main__     INFO     ✅ WKRV-0004305 (71/96) - Done with the copy. There was 0 failed copies and problem_input_dirs:[].
2025-03-04 22:01:12,019 __main__     INFO     ---------- Processing WKRV - NLP 0004306 (72/96) ----------
2025-03-04 22:01:12,143 __main__     INFO     WKRV-0004306 — Processing year 1865.
2025-03-04 22:04:00,539 __main__     INFO     WKRV-0004306 — Processing year 1866.
2025-03-04 22:04:14,358 __main__     INFO     ✅ WKRV-0004306 (72/96) - Done with the copy. There was 0 failed copies and problem_input_dirs:[].
2025-03-04 22:04:14,359 __main__     INFO     ---------- Processing WKRV - NLP 0004307 (73/96) ----------
2025-03-04 22:04:14,468 __main__     INFO     WKRV-0004307 — Processing year 1867.
2025-03-04 22:06:45,823 __main__     INFO     WKRV-0004307 — Processing year 1870.
2025-03-04 22:09:25,066 __main__     INFO     WKRV-0004307 — Processing year 1874.
2025-03-04 22:12:06,735 __main__     INFO     WKRV-0004307 — Processing year 1878.
2025-03-04 22:14:38,425 __main__     INFO     WKRV-0004307 — Processing year 1880.
2025-03-04 22:17:04,760 __main__     INFO     WKRV-0004307 — Processing year 1877.
2025-03-04 22:19:37,194 __main__     INFO     WKRV-0004307 — Processing year 1869.
2025-03-04 22:22:05,177 __main__     INFO     WKRV-0004307 — Processing year 1873.
2025-03-04 22:24:51,072 __main__     INFO     WKRV-0004307 — Processing year 1866.
2025-03-04 22:28:12,063 __main__     INFO     WKRV-0004307 — Processing year 1872.
2025-03-04 22:31:05,733 __main__     INFO     WKRV-0004307 — Processing year 1868.
2025-03-04 22:34:01,325 __main__     INFO     WKRV-0004307 — Processing year 1871.
2025-03-04 22:37:12,241 __main__     INFO     WKRV-0004307 — Processing year 1879.
2025-03-04 22:40:06,305 __main__     INFO     WKRV-0004307 — Processing year 1876.
2025-03-04 22:44:19,890 __main__     INFO     WKRV-0004307 — Processing year 1875.
2025-03-04 22:59:20,263 __main__     INFO     WKRV-0004307 — Processing year 1881.
2025-03-04 23:13:45,636 __main__     INFO     ✅ WKRV-0004307 (73/96) - Done with the copy. There was 0 failed copies and problem_input_dirs:[].
2025-03-04 23:13:45,637 __main__     INFO     ---------- Processing LONM - NLP 0004308 (74/96) ----------
2025-03-04 23:13:45,710 __main__     INFO     LONM-0004308 — Processing year 1874.
2025-03-04 23:15:29,295 __main__     INFO     LONM-0004308 — Processing year 1873.
2025-03-04 23:17:01,530 __main__     INFO     LONM-0004308 — Processing year 1872.
2025-03-04 23:18:48,381 __main__     INFO     LONM-0004308 — Processing year 1871.
2025-03-04 23:20:20,931 __main__     INFO     LONM-0004308 — Processing year 1876.
2025-03-04 23:21:27,193 __main__     INFO     LONM-0004308 — Processing year 1875.
2025-03-04 23:22:49,095 __main__     INFO     ✅ LONM-0004308 (74/96) - Done with the copy. There was 0 failed copies and problem_input_dirs:[].
2025-03-04 23:22:49,096 __main__     INFO     ---------- Processing LSCR - NLP 0004309 (75/96) ----------
2025-03-04 23:22:49,182 __main__     INFO     LSCR-0004309 — Processing year 1875.
2025-03-04 23:23:25,287 __main__     INFO     ✅ LSCR-0004309 (75/96) - Done with the copy. There was 0 failed copies and problem_input_dirs:[].
2025-03-04 23:23:25,287 __main__     INFO     ---------- Processing LPNGA - NLP 0004310 (76/96) ----------
2025-03-04 23:23:25,365 __main__     INFO     LPNGA-0004310 — Processing year 1867.
2025-03-04 23:24:07,562 __main__     INFO     LPNGA-0004310 — Processing year 1865.
2025-03-04 23:25:06,042 __main__     INFO     LPNGA-0004310 — Processing year 1862.
2025-03-04 23:26:27,564 __main__     INFO     LPNGA-0004310 — Processing year 1866.
2025-03-04 23:27:16,448 __main__     INFO     LPNGA-0004310 — Processing year 1861.
2025-03-04 23:27:45,534 __main__     INFO     LPNGA-0004310 — Processing year 1864.
2025-03-04 23:29:16,659 __main__     INFO     LPNGA-0004310 — Processing year 1863.
2025-03-04 23:30:38,755 __main__     INFO     ✅ LPNGA-0004310 (76/96) - Done with the copy. There was 0 failed copies and problem_input_dirs:[].
2025-03-04 23:30:38,755 __main__     INFO     ---------- Processing LCHH - NLP 0004311 (77/96) ----------
2025-03-04 23:30:38,880 __main__     INFO     LCHH-0004311 — Processing year 1867.
2025-03-04 23:31:08,156 __main__     INFO     LCHH-0004311 — Processing year 1870.
2025-03-04 23:31:42,263 __main__     INFO     LCHH-0004311 — Processing year 1869.
2025-03-04 23:33:33,441 __main__     INFO     LCHH-0004311 — Processing year 1868.
2025-03-04 23:35:34,300 __main__     INFO     ✅ LCHH-0004311 (77/96) - Done with the copy. There was 0 failed copies and problem_input_dirs:[].
2025-03-04 23:35:34,301 __main__     INFO     ---------- Processing CCGZ - NLP 0004682 (78/96) ----------
2025-03-04 23:35:34,413 __main__     INFO     CCGZ-0004682 — Processing year 1840.
2025-03-04 23:35:37,167 __main__     INFO     CCGZ-0004682 — Processing year 1839.
2025-03-04 23:36:44,314 __main__     INFO     CCGZ-0004682 — Processing year 1838.
2025-03-04 23:37:08,656 __main__     INFO     ✅ CCGZ-0004682 (78/96) - Done with the copy. There was 0 failed copies and problem_input_dirs:[].
2025-03-04 23:37:08,657 __main__     INFO     ---------- Processing CCGZ - NLP 0004683 (79/96) ----------
2025-03-04 23:37:08,823 __main__     INFO     CCGZ-0004683 — Processing year 1840.
2025-03-04 23:37:10,030 __main__     INFO     ✅ CCGZ-0004683 (79/96) - Done with the copy. There was 0 failed copies and problem_input_dirs:[].
2025-03-04 23:37:10,030 __main__     INFO     ---------- Processing HBOV - NLP 0004684 (80/96) ----------
2025-03-04 23:37:10,101 __main__     INFO     HBOV-0004684 — Processing year 1853.
2025-03-04 23:38:21,666 __main__     INFO     HBOV-0004684 — Processing year 1854.
2025-03-04 23:39:19,245 __main__     INFO     ✅ HBOV-0004684 (80/96) - Done with the copy. There was 0 failed copies and problem_input_dirs:[].
2025-03-04 23:39:19,245 __main__     INFO     ---------- Processing WRLD - NLP 0004685 (81/96) ----------
2025-03-04 23:39:19,379 __main__     INFO     WRLD-0004685 — Processing year 1859.
2025-03-04 23:40:05,105 __main__     INFO     ✅ WRLD-0004685 (81/96) - Done with the copy. There was 0 failed copies and problem_input_dirs:[].
2025-03-04 23:40:05,106 __main__     INFO     ---------- Processing EVTL - NLP 0004686 (82/96) ----------
2025-03-04 23:40:05,239 __main__     INFO     EVTL-0004686 — Processing year 1852.
2025-03-04 23:40:47,111 __main__     INFO     ✅ EVTL-0004686 (82/96) - Done with the copy. There was 0 failed copies and problem_input_dirs:[].
2025-03-04 23:40:47,112 __main__     INFO     ---------- Processing VERL - NLP 0004687 (83/96) ----------
2025-03-04 23:40:47,201 __main__     INFO     VERL-0004687 — Processing year 1828.
2025-03-04 23:41:12,756 __main__     INFO     ✅ VERL-0004687 (83/96) - Done with the copy. There was 0 failed copies and problem_input_dirs:[].
2025-03-04 23:41:12,756 __main__     INFO     ---------- Processing HWCH - NLP 0004688 (84/96) ----------
2025-03-04 23:41:12,856 __main__     INFO     HWCH-0004688 — Processing year 1837.
2025-03-04 23:41:39,945 __main__     INFO     HWCH-0004688 — Processing year 1855.
2025-03-04 23:41:40,815 __main__     INFO     HWCH-0004688 — Processing year 1838.
2025-03-04 23:41:51,610 __main__     INFO     ✅ HWCH-0004688 (84/96) - Done with the copy. There was 0 failed copies and problem_input_dirs:[].
2025-03-04 23:41:51,610 __main__     INFO     ---------- Processing LTIM - NLP 0004689 (85/96) ----------
2025-03-04 23:41:51,710 __main__     INFO     LTIM-0004689 — Processing year 1867.
2025-03-04 23:42:15,138 __main__     INFO     ✅ LTIM-0004689 (85/96) - Done with the copy. There was 0 failed copies and problem_input_dirs:[].
2025-03-04 23:42:15,138 __main__     INFO     ---------- Processing PWRM - NLP 0004690 (86/96) ----------
2025-03-04 23:42:15,302 __main__     INFO     PWRM-0004690 — Processing year 1851.
2025-03-04 23:42:39,463 __main__     INFO     ✅ PWRM-0004690 (86/96) - Done with the copy. There was 0 failed copies and problem_input_dirs:[].
2025-03-04 23:42:39,464 __main__     INFO     ---------- Processing EAST - NLP 0004691 (87/96) ----------
2025-03-04 23:42:39,548 __main__     INFO     EAST-0004691 — Processing year 1853.
2025-03-04 23:43:35,929 __main__     INFO     ✅ EAST-0004691 (87/96) - Done with the copy. There was 0 failed copies and problem_input_dirs:[].
2025-03-04 23:43:35,929 __main__     INFO     ---------- Processing TTK22 - NLP 0004692 (88/96) ----------
2025-03-04 23:43:36,106 __main__     INFO     TTK22-0004692 — Processing year 1822.
2025-03-04 23:43:56,861 __main__     INFO     ✅ TTK22-0004692 (88/96) - Done with the copy. There was 0 failed copies and problem_input_dirs:[].
2025-03-04 23:43:56,862 __main__     INFO     ---------- Processing TTK22 - NLP 0004693 (89/96) ----------
2025-03-04 23:43:56,944 __main__     INFO     TTK22-0004693 — Processing year 1822.
2025-03-04 23:43:57,710 __main__     INFO     ✅ TTK22-0004693 (89/96) - Done with the copy. There was 0 failed copies and problem_input_dirs:[].
2025-03-04 23:43:57,711 __main__     INFO     ---------- Processing CNSN - NLP 0004694 (90/96) ----------
2025-03-04 23:43:57,777 __main__     INFO     CNSN-0004694 — Processing year 1827.
2025-03-04 23:44:13,592 __main__     INFO     ✅ CNSN-0004694 (90/96) - Done with the copy. There was 0 failed copies and problem_input_dirs:[].
2025-03-04 23:44:13,592 __main__     INFO     ---------- Processing EVT25 - NLP 0004738 (91/96) ----------
2025-03-04 23:44:13,707 __main__     INFO     EVT25-0004738 — Processing year 1826.
2025-03-04 23:44:17,370 __main__     INFO     EVT25-0004738 — Processing year 1825.
2025-03-04 23:44:52,348 __main__     INFO     ✅ EVT25-0004738 (91/96) - Done with the copy. There was 0 failed copies and problem_input_dirs:[].
