2025-03-13 17:23:32,052 __main__     INFO     Logger successfully initialised
2025-03-13 17:23:32,072 __main__     INFO     Separated the list of NLPs into 12 chunks of 50 NLPs,  will process chunk n°1 now: 
['0000088', '0000090', '0000091', '0000094', '0000095', '0000096', '0000097', '0000098', '0000099', '0000100', '0000101', '0000102', '0000103', '0000104', '0000150', '0000151', '0000152', '0000153', '0000154', '0000155', '0000156', '0000157', '0000158', '0000159', '0000160', '0000161', '0000162', '0000164', '0000165', '0000166', '0000167', '0000168', '0000170', '0000171', '0000172', '0000173', '0000174', '0000175', '0000176', '0000177', '0000178', '0000180', '0000181', '0000183', '0000184', '0000185', '0000186', '0000189', '0000191', '0000193']
2025-03-13 17:23:32,074 __main__     INFO     ---------- Processing NRLR - NLP 0000088 (1/50) ----------
2025-03-13 17:23:32,371 __main__     INFO     NRLR-0000088 — Processing year 1837.
2025-03-13 17:24:07,989 __main__     INFO     NRLR-0000088 — Processing year 1840.
2025-03-13 17:34:07,757 __main__     INFO     NRLR-0000088 — Processing year 1839.
2025-03-13 17:42:34,762 __main__     INFO     NRLR-0000088 — Processing year 1838.
2025-03-13 17:48:56,046 __main__     INFO     ✅ NRLR-0000088 (1/50) - Done with the copy. There was 0 failed copies and problem_input_dirs:[].
2025-03-13 17:48:56,047 __main__     INFO     ---------- Processing NRSR - NLP 0000090 (2/50) ----------
2025-03-13 17:48:56,710 __main__     INFO     NRSR-0000090 — Processing year 1842.
2025-03-13 18:10:38,796 __main__     INFO     NRSR-0000090 — Processing year 1844.
2025-03-13 18:18:29,446 __main__     INFO     NRSR-0000090 — Processing year 1840.
2025-03-13 18:25:59,483 __main__     INFO     NRSR-0000090 — Processing year 1843.
2025-03-13 18:38:05,175 __main__     INFO     NRSR-0000090 — Processing year 1839.
2025-03-13 18:43:36,513 __main__     INFO     NRSR-0000090 — Processing year 1841.
2025-03-13 19:00:42,195 __main__     INFO     NRSR-0000090 — Processing year 1838.
2025-03-13 19:07:20,688 __main__     INFO     ✅ NRSR-0000090 (2/50) - Done with the copy. There was 0 failed copies and problem_input_dirs:[].
2025-03-13 19:07:20,689 __main__     INFO     ---------- Processing NRSR - NLP 0000091 (3/50) ----------
2025-03-13 19:07:20,976 __main__     INFO     NRSR-0000091 — Processing year 1846.
2025-03-13 19:28:02,552 __main__     INFO     NRSR-0000091 — Processing year 1850.
2025-03-13 19:48:06,444 __main__     INFO     NRSR-0000091 — Processing year 1849.
2025-03-13 20:07:35,595 __main__     INFO     NRSR-0000091 — Processing year 1847.
2025-03-13 20:27:32,766 __main__     INFO     NRSR-0000091 — Processing year 1851.
2025-03-13 20:41:32,312 __main__     INFO     NRSR-0000091 — Processing year 1845.
2025-03-13 21:06:14,771 __main__     INFO     NRSR-0000091 — Processing year 1852.
2025-03-13 21:12:50,801 __main__     INFO     NRSR-0000091 — Processing year 1848.
2025-03-13 21:33:19,212 __main__     INFO     ✅ NRSR-0000091 (3/50) - Done with the copy. There was 0 failed copies and problem_input_dirs:[].
2025-03-13 21:33:19,212 __main__     INFO     ---------- Processing NRWC - NLP 0000094 (4/50) ----------
2025-03-13 21:33:20,189 __main__     INFO     NRWC-0000094 — Processing year 1860.
2025-03-13 21:41:33,484 __main__     INFO     NRWC-0000094 — Processing year 1885.
2025-03-13 21:49:03,751 __main__     INFO     NRWC-0000094 — Processing year 1899.
2025-03-13 21:56:37,830 __main__     INFO     NRWC-0000094 — Processing year 1867.
2025-03-13 22:03:11,197 __main__     INFO     NRWC-0000094 — Processing year 1837.
2025-03-13 22:06:51,077 __main__     INFO     NRWC-0000094 — Processing year 1842.
2025-03-13 22:10:27,481 __main__     INFO     NRWC-0000094 — Processing year 1878.
2025-03-13 22:17:24,842 __main__     INFO     NRWC-0000094 — Processing year 1844.
2025-03-13 22:20:24,382 __main__     INFO     NRWC-0000094 — Processing year 1880.
2025-03-13 22:26:48,369 __main__     INFO     NRWC-0000094 — Processing year 1892.
2025-03-13 22:34:13,734 __main__     INFO     NRWC-0000094 — Processing year 1856.
2025-03-13 22:41:18,803 __main__     INFO     NRWC-0000094 — Processing year 1895.
2025-03-13 22:48:00,428 __main__     INFO     NRWC-0000094 — Processing year 1882.
2025-03-13 22:55:03,524 __main__     INFO     NRWC-0000094 — Processing year 1900.
2025-03-13 23:02:54,293 __main__     INFO     NRWC-0000094 — Processing year 1832.
2025-03-13 23:05:29,001 __main__     INFO     NRWC-0000094 — Processing year 1846.
2025-03-13 23:08:54,844 __main__     INFO     NRWC-0000094 — Processing year 1850.
2025-03-13 23:14:46,089 __main__     INFO     NRWC-0000094 — Processing year 1833.
2025-03-13 23:18:31,060 __main__     INFO     NRWC-0000094 — Processing year 1877.
2025-03-13 23:27:03,197 __main__     INFO     NRWC-0000094 — Processing year 1849.
2025-03-13 23:31:01,793 __main__     INFO     NRWC-0000094 — Processing year 1840.
2025-03-13 23:34:40,348 __main__     INFO     NRWC-0000094 — Processing year 1869.
2025-03-13 23:41:30,573 __main__     INFO     NRWC-0000094 — Processing year 1887.
2025-03-13 23:49:48,658 __main__     INFO     NRWC-0000094 — Processing year 1859.
2025-03-13 23:59:06,779 __main__     INFO     NRWC-0000094 — Processing year 1835.
2025-03-14 00:02:45,077 __main__     INFO     NRWC-0000094 — Processing year 1873.
2025-03-14 00:09:53,704 __main__     INFO     NRWC-0000094 — Processing year 1865.
2025-03-14 00:22:27,584 __main__     INFO     NRWC-0000094 — Processing year 1858.
2025-03-14 00:28:59,839 __main__     INFO     NRWC-0000094 — Processing year 1862.
2025-03-14 00:38:12,250 __main__     INFO     NRWC-0000094 — Processing year 1843.
2025-03-14 00:41:46,127 __main__     INFO     NRWC-0000094 — Processing year 1889.
2025-03-14 00:49:35,594 __main__     INFO     NRWC-0000094 — Processing year 1853.
2025-03-14 00:57:09,934 __main__     INFO     NRWC-0000094 — Processing year 1866.
2025-03-14 01:04:11,112 __main__     INFO     NRWC-0000094 — Processing year 1893.
2025-03-14 01:11:34,978 __main__     INFO     NRWC-0000094 — Processing year 1888.
2025-03-14 01:19:06,920 __main__     INFO     NRWC-0000094 — Processing year 1839.
2025-03-14 01:23:01,788 __main__     INFO     NRWC-0000094 — Processing year 1847.
2025-03-14 01:29:58,451 __main__     INFO     NRWC-0000094 — Processing year 1841.
2025-03-14 01:34:01,236 __main__     INFO     NRWC-0000094 — Processing year 1883.
2025-03-14 01:41:58,110 __main__     INFO     NRWC-0000094 — Processing year 1884.
2025-03-14 01:49:28,906 __main__     INFO     NRWC-0000094 — Processing year 1831.
2025-03-14 01:53:00,655 __main__     INFO     NRWC-0000094 — Processing year 1827.
2025-03-14 01:53:50,269 __main__     INFO     NRWC-0000094 — Processing year 1890.
2025-03-14 02:01:57,594 __main__     INFO     NRWC-0000094 — Processing year 1872.
2025-03-14 02:09:47,893 __main__     INFO     NRWC-0000094 — Processing year 1861.
2025-03-14 02:19:18,208 __main__     INFO     NRWC-0000094 — Processing year 1828.
2025-03-14 02:22:48,783 __main__     INFO     NRWC-0000094 — Processing year 1868.
2025-03-14 02:29:25,869 __main__     INFO     NRWC-0000094 — Processing year 1864.
2025-03-14 02:40:35,508 __main__     INFO     NRWC-0000094 — Processing year 1891.
2025-03-14 02:47:53,506 __main__     INFO     NRWC-0000094 — Processing year 1830.
2025-03-14 02:51:26,664 __main__     INFO     NRWC-0000094 — Processing year 1851.
2025-03-14 02:57:16,539 __main__     INFO     NRWC-0000094 — Processing year 1845.
2025-03-14 03:01:16,394 __main__     INFO     NRWC-0000094 — Processing year 1854.
2025-03-14 03:09:10,040 __main__     INFO     NRWC-0000094 — Processing year 1871.
2025-03-14 03:17:15,927 __main__     INFO     NRWC-0000094 — Processing year 1894.
2025-03-14 03:25:23,049 __main__     INFO     NRWC-0000094 — Processing year 1855.
2025-03-14 03:32:28,639 __main__     INFO     NRWC-0000094 — Processing year 1879.
2025-03-14 03:40:15,386 __main__     INFO     NRWC-0000094 — Processing year 1834.
2025-03-14 03:43:53,528 __main__     INFO     NRWC-0000094 — Processing year 1836.
2025-03-14 03:47:38,057 __main__     INFO     NRWC-0000094 — Processing year 1876.
2025-03-14 03:55:33,836 __main__     INFO     NRWC-0000094 — Processing year 1875.
2025-03-14 04:03:15,319 __main__     INFO     NRWC-0000094 — Processing year 1852.
2025-03-14 04:10:14,244 __main__     INFO     NRWC-0000094 — Processing year 1863.
2025-03-14 04:21:13,401 __main__     INFO     NRWC-0000094 — Processing year 1848.
2025-03-14 04:25:02,378 __main__     INFO     NRWC-0000094 — Processing year 1886.
2025-03-14 04:31:35,530 __main__     INFO     NRWC-0000094 — Processing year 1829.
2025-03-14 04:34:39,901 __main__     INFO     NRWC-0000094 — Processing year 1897.
2025-03-14 04:42:08,401 __main__     INFO     NRWC-0000094 — Processing year 1838.
2025-03-14 04:45:58,647 __main__     INFO     NRWC-0000094 — Processing year 1857.
2025-03-14 04:54:14,981 __main__     INFO     NRWC-0000094 — Processing year 1881.
2025-03-14 05:01:41,266 __main__     INFO     ✅ NRWC-0000094 (4/50) - Done with the copy. There was 0 failed copies and problem_input_dirs:[].
2025-03-14 05:01:41,266 __main__     INFO     ---------- Processing ODFW - NLP 0000095 (5/50) ----------
2025-03-14 05:01:41,791 __main__     INFO     ODFW-0000095 — Processing year 1842.
2025-03-14 05:04:53,862 __main__     INFO     ODFW-0000095 — Processing year 1840.
2025-03-14 05:08:12,240 __main__     INFO     ODFW-0000095 — Processing year 1839.
2025-03-14 05:11:09,770 __main__     INFO     ODFW-0000095 — Processing year 1841.
2025-03-14 05:14:15,241 __main__     INFO     ✅ ODFW-0000095 (5/50) - Done with the copy. There was 0 failed copies and problem_input_dirs:[].
2025-03-14 05:14:15,242 __main__     INFO     ---------- Processing OPTE - NLP 0000096 (6/50) ----------
2025-03-14 05:14:15,830 __main__     INFO     OPTE-0000096 — Processing year 1839.
2025-03-14 05:19:23,005 __main__     INFO     OPTE-0000096 — Processing year 1838.
2025-03-14 05:21:25,891 __main__     INFO     ✅ OPTE-0000096 (6/50) - Done with the copy. There was 0 failed copies and problem_input_dirs:[].
2025-03-14 05:21:25,891 __main__     INFO     ---------- Processing PMGU - NLP 0000097 (7/50) ----------
2025-03-14 05:21:26,796 __main__     INFO     PMGU-0000097 — Processing year 1832.
2025-03-14 05:28:21,077 __main__     INFO     PMGU-0000097 — Processing year 1833.
2025-03-14 05:34:56,341 __main__     INFO     PMGU-0000097 — Processing year 1835.
2025-03-14 05:39:47,942 __main__     INFO     PMGU-0000097 — Processing year 1831.
2025-03-14 05:43:32,734 __main__     INFO     PMGU-0000097 — Processing year 1834.
2025-03-14 05:47:29,129 __main__     INFO     ✅ PMGU-0000097 (7/50) - Done with the copy. There was 0 failed copies and problem_input_dirs:[].
2025-03-14 05:47:29,129 __main__     INFO     ---------- Processing PMGZ - NLP 0000098 (8/50) ----------
2025-03-14 05:47:29,971 __main__     INFO     PMGZ-0000098 — Processing year 1898.
2025-03-14 06:34:05,643 __main__     INFO     PMGZ-0000098 — Processing year 1885.
2025-03-14 07:45:44,556 __main__     INFO     PMGZ-0000098 — Processing year 1899.
2025-03-14 08:37:38,364 __main__     INFO     PMGZ-0000098 — Processing year 1867.
2025-03-14 09:49:06,933 __main__     INFO     PMGZ-0000098 — Processing year 1870.
2025-03-14 10:58:18,012 __main__     INFO     PMGZ-0000098 — Processing year 1874.
2025-03-14 12:15:30,327 __main__     INFO     PMGZ-0000098 — Processing year 1878.
2025-03-14 13:27:58,840 __main__     INFO     PMGZ-0000098 — Processing year 1880.
2025-03-14 14:35:04,077 __main__     INFO     PMGZ-0000098 — Processing year 1892.
2025-03-14 15:11:31,958 __main__     INFO     PMGZ-0000098 — Processing year 1895.
2025-03-14 16:02:38,283 __main__     INFO     PMGZ-0000098 — Processing year 1882.
2025-03-14 17:19:13,604 __main__     INFO     PMGZ-0000098 — Processing year 1900.
2025-03-14 18:54:33,274 __main__     INFO     PMGZ-0000098 — Processing year 1877.
2025-03-14 19:55:04,816 __main__     INFO     PMGZ-0000098 — Processing year 1869.
2025-03-14 21:00:25,530 __main__     INFO     PMGZ-0000098 — Processing year 1887.
2025-03-14 22:08:23,763 __main__     INFO     PMGZ-0000098 — Processing year 1873.
2025-03-14 23:15:49,760 __main__     INFO     PMGZ-0000098 — Processing year 1865.
2025-03-15 00:06:02,402 __main__     INFO     PMGZ-0000098 — Processing year 1889.
2025-03-15 00:40:31,706 __main__     INFO     PMGZ-0000098 — Processing year 1866.
2025-03-15 01:36:40,446 __main__     INFO     PMGZ-0000098 — Processing year 1893.
2025-03-15 02:24:35,193 __main__     INFO     PMGZ-0000098 — Processing year 1888.
2025-03-15 03:29:59,114 __main__     INFO     PMGZ-0000098 — Processing year 1883.
2025-03-15 04:32:59,625 __main__     INFO     PMGZ-0000098 — Processing year 1884.
2025-03-15 05:38:18,064 __main__     INFO     PMGZ-0000098 — Processing year 1896.
2025-03-15 06:23:20,539 __main__     INFO     PMGZ-0000098 — Processing year 1890.
2025-03-15 06:58:30,497 __main__     INFO     PMGZ-0000098 — Processing year 1872.
2025-03-15 07:57:39,788 __main__     INFO     PMGZ-0000098 — Processing year 1868.
2025-03-15 08:57:06,445 __main__     INFO     PMGZ-0000098 — Processing year 1891.
2025-03-15 09:35:03,101 __main__     INFO     PMGZ-0000098 — Processing year 1871.
2025-03-15 10:41:35,382 __main__     INFO     PMGZ-0000098 — Processing year 1894.
2025-03-15 11:33:56,525 __main__     INFO     PMGZ-0000098 — Processing year 1879.
2025-03-15 12:38:07,425 __main__     INFO     PMGZ-0000098 — Processing year 1876.
2025-03-15 13:40:44,474 __main__     INFO     PMGZ-0000098 — Processing year 1875.
2025-03-15 14:43:51,523 __main__     INFO     PMGZ-0000098 — Processing year 1886.
2025-03-15 15:55:14,695 __main__     INFO     PMGZ-0000098 — Processing year 1897.
2025-03-15 16:46:05,966 __main__     INFO     PMGZ-0000098 — Processing year 1881.
2025-03-15 17:58:28,651 __main__     INFO     ✅ PMGZ-0000098 (8/50) - Done with the copy. There was 0 failed copies and problem_input_dirs:[].
2025-03-15 17:58:28,652 __main__     INFO     ---------- Processing PNCH - NLP 0000099 (9/50) ----------
2025-03-15 17:58:29,446 __main__     INFO     PNCH-0000099 — Processing year 1860.
2025-03-15 18:05:26,836 __main__     INFO     PNCH-0000099 — Processing year 1885.
2025-03-15 18:11:44,536 __main__     INFO     PNCH-0000099 — Processing year 1867.
2025-03-15 18:17:34,723 __main__     INFO     PNCH-0000099 — Processing year 1837.
2025-03-15 18:20:52,085 __main__     INFO     PNCH-0000099 — Processing year 1870.
2025-03-15 18:27:26,999 __main__     INFO     PNCH-0000099 — Processing year 1842.
2025-03-15 18:33:12,436 __main__     INFO     PNCH-0000099 — Processing year 1874.
2025-03-15 18:39:37,058 __main__     INFO     PNCH-0000099 — Processing year 1878.
2025-03-15 18:46:16,266 __main__     INFO     PNCH-0000099 — Processing year 1844.
2025-03-15 18:49:57,167 __main__     INFO     PNCH-0000099 — Processing year 1880.
2025-03-15 18:56:17,479 __main__     INFO     PNCH-0000099 — Processing year 1892.
2025-03-15 19:04:27,282 __main__     INFO     PNCH-0000099 — Processing year 1856.
2025-03-15 19:10:17,774 __main__     INFO     PNCH-0000099 — Processing year 1882.
2025-03-15 19:16:35,944 __main__     INFO     PNCH-0000099 — Processing year 1832.
2025-03-15 19:19:10,736 __main__     INFO     PNCH-0000099 — Processing year 1846.
2025-03-15 19:24:16,185 __main__     INFO     PNCH-0000099 — Processing year 1850.
2025-03-15 19:30:32,909 __main__     INFO     PNCH-0000099 — Processing year 1833.
2025-03-15 19:33:32,468 __main__     INFO     PNCH-0000099 — Processing year 1877.
2025-03-15 19:40:31,826 __main__     INFO     PNCH-0000099 — Processing year 1849.
2025-03-15 19:47:01,250 __main__     INFO     PNCH-0000099 — Processing year 1840.
2025-03-15 19:50:19,307 __main__     INFO     PNCH-0000099 — Processing year 1869.
2025-03-15 19:57:01,445 __main__     INFO     PNCH-0000099 — Processing year 1887.
2025-03-15 20:06:42,063 __main__     INFO     PNCH-0000099 — Processing year 1859.
2025-03-15 20:14:05,612 __main__     INFO     PNCH-0000099 — Processing year 1835.
2025-03-15 20:18:00,826 __main__     INFO     PNCH-0000099 — Processing year 1873.
2025-03-15 20:23:35,918 __main__     INFO     PNCH-0000099 — Processing year 1865.
2025-03-15 20:29:38,269 __main__     INFO     PNCH-0000099 — Processing year 1858.
2025-03-15 20:35:35,343 __main__     INFO     PNCH-0000099 — Processing year 1862.
2025-03-15 20:41:26,719 __main__     INFO     PNCH-0000099 — Processing year 1843.
2025-03-15 20:44:41,127 __main__     INFO     PNCH-0000099 — Processing year 1889.
2025-03-15 20:54:00,733 __main__     INFO     PNCH-0000099 — Processing year 1853.
2025-03-15 21:00:16,015 __main__     INFO     PNCH-0000099 — Processing year 1866.
2025-03-15 21:06:29,331 __main__     INFO     PNCH-0000099 — Processing year 1893.
2025-03-15 21:14:07,784 __main__     INFO     PNCH-0000099 — Processing year 1839.
2025-03-15 21:17:20,175 __main__     INFO     PNCH-0000099 — Processing year 1847.
2025-03-15 21:23:15,484 __main__     INFO     PNCH-0000099 — Processing year 1841.
2025-03-15 21:26:58,965 __main__     INFO     PNCH-0000099 — Processing year 1883.
2025-03-15 21:33:23,671 __main__     INFO     PNCH-0000099 — Processing year 1884.
2025-03-15 21:39:34,775 __main__     INFO     PNCH-0000099 — Processing year 1831.
2025-03-15 21:42:14,613 __main__     INFO     PNCH-0000099 — Processing year 1890.
2025-03-15 21:48:49,940 __main__     INFO     PNCH-0000099 — Processing year 1872.
2025-03-15 21:54:42,673 __main__     INFO     PNCH-0000099 — Processing year 1861.
2025-03-15 22:00:57,689 __main__     INFO     PNCH-0000099 — Processing year 1868.
2025-03-15 22:06:54,859 __main__     INFO     PNCH-0000099 — Processing year 1864.
2025-03-15 22:13:15,014 __main__     INFO     PNCH-0000099 — Processing year 1891.
2025-03-15 22:19:04,390 __main__     INFO     PNCH-0000099 — Processing year 1851.
2025-03-15 22:25:29,402 __main__     INFO     PNCH-0000099 — Processing year 1845.
2025-03-15 22:29:00,218 __main__     INFO     PNCH-0000099 — Processing year 1854.
2025-03-15 22:35:17,983 __main__     INFO     PNCH-0000099 — Processing year 1871.
2025-03-15 22:40:45,736 __main__     INFO     PNCH-0000099 — Processing year 1855.
2025-03-15 22:46:35,875 __main__     INFO     PNCH-0000099 — Processing year 1879.
2025-03-15 22:52:38,596 __main__     INFO     PNCH-0000099 — Processing year 1834.
2025-03-15 22:55:35,942 __main__     INFO     PNCH-0000099 — Processing year 1836.
2025-03-15 22:58:28,928 __main__     INFO     PNCH-0000099 — Processing year 1876.
2025-03-15 23:04:47,923 __main__     INFO     PNCH-0000099 — Processing year 1875.
2025-03-15 23:11:09,141 __main__     INFO     PNCH-0000099 — Processing year 1852.
2025-03-15 23:17:25,705 __main__     INFO     PNCH-0000099 — Processing year 1863.
2025-03-15 23:23:02,528 __main__     INFO     PNCH-0000099 — Processing year 1848.
2025-03-15 23:28:42,941 __main__     INFO     PNCH-0000099 — Processing year 1838.
2025-03-15 23:32:00,510 __main__     INFO     PNCH-0000099 — Processing year 1857.
2025-03-15 23:37:56,803 __main__     INFO     PNCH-0000099 — Processing year 1881.
2025-03-15 23:43:45,621 __main__     INFO     ✅ PNCH-0000099 (9/50) - Done with the copy. There was 0 failed copies and problem_input_dirs:[].
2025-03-15 23:43:45,622 __main__     INFO     ---------- Processing RDNP - NLP 0000100 (10/50) ----------
2025-03-15 23:43:46,257 __main__     INFO     RDNP-0000100 — Processing year 1850.
2025-03-15 23:48:32,197 __main__     INFO     RDNP-0000100 — Processing year 1851.
2025-03-15 23:59:09,958 __main__     INFO     ✅ RDNP-0000100 (10/50) - Done with the copy. There was 0 failed copies and problem_input_dirs:[].
2025-03-15 23:59:09,959 __main__     INFO     ---------- Processing RDNP - NLP 0000101 (11/50) ----------
2025-03-15 23:59:10,351 __main__     INFO     RDNP-0000101 — Processing year 1860.
2025-03-16 00:09:22,280 __main__     INFO     RDNP-0000101 — Processing year 1898.
2025-03-16 00:15:41,568 __main__     INFO     RDNP-0000101 — Processing year 1885.
2025-03-16 00:21:21,078 __main__     INFO     RDNP-0000101 — Processing year 1899.
2025-03-16 00:27:27,810 __main__     INFO     RDNP-0000101 — Processing year 1867.
2025-03-16 00:32:49,653 __main__     INFO     RDNP-0000101 — Processing year 1870.
2025-03-16 00:38:22,255 __main__     INFO     RDNP-0000101 — Processing year 1874.
2025-03-16 00:43:30,208 __main__     INFO     RDNP-0000101 — Processing year 1878.
2025-03-16 00:49:06,193 __main__     INFO     RDNP-0000101 — Processing year 1880.
2025-03-16 00:54:53,639 __main__     INFO     RDNP-0000101 — Processing year 1892.
2025-03-16 01:01:30,453 __main__     INFO     RDNP-0000101 — Processing year 1856.
2025-03-16 01:13:05,034 __main__     INFO     RDNP-0000101 — Processing year 1895.
2025-03-16 01:19:25,796 __main__     INFO     RDNP-0000101 — Processing year 1882.
2025-03-16 01:24:39,063 __main__     INFO     RDNP-0000101 — Processing year 1900.
2025-03-16 01:31:12,961 __main__     INFO     RDNP-0000101 — Processing year 1877.
2025-03-16 01:36:38,882 __main__     INFO     RDNP-0000101 — Processing year 1869.
2025-03-16 01:41:49,216 __main__     INFO     RDNP-0000101 — Processing year 1887.
2025-03-16 01:47:46,509 __main__     INFO     RDNP-0000101 — Processing year 1859.
2025-03-16 01:56:43,355 __main__     INFO     RDNP-0000101 — Processing year 1873.
2025-03-16 02:01:40,869 __main__     INFO     RDNP-0000101 — Processing year 1865.
2025-03-16 02:06:57,261 __main__     INFO     RDNP-0000101 — Processing year 1858.
2025-03-16 02:16:39,975 __main__     INFO     RDNP-0000101 — Processing year 1862.
2025-03-16 02:22:08,462 __main__     INFO     RDNP-0000101 — Processing year 1889.
2025-03-16 02:28:11,509 __main__     INFO     RDNP-0000101 — Processing year 1853.
2025-03-16 02:37:18,811 __main__     INFO     RDNP-0000101 — Processing year 1866.
2025-03-16 02:42:39,371 __main__     INFO     RDNP-0000101 — Processing year 1893.
2025-03-16 02:47:57,942 __main__     INFO     RDNP-0000101 — Processing year 1888.
2025-03-16 02:53:35,545 __main__     INFO     RDNP-0000101 — Processing year 1883.
2025-03-16 02:58:58,428 __main__     INFO     RDNP-0000101 — Processing year 1884.
2025-03-16 03:04:12,906 __main__     INFO     RDNP-0000101 — Processing year 1896.
2025-03-16 03:09:23,132 __main__     INFO     RDNP-0000101 — Processing year 1890.
2025-03-16 03:14:51,327 __main__     INFO     RDNP-0000101 — Processing year 1872.
2025-03-16 03:19:44,752 __main__     INFO     RDNP-0000101 — Processing year 1861.
2025-03-16 03:27:40,363 __main__     INFO     RDNP-0000101 — Processing year 1868.
2025-03-16 03:32:17,798 __main__     INFO     RDNP-0000101 — Processing year 1864.
2025-03-16 03:37:40,421 __main__     INFO     RDNP-0000101 — Processing year 1891.
2025-03-16 03:43:21,002 __main__     INFO     RDNP-0000101 — Processing year 1854.
2025-03-16 03:53:04,577 __main__     INFO     RDNP-0000101 — Processing year 1871.
2025-03-16 03:58:16,502 __main__     INFO     RDNP-0000101 — Processing year 1894.
2025-03-16 04:05:24,138 __main__     INFO     RDNP-0000101 — Processing year 1855.
2025-03-16 04:15:19,212 __main__     INFO     RDNP-0000101 — Processing year 1879.
2025-03-16 04:21:00,825 __main__     INFO     RDNP-0000101 — Processing year 1876.
2025-03-16 04:27:05,545 __main__     INFO     RDNP-0000101 — Processing year 1875.
2025-03-16 04:32:41,943 __main__     INFO     RDNP-0000101 — Processing year 1852.
2025-03-16 04:42:55,596 __main__     INFO     RDNP-0000101 — Processing year 1863.
2025-03-16 04:48:06,788 __main__     INFO     RDNP-0000101 — Processing year 1886.
2025-03-16 04:53:34,531 __main__     INFO     RDNP-0000101 — Processing year 1897.
2025-03-16 04:59:00,954 __main__     INFO     RDNP-0000101 — Processing year 1857.
2025-03-16 05:07:42,326 __main__     INFO     RDNP-0000101 — Processing year 1881.
2025-03-16 05:13:49,438 __main__     INFO     ✅ RDNP-0000101 (11/50) - Done with the copy. There was 0 failed copies and problem_input_dirs:[].
2025-03-16 05:13:49,439 __main__     INFO     ---------- Processing SNSR - NLP 0000102 (12/50) ----------
2025-03-16 05:13:49,843 __main__     INFO     SNSR-0000102 — Processing year 1840.
2025-03-16 05:17:43,022 __main__     INFO     ✅ SNSR-0000102 (12/50) - Done with the copy. There was 0 failed copies and problem_input_dirs:[].
2025-03-16 05:17:43,022 __main__     INFO     ---------- Processing TEFP - NLP 0000103 (13/50) ----------
2025-03-16 05:17:43,323 __main__     INFO     TEFP-0000103 — Processing year 1860.
2025-03-16 05:22:56,923 __main__     INFO     TEFP-0000103 — Processing year 1814.
2025-03-16 05:25:39,703 __main__     INFO     TEFP-0000103 — Processing year 1898.
2025-03-16 05:31:52,977 __main__     INFO     TEFP-0000103 — Processing year 1811.
2025-03-16 05:35:11,153 __main__     INFO     TEFP-0000103 — Processing year 1813.
2025-03-16 05:38:28,726 __main__     INFO     TEFP-0000103 — Processing year 1885.
2025-03-16 05:45:00,346 __main__     INFO     TEFP-0000103 — Processing year 1810.
2025-03-16 05:48:21,884 __main__     INFO     TEFP-0000103 — Processing year 1899.
2025-03-16 05:54:35,398 __main__     INFO     TEFP-0000103 — Processing year 1806.
2025-03-16 05:57:28,170 __main__     INFO     TEFP-0000103 — Processing year 1808.
2025-03-16 06:00:57,602 __main__     INFO     TEFP-0000103 — Processing year 1824.
2025-03-16 06:04:39,300 __main__     INFO     TEFP-0000103 — Processing year 1837.
2025-03-16 06:07:51,929 __main__     INFO     TEFP-0000103 — Processing year 1870.
2025-03-16 06:13:20,170 __main__     INFO     TEFP-0000103 — Processing year 1807.
2025-03-16 06:16:31,540 __main__     INFO     TEFP-0000103 — Processing year 1800.
2025-03-16 06:19:07,690 __main__     INFO     TEFP-0000103 — Processing year 1842.
2025-03-16 06:22:43,668 __main__     INFO     TEFP-0000103 — Processing year 1874.
2025-03-16 06:28:56,226 __main__     INFO     TEFP-0000103 — Processing year 1878.
2025-03-16 06:35:23,080 __main__     INFO     TEFP-0000103 — Processing year 1823.
2025-03-16 06:38:43,576 __main__     INFO     TEFP-0000103 — Processing year 1844.
2025-03-16 06:42:11,922 __main__     INFO     TEFP-0000103 — Processing year 1880.
2025-03-16 06:47:59,862 __main__     INFO     TEFP-0000103 — Processing year 1892.
2025-03-16 06:54:28,389 __main__     INFO     TEFP-0000103 — Processing year 1856.
2025-03-16 07:00:45,627 __main__     INFO     TEFP-0000103 — Processing year 1895.
2025-03-16 07:05:41,438 __main__     INFO     TEFP-0000103 — Processing year 1882.
2025-03-16 07:10:39,775 __main__     INFO     TEFP-0000103 — Processing year 1900.
2025-03-16 07:15:50,285 __main__     INFO     TEFP-0000103 — Processing year 1832.
2025-03-16 07:17:23,670 __main__     INFO     TEFP-0000103 — Processing year 1846.
2025-03-16 07:20:39,342 __main__     INFO     TEFP-0000103 — Processing year 1850.
2025-03-16 07:26:11,753 __main__     INFO     TEFP-0000103 — Processing year 1833.
2025-03-16 07:29:08,949 __main__     INFO     TEFP-0000103 — Processing year 1877.
2025-03-16 07:34:26,454 __main__     INFO     TEFP-0000103 — Processing year 1849.
2025-03-16 07:39:34,444 __main__     INFO     TEFP-0000103 — Processing year 1840.
2025-03-16 07:42:40,833 __main__     INFO     TEFP-0000103 — Processing year 1869.
2025-03-16 07:48:19,372 __main__     INFO     TEFP-0000103 — Processing year 1821.
2025-03-16 07:51:26,609 __main__     INFO     TEFP-0000103 — Processing year 1809.
2025-03-16 07:54:25,787 __main__     INFO     TEFP-0000103 — Processing year 1817.
2025-03-16 07:57:01,415 __main__     INFO     TEFP-0000103 — Processing year 1859.
2025-03-16 08:02:07,485 __main__     INFO     TEFP-0000103 — Processing year 1835.
2025-03-16 08:05:18,298 __main__     INFO     TEFP-0000103 — Processing year 1873.
2025-03-16 08:10:39,343 __main__     INFO     TEFP-0000103 — Processing year 1865.
2025-03-16 08:15:50,850 __main__     INFO     TEFP-0000103 — Processing year 1858.
2025-03-16 08:21:19,178 __main__     INFO     TEFP-0000103 — Processing year 1862.
2025-03-16 08:26:41,513 __main__     INFO     TEFP-0000103 — Processing year 1819.
2025-03-16 08:29:28,592 __main__     INFO     TEFP-0000103 — Processing year 1843.
2025-03-16 08:32:20,598 __main__     INFO     TEFP-0000103 — Processing year 1889.
2025-03-16 08:50:07,648 __main__     INFO     TEFP-0000103 — Processing year 1805.
2025-03-16 08:52:23,097 __main__     INFO     TEFP-0000103 — Processing year 1853.
2025-03-16 08:57:28,473 __main__     INFO     TEFP-0000103 — Processing year 1804.
2025-03-16 09:00:00,025 __main__     INFO     TEFP-0000103 — Processing year 1866.
2025-03-16 09:00:26,348 __main__     INFO     TEFP-0000103 — Processing year 1893.
2025-03-16 09:05:39,098 __main__     INFO     TEFP-0000103 — Processing year 1839.
2025-03-16 09:07:59,545 __main__     INFO     TEFP-0000103 — Processing year 1826.
2025-03-16 09:10:56,137 __main__     INFO     TEFP-0000103 — Processing year 1847.
2025-03-16 09:14:09,176 __main__     INFO     TEFP-0000103 — Processing year 1841.
2025-03-16 09:16:56,300 __main__     INFO     TEFP-0000103 — Processing year 1801.
2025-03-16 09:19:47,589 __main__     INFO     TEFP-0000103 — Processing year 1883.
2025-03-16 09:24:59,024 __main__     INFO     TEFP-0000103 — Processing year 1884.
2025-03-16 09:30:40,393 __main__     INFO     TEFP-0000103 — Processing year 1831.
2025-03-16 09:32:31,077 __main__     INFO     TEFP-0000103 — Processing year 1827.
2025-03-16 09:35:19,283 __main__     INFO     TEFP-0000103 — Processing year 1896.
2025-03-16 09:40:53,335 __main__     INFO     TEFP-0000103 — Processing year 1890.
2025-03-16 09:46:33,431 __main__     INFO     TEFP-0000103 — Processing year 1872.
2025-03-16 09:52:41,171 __main__     INFO     TEFP-0000103 — Processing year 1815.
2025-03-16 09:55:39,835 __main__     INFO     TEFP-0000103 — Processing year 1861.
2025-03-16 10:00:52,853 __main__     INFO     TEFP-0000103 — Processing year 1828.
2025-03-16 10:03:34,178 __main__     INFO     TEFP-0000103 — Processing year 1803.
2025-03-16 10:06:38,230 __main__     INFO     TEFP-0000103 — Processing year 1864.
2025-03-16 10:12:20,469 __main__     INFO     TEFP-0000103 — Processing year 1891.
2025-03-16 10:17:41,948 __main__     INFO     TEFP-0000103 — Processing year 1830.
2025-03-16 10:20:29,512 __main__     INFO     TEFP-0000103 — Processing year 1851.
2025-03-16 10:26:10,628 __main__     INFO     TEFP-0000103 — Processing year 1845.
2025-03-16 10:29:24,582 __main__     INFO     TEFP-0000103 — Processing year 1854.
2025-03-16 10:35:13,286 __main__     INFO     TEFP-0000103 — Processing year 1825.
2025-03-16 10:38:22,956 __main__     INFO     TEFP-0000103 — Processing year 1871.
2025-03-16 10:43:58,788 __main__     INFO     TEFP-0000103 — Processing year 1894.
2025-03-16 10:48:32,083 __main__     INFO     TEFP-0000103 — Processing year 1855.
2025-03-16 10:54:10,563 __main__     INFO     TEFP-0000103 — Processing year 1820.
2025-03-16 10:57:14,971 __main__     INFO     TEFP-0000103 — Processing year 1812.
2025-03-16 11:00:19,268 __main__     INFO     TEFP-0000103 — Processing year 1879.
2025-03-16 11:06:14,127 __main__     INFO     TEFP-0000103 — Processing year 1822.
2025-03-16 11:09:30,885 __main__     INFO     TEFP-0000103 — Processing year 1802.
2025-03-16 11:12:10,410 __main__     INFO     TEFP-0000103 — Processing year 1834.
2025-03-16 11:15:05,799 __main__     INFO     TEFP-0000103 — Processing year 1836.
2025-03-16 11:17:43,539 __main__     INFO     TEFP-0000103 — Processing year 1818.
2025-03-16 11:20:18,679 __main__     INFO     TEFP-0000103 — Processing year 1876.
2025-03-16 11:25:42,993 __main__     INFO     TEFP-0000103 — Processing year 1875.
2025-03-16 11:32:04,983 __main__     INFO     TEFP-0000103 — Processing year 1852.
2025-03-16 11:39:09,022 __main__     INFO     TEFP-0000103 — Processing year 1863.
2025-03-16 11:45:30,871 __main__     INFO     TEFP-0000103 — Processing year 1848.
2025-03-16 11:49:24,087 __main__     INFO     TEFP-0000103 — Processing year 1829.
2025-03-16 11:52:01,993 __main__     INFO     TEFP-0000103 — Processing year 1897.
2025-03-16 12:16:13,807 __main__     INFO     TEFP-0000103 — Processing year 1838.
2025-03-16 12:20:07,191 __main__     INFO     TEFP-0000103 — Processing year 1816.
2025-03-16 12:23:19,363 __main__     INFO     TEFP-0000103 — Processing year 1857.
2025-03-16 12:28:28,592 __main__     INFO     TEFP-0000103 — Processing year 1881.
2025-03-16 12:33:35,620 __main__     INFO     ✅ TEFP-0000103 (13/50) - Done with the copy. There was 0 failed copies and problem_input_dirs:[].
2025-03-16 12:33:35,621 __main__     INFO     ---------- Processing WMCF - NLP 0000104 (14/50) ----------
2025-03-16 12:33:36,054 __main__     INFO     WMCF-0000104 — Processing year 1898.
2025-03-16 12:50:51,834 __main__     INFO     WMCF-0000104 — Processing year 1885.
2025-03-16 13:13:08,071 __main__     INFO     WMCF-0000104 — Processing year 1899.
2025-03-16 13:55:40,217 __main__     INFO     WMCF-0000104 — Processing year 1870.
2025-03-16 14:14:24,751 __main__     INFO     WMCF-0000104 — Processing year 1874.
2025-03-16 14:47:18,027 __main__     INFO     WMCF-0000104 — Processing year 1878.
2025-03-16 15:07:30,024 __main__     INFO     WMCF-0000104 — Processing year 1880.
2025-03-16 15:30:43,877 __main__     INFO     WMCF-0000104 — Processing year 1892.
2025-03-16 16:06:21,910 __main__     INFO     WMCF-0000104 — Processing year 1895.
2025-03-16 16:38:57,630 __main__     INFO     WMCF-0000104 — Processing year 1882.
2025-03-16 17:00:51,653 __main__     INFO     WMCF-0000104 — Processing year 1900.
2025-03-16 17:36:37,530 __main__     INFO     WMCF-0000104 — Processing year 1877.
2025-03-16 17:58:43,245 __main__     INFO     WMCF-0000104 — Processing year 1869.
2025-03-16 18:11:24,589 __main__     INFO     WMCF-0000104 — Processing year 1887.
2025-03-16 18:31:36,648 __main__     INFO     WMCF-0000104 — Processing year 1873.
2025-03-16 18:47:58,040 __main__     INFO     WMCF-0000104 — Processing year 1889.
2025-03-16 19:13:00,250 __main__     INFO     WMCF-0000104 — Processing year 1893.
2025-03-16 19:46:53,823 __main__     INFO     WMCF-0000104 — Processing year 1888.
2025-03-16 20:11:00,604 __main__     INFO     WMCF-0000104 — Processing year 1883.
2025-03-16 20:28:59,616 __main__     INFO     WMCF-0000104 — Processing year 1884.
2025-03-16 20:46:24,315 __main__     INFO     WMCF-0000104 — Processing year 1890.
2025-03-16 21:14:44,563 __main__     INFO     WMCF-0000104 — Processing year 1891.
2025-03-16 21:44:22,454 __main__     INFO     WMCF-0000104 — Processing year 1871.
2025-03-16 22:01:22,615 __main__     INFO     WMCF-0000104 — Processing year 1894.
2025-03-16 22:30:44,425 __main__     INFO     WMCF-0000104 — Processing year 1879.
2025-03-16 22:48:22,714 __main__     INFO     WMCF-0000104 — Processing year 1876.
2025-03-16 23:00:07,350 __main__     INFO     WMCF-0000104 — Processing year 1875.
2025-03-16 23:12:57,668 __main__     INFO     WMCF-0000104 — Processing year 1886.
2025-03-16 23:30:39,426 __main__     INFO     WMCF-0000104 — Processing year 1897.
2025-03-16 23:47:31,812 __main__     INFO     WMCF-0000104 — Processing year 1881.
2025-03-17 00:03:41,157 __main__     INFO     ✅ WMCF-0000104 (14/50) - Done with the copy. There was 0 failed copies and problem_input_dirs:[].
2025-03-17 00:03:41,158 __main__     INFO     ---------- Processing WOJL - NLP 0000150 (15/50) ----------
2025-03-17 00:03:41,693 __main__     INFO     WOJL-0000150 — Processing year 1885.
2025-03-17 00:08:49,357 __main__     INFO     WOJL-0000150 — Processing year 1867.
2025-03-17 00:18:43,887 __main__     INFO     WOJL-0000150 — Processing year 1824.
2025-03-17 00:23:10,123 __main__     INFO     WOJL-0000150 — Processing year 1837.
2025-03-17 00:27:17,507 __main__     INFO     WOJL-0000150 — Processing year 1842.
2025-03-17 00:29:45,096 __main__     INFO     WOJL-0000150 — Processing year 1874.
2025-03-17 00:34:10,988 __main__     INFO     WOJL-0000150 — Processing year 1878.
2025-03-17 00:38:51,383 __main__     INFO     WOJL-0000150 — Processing year 1823.
2025-03-17 00:42:50,317 __main__     INFO     WOJL-0000150 — Processing year 1844.
2025-03-17 00:45:27,860 __main__     INFO     WOJL-0000150 — Processing year 1892.
2025-03-17 00:50:44,083 __main__     INFO     WOJL-0000150 — Processing year 1856.
2025-03-17 00:57:24,877 __main__     INFO     WOJL-0000150 — Processing year 1895.
2025-03-17 01:02:53,312 __main__     INFO     WOJL-0000150 — Processing year 1882.
2025-03-17 01:07:43,142 __main__     INFO     WOJL-0000150 — Processing year 1832.
2025-03-17 01:09:43,435 __main__     INFO     WOJL-0000150 — Processing year 1846.
2025-03-17 01:12:12,298 __main__     INFO     WOJL-0000150 — Processing year 1833.
2025-03-17 01:14:31,046 __main__     INFO     WOJL-0000150 — Processing year 1877.
2025-03-17 01:19:18,968 __main__     INFO     WOJL-0000150 — Processing year 1849.
2025-03-17 01:23:53,106 __main__     INFO     WOJL-0000150 — Processing year 1869.
2025-03-17 01:29:48,155 __main__     INFO     WOJL-0000150 — Processing year 1887.
2025-03-17 01:35:41,349 __main__     INFO     WOJL-0000150 — Processing year 1859.
2025-03-17 01:43:40,571 __main__     INFO     WOJL-0000150 — Processing year 1835.
2025-03-17 01:46:08,619 __main__     INFO     WOJL-0000150 — Processing year 1873.
2025-03-17 01:51:32,332 __main__     INFO     WOJL-0000150 — Processing year 1865.
2025-03-17 02:00:49,291 __main__     INFO     WOJL-0000150 — Processing year 1858.
2025-03-17 02:09:12,055 __main__     INFO     WOJL-0000150 — Processing year 1862.
2025-03-17 02:20:46,275 __main__     INFO     WOJL-0000150 — Processing year 1843.
2025-03-17 02:24:10,713 __main__     INFO     WOJL-0000150 — Processing year 1889.
2025-03-17 02:31:37,964 __main__     INFO     WOJL-0000150 — Processing year 1853.
2025-03-17 02:36:44,987 __main__     INFO     WOJL-0000150 — Processing year 1866.
2025-03-17 02:47:16,121 __main__     INFO     WOJL-0000150 — Processing year 1826.
2025-03-17 02:51:59,561 __main__     INFO     WOJL-0000150 — Processing year 1847.
2025-03-17 02:57:14,418 __main__     INFO     WOJL-0000150 — Processing year 1841.
2025-03-17 03:02:19,687 __main__     INFO     WOJL-0000150 — Processing year 1883.
2025-03-17 03:07:49,131 __main__     INFO     WOJL-0000150 — Processing year 1884.
2025-03-17 03:13:50,287 __main__     INFO     WOJL-0000150 — Processing year 1831.
2025-03-17 03:16:28,429 __main__     INFO     WOJL-0000150 — Processing year 1827.
2025-03-17 03:21:15,541 __main__     INFO     WOJL-0000150 — Processing year 1896.
2025-03-17 03:32:32,706 __main__     INFO     WOJL-0000150 — Processing year 1872.
2025-03-17 03:38:28,754 __main__     INFO     WOJL-0000150 — Processing year 1861.
2025-03-17 03:48:41,447 __main__     INFO     WOJL-0000150 — Processing year 1828.
2025-03-17 03:53:14,338 __main__     INFO     WOJL-0000150 — Processing year 1868.
2025-03-17 03:59:23,532 __main__     INFO     WOJL-0000150 — Processing year 1891.
2025-03-17 04:05:34,701 __main__     INFO     WOJL-0000150 — Processing year 1845.
2025-03-17 04:08:36,568 __main__     INFO     WOJL-0000150 — Processing year 1854.
2025-03-17 04:19:22,001 __main__     INFO     WOJL-0000150 — Processing year 1825.
2025-03-17 04:24:08,432 __main__     INFO     WOJL-0000150 — Processing year 1894.
2025-03-17 04:30:07,257 __main__     INFO     WOJL-0000150 — Processing year 1855.
2025-03-17 04:36:16,521 __main__     INFO     WOJL-0000150 — Processing year 1879.
2025-03-17 04:44:49,172 __main__     INFO     WOJL-0000150 — Processing year 1822.
2025-03-17 04:49:41,505 __main__     INFO     WOJL-0000150 — Processing year 1834.
2025-03-17 04:52:58,354 __main__     INFO     WOJL-0000150 — Processing year 1836.
2025-03-17 04:56:02,647 __main__     INFO     WOJL-0000150 — Processing year 1876.
2025-03-17 05:03:05,609 __main__     INFO     WOJL-0000150 — Processing year 1875.
2025-03-17 05:09:04,564 __main__     INFO     WOJL-0000150 — Processing year 1852.
2025-03-17 05:12:44,517 __main__     INFO     WOJL-0000150 — Processing year 1863.
2025-03-17 05:23:33,908 __main__     INFO     WOJL-0000150 — Processing year 1848.
2025-03-17 05:28:46,456 __main__     INFO     WOJL-0000150 — Processing year 1886.
2025-03-17 05:34:40,137 __main__     INFO     WOJL-0000150 — Processing year 1838.
2025-03-17 05:39:20,768 __main__     INFO     WOJL-0000150 — Processing year 1857.
2025-03-17 05:47:50,456 __main__     INFO     WOJL-0000150 — Processing year 1881.
2025-03-17 05:53:53,625 __main__     INFO     ✅ WOJL-0000150 (15/50) - Done with the copy. There was 0 failed copies and problem_input_dirs:[].
2025-03-17 05:53:53,625 __main__     INFO     ---------- Processing BLSD - NLP 0000151 (16/50) ----------
2025-03-17 05:53:54,154 __main__     INFO     BLSD-0000151 — Processing year 1860.
2025-03-17 05:58:17,887 __main__     INFO     BLSD-0000151 — Processing year 1867.
2025-03-17 06:02:41,500 __main__     INFO     BLSD-0000151 — Processing year 1837.
2025-03-17 06:03:00,322 __main__     WARNING  /mnt/impresso_images_BL/BLSD/0000151/1837/01/11 - No files to copy in source dir: source_dir_files=['BLSD-1837-01-11.xml', 'BLSD-1837-01-11-0004.xml', 'BLSD-1837-01-11_mets.xml'], src_files_to_copy=[]!
2025-03-17 06:03:00,323 __main__     INFO     BLSD-0000151-1837-01-11 — Skipping: no files to copy issue contents of /mnt/project_impresso/original/BL_old/0000151/1837/0111 already exist in /mnt/impresso_images_BL/BLSD/0000151/1837/01/11:

2025-03-17 06:03:00,416 __main__     ERROR    BLSD-0000151: There was an exception when processing this NLP!! Exception: [Errno 2] No such file or directory: '/mnt/impresso_images_BL/BLSD/0000151/1837/01/11'
2025-03-17 06:03:00,416 __main__     INFO     ✅ BLSD-0000151 (16/50) - Done with the copy. There was 0 failed copies and problem_input_dirs:[].
2025-03-17 06:03:00,417 __main__     INFO     ---------- Processing BLSD - NLP 0000152 (17/50) ----------
2025-03-17 06:03:00,629 __main__     INFO     BLSD-0000152 — Processing year 1878.
2025-03-17 06:09:49,069 __main__     INFO     BLSD-0000152 — Processing year 1880.
2025-03-17 06:16:36,241 __main__     INFO     BLSD-0000152 — Processing year 1882.
2025-03-17 06:25:01,229 __main__     INFO     BLSD-0000152 — Processing year 1877.
2025-03-17 06:34:52,937 __main__     INFO     BLSD-0000152 — Processing year 1887.
2025-03-17 06:43:22,360 __main__     INFO     BLSD-0000152 — Processing year 1888.
2025-03-17 06:49:47,580 __main__     INFO     BLSD-0000152 — Processing year 1884.
2025-03-17 06:52:25,916 __main__     INFO     BLSD-0000152 — Processing year 1879.
2025-03-17 06:59:31,577 __main__     INFO     BLSD-0000152 — Processing year 1886.
2025-03-17 07:08:13,237 __main__     INFO     BLSD-0000152 — Processing year 1881.
2025-03-17 07:16:11,822 __main__     INFO     ✅ BLSD-0000152 (17/50) - Done with the copy. There was 0 failed copies and problem_input_dirs:[].
2025-03-17 07:16:11,823 __main__     INFO     ---------- Processing BLSD - NLP 0000153 (18/50) ----------
2025-03-17 07:16:12,025 __main__     INFO     BLSD-0000153 — Processing year 1892.
2025-03-17 07:25:44,930 __main__     INFO     BLSD-0000153 — Processing year 1889.
2025-03-17 07:35:25,638 __main__     INFO     BLSD-0000153 — Processing year 1893.
2025-03-17 07:44:46,854 __main__     INFO     BLSD-0000153 — Processing year 1890.
2025-03-17 07:53:12,572 __main__     INFO     BLSD-0000153 — Processing year 1891.
2025-03-17 08:02:35,593 __main__     INFO     ✅ BLSD-0000153 (18/50) - Done with the copy. There was 0 failed copies and problem_input_dirs:[].
2025-03-17 08:02:35,593 __main__     INFO     ---------- Processing BLSD - NLP 0000154 (19/50) ----------
2025-03-17 08:02:35,835 __main__     INFO     BLSD-0000154 — Processing year 1898.
2025-03-17 08:12:17,195 __main__     INFO     BLSD-0000154 — Processing year 1899.
2025-03-17 08:21:20,082 __main__     INFO     BLSD-0000154 — Processing year 1895.
2025-03-17 08:30:18,487 __main__     INFO     BLSD-0000154 — Processing year 1900.
2025-03-17 08:43:01,149 __main__     INFO     BLSD-0000154 — Processing year 1894.
2025-03-17 08:51:17,593 __main__     INFO     ✅ BLSD-0000154 (19/50) - Done with the copy. There was 0 failed copies and problem_input_dirs:[].
2025-03-17 08:51:17,594 __main__     INFO     ---------- Processing BROR - NLP 0000155 (20/50) ----------
2025-03-17 08:51:18,223 __main__     INFO     BROR-0000155 — Processing year 1860.
2025-03-17 08:57:16,119 __main__     INFO     BROR-0000155 — Processing year 1837.
2025-03-17 09:05:26,487 __main__     INFO     BROR-0000155 — Processing year 1870.
2025-03-17 09:35:50,650 __main__     INFO     BROR-0000155 — Processing year 1842.
2025-03-17 09:41:36,605 __main__     INFO     BROR-0000155 — Processing year 1874.
2025-03-17 10:11:11,023 __main__     INFO     BROR-0000155 — Processing year 1844.
2025-03-17 10:17:26,464 __main__     INFO     BROR-0000155 — Processing year 1856.
2025-03-17 10:24:58,914 __main__     INFO     BROR-0000155 — Processing year 1846.
2025-03-17 10:31:09,741 __main__     INFO     BROR-0000155 — Processing year 1850.
2025-03-17 10:37:30,763 __main__     INFO     BROR-0000155 — Processing year 1849.
2025-03-17 10:43:44,048 __main__     INFO     BROR-0000155 — Processing year 1840.
2025-03-17 10:48:28,902 __main__     INFO     BROR-0000155 — Processing year 1869.
2025-03-17 11:25:38,351 __main__     INFO     BROR-0000155 — Processing year 1859.
2025-03-17 11:32:23,764 __main__     INFO     BROR-0000155 — Processing year 1873.
2025-03-17 12:03:14,517 __main__     INFO     BROR-0000155 — Processing year 1865.
2025-03-17 12:11:56,655 __main__     INFO     BROR-0000155 — Processing year 1858.
2025-03-17 12:18:54,302 __main__     INFO     BROR-0000155 — Processing year 1862.
2025-03-17 12:27:54,973 __main__     INFO     BROR-0000155 — Processing year 1843.
2025-03-17 12:34:21,696 __main__     INFO     BROR-0000155 — Processing year 1853.
2025-03-17 12:40:37,244 __main__     INFO     BROR-0000155 — Processing year 1866.
2025-03-17 12:49:21,093 __main__     INFO     BROR-0000155 — Processing year 1839.
2025-03-17 12:53:14,512 __main__     INFO     BROR-0000155 — Processing year 1847.
2025-03-17 12:59:29,264 __main__     INFO     BROR-0000155 — Processing year 1841.
2025-03-17 13:03:21,784 __main__     INFO     BROR-0000155 — Processing year 1861.
2025-03-17 13:09:09,460 __main__     INFO     BROR-0000155 — Processing year 1868.
2025-03-17 13:24:03,054 __main__     INFO     BROR-0000155 — Processing year 1864.
2025-03-17 13:30:56,064 __main__     INFO     BROR-0000155 — Processing year 1845.
2025-03-17 13:36:45,510 __main__     INFO     BROR-0000155 — Processing year 1854.
2025-03-17 13:43:38,483 __main__     INFO     BROR-0000155 — Processing year 1871.
2025-03-17 13:56:23,233 __main__     INFO     BROR-0000155 — Processing year 1855.
2025-03-17 14:04:34,936 __main__     INFO     BROR-0000155 — Processing year 1834.
2025-03-17 14:09:52,159 __main__     INFO     BROR-0000155 — Processing year 1875.
2025-03-17 14:42:31,026 __main__     INFO     BROR-0000155 — Processing year 1852.
2025-03-17 14:48:37,240 __main__     INFO     BROR-0000155 — Processing year 1863.
2025-03-17 14:58:02,585 __main__     INFO     BROR-0000155 — Processing year 1848.
2025-03-17 15:04:08,323 __main__     INFO     BROR-0000155 — Processing year 1838.
2025-03-17 15:08:41,221 __main__     INFO     BROR-0000155 — Processing year 1857.
2025-03-17 15:14:11,582 __main__     INFO     ✅ BROR-0000155 (20/50) - Done with the copy. There was 0 failed copies and problem_input_dirs:[].
2025-03-17 15:14:11,583 __main__     INFO     ---------- Processing BNPT - NLP 0000156 (21/50) ----------
2025-03-17 15:14:12,206 __main__     INFO     BNPT-0000156 — Processing year 1860.
2025-03-17 15:19:36,383 __main__     INFO     BNPT-0000156 — Processing year 1814.
2025-03-17 15:22:04,306 __main__     INFO     BNPT-0000156 — Processing year 1898.
2025-03-17 15:30:19,623 __main__     INFO     BNPT-0000156 — Processing year 1811.
2025-03-17 15:33:12,712 __main__     INFO     BNPT-0000156 — Processing year 1813.
2025-03-17 15:36:07,914 __main__     INFO     BNPT-0000156 — Processing year 1885.
2025-03-17 15:45:04,824 __main__     INFO     BNPT-0000156 — Processing year 1810.
2025-03-17 15:47:50,919 __main__     INFO     BNPT-0000156 — Processing year 1899.
2025-03-17 15:54:37,699 __main__     INFO     BNPT-0000156 — Processing year 1806.
2025-03-17 15:57:47,099 __main__     INFO     BNPT-0000156 — Processing year 1867.
2025-03-17 16:05:38,819 __main__     INFO     BNPT-0000156 — Processing year 1808.
2025-03-17 16:08:36,037 __main__     INFO     BNPT-0000156 — Processing year 1824.
2025-03-17 16:11:29,985 __main__     INFO     BNPT-0000156 — Processing year 1837.
2025-03-17 16:14:34,982 __main__     INFO     BNPT-0000156 — Processing year 1870.
2025-03-17 16:24:58,434 __main__     INFO     BNPT-0000156 — Processing year 1807.
2025-03-17 16:28:04,545 __main__     INFO     BNPT-0000156 — Processing year 1842.
2025-03-17 16:32:43,084 __main__     INFO     BNPT-0000156 — Processing year 1874.
2025-03-17 16:41:10,168 __main__     INFO     BNPT-0000156 — Processing year 1878.
2025-03-17 16:49:00,218 __main__     INFO     BNPT-0000156 — Processing year 1823.
2025-03-17 16:52:18,114 __main__     INFO     BNPT-0000156 — Processing year 1844.
2025-03-17 16:56:06,011 __main__     INFO     BNPT-0000156 — Processing year 1880.
2025-03-17 17:03:16,324 __main__     INFO     BNPT-0000156 — Processing year 1892.
2025-03-17 17:12:19,404 __main__     INFO     BNPT-0000156 — Processing year 1856.
2025-03-17 17:16:56,113 __main__     INFO     BNPT-0000156 — Processing year 1895.
2025-03-17 17:26:40,590 __main__     INFO     BNPT-0000156 — Processing year 1882.
2025-03-17 17:34:16,304 __main__     INFO     BNPT-0000156 — Processing year 1900.
2025-03-17 17:43:41,323 __main__     INFO     BNPT-0000156 — Processing year 1832.
2025-03-17 17:46:53,650 __main__     INFO     BNPT-0000156 — Processing year 1850.
2025-03-17 17:51:49,145 __main__     INFO     BNPT-0000156 — Processing year 1833.
2025-03-17 17:55:49,208 __main__     INFO     BNPT-0000156 — Processing year 1877.
2025-03-17 18:03:39,714 __main__     INFO     BNPT-0000156 — Processing year 1849.
2025-03-17 18:08:23,811 __main__     INFO     BNPT-0000156 — Processing year 1840.
2025-03-17 18:12:17,712 __main__     INFO     BNPT-0000156 — Processing year 1869.
2025-03-17 18:19:59,786 __main__     INFO     BNPT-0000156 — Processing year 1821.
2025-03-17 18:23:09,357 __main__     INFO     BNPT-0000156 — Processing year 1809.
2025-03-17 18:26:17,590 __main__     INFO     BNPT-0000156 — Processing year 1887.
2025-03-17 18:35:16,353 __main__     INFO     BNPT-0000156 — Processing year 1817.
2025-03-17 18:38:41,762 __main__     INFO     BNPT-0000156 — Processing year 1859.
2025-03-17 18:44:25,692 __main__     INFO     BNPT-0000156 — Processing year 1835.
2025-03-17 18:48:22,750 __main__     INFO     BNPT-0000156 — Processing year 1873.
2025-03-17 18:55:13,053 __main__     INFO     BNPT-0000156 — Processing year 1865.
2025-03-17 19:02:32,010 __main__     INFO     BNPT-0000156 — Processing year 1858.
2025-03-17 19:06:32,255 __main__     INFO     BNPT-0000156 — Processing year 1862.
2025-03-17 19:14:38,631 __main__     INFO     BNPT-0000156 — Processing year 1819.
2025-03-17 19:17:19,269 __main__     INFO     BNPT-0000156 — Processing year 1843.
2025-03-17 19:20:40,985 __main__     INFO     BNPT-0000156 — Processing year 1889.
2025-03-17 19:27:52,083 __main__     INFO     BNPT-0000156 — Processing year 1805.
2025-03-17 19:30:12,738 __main__     INFO     BNPT-0000156 — Processing year 1853.
2025-03-17 19:34:44,313 __main__     INFO     BNPT-0000156 — Processing year 1804.
2025-03-17 19:37:12,080 __main__     INFO     BNPT-0000156 — Processing year 1866.
2025-03-17 19:44:04,306 __main__     INFO     BNPT-0000156 — Processing year 1893.
2025-03-17 19:51:29,964 __main__     INFO     BNPT-0000156 — Processing year 1888.
2025-03-17 20:00:43,551 __main__     INFO     BNPT-0000156 — Processing year 1839.
2025-03-17 20:04:55,891 __main__     INFO     BNPT-0000156 — Processing year 1826.
2025-03-17 20:08:15,786 __main__     INFO     BNPT-0000156 — Processing year 1847.
2025-03-17 20:11:35,902 __main__     INFO     BNPT-0000156 — Processing year 1841.
2025-03-17 20:14:37,685 __main__     INFO     BNPT-0000156 — Processing year 1801.
2025-03-17 20:17:40,365 __main__     INFO     BNPT-0000156 — Processing year 1883.
2025-03-17 20:26:46,332 __main__     INFO     BNPT-0000156 — Processing year 1884.
2025-03-17 20:35:20,826 __main__     INFO     BNPT-0000156 — Processing year 1831.
2025-03-17 20:38:43,520 __main__     INFO     BNPT-0000156 — Processing year 1827.
2025-03-17 20:41:36,525 __main__     INFO     BNPT-0000156 — Processing year 1890.
2025-03-17 20:50:52,089 __main__     INFO     BNPT-0000156 — Processing year 1815.
2025-03-17 20:53:35,696 __main__     INFO     BNPT-0000156 — Processing year 1861.
2025-03-17 20:58:43,199 __main__     INFO     BNPT-0000156 — Processing year 1828.
2025-03-17 21:01:19,576 __main__     INFO     BNPT-0000156 — Processing year 1868.
2025-03-17 21:09:06,256 __main__     INFO     BNPT-0000156 — Processing year 1803.
2025-03-17 21:11:43,202 __main__     INFO     BNPT-0000156 — Processing year 1864.
2025-03-17 21:19:31,287 __main__     INFO     BNPT-0000156 — Processing year 1891.
2025-03-17 21:27:22,428 __main__     INFO     BNPT-0000156 — Processing year 1830.
2025-03-17 21:29:58,660 __main__     INFO     BNPT-0000156 — Processing year 1851.
2025-03-17 21:34:10,919 __main__     INFO     BNPT-0000156 — Processing year 1854.
2025-03-17 21:39:54,542 __main__     INFO     BNPT-0000156 — Processing year 1825.
2025-03-17 21:42:41,356 __main__     INFO     BNPT-0000156 — Processing year 1871.
2025-03-17 21:49:58,343 __main__     INFO     BNPT-0000156 — Processing year 1894.
2025-03-17 21:57:20,052 __main__     INFO     BNPT-0000156 — Processing year 1855.
2025-03-17 22:02:55,925 __main__     INFO     BNPT-0000156 — Processing year 1820.
2025-03-17 22:05:57,517 __main__     INFO     BNPT-0000156 — Processing year 1812.
2025-03-17 22:08:45,822 __main__     INFO     BNPT-0000156 — Processing year 1879.
2025-03-17 22:15:37,605 __main__     INFO     BNPT-0000156 — Processing year 1822.
2025-03-17 22:18:09,707 __main__     INFO     BNPT-0000156 — Processing year 1802.
2025-03-17 22:20:52,906 __main__     INFO     BNPT-0000156 — Processing year 1834.
2025-03-17 22:24:20,451 __main__     INFO     BNPT-0000156 — Processing year 1836.
2025-03-17 22:27:08,460 __main__     INFO     BNPT-0000156 — Processing year 1818.
2025-03-17 22:30:00,785 __main__     INFO     BNPT-0000156 — Processing year 1876.
2025-03-17 22:36:44,596 __main__     INFO     BNPT-0000156 — Processing year 1875.
2025-03-17 22:43:06,735 __main__     INFO     BNPT-0000156 — Processing year 1863.
2025-03-17 22:51:38,621 __main__     INFO     BNPT-0000156 — Processing year 1886.
2025-03-17 23:00:38,735 __main__     INFO     BNPT-0000156 — Processing year 1829.
2025-03-17 23:03:33,932 __main__     INFO     BNPT-0000156 — Processing year 1838.
2025-03-17 23:07:23,924 __main__     INFO     BNPT-0000156 — Processing year 1816.
2025-03-17 23:10:23,905 __main__     INFO     BNPT-0000156 — Processing year 1857.
2025-03-17 23:15:31,670 __main__     INFO     BNPT-0000156 — Processing year 1881.
2025-03-17 23:24:11,167 __main__     INFO     ✅ BNPT-0000156 (21/50) - Done with the copy. There was 0 failed copies and problem_input_dirs:[].
2025-03-17 23:24:11,168 __main__     INFO     ---------- Processing CHOR - NLP 0000157 (22/50) ----------
2025-03-17 23:24:12,043 __main__     INFO     CHOR-0000157 — Processing year 1885.
2025-03-17 23:34:18,982 __main__     INFO     CHOR-0000157 — Processing year 1899.
2025-03-17 23:44:47,747 __main__     INFO     CHOR-0000157 — Processing year 1874.
2025-03-17 23:51:59,375 __main__     INFO     CHOR-0000157 — Processing year 1878.
2025-03-18 00:00:18,242 __main__     INFO     CHOR-0000157 — Processing year 1892.
2025-03-18 00:09:22,431 __main__     INFO     CHOR-0000157 — Processing year 1895.
2025-03-18 00:19:07,590 __main__     INFO     CHOR-0000157 — Processing year 1882.
2025-03-18 00:28:36,685 __main__     INFO     CHOR-0000157 — Processing year 1900.
2025-03-18 00:37:38,824 __main__     INFO     CHOR-0000157 — Processing year 1877.
2025-03-18 00:44:39,687 __main__     INFO     CHOR-0000157 — Processing year 1887.
2025-03-18 00:52:00,284 __main__     INFO     CHOR-0000157 — Processing year 1873.
2025-03-18 00:59:29,694 __main__     INFO     CHOR-0000157 — Processing year 1889.
2025-03-18 01:08:21,028 __main__     INFO     CHOR-0000157 — Processing year 1893.
2025-03-18 01:17:30,314 __main__     INFO     CHOR-0000157 — Processing year 1888.
2025-03-18 01:24:57,553 __main__     INFO     CHOR-0000157 — Processing year 1883.
2025-03-18 01:33:37,961 __main__     INFO     CHOR-0000157 — Processing year 1884.
2025-03-18 01:42:08,478 __main__     INFO     CHOR-0000157 — Processing year 1896.
2025-03-18 01:50:50,221 __main__     INFO     CHOR-0000157 — Processing year 1890.
2025-03-18 01:59:54,847 __main__     INFO     CHOR-0000157 — Processing year 1872.
2025-03-18 02:07:43,564 __main__     INFO     CHOR-0000157 — Processing year 1891.
2025-03-18 02:17:42,515 __main__     INFO     CHOR-0000157 — Processing year 1894.
2025-03-18 02:27:31,522 __main__     INFO     CHOR-0000157 — Processing year 1879.
2025-03-18 02:36:33,037 __main__     INFO     CHOR-0000157 — Processing year 1876.
2025-03-18 02:45:21,514 __main__     INFO     CHOR-0000157 — Processing year 1875.
2025-03-18 02:53:21,645 __main__     INFO     CHOR-0000157 — Processing year 1886.
2025-03-18 03:02:40,839 __main__     INFO     CHOR-0000157 — Processing year 1897.
2025-03-18 03:13:05,895 __main__     INFO     CHOR-0000157 — Processing year 1881.
2025-03-18 03:20:54,703 __main__     INFO     ✅ CHOR-0000157 (22/50) - Done with the copy. There was 0 failed copies and problem_input_dirs:[].
2025-03-18 03:20:54,704 __main__     INFO     ---------- Processing CHOR - NLP 0000158 (23/50) ----------
2025-03-18 03:20:55,099 __main__     INFO     CHOR-0000158 — Processing year 1860.
2025-03-18 03:26:47,254 __main__     INFO     CHOR-0000158 — Processing year 1856.
2025-03-18 03:32:54,146 __main__     INFO     CHOR-0000158 — Processing year 1859.
2025-03-18 03:42:05,393 __main__     INFO     CHOR-0000158 — Processing year 1858.
2025-03-18 03:51:11,352 __main__     INFO     CHOR-0000158 — Processing year 1862.
2025-03-18 03:58:43,709 __main__     INFO     CHOR-0000158 — Processing year 1861.
2025-03-18 04:04:54,927 __main__     INFO     CHOR-0000158 — Processing year 1854.
2025-03-18 04:08:32,000 __main__     INFO     CHOR-0000158 — Processing year 1855.
2025-03-18 04:15:21,760 __main__     INFO     CHOR-0000158 — Processing year 1863.
2025-03-18 04:23:44,225 __main__     INFO     CHOR-0000158 — Processing year 1857.
2025-03-18 04:30:23,669 __main__     INFO     ✅ CHOR-0000158 (23/50) - Done with the copy. There was 0 failed copies and problem_input_dirs:[].
2025-03-18 04:30:23,669 __main__     INFO     ---------- Processing DGMH - NLP 0000159 (24/50) ----------
2025-03-18 04:30:24,200 __main__     INFO     DGMH-0000159 — Processing year 1898.
2025-03-18 05:02:10,304 __main__     INFO     DGMH-0000159 — Processing year 1885.
2025-03-18 05:29:53,937 __main__     INFO     DGMH-0000159 — Processing year 1899.
2025-03-18 06:01:20,529 __main__     INFO     DGMH-0000159 — Processing year 1892.
2025-03-18 06:27:55,179 __main__     INFO     DGMH-0000159 — Processing year 1895.
2025-03-18 06:57:13,438 __main__     INFO     DGMH-0000159 — Processing year 1882.
2025-03-18 07:10:53,042 __main__     INFO     DGMH-0000159 — Processing year 1900.
2025-03-18 07:45:51,871 __main__     INFO     DGMH-0000159 — Processing year 1887.
2025-03-18 08:14:33,558 __main__     INFO     DGMH-0000159 — Processing year 1889.
2025-03-18 08:46:40,954 __main__     INFO     DGMH-0000159 — Processing year 1893.
2025-03-18 09:18:57,197 __main__     INFO     DGMH-0000159 — Processing year 1888.
2025-03-18 09:46:13,720 __main__     INFO     DGMH-0000159 — Processing year 1883.
2025-03-18 10:12:31,852 __main__     INFO     DGMH-0000159 — Processing year 1884.
2025-03-18 10:37:56,879 __main__     INFO     DGMH-0000159 — Processing year 1896.
2025-03-18 11:11:09,670 __main__     INFO     DGMH-0000159 — Processing year 1890.
2025-03-18 11:38:33,420 __main__     INFO     DGMH-0000159 — Processing year 1891.
2025-03-18 12:02:26,218 __main__     INFO     DGMH-0000159 — Processing year 1894.
2025-03-18 12:31:06,240 __main__     INFO     DGMH-0000159 — Processing year 1886.
2025-03-18 12:56:33,038 __main__     INFO     DGMH-0000159 — Processing year 1897.
2025-03-18 13:11:28,207 __main__     INFO     ✅ DGMH-0000159 (24/50) - Done with the copy. There was 0 failed copies and problem_input_dirs:[].
2025-03-18 13:11:28,208 __main__     INFO     ---------- Processing DUCR - NLP 0000160 (25/50) ----------
2025-03-18 13:11:28,376 __main__     INFO     DUCR-0000160 — Processing year 1844.
2025-03-18 13:22:11,358 __main__     INFO     DUCR-0000160 — Processing year 1856.
2025-03-18 13:33:08,729 __main__     INFO     DUCR-0000160 — Processing year 1846.
2025-03-18 13:43:52,016 __main__     INFO     DUCR-0000160 — Processing year 1850.
2025-03-18 13:54:30,685 __main__     INFO     DUCR-0000160 — Processing year 1849.
2025-03-18 14:04:58,831 __main__     INFO     DUCR-0000160 — Processing year 1859.
2025-03-18 14:14:26,060 __main__     INFO     DUCR-0000160 — Processing year 1858.
2025-03-18 14:25:29,816 __main__     INFO     DUCR-0000160 — Processing year 1853.
2025-03-18 14:35:57,117 __main__     INFO     DUCR-0000160 — Processing year 1847.
2025-03-18 14:44:32,075 __main__     INFO     DUCR-0000160 — Processing year 1861.
2025-03-18 15:08:06,380 __main__     INFO     DUCR-0000160 — Processing year 1851.
2025-03-18 15:17:30,567 __main__     INFO     DUCR-0000160 — Processing year 1845.
2025-03-18 15:26:29,109 __main__     INFO     DUCR-0000160 — Processing year 1854.
2025-03-18 15:41:41,153 __main__     INFO     DUCR-0000160 — Processing year 1855.
2025-03-18 15:46:40,248 __main__     INFO     DUCR-0000160 — Processing year 1852.
2025-03-18 15:56:04,860 __main__     INFO     DUCR-0000160 — Processing year 1848.
2025-03-18 16:05:26,993 __main__     INFO     DUCR-0000160 — Processing year 1857.
2025-03-18 16:14:48,264 __main__     INFO     ✅ DUCR-0000160 (25/50) - Done with the copy. There was 0 failed copies and problem_input_dirs:[].
2025-03-18 16:14:48,265 __main__     INFO     ---------- Processing DUCR - NLP 0000161 (26/50) ----------
2025-03-18 16:14:49,289 __main__     INFO     DUCR-0000161 — Processing year 1862.
2025-03-18 16:38:44,230 __main__     INFO     ✅ DUCR-0000161 (26/50) - Done with the copy. There was 0 failed copies and problem_input_dirs:[].
2025-03-18 16:38:44,231 __main__     INFO     ---------- Processing DUCR - NLP 0000162 (27/50) ----------
2025-03-18 16:38:44,780 __main__     INFO     DUCR-0000162 — Processing year 1867.
2025-03-18 17:01:53,582 __main__     INFO     DUCR-0000162 — Processing year 1870.
2025-03-18 17:43:42,775 __main__     INFO     DUCR-0000162 — Processing year 1869.
2025-03-18 18:16:26,694 __main__     INFO     DUCR-0000162 — Processing year 1873.
2025-03-18 19:05:48,852 __main__     INFO     DUCR-0000162 — Processing year 1865.
2025-03-18 19:28:20,128 __main__     INFO     DUCR-0000162 — Processing year 1866.
2025-03-18 20:08:55,737 __main__     INFO     DUCR-0000162 — Processing year 1872.
2025-03-18 20:46:22,642 __main__     INFO     DUCR-0000162 — Processing year 1868.
2025-03-18 21:23:49,212 __main__     INFO     DUCR-0000162 — Processing year 1864.
2025-03-18 22:12:32,106 __main__     INFO     DUCR-0000162 — Processing year 1863.
2025-03-18 22:29:12,719 __main__     INFO     ✅ DUCR-0000162 (27/50) - Done with the copy. There was 0 failed copies and problem_input_dirs:[].
2025-03-18 22:29:12,720 __main__     INFO     ---------- Processing DUCR - NLP 0000164 (28/50) ----------
2025-03-18 22:29:13,210 __main__     INFO     DUCR-0000164 — Processing year 1900.
2025-03-18 23:58:18,939 __main__     INFO     ✅ DUCR-0000164 (28/50) - Done with the copy. There was 0 failed copies and problem_input_dirs:[].
2025-03-18 23:58:18,940 __main__     INFO     ---------- Processing ESSD - NLP 0000165 (29/50) ----------
2025-03-18 23:58:19,335 __main__     INFO     ESSD-0000165 — Processing year 1860.
2025-03-19 00:09:05,480 __main__     INFO     ESSD-0000165 — Processing year 1885.
2025-03-19 00:16:34,748 __main__     INFO     ESSD-0000165 — Processing year 1867.
2025-03-19 00:28:03,969 __main__     INFO     ESSD-0000165 — Processing year 1837.
2025-03-19 00:31:36,390 __main__     INFO     ESSD-0000165 — Processing year 1870.
2025-03-19 00:36:48,734 __main__     INFO     ESSD-0000165 — Processing year 1842.
2025-03-19 00:40:18,717 __main__     INFO     ESSD-0000165 — Processing year 1874.
2025-03-19 00:48:50,068 __main__     INFO     ESSD-0000165 — Processing year 1878.
2025-03-19 00:55:10,559 __main__     INFO     ESSD-0000165 — Processing year 1844.
2025-03-19 00:58:49,663 __main__     INFO     ESSD-0000165 — Processing year 1880.
2025-03-19 01:07:16,102 __main__     INFO     ESSD-0000165 — Processing year 1892.
2025-03-19 01:15:53,900 __main__     INFO     ESSD-0000165 — Processing year 1856.
2025-03-19 01:27:11,182 __main__     INFO     ESSD-0000165 — Processing year 1882.
2025-03-19 01:35:24,675 __main__     INFO     ESSD-0000165 — Processing year 1832.
2025-03-19 01:37:59,216 __main__     INFO     ESSD-0000165 — Processing year 1846.
2025-03-19 01:43:23,373 __main__     INFO     ESSD-0000165 — Processing year 1850.
2025-03-19 01:48:32,182 __main__     INFO     ESSD-0000165 — Processing year 1833.
2025-03-19 01:52:02,309 __main__     INFO     ESSD-0000165 — Processing year 1877.
2025-03-19 02:00:04,624 __main__     INFO     ESSD-0000165 — Processing year 1849.
2025-03-19 02:04:47,786 __main__     INFO     ESSD-0000165 — Processing year 1840.
2025-03-19 02:09:19,456 __main__     INFO     ESSD-0000165 — Processing year 1869.
2025-03-19 02:17:21,872 __main__     INFO     ESSD-0000165 — Processing year 1887.
2025-03-19 02:25:18,971 __main__     INFO     ESSD-0000165 — Processing year 1859.
2025-03-19 02:33:46,616 __main__     INFO     ESSD-0000165 — Processing year 1835.
2025-03-19 02:37:35,953 __main__     INFO     ESSD-0000165 — Processing year 1865.
2025-03-19 02:49:26,241 __main__     INFO     ESSD-0000165 — Processing year 1858.
2025-03-19 03:00:22,331 __main__     INFO     ESSD-0000165 — Processing year 1862.
2025-03-19 03:11:30,689 __main__     INFO     ESSD-0000165 — Processing year 1843.
2025-03-19 03:15:25,096 __main__     INFO     ESSD-0000165 — Processing year 1889.
2025-03-19 03:22:01,435 __main__     INFO     ESSD-0000165 — Processing year 1853.
2025-03-19 03:26:48,740 __main__     INFO     ESSD-0000165 — Processing year 1866.
2025-03-19 03:35:50,873 __main__     INFO     ESSD-0000165 — Processing year 1888.
2025-03-19 03:42:38,902 __main__     INFO     ESSD-0000165 — Processing year 1839.
2025-03-19 03:45:43,647 __main__     INFO     ESSD-0000165 — Processing year 1847.
2025-03-19 03:49:19,381 __main__     INFO     ESSD-0000165 — Processing year 1841.
2025-03-19 03:51:52,100 __main__     INFO     ESSD-0000165 — Processing year 1883.
2025-03-19 03:59:21,062 __main__     INFO     ESSD-0000165 — Processing year 1884.
2025-03-19 04:06:17,832 __main__     INFO     ESSD-0000165 — Processing year 1831.
2025-03-19 04:07:18,637 __main__     INFO     ESSD-0000165 — Processing year 1890.
2025-03-19 04:13:31,694 __main__     INFO     ESSD-0000165 — Processing year 1872.
2025-03-19 04:17:49,742 __main__     INFO     ESSD-0000165 — Processing year 1861.
2025-03-19 04:26:56,050 __main__     INFO     ESSD-0000165 — Processing year 1868.
2025-03-19 04:34:38,313 __main__     INFO     ESSD-0000165 — Processing year 1864.
2025-03-19 04:43:12,316 __main__     INFO     ESSD-0000165 — Processing year 1891.
2025-03-19 04:50:17,212 __main__     INFO     ESSD-0000165 — Processing year 1851.
2025-03-19 04:53:44,555 __main__     INFO     ESSD-0000165 — Processing year 1854.
2025-03-19 05:02:31,191 __main__     INFO     ESSD-0000165 — Processing year 1871.
2025-03-19 05:06:54,245 __main__     INFO     ESSD-0000165 — Processing year 1855.
2025-03-19 05:15:33,643 __main__     INFO     ESSD-0000165 — Processing year 1879.
2025-03-19 05:20:44,205 __main__     INFO     ESSD-0000165 — Processing year 1834.
2025-03-19 05:23:40,460 __main__     INFO     ESSD-0000165 — Processing year 1836.
2025-03-19 05:26:44,011 __main__     INFO     ESSD-0000165 — Processing year 1876.
2025-03-19 05:32:33,470 __main__     INFO     ESSD-0000165 — Processing year 1875.
2025-03-19 05:38:19,103 __main__     INFO     ESSD-0000165 — Processing year 1852.
2025-03-19 05:42:00,596 __main__     INFO     ESSD-0000165 — Processing year 1863.
2025-03-19 05:49:17,449 __main__     INFO     ESSD-0000165 — Processing year 1848.
2025-03-19 05:52:56,505 __main__     INFO     ESSD-0000165 — Processing year 1886.
2025-03-19 05:57:58,254 __main__     INFO     ESSD-0000165 — Processing year 1838.
2025-03-19 06:00:53,371 __main__     INFO     ESSD-0000165 — Processing year 1857.
2025-03-19 06:09:12,747 __main__     INFO     ESSD-0000165 — Processing year 1881.
2025-03-19 06:15:07,210 __main__     INFO     ✅ ESSD-0000165 (29/50) - Done with the copy. There was 0 failed copies and problem_input_dirs:[].
2025-03-19 06:15:07,211 __main__     INFO     ---------- Processing ESSD - NLP 0000166 (30/50) ----------
2025-03-19 06:15:07,490 __main__     INFO     ESSD-0000166 — Processing year 1899.
2025-03-19 06:22:56,040 __main__     INFO     ESSD-0000166 — Processing year 1895.
2025-03-19 06:31:01,279 __main__     INFO     ESSD-0000166 — Processing year 1900.
2025-03-19 06:41:08,060 __main__     INFO     ESSD-0000166 — Processing year 1893.
2025-03-19 06:49:55,363 __main__     INFO     ESSD-0000166 — Processing year 1894.
2025-03-19 06:58:28,905 __main__     INFO     ✅ ESSD-0000166 (30/50) - Done with the copy. There was 0 failed copies and problem_input_dirs:[].
2025-03-19 06:58:28,906 __main__     INFO     ---------- Processing HUCE - NLP 0000167 (31/50) ----------
2025-03-19 06:58:29,456 __main__     INFO     HUCE-0000167 — Processing year 1860.
2025-03-19 07:06:06,438 __main__     INFO     HUCE-0000167 — Processing year 1898.
2025-03-19 07:20:45,098 __main__     INFO     HUCE-0000167 — Processing year 1885.
2025-03-19 07:46:51,374 __main__     INFO     HUCE-0000167 — Processing year 1899.
2025-03-19 08:00:14,504 __main__     INFO     HUCE-0000167 — Processing year 1867.
2025-03-19 08:07:12,201 __main__     INFO     HUCE-0000167 — Processing year 1870.
2025-03-19 08:14:29,890 __main__     INFO     HUCE-0000167 — Processing year 1874.
2025-03-19 08:42:03,750 __main__     INFO     HUCE-0000167 — Processing year 1878.
2025-03-19 08:55:14,340 __main__     INFO     HUCE-0000167 — Processing year 1880.
2025-03-19 09:20:13,418 __main__     INFO     HUCE-0000167 — Processing year 1892.
2025-03-19 09:48:22,284 __main__     INFO     HUCE-0000167 — Processing year 1856.
2025-03-19 09:55:58,413 __main__     INFO     HUCE-0000167 — Processing year 1895.
2025-03-19 10:24:47,004 __main__     INFO     HUCE-0000167 — Processing year 1882.
2025-03-19 10:59:53,354 __main__     INFO     HUCE-0000167 — Processing year 1900.
2025-03-19 11:20:43,934 __main__     INFO     HUCE-0000167 — Processing year 1850.
2025-03-19 11:27:34,918 __main__     INFO     HUCE-0000167 — Processing year 1877.
2025-03-19 12:04:59,401 __main__     INFO     HUCE-0000167 — Processing year 1869.
2025-03-19 12:12:20,390 __main__     INFO     HUCE-0000167 — Processing year 1887.
2025-03-19 12:39:32,842 __main__     INFO     HUCE-0000167 — Processing year 1859.
2025-03-19 12:50:13,275 __main__     INFO     HUCE-0000167 — Processing year 1873.
2025-03-19 13:32:06,709 __main__     INFO     HUCE-0000167 — Processing year 1865.
2025-03-19 13:40:38,942 __main__     INFO     HUCE-0000167 — Processing year 1858.
2025-03-19 13:49:10,271 __main__     INFO     HUCE-0000167 — Processing year 1862.
2025-03-19 13:57:34,851 __main__     INFO     HUCE-0000167 — Processing year 1889.
2025-03-19 14:12:04,047 __main__     INFO     HUCE-0000167 — Processing year 1853.
2025-03-19 14:21:24,035 __main__     INFO     HUCE-0000167 — Processing year 1866.
2025-03-19 14:30:27,387 __main__     INFO     HUCE-0000167 — Processing year 1893.
2025-03-19 14:31:03,034 __main__     ERROR    HUCE-0000167-1893-06-10 — Copy of /mnt/project_impresso/original/BL_old/0000167/1893/0610/0000167_18930610_0007.jp2 failed due to execption [Errno 28] No space left on device: '/mnt/impresso_images_BL/HUCE/0000167/1893/06/10/0000167_18930610_0007.jp2', To copy again!.
2025-03-19 14:31:03,194 __main__     ERROR    HUCE-0000167-1893-06-10 — Copy of /mnt/project_impresso/original/BL_old/0000167/1893/0610/0000167_18930610_0002.jp2 failed due to execption [Errno 28] No space left on device: '/mnt/impresso_images_BL/HUCE/0000167/1893/06/10/0000167_18930610_0002.jp2', To copy again!.
2025-03-19 14:31:03,400 __main__     ERROR    HUCE-0000167-1893-06-10 — Copy of /mnt/project_impresso/original/BL_old/0000167/1893/0610/0000167_18930610_0006.jp2 failed due to execption [Errno 28] No space left on device: '/mnt/impresso_images_BL/HUCE/0000167/1893/06/10/0000167_18930610_0006.jp2', To copy again!.
2025-03-19 14:31:03,609 __main__     ERROR    HUCE-0000167-1893-06-10 — Copy of /mnt/project_impresso/original/BL_old/0000167/1893/0610/0000167_18930610_0004.jp2 failed due to execption [Errno 28] No space left on device: '/mnt/impresso_images_BL/HUCE/0000167/1893/06/10/0000167_18930610_0004.jp2', To copy again!.
2025-03-19 14:31:03,816 __main__     ERROR    HUCE-0000167-1893-06-10 — Copy of /mnt/project_impresso/original/BL_old/0000167/1893/0610/0000167_18930610_0001.jp2 failed due to execption [Errno 28] No space left on device: '/mnt/impresso_images_BL/HUCE/0000167/1893/06/10/0000167_18930610_0001.jp2', To copy again!.
2025-03-19 14:31:04,150 __main__     ERROR    HUCE-0000167: There was an exception when processing this NLP!! Exception: [Errno 28] No space left on device: '/mnt/impresso_images_BL/HUCE/0000167/1893/09'
2025-03-19 14:31:04,150 __main__     INFO     ✅ HUCE-0000167 (31/50) - Done with the copy. There was 0 failed copies and problem_input_dirs:[].
2025-03-19 14:31:04,151 __main__     INFO     ---------- Processing IMTS - NLP 0000168 (32/50) ----------
2025-03-19 14:31:04,162 __main__     ERROR    IMTS-0000168: There was an exception when processing this NLP!! Exception: [Errno 28] No space left on device: '/mnt/impresso_images_BL/IMTS'
2025-03-19 14:31:04,163 __main__     INFO     ✅ IMTS-0000168 (32/50) - Done with the copy. There was 0 failed copies and problem_input_dirs:[].
2025-03-19 14:31:04,163 __main__     INFO     ---------- Processing IWOR - NLP 0000170 (33/50) ----------
2025-03-19 14:31:04,169 __main__     ERROR    IWOR-0000170: There was an exception when processing this NLP!! Exception: [Errno 28] No space left on device: '/mnt/impresso_images_BL/IWOR'
2025-03-19 14:31:04,170 __main__     INFO     ✅ IWOR-0000170 (33/50) - Done with the copy. There was 0 failed copies and problem_input_dirs:[].
2025-03-19 14:31:04,170 __main__     INFO     ---------- Processing LAGER - NLP 0000171 (34/50) ----------
2025-03-19 14:31:04,198 __main__     ERROR    LAGER-0000171: There was an exception when processing this NLP!! Exception: [Errno 28] No space left on device: '/mnt/impresso_images_BL/LAGER/0000171'
2025-03-19 14:31:04,198 __main__     INFO     ✅ LAGER-0000171 (34/50) - Done with the copy. There was 0 failed copies and problem_input_dirs:[].
2025-03-19 14:31:04,198 __main__     INFO     ---------- Processing LECH - NLP 0000172 (35/50) ----------
2025-03-19 14:31:04,210 __main__     ERROR    LECH-0000172: There was an exception when processing this NLP!! Exception: [Errno 28] No space left on device: '/mnt/impresso_images_BL/LECH'
2025-03-19 14:31:04,210 __main__     INFO     ✅ LECH-0000172 (35/50) - Done with the copy. There was 0 failed copies and problem_input_dirs:[].
2025-03-19 14:31:04,210 __main__     INFO     ---------- Processing LECH - NLP 0000173 (36/50) ----------
2025-03-19 14:31:04,221 __main__     ERROR    LECH-0000173: There was an exception when processing this NLP!! Exception: [Errno 28] No space left on device: '/mnt/impresso_images_BL/LECH'
2025-03-19 14:31:04,221 __main__     INFO     ✅ LECH-0000173 (36/50) - Done with the copy. There was 0 failed copies and problem_input_dirs:[].
2025-03-19 14:31:04,221 __main__     INFO     ---------- Processing MOPT - NLP 0000174 (37/50) ----------
2025-03-19 14:31:04,228 __main__     ERROR    MOPT-0000174: There was an exception when processing this NLP!! Exception: [Errno 28] No space left on device: '/mnt/impresso_images_BL/MOPT'
2025-03-19 14:31:04,228 __main__     INFO     ✅ MOPT-0000174 (37/50) - Done with the copy. There was 0 failed copies and problem_input_dirs:[].
2025-03-19 14:31:04,228 __main__     INFO     ---------- Processing MOPT - NLP 0000175 (38/50) ----------
2025-03-19 14:31:04,241 __main__     ERROR    MOPT-0000175: There was an exception when processing this NLP!! Exception: [Errno 28] No space left on device: '/mnt/impresso_images_BL/MOPT'
2025-03-19 14:31:04,241 __main__     INFO     ✅ MOPT-0000175 (38/50) - Done with the copy. There was 0 failed copies and problem_input_dirs:[].
2025-03-19 14:31:04,241 __main__     INFO     ---------- Processing NOGN - NLP 0000176 (39/50) ----------
2025-03-19 14:31:04,264 __main__     ERROR    NOGN-0000176: There was an exception when processing this NLP!! Exception: [Errno 28] No space left on device: '/mnt/impresso_images_BL/NOGN'
2025-03-19 14:31:04,264 __main__     INFO     ✅ NOGN-0000176 (39/50) - Done with the copy. There was 0 failed copies and problem_input_dirs:[].
2025-03-19 14:31:04,265 __main__     INFO     ---------- Processing COGE - NLP 0000177 (40/50) ----------
2025-03-19 14:31:04,279 __main__     ERROR    COGE-0000177: There was an exception when processing this NLP!! Exception: [Errno 28] No space left on device: '/mnt/impresso_images_BL/COGE'
2025-03-19 14:31:04,279 __main__     INFO     ✅ COGE-0000177 (40/50) - Done with the copy. There was 0 failed copies and problem_input_dirs:[].
2025-03-19 14:31:04,279 __main__     INFO     ---------- Processing COGE - NLP 0000178 (41/50) ----------
2025-03-19 14:31:04,298 __main__     ERROR    COGE-0000178: There was an exception when processing this NLP!! Exception: [Errno 28] No space left on device: '/mnt/impresso_images_BL/COGE'
2025-03-19 14:31:04,298 __main__     INFO     ✅ COGE-0000178 (41/50) - Done with the copy. There was 0 failed copies and problem_input_dirs:[].
2025-03-19 14:31:04,298 __main__     INFO     ---------- Processing COGE - NLP 0000180 (42/50) ----------
2025-03-19 14:31:04,307 __main__     ERROR    COGE-0000180: There was an exception when processing this NLP!! Exception: [Errno 28] No space left on device: '/mnt/impresso_images_BL/COGE'
2025-03-19 14:31:04,307 __main__     INFO     ✅ COGE-0000180 (42/50) - Done with the copy. There was 0 failed copies and problem_input_dirs:[].
2025-03-19 14:31:04,307 __main__     INFO     ---------- Processing SHIN - NLP 0000181 (43/50) ----------
2025-03-19 14:31:04,324 __main__     ERROR    SHIN-0000181: There was an exception when processing this NLP!! Exception: [Errno 28] No space left on device: '/mnt/impresso_images_BL/SHIN/0000181'
2025-03-19 14:31:04,324 __main__     INFO     ✅ SHIN-0000181 (43/50) - Done with the copy. There was 0 failed copies and problem_input_dirs:[].
2025-03-19 14:31:04,324 __main__     INFO     ---------- Processing SDLN - NLP 0000183 (44/50) ----------
2025-03-19 14:31:04,336 __main__     ERROR    SDLN-0000183: There was an exception when processing this NLP!! Exception: [Errno 28] No space left on device: '/mnt/impresso_images_BL/SDLN'
2025-03-19 14:31:04,336 __main__     INFO     ✅ SDLN-0000183 (44/50) - Done with the copy. There was 0 failed copies and problem_input_dirs:[].
2025-03-19 14:31:04,336 __main__     INFO     ---------- Processing STGY - NLP 0000184 (45/50) ----------
2025-03-19 14:31:04,362 __main__     ERROR    STGY-0000184: There was an exception when processing this NLP!! Exception: [Errno 28] No space left on device: '/mnt/impresso_images_BL/STGY'
2025-03-19 14:31:04,362 __main__     INFO     ✅ STGY-0000184 (45/50) - Done with the copy. There was 0 failed copies and problem_input_dirs:[].
2025-03-19 14:31:04,362 __main__     INFO     ---------- Processing WRWA - NLP 0000185 (46/50) ----------
2025-03-19 14:31:04,380 __main__     ERROR    WRWA-0000185: There was an exception when processing this NLP!! Exception: [Errno 28] No space left on device: '/mnt/impresso_images_BL/WRWA/0000185'
2025-03-19 14:31:04,380 __main__     INFO     ✅ WRWA-0000185 (46/50) - Done with the copy. There was 0 failed copies and problem_input_dirs:[].
2025-03-19 14:31:04,380 __main__     INFO     ---------- Processing YOHD - NLP 0000186 (47/50) ----------
2025-03-19 14:31:04,400 __main__     ERROR    YOHD-0000186: There was an exception when processing this NLP!! Exception: [Errno 28] No space left on device: '/mnt/impresso_images_BL/YOHD/0000186'
2025-03-19 14:31:04,401 __main__     INFO     ✅ YOHD-0000186 (47/50) - Done with the copy. There was 0 failed copies and problem_input_dirs:[].
2025-03-19 14:31:04,401 __main__     INFO     ---------- Processing DYMR - NLP 0000189 (48/50) ----------
2025-03-19 14:31:04,414 __main__     ERROR    DYMR-0000189: There was an exception when processing this NLP!! Exception: [Errno 28] No space left on device: '/mnt/impresso_images_BL/DYMR'
2025-03-19 14:31:04,414 __main__     INFO     ✅ DYMR-0000189 (48/50) - Done with the copy. There was 0 failed copies and problem_input_dirs:[].
2025-03-19 14:31:04,415 __main__     INFO     ---------- Processing IPJO - NLP 0000191 (49/50) ----------
2025-03-19 14:31:04,430 __main__     ERROR    IPJO-0000191: There was an exception when processing this NLP!! Exception: [Errno 28] No space left on device: '/mnt/impresso_images_BL/IPJO'
2025-03-19 14:31:04,430 __main__     INFO     ✅ IPJO-0000191 (49/50) - Done with the copy. There was 0 failed copies and problem_input_dirs:[].
2025-03-19 14:31:04,430 __main__     INFO     ---------- Processing LSIR - NLP 0000193 (50/50) ----------
2025-03-19 14:31:04,444 __main__     ERROR    LSIR-0000193: There was an exception when processing this NLP!! Exception: [Errno 28] No space left on device: '/mnt/impresso_images_BL/LSIR/0000193'
2025-03-19 14:31:04,444 __main__     INFO     ✅ LSIR-0000193 (50/50) - Done with the copy. There was 0 failed copies and problem_input_dirs:[].
2025-03-19 14:31:04,445 __main__     INFO     ✅✅ Success! Done with all 50 in this chunk: ['0000088', '0000090', '0000091', '0000094', '0000095', '0000096', '0000097', '0000098', '0000099', '0000100', '0000101', '0000102', '0000103', '0000104', '0000150', '0000151', '0000152', '0000153', '0000154', '0000155', '0000156', '0000157', '0000158', '0000159', '0000160', '0000161', '0000162', '0000164', '0000165', '0000166', '0000167', '0000168', '0000170', '0000171', '0000172', '0000173', '0000174', '0000175', '0000176', '0000177', '0000178', '0000180', '0000181', '0000183', '0000184', '0000185', '0000186', '0000189', '0000191', '0000193']!!
