2025-03-13 17:27:39,045 __main__     INFO     Logger successfully initialised
2025-03-13 17:27:39,333 __main__     INFO     Separated the list of NLPs into 6 chunks of 100 NLPs,  will process chunk n°5 now: 
['0003256', '0003257', '0003258', '0003259', '0003260', '0003261', '0003262', '0003263', '0003264', '0003265', '0003266', '0003267', '0003268', '0003269', '0003270', '0003398', '0003400', '0003401', '0003406', '0003408', '0003537', '0003538', '0003539', '0003540', '0003541', '0003548', '0004127', '0004132', '0004133', '0004134', '0004135', '0004136', '0004137', '0004138', '0004139', '0004140', '0004141', '0004142', '0004143', '0004186', '0004187', '0004188', '0004189', '0004190', '0004191', '0004192', '0004193', '0004194', '0004195', '0004196', '0004197', '0004198', '0004199', '0004200', '0004201', '0004202', '0004203', '0004204', '0004205', '0004206', '0004207', '0004208', '0004209', '0004210', '0004211', '0004212', '0004213', '0004214', '0004215', '0004216', '0004217', '0004218', '0004220', '0004221', '0004222', '0004305', '0004306', '0004307', '0004308', '0004309', '0004310', '0004311', '0004682', '0004683', '0004684', '0004685', '0004686', '0004687', '0004688', '0004689', '0004690', '0004691', '0004692', '0004693', '0004694', '0004738']
2025-03-13 17:27:39,336 __main__     INFO     ---------- Processing SLTL - NLP 0003256 (1/96) ----------
2025-03-13 17:27:39,830 __main__     INFO     SLTL-0003256 — Processing year 1860.
2025-03-13 17:36:13,709 __main__     INFO     SLTL-0003256 — Processing year 1859.
2025-03-13 17:44:37,604 __main__     INFO     SLTL-0003256 — Processing year 1858.
2025-03-13 17:50:55,274 __main__     INFO     SLTL-0003256 — Processing year 1862.
2025-03-13 18:00:28,740 __main__     INFO     SLTL-0003256 — Processing year 1861.
2025-03-13 18:08:16,029 __main__     INFO     SLTL-0003256 — Processing year 1864.
2025-03-13 18:12:23,751 __main__     INFO     SLTL-0003256 — Processing year 1863.
2025-03-13 18:19:33,173 __main__     INFO     ✅ SLTL-0003256 (1/96) - Done with the copy. There was 0 failed copies and problem_input_dirs:[].
2025-03-13 18:19:33,175 __main__     INFO     ---------- Processing SLTL - NLP 0003257 (2/96) ----------
2025-03-13 18:19:33,921 __main__     INFO     SLTL-0003257 — Processing year 1865.
2025-03-13 18:21:54,573 __main__     INFO     SLTL-0003257 — Processing year 1864.
2025-03-13 18:27:11,490 __main__     INFO     ✅ SLTL-0003257 (2/96) - Done with the copy. There was 0 failed copies and problem_input_dirs:[].
2025-03-13 18:27:11,491 __main__     INFO     ---------- Processing BGFP - NLP 0003258 (3/96) ----------
2025-03-13 18:27:11,810 __main__     INFO     BGFP-0003258 — Processing year 1860.
2025-03-13 18:36:07,091 __main__     INFO     BGFP-0003258 — Processing year 1856.
2025-03-13 18:42:10,509 __main__     INFO     BGFP-0003258 — Processing year 1859.
2025-03-13 18:49:17,914 __main__     INFO     BGFP-0003258 — Processing year 1858.
2025-03-13 18:57:33,612 __main__     INFO     BGFP-0003258 — Processing year 1862.
2025-03-13 19:05:33,332 __main__     INFO     BGFP-0003258 — Processing year 1861.
2025-03-13 19:12:56,503 __main__     INFO     BGFP-0003258 — Processing year 1855.
2025-03-13 19:16:00,522 __main__     INFO     BGFP-0003258 — Processing year 1863.
2025-03-13 19:22:46,957 __main__     INFO     BGFP-0003258 — Processing year 1857.
2025-03-13 19:30:30,068 __main__     INFO     ✅ BGFP-0003258 (3/96) - Done with the copy. There was 0 failed copies and problem_input_dirs:[].
2025-03-13 19:30:30,069 __main__     INFO     ---------- Processing BGFP - NLP 0003259 (4/96) ----------
2025-03-13 19:30:30,775 __main__     INFO     BGFP-0003259 — Processing year 1865.
2025-03-13 19:35:20,337 __main__     INFO     BGFP-0003259 — Processing year 1864.
2025-03-13 19:40:48,401 __main__     INFO     BGFP-0003259 — Processing year 1863.
2025-03-13 19:41:39,604 __main__     INFO     ✅ BGFP-0003259 (4/96) - Done with the copy. There was 0 failed copies and problem_input_dirs:[].
2025-03-13 19:41:39,605 __main__     INFO     ---------- Processing HMSA - NLP 0003260 (5/96) ----------
2025-03-13 19:41:40,117 __main__     INFO     HMSA-0003260 — Processing year 1861.
2025-03-13 19:42:30,607 __main__     INFO     ✅ HMSA-0003260 (5/96) - Done with the copy. There was 0 failed copies and problem_input_dirs:[].
2025-03-13 19:42:30,608 __main__     INFO     ---------- Processing HMSA - NLP 0003261 (6/96) ----------
2025-03-13 19:42:31,565 __main__     INFO     HMSA-0003261 — Processing year 1865.
2025-03-13 19:51:41,318 __main__     INFO     HMSA-0003261 — Processing year 1862.
2025-03-13 20:03:35,949 __main__     INFO     HMSA-0003261 — Processing year 1866.
2025-03-13 20:05:32,706 __main__     INFO     HMSA-0003261 — Processing year 1861.
2025-03-13 20:12:30,429 __main__     INFO     HMSA-0003261 — Processing year 1864.
2025-03-13 20:25:49,338 __main__     INFO     HMSA-0003261 — Processing year 1863.
2025-03-13 20:39:10,689 __main__     INFO     ✅ HMSA-0003261 (6/96) - Done with the copy. There was 0 failed copies and problem_input_dirs:[].
2025-03-13 20:39:10,690 __main__     INFO     ---------- Processing SWME - NLP 0003262 (7/96) ----------
2025-03-13 20:39:11,311 __main__     INFO     SWME-0003262 — Processing year 1879.
2025-03-13 20:51:07,915 __main__     INFO     ✅ SWME-0003262 (7/96) - Done with the copy. There was 0 failed copies and problem_input_dirs:[].
2025-03-13 20:51:07,916 __main__     INFO     ---------- Processing SWME - NLP 0003263 (8/96) ----------
2025-03-13 20:51:08,169 __main__     INFO     SWME-0003263 — Processing year 1880.
2025-03-13 21:08:17,391 __main__     INFO     SWME-0003263 — Processing year 1879.
2025-03-13 21:10:17,907 __main__     INFO     SWME-0003263 — Processing year 1881.
2025-03-13 21:26:19,110 __main__     INFO     ✅ SWME-0003263 (8/96) - Done with the copy. There was 0 failed copies and problem_input_dirs:[].
2025-03-13 21:26:19,111 __main__     INFO     ---------- Processing NWLT - NLP 0003264 (9/96) ----------
2025-03-13 21:26:19,626 __main__     INFO     NWLT-0003264 — Processing year 1865.
2025-03-13 21:35:40,608 __main__     INFO     NWLT-0003264 — Processing year 1862.
2025-03-13 21:49:12,352 __main__     INFO     NWLT-0003264 — Processing year 1866.
2025-03-13 21:51:16,490 __main__     INFO     NWLT-0003264 — Processing year 1861.
2025-03-13 21:54:49,879 __main__     INFO     NWLT-0003264 — Processing year 1864.
2025-03-13 22:08:18,984 __main__     INFO     NWLT-0003264 — Processing year 1863.
2025-03-13 22:20:51,636 __main__     INFO     ✅ NWLT-0003264 (9/96) - Done with the copy. There was 0 failed copies and problem_input_dirs:[].
2025-03-13 22:20:51,637 __main__     INFO     ---------- Processing PADV - NLP 0003265 (10/96) ----------
2025-03-13 22:20:52,253 __main__     INFO     PADV-0003265 — Processing year 1865.
2025-03-13 22:28:49,684 __main__     INFO     PADV-0003265 — Processing year 1862.
2025-03-13 22:42:04,381 __main__     INFO     PADV-0003265 — Processing year 1866.
2025-03-13 22:43:51,763 __main__     INFO     PADV-0003265 — Processing year 1861.
2025-03-13 22:51:48,708 __main__     INFO     PADV-0003265 — Processing year 1864.
2025-03-13 23:05:21,871 __main__     INFO     PADV-0003265 — Processing year 1863.
2025-03-13 23:18:40,879 __main__     INFO     ✅ PADV-0003265 (10/96) - Done with the copy. There was 0 failed copies and problem_input_dirs:[].
2025-03-13 23:18:40,880 __main__     INFO     ---------- Processing SMSD - NLP 0003266 (11/96) ----------
2025-03-13 23:18:41,805 __main__     INFO     SMSD-0003266 — Processing year 1837.
2025-03-13 23:26:08,996 __main__     INFO     SMSD-0003266 — Processing year 1835.
2025-03-13 23:34:05,892 __main__     INFO     SMSD-0003266 — Processing year 1836.
2025-03-13 23:42:17,301 __main__     INFO     ✅ SMSD-0003266 (11/96) - Done with the copy. There was 0 failed copies and problem_input_dirs:[].
2025-03-13 23:42:17,302 __main__     INFO     ---------- Processing SMSD - NLP 0003267 (12/96) ----------
2025-03-13 23:42:17,690 __main__     INFO     SMSD-0003267 — Processing year 1837.
2025-03-13 23:48:49,667 __main__     INFO     SMSD-0003267 — Processing year 1840.
2025-03-13 23:55:51,667 __main__     INFO     SMSD-0003267 — Processing year 1839.
2025-03-14 00:08:46,643 __main__     INFO     SMSD-0003267 — Processing year 1838.
2025-03-14 00:20:32,489 __main__     INFO     ✅ SMSD-0003267 (12/96) - Done with the copy. There was 0 failed copies and problem_input_dirs:[].
2025-03-14 00:20:32,490 __main__     INFO     ---------- Processing SMSD - NLP 0003268 (13/96) ----------
2025-03-14 00:20:33,250 __main__     INFO     SMSD-0003268 — Processing year 1840.
2025-03-14 00:26:35,430 __main__     INFO     ✅ SMSD-0003268 (13/96) - Done with the copy. There was 0 failed copies and problem_input_dirs:[].
2025-03-14 00:26:35,430 __main__     INFO     ---------- Processing NLON - NLP 0003269 (14/96) ----------
2025-03-14 00:26:36,280 __main__     INFO     NLON-0003269 — Processing year 1870.
2025-03-14 00:41:13,706 __main__     INFO     NLON-0003269 — Processing year 1869.
2025-03-14 00:55:39,627 __main__     INFO     NLON-0003269 — Processing year 1872.
2025-03-14 01:11:23,943 __main__     INFO     NLON-0003269 — Processing year 1871.
2025-03-14 01:27:54,739 __main__     INFO     ✅ NLON-0003269 (14/96) - Done with the copy. There was 0 failed copies and problem_input_dirs:[].
2025-03-14 01:27:54,740 __main__     INFO     ---------- Processing NLON - NLP 0003270 (15/96) ----------
2025-03-14 01:27:55,070 __main__     INFO     NLON-0003270 — Processing year 1874.
2025-03-14 01:37:50,618 __main__     INFO     NLON-0003270 — Processing year 1873.
2025-03-14 01:45:12,270 __main__     INFO     ✅ NLON-0003270 (15/96) - Done with the copy. There was 0 failed copies and problem_input_dirs:[].
2025-03-14 01:45:12,271 __main__     INFO     ---------- Processing MEXA - NLP 0003398 (16/96) ----------
2025-03-14 01:45:12,796 __main__     INFO     MEXA-0003398 — Processing year 1846.
2025-03-14 01:57:43,832 __main__     INFO     MEXA-0003398 — Processing year 1847.
2025-03-14 02:17:25,360 __main__     INFO     MEXA-0003398 — Processing year 1848.
2025-03-14 02:43:02,403 __main__     INFO     ✅ MEXA-0003398 (16/96) - Done with the copy. There was 0 failed copies and problem_input_dirs:[].
2025-03-14 02:43:02,404 __main__     INFO     ---------- Processing DRHE - NLP 0003400 (17/96) ----------
2025-03-14 02:43:03,115 __main__     INFO     DRHE-0003400 — Processing year 1867.
2025-03-14 02:49:56,477 __main__     INFO     DRHE-0003400 — Processing year 1870.
2025-03-14 03:06:16,364 __main__     INFO     DRHE-0003400 — Processing year 1869.
2025-03-14 03:17:01,415 __main__     INFO     DRHE-0003400 — Processing year 1873.
2025-03-14 03:25:26,267 __main__     INFO     DRHE-0003400 — Processing year 1872.
2025-03-14 03:37:07,615 __main__     INFO     DRHE-0003400 — Processing year 1868.
2025-03-14 03:48:04,660 __main__     INFO     DRHE-0003400 — Processing year 1871.
2025-03-14 04:06:24,873 __main__     INFO     ✅ DRHE-0003400 (17/96) - Done with the copy. There was 0 failed copies and problem_input_dirs:[].
2025-03-14 04:06:24,874 __main__     INFO     ---------- Processing DRHE - NLP 0003401 (18/96) ----------
2025-03-14 04:06:25,398 __main__     INFO     DRHE-0003401 — Processing year 1874.
2025-03-14 04:24:51,118 __main__     INFO     DRHE-0003401 — Processing year 1878.
2025-03-14 04:35:35,345 __main__     INFO     DRHE-0003401 — Processing year 1880.
2025-03-14 04:48:40,189 __main__     INFO     DRHE-0003401 — Processing year 1877.
2025-03-14 04:59:40,823 __main__     INFO     DRHE-0003401 — Processing year 1873.
2025-03-14 05:07:37,185 __main__     INFO     DRHE-0003401 — Processing year 1879.
2025-03-14 05:17:49,188 __main__     INFO     DRHE-0003401 — Processing year 1876.
2025-03-14 05:32:52,066 __main__     INFO     DRHE-0003401 — Processing year 1875.
2025-03-14 05:47:02,568 __main__     INFO     ✅ DRHE-0003401 (18/96) - Done with the copy. There was 0 failed copies and problem_input_dirs:[].
2025-03-14 05:47:02,569 __main__     INFO     ---------- Processing NSCS - NLP 0003406 (19/96) ----------
2025-03-14 05:47:02,984 __main__     INFO     NSCS-0003406 — Processing year 1892.
2025-03-14 05:49:24,376 __main__     INFO     NSCS-0003406 — Processing year 1889.
2025-03-14 05:54:33,470 __main__     INFO     NSCS-0003406 — Processing year 1888.
2025-03-14 05:57:32,356 __main__     INFO     NSCS-0003406 — Processing year 1890.
2025-03-14 06:06:30,010 __main__     INFO     NSCS-0003406 — Processing year 1891.
2025-03-14 06:16:00,085 __main__     INFO     ✅ NSCS-0003406 (19/96) - Done with the copy. There was 0 failed copies and problem_input_dirs:[].
2025-03-14 06:16:00,086 __main__     INFO     ---------- Processing DCWR - NLP 0003408 (20/96) ----------
2025-03-14 06:16:00,959 __main__     INFO     DCWR-0003408 — Processing year 1885.
2025-03-14 06:32:15,883 __main__     INFO     DCWR-0003408 — Processing year 1870.
2025-03-14 06:47:44,167 __main__     INFO     DCWR-0003408 — Processing year 1874.
2025-03-14 07:04:21,060 __main__     INFO     DCWR-0003408 — Processing year 1878.
2025-03-14 07:16:43,889 __main__     INFO     DCWR-0003408 — Processing year 1880.
2025-03-14 07:32:00,296 __main__     INFO     DCWR-0003408 — Processing year 1892.
2025-03-14 07:50:47,341 __main__     INFO     DCWR-0003408 — Processing year 1895.
2025-03-14 08:02:39,895 __main__     INFO     DCWR-0003408 — Processing year 1882.
2025-03-14 08:18:58,724 __main__     INFO     DCWR-0003408 — Processing year 1877.
2025-03-14 08:31:53,669 __main__     INFO     DCWR-0003408 — Processing year 1869.
2025-03-14 08:39:45,287 __main__     INFO     DCWR-0003408 — Processing year 1887.
2025-03-14 08:57:14,489 __main__     INFO     DCWR-0003408 — Processing year 1873.
2025-03-14 09:13:03,137 __main__     INFO     DCWR-0003408 — Processing year 1889.
2025-03-14 09:25:13,355 __main__     INFO     DCWR-0003408 — Processing year 1893.
2025-03-14 09:41:40,046 __main__     INFO     DCWR-0003408 — Processing year 1888.
2025-03-14 09:55:33,093 __main__     INFO     DCWR-0003408 — Processing year 1883.
2025-03-14 10:09:51,902 __main__     INFO     DCWR-0003408 — Processing year 1884.
2025-03-14 10:24:32,810 __main__     INFO     DCWR-0003408 — Processing year 1890.
2025-03-14 10:40:18,504 __main__     INFO     DCWR-0003408 — Processing year 1872.
2025-03-14 10:57:36,343 __main__     INFO     DCWR-0003408 — Processing year 1891.
2025-03-14 11:20:47,941 __main__     INFO     DCWR-0003408 — Processing year 1871.
2025-03-14 11:39:45,862 __main__     INFO     DCWR-0003408 — Processing year 1894.
2025-03-14 11:48:44,038 __main__     INFO     DCWR-0003408 — Processing year 1879.
2025-03-14 12:00:14,172 __main__     INFO     DCWR-0003408 — Processing year 1876.
2025-03-14 12:12:07,013 __main__     INFO     DCWR-0003408 — Processing year 1875.
2025-03-14 12:32:04,652 __main__     INFO     DCWR-0003408 — Processing year 1886.
2025-03-14 12:51:39,116 __main__     INFO     DCWR-0003408 — Processing year 1881.
2025-03-14 13:09:38,119 __main__     INFO     ✅ DCWR-0003408 (20/96) - Done with the copy. There was 0 failed copies and problem_input_dirs:[].
2025-03-14 13:09:38,120 __main__     INFO     ---------- Processing BRMG - NLP 0003537 (21/96) ----------
2025-03-14 13:09:38,772 __main__     INFO     BRMG-0003537 — Processing year 1862.
2025-03-14 13:15:22,318 __main__     INFO     BRMG-0003537 — Processing year 1863.
2025-03-14 13:18:38,688 __main__     INFO     ✅ BRMG-0003537 (21/96) - Done with the copy. There was 0 failed copies and problem_input_dirs:[].
2025-03-14 13:18:38,689 __main__     INFO     ---------- Processing BRMG - NLP 0003538 (22/96) ----------
2025-03-14 13:18:39,003 __main__     INFO     BRMG-0003538 — Processing year 1863.
2025-03-14 13:23:40,168 __main__     INFO     ✅ BRMG-0003538 (22/96) - Done with the copy. There was 0 failed copies and problem_input_dirs:[].
2025-03-14 13:23:40,169 __main__     INFO     ---------- Processing BRMG - NLP 0003539 (23/96) ----------
2025-03-14 13:23:40,719 __main__     INFO     BRMG-0003539 — Processing year 1865.
2025-03-14 13:33:03,150 __main__     INFO     BRMG-0003539 — Processing year 1864.
2025-03-14 13:46:55,993 __main__     INFO     BRMG-0003539 — Processing year 1863.
2025-03-14 13:54:31,503 __main__     INFO     ✅ BRMG-0003539 (23/96) - Done with the copy. There was 0 failed copies and problem_input_dirs:[].
2025-03-14 13:54:31,504 __main__     INFO     ---------- Processing BRMG - NLP 0003540 (24/96) ----------
2025-03-14 13:54:32,211 __main__     INFO     BRMG-0003540 — Processing year 1865.
2025-03-14 13:58:15,193 __main__     INFO     BRMG-0003540 — Processing year 1866.
2025-03-14 13:59:33,366 __main__     INFO     ✅ BRMG-0003540 (24/96) - Done with the copy. There was 0 failed copies and problem_input_dirs:[].
2025-03-14 13:59:33,367 __main__     INFO     ---------- Processing BRMG - NLP 0003541 (25/96) ----------
2025-03-14 13:59:33,771 __main__     INFO     BRMG-0003541 — Processing year 1867.
2025-03-14 14:06:33,775 __main__     INFO     BRMG-0003541 — Processing year 1866.
2025-03-14 14:17:28,272 __main__     INFO     ✅ BRMG-0003541 (25/96) - Done with the copy. There was 0 failed copies and problem_input_dirs:[].
2025-03-14 14:17:28,273 __main__     INFO     ---------- Processing BGJO - NLP 0003548 (26/96) ----------
2025-03-14 14:17:29,104 __main__     INFO     BGJO-0003548 — Processing year 1904.
2025-03-14 14:18:16,394 __main__     INFO     ✅ BGJO-0003548 (26/96) - Done with the copy. There was 0 failed copies and problem_input_dirs:[].
2025-03-14 14:18:16,394 __main__     INFO     ---------- Processing LIVC - NLP 0004127 (27/96) ----------
2025-03-14 14:18:17,025 __main__     INFO     LIVC-0004127 — Processing year 1767.
2025-03-14 14:19:18,355 __main__     INFO     ✅ LIVC-0004127 (27/96) - Done with the copy. There was 0 failed copies and problem_input_dirs:[].
2025-03-14 14:19:18,356 __main__     INFO     ---------- Processing WLSA - NLP 0004132 (28/96) ----------
2025-03-14 14:19:18,572 __main__     INFO     WLSA-0004132 — Processing year 1870.
2025-03-14 14:20:04,286 __main__     INFO     WLSA-0004132 — Processing year 1872.
2025-03-14 14:29:28,131 __main__     INFO     WLSA-0004132 — Processing year 1871.
2025-03-14 14:37:41,671 __main__     INFO     ✅ WLSA-0004132 (28/96) - Done with the copy. There was 0 failed copies and problem_input_dirs:[].
2025-03-14 14:37:41,672 __main__     INFO     ---------- Processing ILT53 - NLP 0004133 (29/96) ----------
2025-03-14 14:37:42,124 __main__     INFO     ILT53-0004133 — Processing year 1853.
2025-03-14 14:38:44,272 __main__     INFO     ILT53-0004133 — Processing year 1854.
2025-03-14 14:39:07,092 __main__     INFO     ✅ ILT53-0004133 (29/96) - Done with the copy. There was 0 failed copies and problem_input_dirs:[].
2025-03-14 14:39:07,092 __main__     INFO     ---------- Processing SPRT - NLP 0004134 (30/96) ----------
2025-03-14 14:39:07,319 __main__     INFO     SPRT-0004134 — Processing year 1880.
2025-03-14 14:39:37,982 __main__     INFO     ✅ SPRT-0004134 (30/96) - Done with the copy. There was 0 failed copies and problem_input_dirs:[].
2025-03-14 14:39:37,983 __main__     INFO     ---------- Processing SURY - NLP 0004135 (31/96) ----------
2025-03-14 14:39:38,211 __main__     INFO     SURY-0004135 — Processing year 1846.
2025-03-14 14:46:12,293 __main__     INFO     SURY-0004135 — Processing year 1847.
2025-03-14 14:57:12,859 __main__     INFO     SURY-0004135 — Processing year 1845.
2025-03-14 14:58:27,403 __main__     INFO     ✅ SURY-0004135 (31/96) - Done with the copy. There was 0 failed copies and problem_input_dirs:[].
2025-03-14 14:58:27,403 __main__     INFO     ---------- Processing TDIA - NLP 0004136 (32/96) ----------
2025-03-14 14:58:27,873 __main__     INFO     TDIA-0004136 — Processing year 1860.
2025-03-14 15:19:03,255 __main__     INFO     TDIA-0004136 — Processing year 1862.
2025-03-14 15:38:03,973 __main__     INFO     TDIA-0004136 — Processing year 1861.
2025-03-14 16:02:14,397 __main__     INFO     TDIA-0004136 — Processing year 1864.
2025-03-14 16:09:44,026 __main__     INFO     TDIA-0004136 — Processing year 1863.
2025-03-14 16:27:51,702 __main__     INFO     ✅ TDIA-0004136 (32/96) - Done with the copy. There was 0 failed copies and problem_input_dirs:[].
2025-03-14 16:27:51,703 __main__     INFO     ---------- Processing OKJL - NLP 0004137 (33/96) ----------
2025-03-14 16:27:51,940 __main__     INFO     OKJL-0004137 — Processing year 1860.
2025-03-14 16:38:34,952 __main__     INFO     OKJL-0004137 — Processing year 1865.
2025-03-14 16:48:30,203 __main__     INFO     OKJL-0004137 — Processing year 1862.
2025-03-14 17:05:52,151 __main__     INFO     OKJL-0004137 — Processing year 1866.
2025-03-14 17:14:03,778 __main__     INFO     OKJL-0004137 — Processing year 1861.
2025-03-14 17:30:38,049 __main__     INFO     OKJL-0004137 — Processing year 1864.
2025-03-14 17:48:55,323 __main__     INFO     OKJL-0004137 — Processing year 1863.
2025-03-14 18:05:49,197 __main__     INFO     ✅ OKJL-0004137 (33/96) - Done with the copy. There was 0 failed copies and problem_input_dirs:[].
2025-03-14 18:05:49,198 __main__     INFO     ---------- Processing WGMC - NLP 0004138 (34/96) ----------
2025-03-14 18:05:50,024 __main__     INFO     WGMC-0004138 — Processing year 1870.
2025-03-14 18:11:25,202 __main__     INFO     WGMC-0004138 — Processing year 1874.
2025-03-14 18:18:21,527 __main__     INFO     WGMC-0004138 — Processing year 1878.
2025-03-14 18:24:40,216 __main__     INFO     WGMC-0004138 — Processing year 1880.
2025-03-14 18:24:59,356 __main__     INFO     WGMC-0004138 — Processing year 1877.
2025-03-14 18:31:38,802 __main__     INFO     WGMC-0004138 — Processing year 1869.
2025-03-14 18:34:28,992 __main__     INFO     WGMC-0004138 — Processing year 1873.
2025-03-14 18:39:19,631 __main__     INFO     WGMC-0004138 — Processing year 1872.
2025-03-14 18:46:46,843 __main__     INFO     WGMC-0004138 — Processing year 1871.
2025-03-14 18:54:29,084 __main__     INFO     WGMC-0004138 — Processing year 1879.
2025-03-14 18:59:01,860 __main__     INFO     WGMC-0004138 — Processing year 1876.
2025-03-14 19:04:38,718 __main__     INFO     WGMC-0004138 — Processing year 1875.
2025-03-14 19:10:58,309 __main__     INFO     ✅ WGMC-0004138 (34/96) - Done with the copy. There was 0 failed copies and problem_input_dirs:[].
2025-03-14 19:10:58,309 __main__     INFO     ---------- Processing YOHP - NLP 0004139 (35/96) ----------
2025-03-14 19:10:58,595 __main__     INFO     YOHP-0004139 — Processing year 1880.
2025-03-14 19:27:58,579 __main__     INFO     YOHP-0004139 — Processing year 1879.
2025-03-14 19:30:32,150 __main__     INFO     YOHP-0004139 — Processing year 1881.
2025-03-14 19:44:02,690 __main__     INFO     ✅ YOHP-0004139 (35/96) - Done with the copy. There was 0 failed copies and problem_input_dirs:[].
2025-03-14 19:44:02,691 __main__     INFO     ---------- Processing FFPR - NLP 0004140 (36/96) ----------
2025-03-14 19:44:03,434 __main__     INFO     FFPR-0004140 — Processing year 1868.
2025-03-14 19:46:45,911 __main__     INFO     ✅ FFPR-0004140 (36/96) - Done with the copy. There was 0 failed copies and problem_input_dirs:[].
2025-03-14 19:46:45,912 __main__     INFO     ---------- Processing FFPR - NLP 0004141 (37/96) ----------
2025-03-14 19:46:46,355 __main__     INFO     FFPR-0004141 — Processing year 1869.
2025-03-14 19:47:02,972 __main__     INFO     FFPR-0004141 — Processing year 1868.
2025-03-14 19:50:20,829 __main__     INFO     ✅ FFPR-0004141 (37/96) - Done with the copy. There was 0 failed copies and problem_input_dirs:[].
2025-03-14 19:50:20,830 __main__     INFO     ---------- Processing FFPR - NLP 0004142 (38/96) ----------
2025-03-14 19:50:21,393 __main__     INFO     FFPR-0004142 — Processing year 1869.
2025-03-14 19:52:02,698 __main__     INFO     ✅ FFPR-0004142 (38/96) - Done with the copy. There was 0 failed copies and problem_input_dirs:[].
2025-03-14 19:52:02,698 __main__     INFO     ---------- Processing FFPR - NLP 0004143 (39/96) ----------
2025-03-14 19:52:03,246 __main__     INFO     FFPR-0004143 — Processing year 1869.
2025-03-14 19:53:10,661 __main__     INFO     ✅ FFPR-0004143 (39/96) - Done with the copy. There was 0 failed copies and problem_input_dirs:[].
2025-03-14 19:53:10,662 __main__     INFO     ---------- Processing ICPG - NLP 0004186 (40/96) ----------
2025-03-14 19:53:11,445 __main__     INFO     ICPG-0004186 — Processing year 1853.
2025-03-14 19:53:57,522 __main__     INFO     ICPG-0004186 — Processing year 1854.
2025-03-14 19:57:18,193 __main__     INFO     ✅ ICPG-0004186 (40/96) - Done with the copy. There was 0 failed copies and problem_input_dirs:[].
2025-03-14 19:57:18,194 __main__     INFO     ---------- Processing IMNW - NLP 0004187 (41/96) ----------
2025-03-14 19:57:18,768 __main__     INFO     IMNW-0004187 — Processing year 1870.
2025-03-14 20:18:08,485 __main__     INFO     IMNW-0004187 — Processing year 1869.
2025-03-14 20:25:27,552 __main__     INFO     IMNW-0004187 — Processing year 1871.
2025-03-14 20:29:29,703 __main__     INFO     ✅ IMNW-0004187 (41/96) - Done with the copy. There was 0 failed copies and problem_input_dirs:[].
2025-03-14 20:29:29,705 __main__     INFO     ---------- Processing ILNP - NLP 0004188 (42/96) ----------
2025-03-14 20:29:30,262 __main__     INFO     ILNP-0004188 — Processing year 1871.
2025-03-14 20:47:54,226 __main__     INFO     ✅ ILNP-0004188 (42/96) - Done with the copy. There was 0 failed copies and problem_input_dirs:[].
2025-03-14 20:47:54,227 __main__     INFO     ---------- Processing LIWL - NLP 0004189 (43/96) ----------
2025-03-14 20:47:55,033 __main__     INFO     LIWL-0004189 — Processing year 1874.
2025-03-14 20:51:22,186 __main__     INFO     ✅ LIWL-0004189 (43/96) - Done with the copy. There was 0 failed copies and problem_input_dirs:[].
2025-03-14 20:51:22,187 __main__     INFO     ---------- Processing CSMP - NLP 0004190 (44/96) ----------
2025-03-14 20:51:22,462 __main__     INFO     CSMP-0004190 — Processing year 1870.
2025-03-14 21:09:09,210 __main__     INFO     CSMP-0004190 — Processing year 1874.
2025-03-14 21:25:59,438 __main__     INFO     CSMP-0004190 — Processing year 1869.
2025-03-14 21:46:09,995 __main__     INFO     CSMP-0004190 — Processing year 1873.
2025-03-14 22:04:21,109 __main__     INFO     CSMP-0004190 — Processing year 1865.
2025-03-14 22:04:42,790 __main__     INFO     CSMP-0004190 — Processing year 1872.
2025-03-14 22:22:47,947 __main__     INFO     CSMP-0004190 — Processing year 1868.
2025-03-14 22:34:40,650 __main__     INFO     CSMP-0004190 — Processing year 1871.
2025-03-14 22:53:28,167 __main__     INFO     CSMP-0004190 — Processing year 1876.
2025-03-14 22:55:37,580 __main__     INFO     CSMP-0004190 — Processing year 1875.
2025-03-14 23:13:59,644 __main__     INFO     ✅ CSMP-0004190 (44/96) - Done with the copy. There was 0 failed copies and problem_input_dirs:[].
2025-03-14 23:13:59,645 __main__     INFO     ---------- Processing SLAD - NLP 0004191 (45/96) ----------
2025-03-14 23:14:00,111 __main__     INFO     SLAD-0004191 — Processing year 1865.
2025-03-14 23:21:34,000 __main__     INFO     SLAD-0004191 — Processing year 1866.
2025-03-14 23:23:31,557 __main__     INFO     SLAD-0004191 — Processing year 1864.
2025-03-14 23:38:40,322 __main__     INFO     SLAD-0004191 — Processing year 1863.
2025-03-14 23:51:10,761 __main__     INFO     ✅ SLAD-0004191 (45/96) - Done with the copy. There was 0 failed copies and problem_input_dirs:[].
2025-03-14 23:51:10,762 __main__     INFO     ---------- Processing SHCA - NLP 0004192 (46/96) ----------
2025-03-14 23:51:11,163 __main__     INFO     SHCA-0004192 — Processing year 1826.
2025-03-14 23:51:29,930 __main__     INFO     SHCA-0004192 — Processing year 1827.
2025-03-14 23:59:56,033 __main__     INFO     SHCA-0004192 — Processing year 1828.
2025-03-15 00:01:38,579 __main__     INFO     ✅ SHCA-0004192 (46/96) - Done with the copy. There was 0 failed copies and problem_input_dirs:[].
2025-03-15 00:01:38,580 __main__     INFO     ---------- Processing TIGA - NLP 0004193 (47/96) ----------
2025-03-15 00:01:39,109 __main__     INFO     TIGA-0004193 — Processing year 1874.
2025-03-15 00:04:20,667 __main__     INFO     TIGA-0004193 — Processing year 1872.
2025-03-15 00:04:56,767 __main__     INFO     TIGA-0004193 — Processing year 1875.
2025-03-15 00:06:08,837 __main__     INFO     ✅ TIGA-0004193 (47/96) - Done with the copy. There was 0 failed copies and problem_input_dirs:[].
2025-03-15 00:06:08,838 __main__     INFO     ---------- Processing TNAJ - NLP 0004194 (48/96) ----------
2025-03-15 00:06:09,379 __main__     INFO     TNAJ-0004194 — Processing year 1872.
2025-03-15 00:07:32,428 __main__     INFO     ✅ TNAJ-0004194 (48/96) - Done with the copy. There was 0 failed copies and problem_input_dirs:[].
2025-03-15 00:07:32,429 __main__     INFO     ---------- Processing LLAD - NLP 0004195 (49/96) ----------
2025-03-15 00:07:32,603 __main__     INFO     LLAD-0004195 — Processing year 1847.
2025-03-15 00:11:23,717 __main__     INFO     ✅ LLAD-0004195 (49/96) - Done with the copy. There was 0 failed copies and problem_input_dirs:[].
2025-03-15 00:11:23,718 __main__     INFO     ---------- Processing LLAD - NLP 0004196 (50/96) ----------
2025-03-15 00:11:24,148 __main__     INFO     LLAD-0004196 — Processing year 1847.
2025-03-15 00:16:45,151 __main__     INFO     ✅ LLAD-0004196 (50/96) - Done with the copy. There was 0 failed copies and problem_input_dirs:[].
2025-03-15 00:16:45,151 __main__     INFO     ---------- Processing LWI - NLP 0004197 (51/96) ----------
2025-03-15 00:16:45,492 __main__     INFO     LWI-0004197 — Processing year 1855.
2025-03-15 00:16:57,365 __main__     INFO     ✅ LWI-0004197 (51/96) - Done with the copy. There was 0 failed copies and problem_input_dirs:[].
2025-03-15 00:16:57,365 __main__     INFO     ---------- Processing LWI - NLP 0004198 (52/96) ----------
2025-03-15 00:16:57,876 __main__     INFO     LWI-0004198 — Processing year 1856.
2025-03-15 00:24:10,786 __main__     INFO     LWI-0004198 — Processing year 1855.
2025-03-15 00:24:46,490 __main__     INFO     LWI-0004198 — Processing year 1857.
2025-03-15 00:26:52,799 __main__     INFO     ✅ LWI-0004198 (52/96) - Done with the copy. There was 0 failed copies and problem_input_dirs:[].
2025-03-15 00:26:52,800 __main__     INFO     ---------- Processing LNPC - NLP 0004199 (53/96) ----------
2025-03-15 00:26:53,323 __main__     INFO     LNPC-0004199 — Processing year 1860.
2025-03-15 00:28:47,986 __main__     INFO     LNPC-0004199 — Processing year 1859.
2025-03-15 00:31:23,596 __main__     INFO     LNPC-0004199 — Processing year 1865.
2025-03-15 00:32:10,896 __main__     INFO     LNPC-0004199 — Processing year 1862.
2025-03-15 00:36:19,258 __main__     INFO     LNPC-0004199 — Processing year 1861.
2025-03-15 00:39:09,355 __main__     INFO     LNPC-0004199 — Processing year 1864.
2025-03-15 00:41:54,889 __main__     INFO     LNPC-0004199 — Processing year 1863.
2025-03-15 00:45:24,952 __main__     INFO     ✅ LNPC-0004199 (53/96) - Done with the copy. There was 0 failed copies and problem_input_dirs:[].
2025-03-15 00:45:24,952 __main__     INFO     ---------- Processing COUR - NLP 0004200 (54/96) ----------
2025-03-15 00:45:25,604 __main__     INFO     COUR-0004200 — Processing year 1870.
2025-03-15 00:58:05,887 __main__     INFO     COUR-0004200 — Processing year 1869.
2025-03-15 01:03:48,034 __main__     INFO     COUR-0004200 — Processing year 1872.
2025-03-15 01:04:00,885 __main__     INFO     COUR-0004200 — Processing year 1871.
2025-03-15 01:15:16,854 __main__     INFO     ✅ COUR-0004200 (54/96) - Done with the copy. There was 0 failed copies and problem_input_dirs:[].
2025-03-15 01:15:16,855 __main__     INFO     ---------- Processing COUR - NLP 0004201 (55/96) ----------
2025-03-15 01:15:17,548 __main__     INFO     COUR-0004201 — Processing year 1872.
2025-03-15 01:22:32,084 __main__     INFO     ✅ COUR-0004201 (55/96) - Done with the copy. There was 0 failed copies and problem_input_dirs:[].
2025-03-15 01:22:32,086 __main__     INFO     ---------- Processing COUR - NLP 0004202 (56/96) ----------
2025-03-15 01:22:32,503 __main__     INFO     COUR-0004202 — Processing year 1873.
2025-03-15 01:26:46,666 __main__     INFO     COUR-0004202 — Processing year 1872.
2025-03-15 01:30:37,298 __main__     INFO     ✅ COUR-0004202 (56/96) - Done with the copy. There was 0 failed copies and problem_input_dirs:[].
2025-03-15 01:30:37,298 __main__     INFO     ---------- Processing COUR - NLP 0004203 (57/96) ----------
2025-03-15 01:30:37,907 __main__     INFO     COUR-0004203 — Processing year 1874.
2025-03-15 01:43:37,765 __main__     INFO     COUR-0004203 — Processing year 1878.
2025-03-15 01:56:09,676 __main__     INFO     COUR-0004203 — Processing year 1880.
2025-03-15 02:08:09,839 __main__     INFO     COUR-0004203 — Processing year 1877.
2025-03-15 02:20:20,277 __main__     INFO     COUR-0004203 — Processing year 1873.
2025-03-15 02:28:23,463 __main__     INFO     COUR-0004203 — Processing year 1879.
2025-03-15 02:40:24,440 __main__     INFO     COUR-0004203 — Processing year 1876.
2025-03-15 02:52:12,722 __main__     INFO     COUR-0004203 — Processing year 1875.
2025-03-15 03:04:44,061 __main__     INFO     ✅ COUR-0004203 (57/96) - Done with the copy. There was 0 failed copies and problem_input_dirs:[].
2025-03-15 03:04:44,062 __main__     INFO     ---------- Processing TCAA - NLP 0004204 (58/96) ----------
2025-03-15 03:04:44,507 __main__     INFO     TCAA-0004204 — Processing year 1834.
2025-03-15 03:05:05,284 __main__     INFO     ✅ TCAA-0004204 (58/96) - Done with the copy. There was 0 failed copies and problem_input_dirs:[].
2025-03-15 03:05:05,284 __main__     INFO     ---------- Processing TCAA - NLP 0004205 (59/96) ----------
2025-03-15 03:05:05,346 __main__     INFO     TCAA-0004205 — Processing year 1834.
2025-03-15 03:05:19,635 __main__     INFO     ✅ TCAA-0004205 (59/96) - Done with the copy. There was 0 failed copies and problem_input_dirs:[].
2025-03-15 03:05:19,635 __main__     INFO     ---------- Processing TCAA - NLP 0004206 (60/96) ----------
2025-03-15 03:05:20,060 __main__     INFO     TCAA-0004206 — Processing year 1835.
2025-03-15 03:11:32,121 __main__     INFO     TCAA-0004206 — Processing year 1834.
2025-03-15 03:16:18,431 __main__     INFO     TCAA-0004206 — Processing year 1836.
2025-03-15 03:17:12,524 __main__     INFO     ✅ TCAA-0004206 (60/96) - Done with the copy. There was 0 failed copies and problem_input_dirs:[].
2025-03-15 03:17:12,525 __main__     INFO     ---------- Processing TCAA - NLP 0004207 (61/96) ----------
2025-03-15 03:17:12,822 __main__     INFO     TCAA-0004207 — Processing year 1836.
2025-03-15 03:18:25,740 __main__     INFO     ✅ TCAA-0004207 (61/96) - Done with the copy. There was 0 failed copies and problem_input_dirs:[].
2025-03-15 03:18:25,741 __main__     INFO     ---------- Processing TCAA - NLP 0004208 (62/96) ----------
2025-03-15 03:18:26,285 __main__     INFO     TCAA-0004208 — Processing year 1836.
2025-03-15 03:20:50,617 __main__     INFO     ✅ TCAA-0004208 (62/96) - Done with the copy. There was 0 failed copies and problem_input_dirs:[].
2025-03-15 03:20:50,618 __main__     INFO     ---------- Processing NATN - NLP 0004209 (63/96) ----------
2025-03-15 03:20:51,150 __main__     INFO     NATN-0004209 — Processing year 1824.
2025-03-15 03:29:06,362 __main__     INFO     ✅ NATN-0004209 (63/96) - Done with the copy. There was 0 failed copies and problem_input_dirs:[].
2025-03-15 03:29:06,363 __main__     INFO     ---------- Processing SUGA - NLP 0004210 (64/96) ----------
2025-03-15 03:29:06,993 __main__     INFO     SUGA-0004210 — Processing year 1867.
2025-03-15 03:41:55,156 __main__     INFO     SUGA-0004210 — Processing year 1866.
2025-03-15 03:54:52,434 __main__     INFO     ✅ SUGA-0004210 (64/96) - Done with the copy. There was 0 failed copies and problem_input_dirs:[].
2025-03-15 03:54:52,435 __main__     INFO     ---------- Processing SSCH - NLP 0004211 (65/96) ----------
2025-03-15 03:54:52,860 __main__     INFO     SSCH-0004211 — Processing year 1823.
2025-03-15 03:57:26,706 __main__     INFO     ✅ SSCH-0004211 (65/96) - Done with the copy. There was 0 failed copies and problem_input_dirs:[].
2025-03-15 03:57:26,707 __main__     INFO     ---------- Processing PSEV - NLP 0004212 (66/96) ----------
2025-03-15 03:57:27,304 __main__     INFO     PSEV-0004212 — Processing year 1873.
2025-03-15 04:02:13,318 __main__     INFO     ✅ PSEV-0004212 (66/96) - Done with the copy. There was 0 failed copies and problem_input_dirs:[].
2025-03-15 04:02:13,318 __main__     INFO     ---------- Processing LNLF - NLP 0004213 (67/96) ----------
2025-03-15 04:02:13,744 __main__     INFO     LNLF-0004213 — Processing year 1879.
2025-03-15 04:04:39,574 __main__     INFO     ✅ LNLF-0004213 (67/96) - Done with the copy. There was 0 failed copies and problem_input_dirs:[].
2025-03-15 04:04:39,574 __main__     INFO     ---------- Processing EAWN - NLP 0004214 (68/96) ----------
2025-03-15 04:04:40,046 __main__     INFO     EAWN-0004214 — Processing year 1876.
2025-03-15 04:05:17,791 __main__     INFO     EAWN-0004214 — Processing year 1875.
2025-03-15 04:10:46,926 __main__     INFO     ✅ EAWN-0004214 (68/96) - Done with the copy. There was 0 failed copies and problem_input_dirs:[].
2025-03-15 04:10:46,927 __main__     INFO     ---------- Processing MOMA - NLP 0004215 (69/96) ----------
2025-03-15 04:10:47,551 __main__     INFO     MOMA-0004215 — Processing year 1865.
2025-03-15 04:15:20,327 __main__     INFO     MOMA-0004215 — Processing year 1864.
2025-03-15 04:23:34,395 __main__     INFO     ✅ MOMA-0004215 (69/96) - Done with the copy. There was 0 failed copies and problem_input_dirs:[].
2025-03-15 04:23:34,395 __main__     INFO     ---------- Processing MOMA - NLP 0004216 (70/96) ----------
2025-03-15 04:23:35,022 __main__     INFO     MOMA-0004216 — Processing year 1865.
2025-03-15 04:26:57,065 __main__     INFO     MOMA-0004216 — Processing year 1866.
2025-03-15 04:32:45,843 __main__     INFO     ✅ MOMA-0004216 (70/96) - Done with the copy. There was 0 failed copies and problem_input_dirs:[].
2025-03-15 04:32:45,844 __main__     INFO     ---------- Processing MATN - NLP 0004217 (71/96) ----------
2025-03-15 04:32:46,439 __main__     INFO     MATN-0004217 — Processing year 1870.
2025-03-15 04:38:28,296 __main__     INFO     MATN-0004217 — Processing year 1869.
2025-03-15 04:40:50,337 __main__     INFO     ✅ MATN-0004217 (71/96) - Done with the copy. There was 0 failed copies and problem_input_dirs:[].
2025-03-15 04:40:50,337 __main__     INFO     ---------- Processing WKIN - NLP 0004218 (72/96) ----------
2025-03-15 04:40:51,038 __main__     INFO     WKIN-0004218 — Processing year 1876.
2025-03-15 04:45:39,204 __main__     INFO     WKIN-0004218 — Processing year 1875.
2025-03-15 04:50:54,687 __main__     INFO     ✅ WKIN-0004218 (72/96) - Done with the copy. There was 0 failed copies and problem_input_dirs:[].
2025-03-15 04:50:54,688 __main__     INFO     ---------- Processing WKEC - NLP 0004220 (73/96) ----------
2025-03-15 04:50:55,344 __main__     INFO     WKEC-0004220 — Processing year 1874.
2025-03-15 04:51:21,347 __main__     INFO     WKEC-0004220 — Processing year 1873.
2025-03-15 04:53:53,377 __main__     INFO     ✅ WKEC-0004220 (73/96) - Done with the copy. There was 0 failed copies and problem_input_dirs:[].
2025-03-15 04:53:53,378 __main__     INFO     ---------- Processing WKAD - NLP 0004221 (74/96) ----------
2025-03-15 04:53:53,766 __main__     INFO     WKAD-0004221 — Processing year 1865.
2025-03-15 05:05:23,338 __main__     INFO     WKAD-0004221 — Processing year 1866.
2025-03-15 05:10:39,902 __main__     INFO     ✅ WKAD-0004221 (74/96) - Done with the copy. There was 0 failed copies and problem_input_dirs:[].
2025-03-15 05:10:39,902 __main__     INFO     ---------- Processing LSCT - NLP 0004222 (75/96) ----------
2025-03-15 05:10:40,613 __main__     INFO     LSCT-0004222 — Processing year 1867.
2025-03-15 05:20:32,574 __main__     INFO     LSCT-0004222 — Processing year 1870.
2025-03-15 05:38:22,485 __main__     INFO     LSCT-0004222 — Processing year 1869.
2025-03-15 05:55:28,008 __main__     INFO     LSCT-0004222 — Processing year 1868.
2025-03-15 06:13:12,435 __main__     INFO     LSCT-0004222 — Processing year 1871.
2025-03-15 06:13:38,493 __main__     INFO     ✅ LSCT-0004222 (75/96) - Done with the copy. There was 0 failed copies and problem_input_dirs:[].
2025-03-15 06:13:38,494 __main__     INFO     ---------- Processing WKRV - NLP 0004305 (76/96) ----------
2025-03-15 06:13:39,128 __main__     INFO     WKRV-0004305 — Processing year 1865.
2025-03-15 06:20:23,781 __main__     INFO     WKRV-0004305 — Processing year 1862.
2025-03-15 06:34:20,188 __main__     INFO     WKRV-0004305 — Processing year 1864.
2025-03-15 07:01:06,005 __main__     INFO     WKRV-0004305 — Processing year 1863.
2025-03-15 07:24:01,880 __main__     INFO     ✅ WKRV-0004305 (76/96) - Done with the copy. There was 0 failed copies and problem_input_dirs:[].
2025-03-15 07:24:01,881 __main__     INFO     ---------- Processing WKRV - NLP 0004306 (77/96) ----------
2025-03-15 07:24:02,408 __main__     INFO     WKRV-0004306 — Processing year 1865.
2025-03-15 07:41:25,758 __main__     INFO     WKRV-0004306 — Processing year 1866.
2025-03-15 07:43:13,438 __main__     INFO     ✅ WKRV-0004306 (77/96) - Done with the copy. There was 0 failed copies and problem_input_dirs:[].
2025-03-15 07:43:13,439 __main__     INFO     ---------- Processing WKRV - NLP 0004307 (78/96) ----------
2025-03-15 07:43:13,929 __main__     INFO     WKRV-0004307 — Processing year 1867.
2025-03-15 08:02:16,490 __main__     INFO     WKRV-0004307 — Processing year 1870.
2025-03-15 08:23:35,755 __main__     INFO     WKRV-0004307 — Processing year 1874.
2025-03-15 08:44:54,259 __main__     INFO     WKRV-0004307 — Processing year 1878.
2025-03-15 09:04:50,292 __main__     INFO     WKRV-0004307 — Processing year 1880.
2025-03-15 09:25:27,115 __main__     INFO     WKRV-0004307 — Processing year 1877.
2025-03-15 09:47:47,324 __main__     INFO     WKRV-0004307 — Processing year 1869.
2025-03-15 10:09:00,761 __main__     INFO     WKRV-0004307 — Processing year 1873.
2025-03-15 10:30:22,610 __main__     INFO     WKRV-0004307 — Processing year 1866.
2025-03-15 10:59:14,817 __main__     INFO     WKRV-0004307 — Processing year 1872.
2025-03-15 11:22:05,692 __main__     INFO     WKRV-0004307 — Processing year 1868.
2025-03-15 11:44:08,805 __main__     INFO     WKRV-0004307 — Processing year 1871.
2025-03-15 12:06:44,755 __main__     INFO     WKRV-0004307 — Processing year 1879.
2025-03-15 12:27:19,038 __main__     INFO     WKRV-0004307 — Processing year 1876.
2025-03-15 12:48:27,374 __main__     INFO     WKRV-0004307 — Processing year 1875.
2025-03-15 13:08:43,491 __main__     INFO     WKRV-0004307 — Processing year 1881.
2025-03-15 13:28:30,709 __main__     INFO     ✅ WKRV-0004307 (78/96) - Done with the copy. There was 0 failed copies and problem_input_dirs:[].
2025-03-15 13:28:30,710 __main__     INFO     ---------- Processing LONM - NLP 0004308 (79/96) ----------
2025-03-15 13:28:31,355 __main__     INFO     LONM-0004308 — Processing year 1874.
2025-03-15 13:42:14,576 __main__     INFO     LONM-0004308 — Processing year 1873.
2025-03-15 13:55:51,226 __main__     INFO     LONM-0004308 — Processing year 1872.
2025-03-15 14:10:16,519 __main__     INFO     LONM-0004308 — Processing year 1871.
2025-03-15 14:22:55,833 __main__     INFO     LONM-0004308 — Processing year 1876.
2025-03-15 14:31:23,547 __main__     INFO     LONM-0004308 — Processing year 1875.
2025-03-15 14:42:56,967 __main__     INFO     ✅ LONM-0004308 (79/96) - Done with the copy. There was 0 failed copies and problem_input_dirs:[].
2025-03-15 14:42:56,968 __main__     INFO     ---------- Processing LSCR - NLP 0004309 (80/96) ----------
2025-03-15 14:42:57,548 __main__     INFO     LSCR-0004309 — Processing year 1875.
2025-03-15 14:46:33,897 __main__     INFO     ✅ LSCR-0004309 (80/96) - Done with the copy. There was 0 failed copies and problem_input_dirs:[].
2025-03-15 14:46:33,898 __main__     INFO     ---------- Processing LPNGA - NLP 0004310 (81/96) ----------
2025-03-15 14:46:34,293 __main__     INFO     LPNGA-0004310 — Processing year 1867.
2025-03-15 14:54:24,538 __main__     INFO     LPNGA-0004310 — Processing year 1865.
2025-03-15 15:04:52,380 __main__     INFO     LPNGA-0004310 — Processing year 1862.
2025-03-15 15:18:02,374 __main__     INFO     LPNGA-0004310 — Processing year 1866.
2025-03-15 15:27:48,438 __main__     INFO     LPNGA-0004310 — Processing year 1861.
2025-03-15 15:32:57,438 __main__     INFO     LPNGA-0004310 — Processing year 1864.
2025-03-15 15:47:15,306 __main__     INFO     LPNGA-0004310 — Processing year 1863.
2025-03-15 16:00:23,804 __main__     INFO     ✅ LPNGA-0004310 (81/96) - Done with the copy. There was 0 failed copies and problem_input_dirs:[].
2025-03-15 16:00:23,805 __main__     INFO     ---------- Processing LCHH - NLP 0004311 (82/96) ----------
2025-03-15 16:00:24,372 __main__     INFO     LCHH-0004311 — Processing year 1867.
2025-03-15 16:04:22,099 __main__     INFO     LCHH-0004311 — Processing year 1870.
2025-03-15 16:08:40,558 __main__     INFO     LCHH-0004311 — Processing year 1869.
2025-03-15 16:22:17,656 __main__     INFO     LCHH-0004311 — Processing year 1868.
2025-03-15 16:36:03,005 __main__     INFO     ✅ LCHH-0004311 (82/96) - Done with the copy. There was 0 failed copies and problem_input_dirs:[].
2025-03-15 16:36:03,006 __main__     INFO     ---------- Processing CCGZ - NLP 0004682 (83/96) ----------
2025-03-15 16:36:03,706 __main__     INFO     CCGZ-0004682 — Processing year 1840.
2025-03-15 16:36:27,951 __main__     INFO     CCGZ-0004682 — Processing year 1839.
2025-03-15 16:46:11,709 __main__     INFO     CCGZ-0004682 — Processing year 1838.
2025-03-15 16:49:24,024 __main__     INFO     ✅ CCGZ-0004682 (83/96) - Done with the copy. There was 0 failed copies and problem_input_dirs:[].
2025-03-15 16:49:24,025 __main__     INFO     ---------- Processing CCGZ - NLP 0004683 (84/96) ----------
2025-03-15 16:49:24,323 __main__     INFO     CCGZ-0004683 — Processing year 1840.
2025-03-15 16:49:36,093 __main__     INFO     ✅ CCGZ-0004683 (84/96) - Done with the copy. There was 0 failed copies and problem_input_dirs:[].
2025-03-15 16:49:36,093 __main__     INFO     ---------- Processing HBOV - NLP 0004684 (85/96) ----------
2025-03-15 16:49:36,495 __main__     INFO     HBOV-0004684 — Processing year 1853.
2025-03-15 17:00:56,159 __main__     INFO     HBOV-0004684 — Processing year 1854.
2025-03-15 17:10:40,139 __main__     INFO     ✅ HBOV-0004684 (85/96) - Done with the copy. There was 0 failed copies and problem_input_dirs:[].
2025-03-15 17:10:40,140 __main__     INFO     ---------- Processing WRLD - NLP 0004685 (86/96) ----------
2025-03-15 17:10:40,327 __main__     INFO     WRLD-0004685 — Processing year 1859.
2025-03-15 17:18:43,108 __main__     INFO     ✅ WRLD-0004685 (86/96) - Done with the copy. There was 0 failed copies and problem_input_dirs:[].
2025-03-15 17:18:43,108 __main__     INFO     ---------- Processing EVTL - NLP 0004686 (87/96) ----------
2025-03-15 17:18:43,495 __main__     INFO     EVTL-0004686 — Processing year 1852.
2025-03-15 17:26:20,787 __main__     INFO     ✅ EVTL-0004686 (87/96) - Done with the copy. There was 0 failed copies and problem_input_dirs:[].
2025-03-15 17:26:20,788 __main__     INFO     ---------- Processing VERL - NLP 0004687 (88/96) ----------
2025-03-15 17:26:21,252 __main__     INFO     VERL-0004687 — Processing year 1828.
2025-03-15 17:29:51,654 __main__     INFO     ✅ VERL-0004687 (88/96) - Done with the copy. There was 0 failed copies and problem_input_dirs:[].
2025-03-15 17:29:51,654 __main__     INFO     ---------- Processing HWCH - NLP 0004688 (89/96) ----------
2025-03-15 17:29:51,932 __main__     INFO     HWCH-0004688 — Processing year 1837.
2025-03-15 17:34:18,306 __main__     INFO     HWCH-0004688 — Processing year 1855.
2025-03-15 17:34:26,511 __main__     INFO     HWCH-0004688 — Processing year 1838.
2025-03-15 17:36:00,404 __main__     INFO     ✅ HWCH-0004688 (89/96) - Done with the copy. There was 0 failed copies and problem_input_dirs:[].
2025-03-15 17:36:00,405 __main__     INFO     ---------- Processing LTIM - NLP 0004689 (90/96) ----------
2025-03-15 17:36:01,382 __main__     INFO     LTIM-0004689 — Processing year 1867.
2025-03-15 17:38:48,791 __main__     INFO     ✅ LTIM-0004689 (90/96) - Done with the copy. There was 0 failed copies and problem_input_dirs:[].
2025-03-15 17:38:48,791 __main__     INFO     ---------- Processing PWRM - NLP 0004690 (91/96) ----------
2025-03-15 17:38:49,097 __main__     INFO     PWRM-0004690 — Processing year 1851.
2025-03-15 17:41:32,353 __main__     INFO     ✅ PWRM-0004690 (91/96) - Done with the copy. There was 0 failed copies and problem_input_dirs:[].
2025-03-15 17:41:32,354 __main__     INFO     ---------- Processing EAST - NLP 0004691 (92/96) ----------
2025-03-15 17:41:32,864 __main__     INFO     EAST-0004691 — Processing year 1853.
2025-03-15 17:49:48,747 __main__     INFO     ✅ EAST-0004691 (92/96) - Done with the copy. There was 0 failed copies and problem_input_dirs:[].
2025-03-15 17:49:48,748 __main__     INFO     ---------- Processing TTK22 - NLP 0004692 (93/96) ----------
2025-03-15 17:49:49,142 __main__     INFO     TTK22-0004692 — Processing year 1822.
2025-03-15 17:53:50,991 __main__     INFO     ✅ TTK22-0004692 (93/96) - Done with the copy. There was 0 failed copies and problem_input_dirs:[].
2025-03-15 17:53:50,992 __main__     INFO     ---------- Processing TTK22 - NLP 0004693 (94/96) ----------
2025-03-15 17:53:51,204 __main__     INFO     TTK22-0004693 — Processing year 1822.
2025-03-15 17:53:59,657 __main__     INFO     ✅ TTK22-0004693 (94/96) - Done with the copy. There was 0 failed copies and problem_input_dirs:[].
2025-03-15 17:53:59,658 __main__     INFO     ---------- Processing CNSN - NLP 0004694 (95/96) ----------
2025-03-15 17:54:00,527 __main__     INFO     CNSN-0004694 — Processing year 1827.
2025-03-15 17:56:36,825 __main__     INFO     ✅ CNSN-0004694 (95/96) - Done with the copy. There was 0 failed copies and problem_input_dirs:[].
2025-03-15 17:56:36,826 __main__     INFO     ---------- Processing EVT25 - NLP 0004738 (96/96) ----------
2025-03-15 17:56:37,532 __main__     INFO     EVT25-0004738 — Processing year 1826.
2025-03-15 17:57:17,948 __main__     INFO     EVT25-0004738 — Processing year 1825.
2025-03-15 18:02:53,132 __main__     INFO     ✅ EVT25-0004738 (96/96) - Done with the copy. There was 0 failed copies and problem_input_dirs:[].
2025-03-15 18:02:53,133 __main__     INFO     ✅✅ Success! Done with all 96 in this chunk: ['0003256', '0003257', '0003258', '0003259', '0003260', '0003261', '0003262', '0003263', '0003264', '0003265', '0003266', '0003267', '0003268', '0003269', '0003270', '0003398', '0003400', '0003401', '0003406', '0003408', '0003537', '0003538', '0003539', '0003540', '0003541', '0003548', '0004127', '0004132', '0004133', '0004134', '0004135', '0004136', '0004137', '0004138', '0004139', '0004140', '0004141', '0004142', '0004143', '0004186', '0004187', '0004188', '0004189', '0004190', '0004191', '0004192', '0004193', '0004194', '0004195', '0004196', '0004197', '0004198', '0004199', '0004200', '0004201', '0004202', '0004203', '0004204', '0004205', '0004206', '0004207', '0004208', '0004209', '0004210', '0004211', '0004212', '0004213', '0004214', '0004215', '0004216', '0004217', '0004218', '0004220', '0004221', '0004222', '0004305', '0004306', '0004307', '0004308', '0004309', '0004310', '0004311', '0004682', '0004683', '0004684', '0004685', '0004686', '0004687', '0004688', '0004689', '0004690', '0004691', '0004692', '0004693', '0004694', '0004738']!!
